[0.006s] Invoking command in '/home/nhodung/Documents/ROS 2 Projects Collection/create_simple_plugin_by_cpp/build/polygon_plugins': AMENT_PREFIX_PATH=/home/nhodung/Documents/ROS 2 Projects Collection/create_simple_plugin_by_cpp/install/polygon_base:${AMENT_PREFIX_PATH} CMAKE_PREFIX_PATH=/home/nhodung/Documents/ROS 2 Projects Collection/create_simple_plugin_by_cpp/install/polygon_base:/opt/ros/humble /usr/bin/cmake /home/nhodung/Documents/ROS 2 Projects Collection/create_simple_plugin_by_cpp/src/polygon_plugins -DCMAKE_INSTALL_PREFIX=/home/nhodung/Documents/ROS 2 Projects Collection/create_simple_plugin_by_cpp/install/polygon_plugins
[0.050s] -- The C compiler identification is GNU 11.4.0
[0.094s] -- The CXX compiler identification is GNU 11.4.0
[0.099s] -- Detecting C compiler ABI info
[0.154s] -- Detecting C compiler ABI info - done
[0.160s] -- Check for working C compiler: /usr/bin/cc - skipped
[0.160s] -- Detecting C compile features
[0.160s] -- Detecting C compile features - done
[0.163s] -- Detecting CXX compiler ABI info
[0.223s] -- Detecting CXX compiler ABI info - done
[0.235s] -- Check for working CXX compiler: /usr/bin/c++ - skipped
[0.236s] -- Detecting CXX compile features
[0.236s] -- Detecting CXX compile features - done
[0.239s] -- Found ament_cmake: 1.3.10 (/opt/ros/humble/share/ament_cmake/cmake)
[0.360s] -- Found Python3: /usr/bin/python3 (found version "3.10.12") found components: Interpreter 
[0.440s] -- Found ament_cmake_ros: 0.10.0 (/opt/ros/humble/share/ament_cmake_ros/cmake)
[0.449s] -- Found polygon_base: 0.0.0 (/home/nhodung/Documents/ROS 2 Projects Collection/create_simple_plugin_by_cpp/install/polygon_base/share/polygon_base/cmake)
[0.451s] -- Found pluginlib: 5.1.0 (/opt/ros/humble/share/pluginlib/cmake)
[0.488s] -- Found ament_lint_auto: 0.12.11 (/opt/ros/humble/share/ament_lint_auto/cmake)
[0.562s] -- Added test 'cppcheck' to perform static code analysis on C / C++ code
[0.562s] -- Configured cppcheck include dirs: $<BUILD_INTERFACE:/home/nhodung/Documents/ROS 2 Projects Collection/create_simple_plugin_by_cpp/src/polygon_plugins/include>
[0.562s] -- Configured cppcheck exclude dirs and/or files: 
[0.563s] -- Added test 'lint_cmake' to check CMake code style
[0.564s] -- Added test 'uncrustify' to check C / C++ code style
[0.564s] -- Configured uncrustify additional arguments: 
[0.564s] -- Added test 'xmllint' to check XML markup files
[0.568s] -- Configuring done
[0.571s] -- Generating done
[0.572s] -- Build files have been written to: /home/nhodung/Documents/ROS 2 Projects Collection/create_simple_plugin_by_cpp/build/polygon_plugins
[0.577s] Invoked command in '/home/nhodung/Documents/ROS 2 Projects Collection/create_simple_plugin_by_cpp/build/polygon_plugins' returned '0': AMENT_PREFIX_PATH=/home/nhodung/Documents/ROS 2 Projects Collection/create_simple_plugin_by_cpp/install/polygon_base:${AMENT_PREFIX_PATH} CMAKE_PREFIX_PATH=/home/nhodung/Documents/ROS 2 Projects Collection/create_simple_plugin_by_cpp/install/polygon_base:/opt/ros/humble /usr/bin/cmake /home/nhodung/Documents/ROS 2 Projects Collection/create_simple_plugin_by_cpp/src/polygon_plugins -DCMAKE_INSTALL_PREFIX=/home/nhodung/Documents/ROS 2 Projects Collection/create_simple_plugin_by_cpp/install/polygon_plugins
[0.578s] Invoking command in '/home/nhodung/Documents/ROS 2 Projects Collection/create_simple_plugin_by_cpp/build/polygon_plugins': AMENT_PREFIX_PATH=/home/nhodung/Documents/ROS 2 Projects Collection/create_simple_plugin_by_cpp/install/polygon_base:${AMENT_PREFIX_PATH} CMAKE_PREFIX_PATH=/home/nhodung/Documents/ROS 2 Projects Collection/create_simple_plugin_by_cpp/install/polygon_base:/opt/ros/humble /usr/bin/cmake --build /home/nhodung/Documents/ROS 2 Projects Collection/create_simple_plugin_by_cpp/build/polygon_plugins -- -j12 -l12
[0.615s] [ 50%] [32mBuilding CXX object CMakeFiles/polygon_plugins.dir/src/polygon_plugins.cpp.o[0m
[1.148s] [100%] [32m[1mLinking CXX shared library libpolygon_plugins.so[0m
[1.209s] [100%] Built target polygon_plugins
[1.219s] Invoked command in '/home/nhodung/Documents/ROS 2 Projects Collection/create_simple_plugin_by_cpp/build/polygon_plugins' returned '0': AMENT_PREFIX_PATH=/home/nhodung/Documents/ROS 2 Projects Collection/create_simple_plugin_by_cpp/install/polygon_base:${AMENT_PREFIX_PATH} CMAKE_PREFIX_PATH=/home/nhodung/Documents/ROS 2 Projects Collection/create_simple_plugin_by_cpp/install/polygon_base:/opt/ros/humble /usr/bin/cmake --build /home/nhodung/Documents/ROS 2 Projects Collection/create_simple_plugin_by_cpp/build/polygon_plugins -- -j12 -l12
[1.239s] Invoking command in '/home/nhodung/Documents/ROS 2 Projects Collection/create_simple_plugin_by_cpp/build/polygon_plugins': AMENT_PREFIX_PATH=/home/nhodung/Documents/ROS 2 Projects Collection/create_simple_plugin_by_cpp/install/polygon_base:${AMENT_PREFIX_PATH} CMAKE_PREFIX_PATH=/home/nhodung/Documents/ROS 2 Projects Collection/create_simple_plugin_by_cpp/install/polygon_base:/opt/ros/humble /usr/bin/cmake --install /home/nhodung/Documents/ROS 2 Projects Collection/create_simple_plugin_by_cpp/build/polygon_plugins
[1.246s] -- Install configuration: ""
[1.246s] -- Installing: /home/nhodung/Documents/ROS 2 Projects Collection/create_simple_plugin_by_cpp/install/polygon_plugins/share/polygon_plugins/plugins.xml
[1.246s] -- Installing: /home/nhodung/Documents/ROS 2 Projects Collection/create_simple_plugin_by_cpp/install/polygon_plugins/include
[1.246s] -- Installing: /home/nhodung/Documents/ROS 2 Projects Collection/create_simple_plugin_by_cpp/install/polygon_plugins/include/polygon_plugins
[1.246s] -- Installing: /home/nhodung/Documents/ROS 2 Projects Collection/create_simple_plugin_by_cpp/install/polygon_plugins/include/polygon_plugins/visibility_control.h
[1.246s] -- Installing: /home/nhodung/Documents/ROS 2 Projects Collection/create_simple_plugin_by_cpp/install/polygon_plugins/include/polygon_plugins/polygon_plugins.hpp
[1.246s] -- Installing: /home/nhodung/Documents/ROS 2 Projects Collection/create_simple_plugin_by_cpp/install/polygon_plugins/lib/libpolygon_plugins.so
[1.246s] -- Set runtime path of "/home/nhodung/Documents/ROS 2 Projects Collection/create_simple_plugin_by_cpp/install/polygon_plugins/lib/libpolygon_plugins.so" to ""
[1.246s] -- Installing: /home/nhodung/Documents/ROS 2 Projects Collection/create_simple_plugin_by_cpp/install/polygon_plugins/share/polygon_plugins/environment/library_path.sh
[1.246s] -- Installing: /home/nhodung/Documents/ROS 2 Projects Collection/create_simple_plugin_by_cpp/install/polygon_plugins/share/polygon_plugins/environment/library_path.dsv
[1.247s] -- Installing: /home/nhodung/Documents/ROS 2 Projects Collection/create_simple_plugin_by_cpp/install/polygon_plugins/share/ament_index/resource_index/package_run_dependencies/polygon_plugins
[1.247s] -- Installing: /home/nhodung/Documents/ROS 2 Projects Collection/create_simple_plugin_by_cpp/install/polygon_plugins/share/ament_index/resource_index/parent_prefix_path/polygon_plugins
[1.247s] -- Installing: /home/nhodung/Documents/ROS 2 Projects Collection/create_simple_plugin_by_cpp/install/polygon_plugins/share/polygon_plugins/environment/ament_prefix_path.sh
[1.247s] -- Installing: /home/nhodung/Documents/ROS 2 Projects Collection/create_simple_plugin_by_cpp/install/polygon_plugins/share/polygon_plugins/environment/ament_prefix_path.dsv
[1.247s] -- Installing: /home/nhodung/Documents/ROS 2 Projects Collection/create_simple_plugin_by_cpp/install/polygon_plugins/share/polygon_plugins/environment/path.sh
[1.247s] -- Installing: /home/nhodung/Documents/ROS 2 Projects Collection/create_simple_plugin_by_cpp/install/polygon_plugins/share/polygon_plugins/environment/path.dsv
[1.247s] -- Installing: /home/nhodung/Documents/ROS 2 Projects Collection/create_simple_plugin_by_cpp/install/polygon_plugins/share/polygon_plugins/local_setup.bash
[1.247s] -- Installing: /home/nhodung/Documents/ROS 2 Projects Collection/create_simple_plugin_by_cpp/install/polygon_plugins/share/polygon_plugins/local_setup.sh
[1.248s] -- Installing: /home/nhodung/Documents/ROS 2 Projects Collection/create_simple_plugin_by_cpp/install/polygon_plugins/share/polygon_plugins/local_setup.zsh
[1.248s] -- Installing: /home/nhodung/Documents/ROS 2 Projects Collection/create_simple_plugin_by_cpp/install/polygon_plugins/share/polygon_plugins/local_setup.dsv
[1.248s] -- Installing: /home/nhodung/Documents/ROS 2 Projects Collection/create_simple_plugin_by_cpp/install/polygon_plugins/share/polygon_plugins/package.dsv
[1.248s] -- Installing: /home/nhodung/Documents/ROS 2 Projects Collection/create_simple_plugin_by_cpp/install/polygon_plugins/share/ament_index/resource_index/packages/polygon_plugins
[1.248s] -- Installing: /home/nhodung/Documents/ROS 2 Projects Collection/create_simple_plugin_by_cpp/install/polygon_plugins/share/ament_index/resource_index/polygon_base__pluginlib__plugin/polygon_plugins
[1.248s] -- Installing: /home/nhodung/Documents/ROS 2 Projects Collection/create_simple_plugin_by_cpp/install/polygon_plugins/share/polygon_plugins/cmake/export_polygon_pluginsExport.cmake
[1.248s] -- Installing: /home/nhodung/Documents/ROS 2 Projects Collection/create_simple_plugin_by_cpp/install/polygon_plugins/share/polygon_plugins/cmake/export_polygon_pluginsExport-noconfig.cmake
[1.248s] -- Installing: /home/nhodung/Documents/ROS 2 Projects Collection/create_simple_plugin_by_cpp/install/polygon_plugins/share/polygon_plugins/cmake/ament_cmake_export_include_directories-extras.cmake
[1.249s] -- Installing: /home/nhodung/Documents/ROS 2 Projects Collection/create_simple_plugin_by_cpp/install/polygon_plugins/share/polygon_plugins/cmake/ament_cmake_export_libraries-extras.cmake
[1.249s] -- Installing: /home/nhodung/Documents/ROS 2 Projects Collection/create_simple_plugin_by_cpp/install/polygon_plugins/share/polygon_plugins/cmake/ament_cmake_export_targets-extras.cmake
[1.249s] -- Installing: /home/nhodung/Documents/ROS 2 Projects Collection/create_simple_plugin_by_cpp/install/polygon_plugins/share/polygon_plugins/cmake/polygon_pluginsConfig.cmake
[1.249s] -- Installing: /home/nhodung/Documents/ROS 2 Projects Collection/create_simple_plugin_by_cpp/install/polygon_plugins/share/polygon_plugins/cmake/polygon_pluginsConfig-version.cmake
[1.249s] -- Installing: /home/nhodung/Documents/ROS 2 Projects Collection/create_simple_plugin_by_cpp/install/polygon_plugins/share/polygon_plugins/package.xml
[1.251s] Invoked command in '/home/nhodung/Documents/ROS 2 Projects Collection/create_simple_plugin_by_cpp/build/polygon_plugins' returned '0': AMENT_PREFIX_PATH=/home/nhodung/Documents/ROS 2 Projects Collection/create_simple_plugin_by_cpp/install/polygon_base:${AMENT_PREFIX_PATH} CMAKE_PREFIX_PATH=/home/nhodung/Documents/ROS 2 Projects Collection/create_simple_plugin_by_cpp/install/polygon_base:/opt/ros/humble /usr/bin/cmake --install /home/nhodung/Documents/ROS 2 Projects Collection/create_simple_plugin_by_cpp/build/polygon_plugins
