[0.642s] Invoking command in '/home/nhodung/Documents/ros2_learn/simple_pubsub_py/src/py_pubsub': PYTHONPATH=/home/nhodung/Documents/ros2_learn/simple_pubsub_py/build/py_pubsub/prefix_override:/usr/lib/python3/dist-packages/colcon_core/task/python/colcon_distutils_commands:/home/nhodung/Documents/ros2_learn/simple_pubsub_py/install/py_pubsub/lib/python3.10/site-packages:${PYTHONPATH} /usr/bin/python3 -W ignore:setup.py install is deprecated setup.py egg_info --egg-base ../../build/py_pubsub build --build-base /home/nhodung/Documents/ros2_learn/simple_pubsub_py/build/py_pubsub/build install --record /home/nhodung/Documents/ros2_learn/simple_pubsub_py/build/py_pubsub/install.log --single-version-externally-managed install_data
[0.850s] running egg_info
[0.851s] creating ../../build/py_pubsub/py_pubsub.egg-info
[0.851s] writing ../../build/py_pubsub/py_pubsub.egg-info/PKG-INFO
[0.851s] writing dependency_links to ../../build/py_pubsub/py_pubsub.egg-info/dependency_links.txt
[0.851s] writing entry points to ../../build/py_pubsub/py_pubsub.egg-info/entry_points.txt
[0.851s] writing requirements to ../../build/py_pubsub/py_pubsub.egg-info/requires.txt
[0.851s] writing top-level names to ../../build/py_pubsub/py_pubsub.egg-info/top_level.txt
[0.851s] writing manifest file '../../build/py_pubsub/py_pubsub.egg-info/SOURCES.txt'
[0.854s] reading manifest file '../../build/py_pubsub/py_pubsub.egg-info/SOURCES.txt'
[0.855s] writing manifest file '../../build/py_pubsub/py_pubsub.egg-info/SOURCES.txt'
[0.855s] running build
[0.855s] running build_py
[0.855s] creating /home/nhodung/Documents/ros2_learn/simple_pubsub_py/build/py_pubsub/build
[0.855s] creating /home/nhodung/Documents/ros2_learn/simple_pubsub_py/build/py_pubsub/build/lib
[0.855s] creating /home/nhodung/Documents/ros2_learn/simple_pubsub_py/build/py_pubsub/build/lib/py_pubsub
[0.855s] copying py_pubsub/publisher_member_function.py -> /home/nhodung/Documents/ros2_learn/simple_pubsub_py/build/py_pubsub/build/lib/py_pubsub
[0.855s] copying py_pubsub/__init__.py -> /home/nhodung/Documents/ros2_learn/simple_pubsub_py/build/py_pubsub/build/lib/py_pubsub
[0.855s] copying py_pubsub/subscriber_member_function.py -> /home/nhodung/Documents/ros2_learn/simple_pubsub_py/build/py_pubsub/build/lib/py_pubsub
[0.855s] running install
[0.856s] running install_lib
[0.857s] creating /home/nhodung/Documents/ros2_learn/simple_pubsub_py/install/py_pubsub/lib/python3.10/site-packages/py_pubsub
[0.857s] copying /home/nhodung/Documents/ros2_learn/simple_pubsub_py/build/py_pubsub/build/lib/py_pubsub/publisher_member_function.py -> /home/nhodung/Documents/ros2_learn/simple_pubsub_py/install/py_pubsub/lib/python3.10/site-packages/py_pubsub
[0.857s] copying /home/nhodung/Documents/ros2_learn/simple_pubsub_py/build/py_pubsub/build/lib/py_pubsub/__init__.py -> /home/nhodung/Documents/ros2_learn/simple_pubsub_py/install/py_pubsub/lib/python3.10/site-packages/py_pubsub
[0.857s] copying /home/nhodung/Documents/ros2_learn/simple_pubsub_py/build/py_pubsub/build/lib/py_pubsub/subscriber_member_function.py -> /home/nhodung/Documents/ros2_learn/simple_pubsub_py/install/py_pubsub/lib/python3.10/site-packages/py_pubsub
[0.857s] byte-compiling /home/nhodung/Documents/ros2_learn/simple_pubsub_py/install/py_pubsub/lib/python3.10/site-packages/py_pubsub/publisher_member_function.py to publisher_member_function.cpython-310.pyc
[0.858s] byte-compiling /home/nhodung/Documents/ros2_learn/simple_pubsub_py/install/py_pubsub/lib/python3.10/site-packages/py_pubsub/__init__.py to __init__.cpython-310.pyc
[0.858s] byte-compiling /home/nhodung/Documents/ros2_learn/simple_pubsub_py/install/py_pubsub/lib/python3.10/site-packages/py_pubsub/subscriber_member_function.py to subscriber_member_function.cpython-310.pyc
[0.858s] running install_data
[0.858s] creating /home/nhodung/Documents/ros2_learn/simple_pubsub_py/install/py_pubsub/share/ament_index
[0.858s] creating /home/nhodung/Documents/ros2_learn/simple_pubsub_py/install/py_pubsub/share/ament_index/resource_index
[0.858s] creating /home/nhodung/Documents/ros2_learn/simple_pubsub_py/install/py_pubsub/share/ament_index/resource_index/packages
[0.858s] copying resource/py_pubsub -> /home/nhodung/Documents/ros2_learn/simple_pubsub_py/install/py_pubsub/share/ament_index/resource_index/packages
[0.859s] copying package.xml -> /home/nhodung/Documents/ros2_learn/simple_pubsub_py/install/py_pubsub/share/py_pubsub
[0.859s] running install_egg_info
[0.860s] Copying ../../build/py_pubsub/py_pubsub.egg-info to /home/nhodung/Documents/ros2_learn/simple_pubsub_py/install/py_pubsub/lib/python3.10/site-packages/py_pubsub-0.0.0-py3.10.egg-info
[0.860s] running install_scripts
[0.878s] Installing listener script to /home/nhodung/Documents/ros2_learn/simple_pubsub_py/install/py_pubsub/lib/py_pubsub
[0.878s] Installing talker script to /home/nhodung/Documents/ros2_learn/simple_pubsub_py/install/py_pubsub/lib/py_pubsub
[0.879s] writing list of installed files to '/home/nhodung/Documents/ros2_learn/simple_pubsub_py/build/py_pubsub/install.log'
[0.903s] Invoked command in '/home/nhodung/Documents/ros2_learn/simple_pubsub_py/src/py_pubsub' returned '0': PYTHONPATH=/home/nhodung/Documents/ros2_learn/simple_pubsub_py/build/py_pubsub/prefix_override:/usr/lib/python3/dist-packages/colcon_core/task/python/colcon_distutils_commands:/home/nhodung/Documents/ros2_learn/simple_pubsub_py/install/py_pubsub/lib/python3.10/site-packages:${PYTHONPATH} /usr/bin/python3 -W ignore:setup.py install is deprecated setup.py egg_info --egg-base ../../build/py_pubsub build --build-base /home/nhodung/Documents/ros2_learn/simple_pubsub_py/build/py_pubsub/build install --record /home/nhodung/Documents/ros2_learn/simple_pubsub_py/build/py_pubsub/install.log --single-version-externally-managed install_data
