[0.009s] Invoking command in '/home/nhodung/Documents/ros2_learn/simple_service_and_client_by_cpp/build/cpp_srvcli': CMAKE_PREFIX_PATH=${CMAKE_PREFIX_PATH}:/opt/ros/humble /usr/bin/cmake --build /home/nhodung/Documents/ros2_learn/simple_service_and_client_by_cpp/build/cpp_srvcli -- -j12 -l12
[0.066s] [35m[1mConsolidate compiler generated dependencies of target server[0m
[0.076s] [ 50%] Built target client
[0.080s] [ 75%] [32mBuilding CXX object CMakeFiles/server.dir/src/add_two_ints_server.cpp.o[0m
[3.389s] [100%] [32m[1mLinking CXX executable server[0m
[3.522s] [100%] Built target server
[3.532s] Invoked command in '/home/nhodung/Documents/ros2_learn/simple_service_and_client_by_cpp/build/cpp_srvcli' returned '0': CMAKE_PREFIX_PATH=${CMAKE_PREFIX_PATH}:/opt/ros/humble /usr/bin/cmake --build /home/nhodung/Documents/ros2_learn/simple_service_and_client_by_cpp/build/cpp_srvcli -- -j12 -l12
[3.557s] Invoking command in '/home/nhodung/Documents/ros2_learn/simple_service_and_client_by_cpp/build/cpp_srvcli': CMAKE_PREFIX_PATH=${CMAKE_PREFIX_PATH}:/opt/ros/humble /usr/bin/cmake --install /home/nhodung/Documents/ros2_learn/simple_service_and_client_by_cpp/build/cpp_srvcli
[3.563s] -- Install configuration: ""
[3.564s] -- Installing: /home/nhodung/Documents/ros2_learn/simple_service_and_client_by_cpp/install/cpp_srvcli/lib/cpp_srvcli/server
[3.564s] -- Set runtime path of "/home/nhodung/Documents/ros2_learn/simple_service_and_client_by_cpp/install/cpp_srvcli/lib/cpp_srvcli/server" to ""
[3.564s] -- Up-to-date: /home/nhodung/Documents/ros2_learn/simple_service_and_client_by_cpp/install/cpp_srvcli/lib/cpp_srvcli/client
[3.565s] -- Up-to-date: /home/nhodung/Documents/ros2_learn/simple_service_and_client_by_cpp/install/cpp_srvcli/share/ament_index/resource_index/package_run_dependencies/cpp_srvcli
[3.565s] -- Up-to-date: /home/nhodung/Documents/ros2_learn/simple_service_and_client_by_cpp/install/cpp_srvcli/share/ament_index/resource_index/parent_prefix_path/cpp_srvcli
[3.565s] -- Up-to-date: /home/nhodung/Documents/ros2_learn/simple_service_and_client_by_cpp/install/cpp_srvcli/share/cpp_srvcli/environment/ament_prefix_path.sh
[3.565s] -- Up-to-date: /home/nhodung/Documents/ros2_learn/simple_service_and_client_by_cpp/install/cpp_srvcli/share/cpp_srvcli/environment/ament_prefix_path.dsv
[3.565s] -- Up-to-date: /home/nhodung/Documents/ros2_learn/simple_service_and_client_by_cpp/install/cpp_srvcli/share/cpp_srvcli/environment/path.sh
[3.565s] -- Up-to-date: /home/nhodung/Documents/ros2_learn/simple_service_and_client_by_cpp/install/cpp_srvcli/share/cpp_srvcli/environment/path.dsv
[3.565s] -- Up-to-date: /home/nhodung/Documents/ros2_learn/simple_service_and_client_by_cpp/install/cpp_srvcli/share/cpp_srvcli/local_setup.bash
[3.565s] -- Up-to-date: /home/nhodung/Documents/ros2_learn/simple_service_and_client_by_cpp/install/cpp_srvcli/share/cpp_srvcli/local_setup.sh
[3.565s] -- Up-to-date: /home/nhodung/Documents/ros2_learn/simple_service_and_client_by_cpp/install/cpp_srvcli/share/cpp_srvcli/local_setup.zsh
[3.565s] -- Up-to-date: /home/nhodung/Documents/ros2_learn/simple_service_and_client_by_cpp/install/cpp_srvcli/share/cpp_srvcli/local_setup.dsv
[3.565s] -- Installing: /home/nhodung/Documents/ros2_learn/simple_service_and_client_by_cpp/install/cpp_srvcli/share/cpp_srvcli/package.dsv
[3.565s] -- Up-to-date: /home/nhodung/Documents/ros2_learn/simple_service_and_client_by_cpp/install/cpp_srvcli/share/ament_index/resource_index/packages/cpp_srvcli
[3.565s] -- Up-to-date: /home/nhodung/Documents/ros2_learn/simple_service_and_client_by_cpp/install/cpp_srvcli/share/cpp_srvcli/cmake/cpp_srvcliConfig.cmake
[3.565s] -- Up-to-date: /home/nhodung/Documents/ros2_learn/simple_service_and_client_by_cpp/install/cpp_srvcli/share/cpp_srvcli/cmake/cpp_srvcliConfig-version.cmake
[3.565s] -- Up-to-date: /home/nhodung/Documents/ros2_learn/simple_service_and_client_by_cpp/install/cpp_srvcli/share/cpp_srvcli/package.xml
[3.567s] Invoked command in '/home/nhodung/Documents/ros2_learn/simple_service_and_client_by_cpp/build/cpp_srvcli' returned '0': CMAKE_PREFIX_PATH=${CMAKE_PREFIX_PATH}:/opt/ros/humble /usr/bin/cmake --install /home/nhodung/Documents/ros2_learn/simple_service_and_client_by_cpp/build/cpp_srvcli
