[0.010s] Invoking command in '/home/nhodung/Documents/ros2_learn/simple_service_and_client_by_cpp/build/cpp_srvcli': CMAKE_PREFIX_PATH=${CMAKE_PREFIX_PATH}:/opt/ros/humble /usr/bin/cmake --build /home/nhodung/Documents/ros2_learn/simple_service_and_client_by_cpp/build/cpp_srvcli -- -j12 -l12
[0.047s] [35m[1mConsolidate compiler generated dependencies of target server[0m
[0.057s] [ 25%] [32mBuilding CXX object CMakeFiles/client.dir/src/add_two_ints_client.cpp.o[0m
[0.060s] [ 75%] Built target server
[3.197s] [100%] [32m[1mLinking CXX executable client[0m
[3.310s] [100%] Built target client
[3.318s] Invoked command in '/home/nhodung/Documents/ros2_learn/simple_service_and_client_by_cpp/build/cpp_srvcli' returned '0': CMAKE_PREFIX_PATH=${CMAKE_PREFIX_PATH}:/opt/ros/humble /usr/bin/cmake --build /home/nhodung/Documents/ros2_learn/simple_service_and_client_by_cpp/build/cpp_srvcli -- -j12 -l12
[3.345s] Invoking command in '/home/nhodung/Documents/ros2_learn/simple_service_and_client_by_cpp/build/cpp_srvcli': CMAKE_PREFIX_PATH=${CMAKE_PREFIX_PATH}:/opt/ros/humble /usr/bin/cmake --install /home/nhodung/Documents/ros2_learn/simple_service_and_client_by_cpp/build/cpp_srvcli
[3.350s] -- Install configuration: ""
[3.350s] -- Up-to-date: /home/nhodung/Documents/ros2_learn/simple_service_and_client_by_cpp/install/cpp_srvcli/lib/cpp_srvcli/server
[3.350s] -- Installing: /home/nhodung/Documents/ros2_learn/simple_service_and_client_by_cpp/install/cpp_srvcli/lib/cpp_srvcli/client
[3.351s] -- Set runtime path of "/home/nhodung/Documents/ros2_learn/simple_service_and_client_by_cpp/install/cpp_srvcli/lib/cpp_srvcli/client" to ""
[3.351s] -- Up-to-date: /home/nhodung/Documents/ros2_learn/simple_service_and_client_by_cpp/install/cpp_srvcli/share/ament_index/resource_index/package_run_dependencies/cpp_srvcli
[3.351s] -- Up-to-date: /home/nhodung/Documents/ros2_learn/simple_service_and_client_by_cpp/install/cpp_srvcli/share/ament_index/resource_index/parent_prefix_path/cpp_srvcli
[3.351s] -- Up-to-date: /home/nhodung/Documents/ros2_learn/simple_service_and_client_by_cpp/install/cpp_srvcli/share/cpp_srvcli/environment/ament_prefix_path.sh
[3.351s] -- Up-to-date: /home/nhodung/Documents/ros2_learn/simple_service_and_client_by_cpp/install/cpp_srvcli/share/cpp_srvcli/environment/ament_prefix_path.dsv
[3.352s] -- Up-to-date: /home/nhodung/Documents/ros2_learn/simple_service_and_client_by_cpp/install/cpp_srvcli/share/cpp_srvcli/environment/path.sh
[3.352s] -- Up-to-date: /home/nhodung/Documents/ros2_learn/simple_service_and_client_by_cpp/install/cpp_srvcli/share/cpp_srvcli/environment/path.dsv
[3.352s] -- Up-to-date: /home/nhodung/Documents/ros2_learn/simple_service_and_client_by_cpp/install/cpp_srvcli/share/cpp_srvcli/local_setup.bash
[3.352s] -- Up-to-date: /home/nhodung/Documents/ros2_learn/simple_service_and_client_by_cpp/install/cpp_srvcli/share/cpp_srvcli/local_setup.sh
[3.352s] -- Up-to-date: /home/nhodung/Documents/ros2_learn/simple_service_and_client_by_cpp/install/cpp_srvcli/share/cpp_srvcli/local_setup.zsh
[3.352s] -- Up-to-date: /home/nhodung/Documents/ros2_learn/simple_service_and_client_by_cpp/install/cpp_srvcli/share/cpp_srvcli/local_setup.dsv
[3.352s] -- Installing: /home/nhodung/Documents/ros2_learn/simple_service_and_client_by_cpp/install/cpp_srvcli/share/cpp_srvcli/package.dsv
[3.352s] -- Up-to-date: /home/nhodung/Documents/ros2_learn/simple_service_and_client_by_cpp/install/cpp_srvcli/share/ament_index/resource_index/packages/cpp_srvcli
[3.353s] -- Up-to-date: /home/nhodung/Documents/ros2_learn/simple_service_and_client_by_cpp/install/cpp_srvcli/share/cpp_srvcli/cmake/cpp_srvcliConfig.cmake
[3.353s] -- Up-to-date: /home/nhodung/Documents/ros2_learn/simple_service_and_client_by_cpp/install/cpp_srvcli/share/cpp_srvcli/cmake/cpp_srvcliConfig-version.cmake
[3.353s] -- Up-to-date: /home/nhodung/Documents/ros2_learn/simple_service_and_client_by_cpp/install/cpp_srvcli/share/cpp_srvcli/package.xml
[3.354s] Invoked command in '/home/nhodung/Documents/ros2_learn/simple_service_and_client_by_cpp/build/cpp_srvcli' returned '0': CMAKE_PREFIX_PATH=${CMAKE_PREFIX_PATH}:/opt/ros/humble /usr/bin/cmake --install /home/nhodung/Documents/ros2_learn/simple_service_and_client_by_cpp/build/cpp_srvcli
