[0.089s] DEBUG:colcon:Command line arguments: ['/usr/bin/colcon', 'build']
[0.089s] DEBUG:colcon:Parsed command line arguments: Namespace(log_base=None, log_level=None, verb_name='build', build_base='build', install_base='install', merge_install=False, symlink_install=False, test_result_base=None, continue_on_error=False, executor='parallel', parallel_workers=12, event_handlers=None, ignore_user_meta=False, metas=['./colcon.meta'], base_paths=['.'], packages_ignore=None, packages_ignore_regex=None, paths=None, packages_up_to=None, packages_up_to_regex=None, packages_above=None, packages_above_and_dependencies=None, packages_above_depth=None, packages_select_by_dep=None, packages_skip_by_dep=None, packages_skip_up_to=None, packages_select_build_failed=False, packages_skip_build_finished=False, packages_select_test_failures=False, packages_skip_test_passed=False, packages_select=None, packages_skip=None, packages_select_regex=None, packages_skip_regex=None, packages_start=None, packages_end=None, allow_overriding=[], cmake_args=None, cmake_target=None, cmake_target_skip_unavailable=False, cmake_clean_cache=False, cmake_clean_first=False, cmake_force_configure=False, ament_cmake_args=None, catkin_cmake_args=None, catkin_skip_building_tests=False, verb_parser=<colcon_defaults.argument_parser.defaults.DefaultArgumentsDecorator object at 0x7fa372b423b0>, verb_extension=<colcon_core.verb.build.BuildVerb object at 0x7fa372b41f60>, main=<bound method BuildVerb.main of <colcon_core.verb.build.BuildVerb object at 0x7fa372b41f60>>)
[0.240s] Level 1:colcon.colcon_core.package_discovery:discover_packages(colcon_meta) check parameters
[0.241s] Level 1:colcon.colcon_core.package_discovery:discover_packages(recursive) check parameters
[0.241s] Level 1:colcon.colcon_core.package_discovery:discover_packages(ignore) check parameters
[0.241s] Level 1:colcon.colcon_core.package_discovery:discover_packages(path) check parameters
[0.241s] Level 1:colcon.colcon_core.package_discovery:discover_packages(colcon_meta) discover
[0.241s] Level 1:colcon.colcon_core.package_discovery:discover_packages(recursive) discover
[0.241s] INFO:colcon.colcon_core.package_discovery:Crawling recursively for packages in '/home/nhodung/Documents/ros2_learn/example_for_github/create_type_2'
[0.241s] Level 1:colcon.colcon_core.package_identification:_identify(.) by extensions ['ignore', 'ignore_ament_install']
[0.241s] Level 1:colcon.colcon_core.package_identification:_identify(.) by extension 'ignore'
[0.241s] Level 1:colcon.colcon_core.package_identification:_identify(.) by extension 'ignore_ament_install'
[0.241s] Level 1:colcon.colcon_core.package_identification:_identify(.) by extensions ['colcon_pkg']
[0.241s] Level 1:colcon.colcon_core.package_identification:_identify(.) by extension 'colcon_pkg'
[0.241s] Level 1:colcon.colcon_core.package_identification:_identify(.) by extensions ['colcon_meta']
[0.241s] Level 1:colcon.colcon_core.package_identification:_identify(.) by extension 'colcon_meta'
[0.241s] Level 1:colcon.colcon_core.package_identification:_identify(.) by extensions ['ros']
[0.241s] Level 1:colcon.colcon_core.package_identification:_identify(.) by extension 'ros'
[0.250s] Level 1:colcon.colcon_core.package_identification:_identify(.) by extensions ['cmake', 'python']
[0.250s] Level 1:colcon.colcon_core.package_identification:_identify(.) by extension 'cmake'
[0.250s] Level 1:colcon.colcon_core.package_identification:_identify(.) by extension 'python'
[0.250s] Level 1:colcon.colcon_core.package_identification:_identify(.) by extensions ['python_setup_py']
[0.250s] Level 1:colcon.colcon_core.package_identification:_identify(.) by extension 'python_setup_py'
[0.250s] Level 1:colcon.colcon_core.package_identification:_identify(build) by extensions ['ignore', 'ignore_ament_install']
[0.250s] Level 1:colcon.colcon_core.package_identification:_identify(build) by extension 'ignore'
[0.250s] Level 1:colcon.colcon_core.package_identification:_identify(build) ignored
[0.250s] Level 1:colcon.colcon_core.package_identification:_identify(install) by extensions ['ignore', 'ignore_ament_install']
[0.250s] Level 1:colcon.colcon_core.package_identification:_identify(install) by extension 'ignore'
[0.250s] Level 1:colcon.colcon_core.package_identification:_identify(install) ignored
[0.251s] Level 1:colcon.colcon_core.package_identification:_identify(log) by extensions ['ignore', 'ignore_ament_install']
[0.251s] Level 1:colcon.colcon_core.package_identification:_identify(log) by extension 'ignore'
[0.251s] Level 1:colcon.colcon_core.package_identification:_identify(log) ignored
[0.251s] Level 1:colcon.colcon_core.package_identification:_identify(src) by extensions ['ignore', 'ignore_ament_install']
[0.251s] Level 1:colcon.colcon_core.package_identification:_identify(src) by extension 'ignore'
[0.251s] Level 1:colcon.colcon_core.package_identification:_identify(src) by extension 'ignore_ament_install'
[0.251s] Level 1:colcon.colcon_core.package_identification:_identify(src) by extensions ['colcon_pkg']
[0.251s] Level 1:colcon.colcon_core.package_identification:_identify(src) by extension 'colcon_pkg'
[0.251s] Level 1:colcon.colcon_core.package_identification:_identify(src) by extensions ['colcon_meta']
[0.251s] Level 1:colcon.colcon_core.package_identification:_identify(src) by extension 'colcon_meta'
[0.251s] Level 1:colcon.colcon_core.package_identification:_identify(src) by extensions ['ros']
[0.251s] Level 1:colcon.colcon_core.package_identification:_identify(src) by extension 'ros'
[0.251s] Level 1:colcon.colcon_core.package_identification:_identify(src) by extensions ['cmake', 'python']
[0.251s] Level 1:colcon.colcon_core.package_identification:_identify(src) by extension 'cmake'
[0.251s] Level 1:colcon.colcon_core.package_identification:_identify(src) by extension 'python'
[0.251s] Level 1:colcon.colcon_core.package_identification:_identify(src) by extensions ['python_setup_py']
[0.251s] Level 1:colcon.colcon_core.package_identification:_identify(src) by extension 'python_setup_py'
[0.251s] Level 1:colcon.colcon_core.package_identification:_identify(src/create_msgs) by extensions ['ignore', 'ignore_ament_install']
[0.251s] Level 1:colcon.colcon_core.package_identification:_identify(src/create_msgs) by extension 'ignore'
[0.251s] Level 1:colcon.colcon_core.package_identification:_identify(src/create_msgs) by extension 'ignore_ament_install'
[0.251s] Level 1:colcon.colcon_core.package_identification:_identify(src/create_msgs) by extensions ['colcon_pkg']
[0.251s] Level 1:colcon.colcon_core.package_identification:_identify(src/create_msgs) by extension 'colcon_pkg'
[0.252s] Level 1:colcon.colcon_core.package_identification:_identify(src/create_msgs) by extensions ['colcon_meta']
[0.252s] Level 1:colcon.colcon_core.package_identification:_identify(src/create_msgs) by extension 'colcon_meta'
[0.252s] Level 1:colcon.colcon_core.package_identification:_identify(src/create_msgs) by extensions ['ros']
[0.252s] Level 1:colcon.colcon_core.package_identification:_identify(src/create_msgs) by extension 'ros'
[0.254s] DEBUG:colcon.colcon_core.package_identification:Package 'src/create_msgs' with type 'ros.ament_cmake' and name 'create_msgs'
[0.254s] Level 1:colcon.colcon_core.package_identification:_identify(src/test_interface) by extensions ['ignore', 'ignore_ament_install']
[0.254s] Level 1:colcon.colcon_core.package_identification:_identify(src/test_interface) by extension 'ignore'
[0.254s] Level 1:colcon.colcon_core.package_identification:_identify(src/test_interface) by extension 'ignore_ament_install'
[0.254s] Level 1:colcon.colcon_core.package_identification:_identify(src/test_interface) by extensions ['colcon_pkg']
[0.254s] Level 1:colcon.colcon_core.package_identification:_identify(src/test_interface) by extension 'colcon_pkg'
[0.254s] Level 1:colcon.colcon_core.package_identification:_identify(src/test_interface) by extensions ['colcon_meta']
[0.254s] Level 1:colcon.colcon_core.package_identification:_identify(src/test_interface) by extension 'colcon_meta'
[0.254s] Level 1:colcon.colcon_core.package_identification:_identify(src/test_interface) by extensions ['ros']
[0.254s] Level 1:colcon.colcon_core.package_identification:_identify(src/test_interface) by extension 'ros'
[0.255s] DEBUG:colcon.colcon_core.package_identification:Package 'src/test_interface' with type 'ros.ament_cmake' and name 'test_interface'
[0.255s] Level 1:colcon.colcon_core.package_discovery:discover_packages(recursive) using defaults
[0.255s] Level 1:colcon.colcon_core.package_discovery:discover_packages(ignore) discover
[0.255s] Level 1:colcon.colcon_core.package_discovery:discover_packages(ignore) using defaults
[0.255s] Level 1:colcon.colcon_core.package_discovery:discover_packages(path) discover
[0.255s] Level 1:colcon.colcon_core.package_discovery:discover_packages(path) using defaults
[0.276s] Level 1:colcon.colcon_core.package_discovery:discover_packages(prefix_path) check parameters
[0.276s] Level 1:colcon.colcon_core.package_discovery:discover_packages(prefix_path) discover
[0.277s] DEBUG:colcon.colcon_installed_package_information.package_discovery:Found 2 installed packages in /home/nhodung/Documents/ros2_learn/example_for_github/create_type_2/install
[0.278s] DEBUG:colcon.colcon_installed_package_information.package_discovery:Found 378 installed packages in /opt/ros/humble
[0.280s] Level 1:colcon.colcon_core.package_discovery:discover_packages(prefix_path) using defaults
[0.318s] Level 5:colcon.colcon_core.verb:set package 'create_msgs' build argument 'cmake_args' from command line to 'None'
[0.318s] Level 5:colcon.colcon_core.verb:set package 'create_msgs' build argument 'cmake_target' from command line to 'None'
[0.318s] Level 5:colcon.colcon_core.verb:set package 'create_msgs' build argument 'cmake_target_skip_unavailable' from command line to 'False'
[0.318s] Level 5:colcon.colcon_core.verb:set package 'create_msgs' build argument 'cmake_clean_cache' from command line to 'False'
[0.318s] Level 5:colcon.colcon_core.verb:set package 'create_msgs' build argument 'cmake_clean_first' from command line to 'False'
[0.318s] Level 5:colcon.colcon_core.verb:set package 'create_msgs' build argument 'cmake_force_configure' from command line to 'False'
[0.318s] Level 5:colcon.colcon_core.verb:set package 'create_msgs' build argument 'ament_cmake_args' from command line to 'None'
[0.318s] Level 5:colcon.colcon_core.verb:set package 'create_msgs' build argument 'catkin_cmake_args' from command line to 'None'
[0.318s] Level 5:colcon.colcon_core.verb:set package 'create_msgs' build argument 'catkin_skip_building_tests' from command line to 'False'
[0.318s] DEBUG:colcon.colcon_core.verb:Building package 'create_msgs' with the following arguments: {'ament_cmake_args': None, 'build_base': '/home/nhodung/Documents/ros2_learn/example_for_github/create_type_2/build/create_msgs', 'catkin_cmake_args': None, 'catkin_skip_building_tests': False, 'cmake_args': None, 'cmake_clean_cache': False, 'cmake_clean_first': False, 'cmake_force_configure': False, 'cmake_target': None, 'cmake_target_skip_unavailable': False, 'install_base': '/home/nhodung/Documents/ros2_learn/example_for_github/create_type_2/install/create_msgs', 'merge_install': False, 'path': '/home/nhodung/Documents/ros2_learn/example_for_github/create_type_2/src/create_msgs', 'symlink_install': False, 'test_result_base': None}
[0.318s] Level 5:colcon.colcon_core.verb:set package 'test_interface' build argument 'cmake_args' from command line to 'None'
[0.318s] Level 5:colcon.colcon_core.verb:set package 'test_interface' build argument 'cmake_target' from command line to 'None'
[0.318s] Level 5:colcon.colcon_core.verb:set package 'test_interface' build argument 'cmake_target_skip_unavailable' from command line to 'False'
[0.318s] Level 5:colcon.colcon_core.verb:set package 'test_interface' build argument 'cmake_clean_cache' from command line to 'False'
[0.318s] Level 5:colcon.colcon_core.verb:set package 'test_interface' build argument 'cmake_clean_first' from command line to 'False'
[0.318s] Level 5:colcon.colcon_core.verb:set package 'test_interface' build argument 'cmake_force_configure' from command line to 'False'
[0.318s] Level 5:colcon.colcon_core.verb:set package 'test_interface' build argument 'ament_cmake_args' from command line to 'None'
[0.318s] Level 5:colcon.colcon_core.verb:set package 'test_interface' build argument 'catkin_cmake_args' from command line to 'None'
[0.318s] Level 5:colcon.colcon_core.verb:set package 'test_interface' build argument 'catkin_skip_building_tests' from command line to 'False'
[0.318s] DEBUG:colcon.colcon_core.verb:Building package 'test_interface' with the following arguments: {'ament_cmake_args': None, 'build_base': '/home/nhodung/Documents/ros2_learn/example_for_github/create_type_2/build/test_interface', 'catkin_cmake_args': None, 'catkin_skip_building_tests': False, 'cmake_args': None, 'cmake_clean_cache': False, 'cmake_clean_first': False, 'cmake_force_configure': False, 'cmake_target': None, 'cmake_target_skip_unavailable': False, 'install_base': '/home/nhodung/Documents/ros2_learn/example_for_github/create_type_2/install/test_interface', 'merge_install': False, 'path': '/home/nhodung/Documents/ros2_learn/example_for_github/create_type_2/src/test_interface', 'symlink_install': False, 'test_result_base': None}
[0.318s] INFO:colcon.colcon_core.executor:Executing jobs using 'parallel' executor
[0.319s] DEBUG:colcon.colcon_parallel_executor.executor.parallel:run_until_complete
[0.319s] INFO:colcon.colcon_ros.task.ament_cmake.build:Building ROS package in '/home/nhodung/Documents/ros2_learn/example_for_github/create_type_2/src/create_msgs' with build type 'ament_cmake'
[0.319s] INFO:colcon.colcon_cmake.task.cmake.build:Building CMake package in '/home/nhodung/Documents/ros2_learn/example_for_github/create_type_2/src/create_msgs'
[0.321s] INFO:colcon.colcon_core.plugin_system:Skipping extension 'colcon_core.shell.bat': Not used on non-Windows systems
[0.321s] INFO:colcon.colcon_core.shell:Skip shell extension 'powershell' for command environment: Not usable outside of PowerShell
[0.321s] DEBUG:colcon.colcon_core.shell:Skip shell extension 'dsv' for command environment
[0.331s] DEBUG:colcon.colcon_core.event_handler.log_command:Invoking command in '/home/nhodung/Documents/ros2_learn/example_for_github/create_type_2/build/create_msgs': CMAKE_PREFIX_PATH=${CMAKE_PREFIX_PATH}:/opt/ros/humble /usr/bin/cmake --build /home/nhodung/Documents/ros2_learn/example_for_github/create_type_2/build/create_msgs -- -j12 -l12
[0.655s] DEBUG:colcon.colcon_core.event_handler.log_command:Invoked command in '/home/nhodung/Documents/ros2_learn/example_for_github/create_type_2/build/create_msgs' returned '0': CMAKE_PREFIX_PATH=${CMAKE_PREFIX_PATH}:/opt/ros/humble /usr/bin/cmake --build /home/nhodung/Documents/ros2_learn/example_for_github/create_type_2/build/create_msgs -- -j12 -l12
[0.725s] DEBUG:colcon.colcon_core.event_handler.log_command:Invoking command in '/home/nhodung/Documents/ros2_learn/example_for_github/create_type_2/build/create_msgs': CMAKE_PREFIX_PATH=${CMAKE_PREFIX_PATH}:/opt/ros/humble /usr/bin/cmake --install /home/nhodung/Documents/ros2_learn/example_for_github/create_type_2/build/create_msgs
[0.770s] Level 1:colcon.colcon_core.environment:create_environment_scripts_only(create_msgs)
[0.770s] DEBUG:colcon.colcon_core.event_handler.log_command:Invoked command in '/home/nhodung/Documents/ros2_learn/example_for_github/create_type_2/build/create_msgs' returned '0': CMAKE_PREFIX_PATH=${CMAKE_PREFIX_PATH}:/opt/ros/humble /usr/bin/cmake --install /home/nhodung/Documents/ros2_learn/example_for_github/create_type_2/build/create_msgs
[0.772s] Level 1:colcon.colcon_core.environment:checking '/home/nhodung/Documents/ros2_learn/example_for_github/create_type_2/install/create_msgs' for CMake module files
[0.772s] Level 1:colcon.colcon_core.environment:checking '/home/nhodung/Documents/ros2_learn/example_for_github/create_type_2/install/create_msgs' for CMake config files
[0.773s] Level 1:colcon.colcon_core.shell:create_environment_hook('create_msgs', 'cmake_prefix_path')
[0.773s] INFO:colcon.colcon_core.shell:Creating environment hook '/home/nhodung/Documents/ros2_learn/example_for_github/create_type_2/install/create_msgs/share/create_msgs/hook/cmake_prefix_path.ps1'
[0.774s] INFO:colcon.colcon_core.shell:Creating environment descriptor '/home/nhodung/Documents/ros2_learn/example_for_github/create_type_2/install/create_msgs/share/create_msgs/hook/cmake_prefix_path.dsv'
[0.774s] INFO:colcon.colcon_core.shell:Creating environment hook '/home/nhodung/Documents/ros2_learn/example_for_github/create_type_2/install/create_msgs/share/create_msgs/hook/cmake_prefix_path.sh'
[0.775s] Level 1:colcon.colcon_core.environment:checking '/home/nhodung/Documents/ros2_learn/example_for_github/create_type_2/install/create_msgs/lib'
[0.775s] Level 1:colcon.colcon_core.shell:create_environment_hook('create_msgs', 'ld_library_path_lib')
[0.775s] INFO:colcon.colcon_core.shell:Creating environment hook '/home/nhodung/Documents/ros2_learn/example_for_github/create_type_2/install/create_msgs/share/create_msgs/hook/ld_library_path_lib.ps1'
[0.775s] INFO:colcon.colcon_core.shell:Creating environment descriptor '/home/nhodung/Documents/ros2_learn/example_for_github/create_type_2/install/create_msgs/share/create_msgs/hook/ld_library_path_lib.dsv'
[0.776s] INFO:colcon.colcon_core.shell:Creating environment hook '/home/nhodung/Documents/ros2_learn/example_for_github/create_type_2/install/create_msgs/share/create_msgs/hook/ld_library_path_lib.sh'
[0.776s] Level 1:colcon.colcon_core.environment:checking '/home/nhodung/Documents/ros2_learn/example_for_github/create_type_2/install/create_msgs/bin'
[0.776s] Level 1:colcon.colcon_core.environment:checking '/home/nhodung/Documents/ros2_learn/example_for_github/create_type_2/install/create_msgs/lib/pkgconfig/create_msgs.pc'
[0.776s] Level 1:colcon.colcon_core.environment:checking '/home/nhodung/Documents/ros2_learn/example_for_github/create_type_2/install/create_msgs/lib/python3.10/site-packages'
[0.776s] Level 1:colcon.colcon_core.environment:checking '/home/nhodung/Documents/ros2_learn/example_for_github/create_type_2/install/create_msgs/bin'
[0.777s] INFO:colcon.colcon_core.shell:Creating package script '/home/nhodung/Documents/ros2_learn/example_for_github/create_type_2/install/create_msgs/share/create_msgs/package.ps1'
[0.777s] INFO:colcon.colcon_core.shell:Creating package descriptor '/home/nhodung/Documents/ros2_learn/example_for_github/create_type_2/install/create_msgs/share/create_msgs/package.dsv'
[0.778s] INFO:colcon.colcon_core.shell:Creating package script '/home/nhodung/Documents/ros2_learn/example_for_github/create_type_2/install/create_msgs/share/create_msgs/package.sh'
[0.778s] INFO:colcon.colcon_core.shell:Creating package script '/home/nhodung/Documents/ros2_learn/example_for_github/create_type_2/install/create_msgs/share/create_msgs/package.bash'
[0.779s] INFO:colcon.colcon_core.shell:Creating package script '/home/nhodung/Documents/ros2_learn/example_for_github/create_type_2/install/create_msgs/share/create_msgs/package.zsh'
[0.779s] Level 1:colcon.colcon_core.environment:create_file_with_runtime_dependencies(/home/nhodung/Documents/ros2_learn/example_for_github/create_type_2/install/create_msgs/share/colcon-core/packages/create_msgs)
[0.842s] Level 1:colcon.colcon_core.environment:create_environment_scripts_only(create_msgs)
[0.842s] Level 1:colcon.colcon_core.environment:checking '/home/nhodung/Documents/ros2_learn/example_for_github/create_type_2/install/create_msgs' for CMake module files
[0.843s] Level 1:colcon.colcon_core.environment:checking '/home/nhodung/Documents/ros2_learn/example_for_github/create_type_2/install/create_msgs' for CMake config files
[0.843s] Level 1:colcon.colcon_core.shell:create_environment_hook('create_msgs', 'cmake_prefix_path')
[0.843s] INFO:colcon.colcon_core.shell:Creating environment hook '/home/nhodung/Documents/ros2_learn/example_for_github/create_type_2/install/create_msgs/share/create_msgs/hook/cmake_prefix_path.ps1'
[0.844s] INFO:colcon.colcon_core.shell:Creating environment descriptor '/home/nhodung/Documents/ros2_learn/example_for_github/create_type_2/install/create_msgs/share/create_msgs/hook/cmake_prefix_path.dsv'
[0.844s] INFO:colcon.colcon_core.shell:Creating environment hook '/home/nhodung/Documents/ros2_learn/example_for_github/create_type_2/install/create_msgs/share/create_msgs/hook/cmake_prefix_path.sh'
[0.845s] Level 1:colcon.colcon_core.environment:checking '/home/nhodung/Documents/ros2_learn/example_for_github/create_type_2/install/create_msgs/lib'
[0.845s] Level 1:colcon.colcon_core.shell:create_environment_hook('create_msgs', 'ld_library_path_lib')
[0.845s] INFO:colcon.colcon_core.shell:Creating environment hook '/home/nhodung/Documents/ros2_learn/example_for_github/create_type_2/install/create_msgs/share/create_msgs/hook/ld_library_path_lib.ps1'
[0.845s] INFO:colcon.colcon_core.shell:Creating environment descriptor '/home/nhodung/Documents/ros2_learn/example_for_github/create_type_2/install/create_msgs/share/create_msgs/hook/ld_library_path_lib.dsv'
[0.845s] INFO:colcon.colcon_core.shell:Creating environment hook '/home/nhodung/Documents/ros2_learn/example_for_github/create_type_2/install/create_msgs/share/create_msgs/hook/ld_library_path_lib.sh'
[0.846s] Level 1:colcon.colcon_core.environment:checking '/home/nhodung/Documents/ros2_learn/example_for_github/create_type_2/install/create_msgs/bin'
[0.846s] Level 1:colcon.colcon_core.environment:checking '/home/nhodung/Documents/ros2_learn/example_for_github/create_type_2/install/create_msgs/lib/pkgconfig/create_msgs.pc'
[0.846s] Level 1:colcon.colcon_core.environment:checking '/home/nhodung/Documents/ros2_learn/example_for_github/create_type_2/install/create_msgs/lib/python3.10/site-packages'
[0.846s] Level 1:colcon.colcon_core.environment:checking '/home/nhodung/Documents/ros2_learn/example_for_github/create_type_2/install/create_msgs/bin'
[0.846s] INFO:colcon.colcon_core.shell:Creating package script '/home/nhodung/Documents/ros2_learn/example_for_github/create_type_2/install/create_msgs/share/create_msgs/package.ps1'
[0.847s] INFO:colcon.colcon_core.shell:Creating package descriptor '/home/nhodung/Documents/ros2_learn/example_for_github/create_type_2/install/create_msgs/share/create_msgs/package.dsv'
[0.847s] INFO:colcon.colcon_core.shell:Creating package script '/home/nhodung/Documents/ros2_learn/example_for_github/create_type_2/install/create_msgs/share/create_msgs/package.sh'
[0.848s] INFO:colcon.colcon_core.shell:Creating package script '/home/nhodung/Documents/ros2_learn/example_for_github/create_type_2/install/create_msgs/share/create_msgs/package.bash'
[0.848s] INFO:colcon.colcon_core.shell:Creating package script '/home/nhodung/Documents/ros2_learn/example_for_github/create_type_2/install/create_msgs/share/create_msgs/package.zsh'
[0.848s] Level 1:colcon.colcon_core.environment:create_file_with_runtime_dependencies(/home/nhodung/Documents/ros2_learn/example_for_github/create_type_2/install/create_msgs/share/colcon-core/packages/create_msgs)
[0.849s] INFO:colcon.colcon_ros.task.ament_cmake.build:Building ROS package in '/home/nhodung/Documents/ros2_learn/example_for_github/create_type_2/src/test_interface' with build type 'ament_cmake'
[0.849s] INFO:colcon.colcon_cmake.task.cmake.build:Building CMake package in '/home/nhodung/Documents/ros2_learn/example_for_github/create_type_2/src/test_interface'
[0.849s] INFO:colcon.colcon_core.shell:Skip shell extension 'powershell' for command environment: Not usable outside of PowerShell
[0.849s] DEBUG:colcon.colcon_core.shell:Skip shell extension 'dsv' for command environment
[0.859s] DEBUG:colcon.colcon_core.event_handler.log_command:Invoking command in '/home/nhodung/Documents/ros2_learn/example_for_github/create_type_2/build/test_interface': CMAKE_PREFIX_PATH=/home/nhodung/Documents/ros2_learn/example_for_github/create_type_2/install/create_msgs:/home/nhodung/Documents/ros2_learn/example_for_github/create_type_2/install/test_interface:/opt/ros/humble LD_LIBRARY_PATH=/home/nhodung/Documents/ros2_learn/example_for_github/create_type_2/install/create_msgs/lib:/usr/lib/x86_64-linux-gnu/gazebo-11/plugins:/opt/ros/humble/opt/rviz_ogre_vendor/lib:/opt/ros/humble/lib/x86_64-linux-gnu:/opt/ros/humble/lib:/usr/lib/x86_64-linux-gnu/gazebo-11/plugins:/usr/lib/x86_64-linux-gnu/gazebo-11/plugins:/usr/lib/x86_64-linux-gnu/gazebo-11/plugins /usr/bin/cmake --build /home/nhodung/Documents/ros2_learn/example_for_github/create_type_2/build/test_interface -- -j12 -l12
[5.061s] DEBUG:colcon.colcon_core.event_handler.log_command:Invoked command in '/home/nhodung/Documents/ros2_learn/example_for_github/create_type_2/build/test_interface' returned '0': CMAKE_PREFIX_PATH=/home/nhodung/Documents/ros2_learn/example_for_github/create_type_2/install/create_msgs:/home/nhodung/Documents/ros2_learn/example_for_github/create_type_2/install/test_interface:/opt/ros/humble LD_LIBRARY_PATH=/home/nhodung/Documents/ros2_learn/example_for_github/create_type_2/install/create_msgs/lib:/usr/lib/x86_64-linux-gnu/gazebo-11/plugins:/opt/ros/humble/opt/rviz_ogre_vendor/lib:/opt/ros/humble/lib/x86_64-linux-gnu:/opt/ros/humble/lib:/usr/lib/x86_64-linux-gnu/gazebo-11/plugins:/usr/lib/x86_64-linux-gnu/gazebo-11/plugins:/usr/lib/x86_64-linux-gnu/gazebo-11/plugins /usr/bin/cmake --build /home/nhodung/Documents/ros2_learn/example_for_github/create_type_2/build/test_interface -- -j12 -l12
[5.079s] DEBUG:colcon.colcon_core.event_handler.log_command:Invoking command in '/home/nhodung/Documents/ros2_learn/example_for_github/create_type_2/build/test_interface': CMAKE_PREFIX_PATH=/home/nhodung/Documents/ros2_learn/example_for_github/create_type_2/install/create_msgs:/home/nhodung/Documents/ros2_learn/example_for_github/create_type_2/install/test_interface:/opt/ros/humble LD_LIBRARY_PATH=/home/nhodung/Documents/ros2_learn/example_for_github/create_type_2/install/create_msgs/lib:/usr/lib/x86_64-linux-gnu/gazebo-11/plugins:/opt/ros/humble/opt/rviz_ogre_vendor/lib:/opt/ros/humble/lib/x86_64-linux-gnu:/opt/ros/humble/lib:/usr/lib/x86_64-linux-gnu/gazebo-11/plugins:/usr/lib/x86_64-linux-gnu/gazebo-11/plugins:/usr/lib/x86_64-linux-gnu/gazebo-11/plugins /usr/bin/cmake --install /home/nhodung/Documents/ros2_learn/example_for_github/create_type_2/build/test_interface
[5.088s] Level 1:colcon.colcon_core.environment:create_environment_scripts_only(test_interface)
[5.088s] Level 1:colcon.colcon_core.environment:checking '/home/nhodung/Documents/ros2_learn/example_for_github/create_type_2/install/test_interface' for CMake module files
[5.088s] DEBUG:colcon.colcon_core.event_handler.log_command:Invoked command in '/home/nhodung/Documents/ros2_learn/example_for_github/create_type_2/build/test_interface' returned '0': CMAKE_PREFIX_PATH=/home/nhodung/Documents/ros2_learn/example_for_github/create_type_2/install/create_msgs:/home/nhodung/Documents/ros2_learn/example_for_github/create_type_2/install/test_interface:/opt/ros/humble LD_LIBRARY_PATH=/home/nhodung/Documents/ros2_learn/example_for_github/create_type_2/install/create_msgs/lib:/usr/lib/x86_64-linux-gnu/gazebo-11/plugins:/opt/ros/humble/opt/rviz_ogre_vendor/lib:/opt/ros/humble/lib/x86_64-linux-gnu:/opt/ros/humble/lib:/usr/lib/x86_64-linux-gnu/gazebo-11/plugins:/usr/lib/x86_64-linux-gnu/gazebo-11/plugins:/usr/lib/x86_64-linux-gnu/gazebo-11/plugins /usr/bin/cmake --install /home/nhodung/Documents/ros2_learn/example_for_github/create_type_2/build/test_interface
[5.089s] Level 1:colcon.colcon_core.environment:checking '/home/nhodung/Documents/ros2_learn/example_for_github/create_type_2/install/test_interface' for CMake config files
[5.089s] Level 1:colcon.colcon_core.shell:create_environment_hook('test_interface', 'cmake_prefix_path')
[5.089s] INFO:colcon.colcon_core.shell:Creating environment hook '/home/nhodung/Documents/ros2_learn/example_for_github/create_type_2/install/test_interface/share/test_interface/hook/cmake_prefix_path.ps1'
[5.089s] INFO:colcon.colcon_core.shell:Creating environment descriptor '/home/nhodung/Documents/ros2_learn/example_for_github/create_type_2/install/test_interface/share/test_interface/hook/cmake_prefix_path.dsv'
[5.090s] INFO:colcon.colcon_core.shell:Creating environment hook '/home/nhodung/Documents/ros2_learn/example_for_github/create_type_2/install/test_interface/share/test_interface/hook/cmake_prefix_path.sh'
[5.090s] Level 1:colcon.colcon_core.environment:checking '/home/nhodung/Documents/ros2_learn/example_for_github/create_type_2/install/test_interface/lib'
[5.090s] Level 1:colcon.colcon_core.environment:checking '/home/nhodung/Documents/ros2_learn/example_for_github/create_type_2/install/test_interface/bin'
[5.090s] Level 1:colcon.colcon_core.environment:checking '/home/nhodung/Documents/ros2_learn/example_for_github/create_type_2/install/test_interface/lib/pkgconfig/test_interface.pc'
[5.091s] Level 1:colcon.colcon_core.environment:checking '/home/nhodung/Documents/ros2_learn/example_for_github/create_type_2/install/test_interface/lib/python3.10/site-packages'
[5.091s] Level 1:colcon.colcon_core.environment:checking '/home/nhodung/Documents/ros2_learn/example_for_github/create_type_2/install/test_interface/bin'
[5.091s] INFO:colcon.colcon_core.shell:Creating package script '/home/nhodung/Documents/ros2_learn/example_for_github/create_type_2/install/test_interface/share/test_interface/package.ps1'
[5.091s] INFO:colcon.colcon_core.shell:Creating package descriptor '/home/nhodung/Documents/ros2_learn/example_for_github/create_type_2/install/test_interface/share/test_interface/package.dsv'
[5.092s] INFO:colcon.colcon_core.shell:Creating package script '/home/nhodung/Documents/ros2_learn/example_for_github/create_type_2/install/test_interface/share/test_interface/package.sh'
[5.092s] INFO:colcon.colcon_core.shell:Creating package script '/home/nhodung/Documents/ros2_learn/example_for_github/create_type_2/install/test_interface/share/test_interface/package.bash'
[5.092s] INFO:colcon.colcon_core.shell:Creating package script '/home/nhodung/Documents/ros2_learn/example_for_github/create_type_2/install/test_interface/share/test_interface/package.zsh'
[5.093s] Level 1:colcon.colcon_core.environment:create_file_with_runtime_dependencies(/home/nhodung/Documents/ros2_learn/example_for_github/create_type_2/install/test_interface/share/colcon-core/packages/test_interface)
[5.109s] Level 1:colcon.colcon_core.environment:create_environment_scripts_only(test_interface)
[5.109s] Level 1:colcon.colcon_core.environment:checking '/home/nhodung/Documents/ros2_learn/example_for_github/create_type_2/install/test_interface' for CMake module files
[5.110s] Level 1:colcon.colcon_core.environment:checking '/home/nhodung/Documents/ros2_learn/example_for_github/create_type_2/install/test_interface' for CMake config files
[5.110s] Level 1:colcon.colcon_core.shell:create_environment_hook('test_interface', 'cmake_prefix_path')
[5.110s] INFO:colcon.colcon_core.shell:Creating environment hook '/home/nhodung/Documents/ros2_learn/example_for_github/create_type_2/install/test_interface/share/test_interface/hook/cmake_prefix_path.ps1'
[5.111s] INFO:colcon.colcon_core.shell:Creating environment descriptor '/home/nhodung/Documents/ros2_learn/example_for_github/create_type_2/install/test_interface/share/test_interface/hook/cmake_prefix_path.dsv'
[5.111s] INFO:colcon.colcon_core.shell:Creating environment hook '/home/nhodung/Documents/ros2_learn/example_for_github/create_type_2/install/test_interface/share/test_interface/hook/cmake_prefix_path.sh'
[5.111s] Level 1:colcon.colcon_core.environment:checking '/home/nhodung/Documents/ros2_learn/example_for_github/create_type_2/install/test_interface/lib'
[5.111s] Level 1:colcon.colcon_core.environment:checking '/home/nhodung/Documents/ros2_learn/example_for_github/create_type_2/install/test_interface/bin'
[5.111s] Level 1:colcon.colcon_core.environment:checking '/home/nhodung/Documents/ros2_learn/example_for_github/create_type_2/install/test_interface/lib/pkgconfig/test_interface.pc'
[5.112s] Level 1:colcon.colcon_core.environment:checking '/home/nhodung/Documents/ros2_learn/example_for_github/create_type_2/install/test_interface/lib/python3.10/site-packages'
[5.112s] Level 1:colcon.colcon_core.environment:checking '/home/nhodung/Documents/ros2_learn/example_for_github/create_type_2/install/test_interface/bin'
[5.112s] INFO:colcon.colcon_core.shell:Creating package script '/home/nhodung/Documents/ros2_learn/example_for_github/create_type_2/install/test_interface/share/test_interface/package.ps1'
[5.112s] INFO:colcon.colcon_core.shell:Creating package descriptor '/home/nhodung/Documents/ros2_learn/example_for_github/create_type_2/install/test_interface/share/test_interface/package.dsv'
[5.113s] INFO:colcon.colcon_core.shell:Creating package script '/home/nhodung/Documents/ros2_learn/example_for_github/create_type_2/install/test_interface/share/test_interface/package.sh'
[5.113s] INFO:colcon.colcon_core.shell:Creating package script '/home/nhodung/Documents/ros2_learn/example_for_github/create_type_2/install/test_interface/share/test_interface/package.bash'
[5.114s] INFO:colcon.colcon_core.shell:Creating package script '/home/nhodung/Documents/ros2_learn/example_for_github/create_type_2/install/test_interface/share/test_interface/package.zsh'
[5.114s] Level 1:colcon.colcon_core.environment:create_file_with_runtime_dependencies(/home/nhodung/Documents/ros2_learn/example_for_github/create_type_2/install/test_interface/share/colcon-core/packages/test_interface)
[5.114s] DEBUG:colcon.colcon_parallel_executor.executor.parallel:closing loop
[5.114s] DEBUG:colcon.colcon_parallel_executor.executor.parallel:loop closed
[5.114s] DEBUG:colcon.colcon_parallel_executor.executor.parallel:run_until_complete finished with '0'
[5.114s] DEBUG:colcon.colcon_core.event_reactor:joining thread
[5.118s] INFO:colcon.colcon_core.plugin_system:Skipping extension 'colcon_notification.desktop_notification.terminal_notifier': Not used on non-Darwin systems
[5.118s] INFO:colcon.colcon_core.plugin_system:Skipping extension 'colcon_notification.desktop_notification.win32': Not used on non-Windows systems
[5.118s] INFO:colcon.colcon_notification.desktop_notification:Sending desktop notification using 'notify2'
[5.127s] DEBUG:colcon.colcon_core.event_reactor:joined thread
[5.128s] INFO:colcon.colcon_core.shell:Creating prefix script '/home/nhodung/Documents/ros2_learn/example_for_github/create_type_2/install/local_setup.ps1'
[5.130s] INFO:colcon.colcon_core.shell:Creating prefix util module '/home/nhodung/Documents/ros2_learn/example_for_github/create_type_2/install/_local_setup_util_ps1.py'
[5.132s] INFO:colcon.colcon_core.shell:Creating prefix chain script '/home/nhodung/Documents/ros2_learn/example_for_github/create_type_2/install/setup.ps1'
[5.133s] INFO:colcon.colcon_core.shell:Creating prefix script '/home/nhodung/Documents/ros2_learn/example_for_github/create_type_2/install/local_setup.sh'
[5.133s] INFO:colcon.colcon_core.shell:Creating prefix util module '/home/nhodung/Documents/ros2_learn/example_for_github/create_type_2/install/_local_setup_util_sh.py'
[5.134s] INFO:colcon.colcon_core.shell:Creating prefix chain script '/home/nhodung/Documents/ros2_learn/example_for_github/create_type_2/install/setup.sh'
[5.135s] INFO:colcon.colcon_core.shell:Creating prefix script '/home/nhodung/Documents/ros2_learn/example_for_github/create_type_2/install/local_setup.bash'
[5.136s] INFO:colcon.colcon_core.shell:Creating prefix chain script '/home/nhodung/Documents/ros2_learn/example_for_github/create_type_2/install/setup.bash'
[5.137s] INFO:colcon.colcon_core.shell:Creating prefix script '/home/nhodung/Documents/ros2_learn/example_for_github/create_type_2/install/local_setup.zsh'
[5.138s] INFO:colcon.colcon_core.shell:Creating prefix chain script '/home/nhodung/Documents/ros2_learn/example_for_github/create_type_2/install/setup.zsh'
