-- Found ament_cmake: 1.3.10 (/opt/ros/humble/share/ament_cmake/cmake)
-- Override CMake install command with custom implementation using symlinks instead of copying resources
-- Found geometry_msgs: 4.2.4 (/opt/ros/humble/share/geometry_msgs/cmake)
-- Found rosidl_generator_c: 3.1.5 (/opt/ros/humble/share/rosidl_generator_c/cmake)
-- Found rosidl_adapter: 3.1.5 (/opt/ros/humble/share/rosidl_adapter/cmake)
-- Found rosidl_generator_cpp: 3.1.5 (/opt/ros/humble/share/rosidl_generator_cpp/cmake)
-- Using all available rosidl_typesupport_c: rosidl_typesupport_fastrtps_c;rosidl_typesupport_introspection_c
-- Using all available rosidl_typesupport_cpp: rosidl_typesupport_fastrtps_cpp;rosidl_typesupport_introspection_cpp
-- Found rosidl_default_generators: 1.2.0 (/opt/ros/humble/share/rosidl_default_generators/cmake)
-- Found ament_cmake_ros: 0.10.0 (/opt/ros/humble/share/ament_cmake_ros/cmake)
-- Using all available rosidl_typesupport_c: rosidl_typesupport_fastrtps_c;rosidl_typesupport_introspection_c
-- Using all available rosidl_typesupport_cpp: rosidl_typesupport_fastrtps_cpp;rosidl_typesupport_introspection_cpp
-- Found python_cmake_module: 0.10.0 (/opt/ros/humble/share/python_cmake_module/cmake)
-- Using PYTHON_EXECUTABLE: /usr/bin/python3
-- Using PYTHON_INCLUDE_DIRS: /usr/include/python3.10
-- Using PYTHON_LIBRARIES: /usr/lib/x86_64-linux-gnu/libpython3.10.so
-- Found ament_lint_auto: 0.12.11 (/opt/ros/humble/share/ament_lint_auto/cmake)
-- Configuring done
-- Generating done
-- Build files have been written to: /home/nhodung/Documents/ros2_learn/example_for_github/create_type/build/create_msgs
[  2%] [34m[1mGenerating C code for ROS interfaces[0m
[  4%] [34m[1mGenerating C++ code for ROS interfaces[0m
[  4%] Built target ament_cmake_python_symlink_create_msgs
running egg_info
writing create_msgs.egg-info/PKG-INFO
writing dependency_links to create_msgs.egg-info/dependency_links.txt
writing top-level names to create_msgs.egg-info/top_level.txt
reading manifest file 'create_msgs.egg-info/SOURCES.txt'
writing manifest file 'create_msgs.egg-info/SOURCES.txt'
[  4%] Built target ament_cmake_python_build_create_msgs_egg
[  4%] Built target create_msgs__cpp
[  6%] [34m[1mGenerating C++ introspection for ROS interfaces[0m
[ 10%] [34m[1mGenerating C++ type support for eProsima Fast-RTPS[0m
[ 10%] [34m[1mGenerating C++ type support dispatch for ROS interfaces[0m
[35m[1mConsolidate compiler generated dependencies of target create_msgs__rosidl_generator_c[0m
[ 14%] [32mBuilding C object CMakeFiles/create_msgs__rosidl_generator_c.dir/rosidl_generator_c/create_msgs/msg/detail/num__functions.c.o[0m
[ 14%] [32mBuilding C object CMakeFiles/create_msgs__rosidl_generator_c.dir/rosidl_generator_c/create_msgs/msg/detail/sphere__functions.c.o[0m
[ 17%] [32mBuilding C object CMakeFiles/create_msgs__rosidl_generator_c.dir/rosidl_generator_c/create_msgs/srv/detail/add_three_ints__functions.c.o[0m
[ 19%] [32m[1mLinking C shared library libcreate_msgs__rosidl_generator_c.so[0m
[ 19%] Built target create_msgs__rosidl_generator_c
[ 23%] [34m[1mGenerating C introspection for ROS interfaces[0m
[ 23%] [34m[1mGenerating C type support dispatch for ROS interfaces[0m
[ 25%] [34m[1mGenerating C type support for eProsima Fast-RTPS[0m
[35m[1mConsolidate compiler generated dependencies of target create_msgs__rosidl_typesupport_cpp[0m
[ 27%] [32mBuilding CXX object CMakeFiles/create_msgs__rosidl_typesupport_cpp.dir/rosidl_typesupport_cpp/create_msgs/msg/num__type_support.cpp.o[0m
[ 29%] [32mBuilding CXX object CMakeFiles/create_msgs__rosidl_typesupport_cpp.dir/rosidl_typesupport_cpp/create_msgs/srv/add_three_ints__type_support.cpp.o[0m
[ 31%] [32mBuilding CXX object CMakeFiles/create_msgs__rosidl_typesupport_cpp.dir/rosidl_typesupport_cpp/create_msgs/msg/sphere__type_support.cpp.o[0m
[35m[1mConsolidate compiler generated dependencies of target create_msgs__rosidl_typesupport_introspection_cpp[0m
[ 38%] [32mBuilding CXX object CMakeFiles/create_msgs__rosidl_typesupport_introspection_cpp.dir/rosidl_typesupport_introspection_cpp/create_msgs/srv/detail/add_three_ints__type_support.cpp.o[0m
[ 38%] [32mBuilding CXX object CMakeFiles/create_msgs__rosidl_typesupport_introspection_cpp.dir/rosidl_typesupport_introspection_cpp/create_msgs/msg/detail/num__type_support.cpp.o[0m
[ 38%] [32mBuilding CXX object CMakeFiles/create_msgs__rosidl_typesupport_introspection_cpp.dir/rosidl_typesupport_introspection_cpp/create_msgs/msg/detail/sphere__type_support.cpp.o[0m
[35m[1mConsolidate compiler generated dependencies of target create_msgs__rosidl_typesupport_fastrtps_cpp[0m
[ 40%] [32mBuilding CXX object CMakeFiles/create_msgs__rosidl_typesupport_fastrtps_cpp.dir/rosidl_typesupport_fastrtps_cpp/create_msgs/msg/detail/dds_fastrtps/sphere__type_support.cpp.o[0m
[ 42%] [32mBuilding CXX object CMakeFiles/create_msgs__rosidl_typesupport_fastrtps_cpp.dir/rosidl_typesupport_fastrtps_cpp/create_msgs/msg/detail/dds_fastrtps/num__type_support.cpp.o[0m
[ 44%] [32mBuilding CXX object CMakeFiles/create_msgs__rosidl_typesupport_fastrtps_cpp.dir/rosidl_typesupport_fastrtps_cpp/create_msgs/srv/detail/dds_fastrtps/add_three_ints__type_support.cpp.o[0m
[35m[1mConsolidate compiler generated dependencies of target create_msgs__rosidl_typesupport_c[0m
[ 46%] [32mBuilding CXX object CMakeFiles/create_msgs__rosidl_typesupport_c.dir/rosidl_typesupport_c/create_msgs/msg/num__type_support.cpp.o[0m
[ 48%] [32mBuilding CXX object CMakeFiles/create_msgs__rosidl_typesupport_c.dir/rosidl_typesupport_c/create_msgs/msg/sphere__type_support.cpp.o[0m
[ 51%] [32mBuilding CXX object CMakeFiles/create_msgs__rosidl_typesupport_c.dir/rosidl_typesupport_c/create_msgs/srv/add_three_ints__type_support.cpp.o[0m
[ 53%] [32m[1mLinking CXX shared library libcreate_msgs__rosidl_typesupport_c.so[0m
[35m[1mConsolidate compiler generated dependencies of target create_msgs__rosidl_typesupport_introspection_c[0m
[35m[1mConsolidate compiler generated dependencies of target create_msgs__rosidl_typesupport_fastrtps_c[0m
[ 55%] [32mBuilding C object CMakeFiles/create_msgs__rosidl_typesupport_introspection_c.dir/rosidl_typesupport_introspection_c/create_msgs/msg/detail/num__type_support.c.o[0m
[ 57%] [32mBuilding C object CMakeFiles/create_msgs__rosidl_typesupport_introspection_c.dir/rosidl_typesupport_introspection_c/create_msgs/msg/detail/sphere__type_support.c.o[0m
[ 59%] [32mBuilding CXX object CMakeFiles/create_msgs__rosidl_typesupport_fastrtps_c.dir/rosidl_typesupport_fastrtps_c/create_msgs/msg/detail/num__type_support_c.cpp.o[0m
[ 59%] Built target create_msgs__rosidl_typesupport_c
[ 61%] [32mBuilding C object CMakeFiles/create_msgs__rosidl_typesupport_introspection_c.dir/rosidl_typesupport_introspection_c/create_msgs/srv/detail/add_three_ints__type_support.c.o[0m
[ 63%] [32mBuilding CXX object CMakeFiles/create_msgs__rosidl_typesupport_fastrtps_c.dir/rosidl_typesupport_fastrtps_c/create_msgs/msg/detail/sphere__type_support_c.cpp.o[0m
[ 65%] [32mBuilding CXX object CMakeFiles/create_msgs__rosidl_typesupport_fastrtps_c.dir/rosidl_typesupport_fastrtps_c/create_msgs/srv/detail/add_three_ints__type_support_c.cpp.o[0m
[ 68%] [32m[1mLinking CXX shared library libcreate_msgs__rosidl_typesupport_cpp.so[0m
[ 70%] [32m[1mLinking C shared library libcreate_msgs__rosidl_typesupport_introspection_c.so[0m
[ 70%] Built target create_msgs__rosidl_typesupport_cpp
[ 70%] Built target create_msgs__rosidl_typesupport_introspection_c
[ 72%] [32m[1mLinking CXX shared library libcreate_msgs__rosidl_typesupport_introspection_cpp.so[0m
[ 72%] Built target create_msgs__rosidl_typesupport_introspection_cpp
[ 74%] [32m[1mLinking CXX shared library libcreate_msgs__rosidl_typesupport_fastrtps_cpp.so[0m
[ 74%] Built target create_msgs__rosidl_typesupport_fastrtps_cpp
[ 76%] [32m[1mLinking CXX shared library libcreate_msgs__rosidl_typesupport_fastrtps_c.so[0m
[ 76%] Built target create_msgs__rosidl_typesupport_fastrtps_c
[ 76%] Built target create_msgs
[ 78%] [34m[1mGenerating Python code for ROS interfaces[0m
[ 78%] Built target create_msgs__py
[35m[1mConsolidate compiler generated dependencies of target create_msgs__rosidl_generator_py[0m
[ 85%] [32mBuilding C object CMakeFiles/create_msgs__rosidl_generator_py.dir/rosidl_generator_py/create_msgs/msg/_sphere_s.c.o[0m
[ 85%] [32mBuilding C object CMakeFiles/create_msgs__rosidl_generator_py.dir/rosidl_generator_py/create_msgs/srv/_add_three_ints_s.c.o[0m
[ 85%] [32mBuilding C object CMakeFiles/create_msgs__rosidl_generator_py.dir/rosidl_generator_py/create_msgs/msg/_num_s.c.o[0m
[ 87%] [32m[1mLinking C shared library rosidl_generator_py/create_msgs/libcreate_msgs__rosidl_generator_py.so[0m
[ 87%] Built target create_msgs__rosidl_generator_py
[35m[1mConsolidate compiler generated dependencies of target create_msgs__rosidl_typesupport_c__pyext[0m
[35m[1mConsolidate compiler generated dependencies of target create_msgs__rosidl_typesupport_fastrtps_c__pyext[0m
[35m[1mConsolidate compiler generated dependencies of target create_msgs__rosidl_typesupport_introspection_c__pyext[0m
[ 93%] [32mBuilding C object CMakeFiles/create_msgs__rosidl_typesupport_introspection_c__pyext.dir/rosidl_generator_py/create_msgs/_create_msgs_s.ep.rosidl_typesupport_introspection_c.c.o[0m
[ 93%] [32mBuilding C object CMakeFiles/create_msgs__rosidl_typesupport_c__pyext.dir/rosidl_generator_py/create_msgs/_create_msgs_s.ep.rosidl_typesupport_c.c.o[0m
[ 93%] [32mBuilding C object CMakeFiles/create_msgs__rosidl_typesupport_fastrtps_c__pyext.dir/rosidl_generator_py/create_msgs/_create_msgs_s.ep.rosidl_typesupport_fastrtps_c.c.o[0m
[ 97%] [32m[1mLinking C shared library rosidl_generator_py/create_msgs/create_msgs_s__rosidl_typesupport_fastrtps_c.cpython-310-x86_64-linux-gnu.so[0m
[ 97%] [32m[1mLinking C shared library rosidl_generator_py/create_msgs/create_msgs_s__rosidl_typesupport_c.cpython-310-x86_64-linux-gnu.so[0m
[100%] [32m[1mLinking C shared library rosidl_generator_py/create_msgs/create_msgs_s__rosidl_typesupport_introspection_c.cpython-310-x86_64-linux-gnu.so[0m
[100%] Built target create_msgs__rosidl_typesupport_c__pyext
[100%] Built target create_msgs__rosidl_typesupport_introspection_c__pyext
[100%] Built target create_msgs__rosidl_typesupport_fastrtps_c__pyext
-- Install configuration: ""
-- Execute custom install script
-- Up-to-date symlink: /home/nhodung/Documents/ros2_learn/example_for_github/create_type/install/create_msgs/share/ament_index/resource_index/rosidl_interfaces/create_msgs
-- Up-to-date symlink: /home/nhodung/Documents/ros2_learn/example_for_github/create_type/install/create_msgs/include/create_msgs/create_msgs/msg/detail/num__functions.h
-- Up-to-date symlink: /home/nhodung/Documents/ros2_learn/example_for_github/create_type/install/create_msgs/include/create_msgs/create_msgs/msg/detail/num__struct.h
-- Up-to-date symlink: /home/nhodung/Documents/ros2_learn/example_for_github/create_type/install/create_msgs/include/create_msgs/create_msgs/msg/detail/num__type_support.h
-- Up-to-date symlink: /home/nhodung/Documents/ros2_learn/example_for_github/create_type/install/create_msgs/include/create_msgs/create_msgs/msg/detail/sphere__functions.h
-- Up-to-date symlink: /home/nhodung/Documents/ros2_learn/example_for_github/create_type/install/create_msgs/include/create_msgs/create_msgs/msg/detail/sphere__struct.h
-- Up-to-date symlink: /home/nhodung/Documents/ros2_learn/example_for_github/create_type/install/create_msgs/include/create_msgs/create_msgs/msg/detail/sphere__type_support.h
-- Up-to-date symlink: /home/nhodung/Documents/ros2_learn/example_for_github/create_type/install/create_msgs/include/create_msgs/create_msgs/msg/num.h
-- Up-to-date symlink: /home/nhodung/Documents/ros2_learn/example_for_github/create_type/install/create_msgs/include/create_msgs/create_msgs/msg/rosidl_generator_c__visibility_control.h
-- Up-to-date symlink: /home/nhodung/Documents/ros2_learn/example_for_github/create_type/install/create_msgs/include/create_msgs/create_msgs/msg/sphere.h
-- Up-to-date symlink: /home/nhodung/Documents/ros2_learn/example_for_github/create_type/install/create_msgs/include/create_msgs/create_msgs/srv/add_three_ints.h
-- Up-to-date symlink: /home/nhodung/Documents/ros2_learn/example_for_github/create_type/install/create_msgs/include/create_msgs/create_msgs/srv/detail/add_three_ints__functions.h
-- Up-to-date symlink: /home/nhodung/Documents/ros2_learn/example_for_github/create_type/install/create_msgs/include/create_msgs/create_msgs/srv/detail/add_three_ints__struct.h
-- Up-to-date symlink: /home/nhodung/Documents/ros2_learn/example_for_github/create_type/install/create_msgs/include/create_msgs/create_msgs/srv/detail/add_three_ints__type_support.h
-- Up-to-date symlink: /home/nhodung/Documents/ros2_learn/example_for_github/create_type/install/create_msgs/share/create_msgs/environment/library_path.sh
-- Up-to-date symlink: /home/nhodung/Documents/ros2_learn/example_for_github/create_type/install/create_msgs/share/create_msgs/environment/library_path.dsv
-- Up-to-date symlink: /home/nhodung/Documents/ros2_learn/example_for_github/create_type/install/create_msgs/include/create_msgs/create_msgs/msg/detail/num__rosidl_typesupport_fastrtps_c.h
-- Up-to-date symlink: /home/nhodung/Documents/ros2_learn/example_for_github/create_type/install/create_msgs/include/create_msgs/create_msgs/msg/detail/sphere__rosidl_typesupport_fastrtps_c.h
-- Up-to-date symlink: /home/nhodung/Documents/ros2_learn/example_for_github/create_type/install/create_msgs/include/create_msgs/create_msgs/msg/rosidl_typesupport_fastrtps_c__visibility_control.h
-- Up-to-date symlink: /home/nhodung/Documents/ros2_learn/example_for_github/create_type/install/create_msgs/include/create_msgs/create_msgs/srv/detail/add_three_ints__rosidl_typesupport_fastrtps_c.h
-- Up-to-date symlink: /home/nhodung/Documents/ros2_learn/example_for_github/create_type/install/create_msgs/include/create_msgs/create_msgs/msg/detail/num__builder.hpp
-- Up-to-date symlink: /home/nhodung/Documents/ros2_learn/example_for_github/create_type/install/create_msgs/include/create_msgs/create_msgs/msg/detail/num__struct.hpp
-- Up-to-date symlink: /home/nhodung/Documents/ros2_learn/example_for_github/create_type/install/create_msgs/include/create_msgs/create_msgs/msg/detail/num__traits.hpp
-- Up-to-date symlink: /home/nhodung/Documents/ros2_learn/example_for_github/create_type/install/create_msgs/include/create_msgs/create_msgs/msg/detail/sphere__builder.hpp
-- Up-to-date symlink: /home/nhodung/Documents/ros2_learn/example_for_github/create_type/install/create_msgs/include/create_msgs/create_msgs/msg/detail/sphere__struct.hpp
-- Up-to-date symlink: /home/nhodung/Documents/ros2_learn/example_for_github/create_type/install/create_msgs/include/create_msgs/create_msgs/msg/detail/sphere__traits.hpp
-- Up-to-date symlink: /home/nhodung/Documents/ros2_learn/example_for_github/create_type/install/create_msgs/include/create_msgs/create_msgs/msg/num.hpp
-- Up-to-date symlink: /home/nhodung/Documents/ros2_learn/example_for_github/create_type/install/create_msgs/include/create_msgs/create_msgs/msg/sphere.hpp
-- Up-to-date symlink: /home/nhodung/Documents/ros2_learn/example_for_github/create_type/install/create_msgs/include/create_msgs/create_msgs/srv/add_three_ints.hpp
-- Up-to-date symlink: /home/nhodung/Documents/ros2_learn/example_for_github/create_type/install/create_msgs/include/create_msgs/create_msgs/srv/detail/add_three_ints__builder.hpp
-- Up-to-date symlink: /home/nhodung/Documents/ros2_learn/example_for_github/create_type/install/create_msgs/include/create_msgs/create_msgs/srv/detail/add_three_ints__struct.hpp
-- Up-to-date symlink: /home/nhodung/Documents/ros2_learn/example_for_github/create_type/install/create_msgs/include/create_msgs/create_msgs/srv/detail/add_three_ints__traits.hpp
-- Up-to-date symlink: /home/nhodung/Documents/ros2_learn/example_for_github/create_type/install/create_msgs/include/create_msgs/create_msgs/msg/detail/num__rosidl_typesupport_fastrtps_cpp.hpp
-- Up-to-date symlink: /home/nhodung/Documents/ros2_learn/example_for_github/create_type/install/create_msgs/include/create_msgs/create_msgs/msg/detail/sphere__rosidl_typesupport_fastrtps_cpp.hpp
-- Up-to-date symlink: /home/nhodung/Documents/ros2_learn/example_for_github/create_type/install/create_msgs/include/create_msgs/create_msgs/msg/rosidl_typesupport_fastrtps_cpp__visibility_control.h
-- Up-to-date symlink: /home/nhodung/Documents/ros2_learn/example_for_github/create_type/install/create_msgs/include/create_msgs/create_msgs/srv/detail/add_three_ints__rosidl_typesupport_fastrtps_cpp.hpp
-- Up-to-date symlink: /home/nhodung/Documents/ros2_learn/example_for_github/create_type/install/create_msgs/include/create_msgs/create_msgs/msg/detail/num__rosidl_typesupport_introspection_c.h
-- Up-to-date symlink: /home/nhodung/Documents/ros2_learn/example_for_github/create_type/install/create_msgs/include/create_msgs/create_msgs/msg/detail/sphere__rosidl_typesupport_introspection_c.h
-- Up-to-date symlink: /home/nhodung/Documents/ros2_learn/example_for_github/create_type/install/create_msgs/include/create_msgs/create_msgs/msg/rosidl_typesupport_introspection_c__visibility_control.h
-- Up-to-date symlink: /home/nhodung/Documents/ros2_learn/example_for_github/create_type/install/create_msgs/include/create_msgs/create_msgs/srv/detail/add_three_ints__rosidl_typesupport_introspection_c.h
-- Up-to-date symlink: /home/nhodung/Documents/ros2_learn/example_for_github/create_type/install/create_msgs/include/create_msgs/create_msgs/msg/detail/num__rosidl_typesupport_introspection_cpp.hpp
-- Up-to-date symlink: /home/nhodung/Documents/ros2_learn/example_for_github/create_type/install/create_msgs/include/create_msgs/create_msgs/msg/detail/sphere__rosidl_typesupport_introspection_cpp.hpp
-- Up-to-date symlink: /home/nhodung/Documents/ros2_learn/example_for_github/create_type/install/create_msgs/include/create_msgs/create_msgs/srv/detail/add_three_ints__rosidl_typesupport_introspection_cpp.hpp
-- Up-to-date symlink: /home/nhodung/Documents/ros2_learn/example_for_github/create_type/install/create_msgs/share/create_msgs/environment/pythonpath.sh
-- Up-to-date symlink: /home/nhodung/Documents/ros2_learn/example_for_github/create_type/install/create_msgs/share/create_msgs/environment/pythonpath.dsv
-- Up-to-date symlink: /home/nhodung/Documents/ros2_learn/example_for_github/create_type/install/create_msgs/local/lib/python3.10/dist-packages/create_msgs-0.0.0-py3.10.egg-info/PKG-INFO
-- Up-to-date symlink: /home/nhodung/Documents/ros2_learn/example_for_github/create_type/install/create_msgs/local/lib/python3.10/dist-packages/create_msgs-0.0.0-py3.10.egg-info/SOURCES.txt
-- Up-to-date symlink: /home/nhodung/Documents/ros2_learn/example_for_github/create_type/install/create_msgs/local/lib/python3.10/dist-packages/create_msgs-0.0.0-py3.10.egg-info/dependency_links.txt
-- Up-to-date symlink: /home/nhodung/Documents/ros2_learn/example_for_github/create_type/install/create_msgs/local/lib/python3.10/dist-packages/create_msgs-0.0.0-py3.10.egg-info/top_level.txt
-- Up-to-date symlink: /home/nhodung/Documents/ros2_learn/example_for_github/create_type/install/create_msgs/local/lib/python3.10/dist-packages/create_msgs/__init__.py
-- Up-to-date symlink: /home/nhodung/Documents/ros2_learn/example_for_github/create_type/install/create_msgs/local/lib/python3.10/dist-packages/create_msgs/_create_msgs_s.ep.rosidl_typesupport_c.c
-- Up-to-date symlink: /home/nhodung/Documents/ros2_learn/example_for_github/create_type/install/create_msgs/local/lib/python3.10/dist-packages/create_msgs/_create_msgs_s.ep.rosidl_typesupport_fastrtps_c.c
-- Up-to-date symlink: /home/nhodung/Documents/ros2_learn/example_for_github/create_type/install/create_msgs/local/lib/python3.10/dist-packages/create_msgs/_create_msgs_s.ep.rosidl_typesupport_introspection_c.c
-- Up-to-date symlink: /home/nhodung/Documents/ros2_learn/example_for_github/create_type/install/create_msgs/local/lib/python3.10/dist-packages/create_msgs/create_msgs_s__rosidl_typesupport_c.cpython-310-x86_64-linux-gnu.so
-- Up-to-date symlink: /home/nhodung/Documents/ros2_learn/example_for_github/create_type/install/create_msgs/local/lib/python3.10/dist-packages/create_msgs/create_msgs_s__rosidl_typesupport_fastrtps_c.cpython-310-x86_64-linux-gnu.so
-- Up-to-date symlink: /home/nhodung/Documents/ros2_learn/example_for_github/create_type/install/create_msgs/local/lib/python3.10/dist-packages/create_msgs/create_msgs_s__rosidl_typesupport_introspection_c.cpython-310-x86_64-linux-gnu.so
-- Up-to-date symlink: /home/nhodung/Documents/ros2_learn/example_for_github/create_type/install/create_msgs/local/lib/python3.10/dist-packages/create_msgs/libcreate_msgs__rosidl_generator_py.so
-- Up-to-date symlink: /home/nhodung/Documents/ros2_learn/example_for_github/create_type/install/create_msgs/local/lib/python3.10/dist-packages/create_msgs/msg/__init__.py
-- Up-to-date symlink: /home/nhodung/Documents/ros2_learn/example_for_github/create_type/install/create_msgs/local/lib/python3.10/dist-packages/create_msgs/msg/_num.py
-- Up-to-date symlink: /home/nhodung/Documents/ros2_learn/example_for_github/create_type/install/create_msgs/local/lib/python3.10/dist-packages/create_msgs/msg/_num_s.c
-- Up-to-date symlink: /home/nhodung/Documents/ros2_learn/example_for_github/create_type/install/create_msgs/local/lib/python3.10/dist-packages/create_msgs/msg/_sphere.py
-- Up-to-date symlink: /home/nhodung/Documents/ros2_learn/example_for_github/create_type/install/create_msgs/local/lib/python3.10/dist-packages/create_msgs/msg/_sphere_s.c
-- Up-to-date symlink: /home/nhodung/Documents/ros2_learn/example_for_github/create_type/install/create_msgs/local/lib/python3.10/dist-packages/create_msgs/srv/__init__.py
-- Up-to-date symlink: /home/nhodung/Documents/ros2_learn/example_for_github/create_type/install/create_msgs/local/lib/python3.10/dist-packages/create_msgs/srv/_add_three_ints.py
-- Up-to-date symlink: /home/nhodung/Documents/ros2_learn/example_for_github/create_type/install/create_msgs/local/lib/python3.10/dist-packages/create_msgs/srv/_add_three_ints_s.c
-- Up-to-date symlink: /home/nhodung/Documents/ros2_learn/example_for_github/create_type/install/create_msgs/local/lib/python3.10/dist-packages/create_msgs/create_msgs_s__rosidl_typesupport_fastrtps_c.cpython-310-x86_64-linux-gnu.so
-- Up-to-date symlink: /home/nhodung/Documents/ros2_learn/example_for_github/create_type/install/create_msgs/local/lib/python3.10/dist-packages/create_msgs/create_msgs_s__rosidl_typesupport_introspection_c.cpython-310-x86_64-linux-gnu.so
-- Up-to-date symlink: /home/nhodung/Documents/ros2_learn/example_for_github/create_type/install/create_msgs/local/lib/python3.10/dist-packages/create_msgs/create_msgs_s__rosidl_typesupport_c.cpython-310-x86_64-linux-gnu.so
-- Up-to-date symlink: /home/nhodung/Documents/ros2_learn/example_for_github/create_type/install/create_msgs/share/create_msgs/msg/Num.idl
-- Up-to-date symlink: /home/nhodung/Documents/ros2_learn/example_for_github/create_type/install/create_msgs/share/create_msgs/msg/Sphere.idl
-- Up-to-date symlink: /home/nhodung/Documents/ros2_learn/example_for_github/create_type/install/create_msgs/share/create_msgs/srv/AddThreeInts.idl
-- Up-to-date symlink: /home/nhodung/Documents/ros2_learn/example_for_github/create_type/install/create_msgs/share/create_msgs/msg/Num.msg
-- Up-to-date symlink: /home/nhodung/Documents/ros2_learn/example_for_github/create_type/install/create_msgs/share/create_msgs/msg/Sphere.msg
-- Up-to-date symlink: /home/nhodung/Documents/ros2_learn/example_for_github/create_type/install/create_msgs/share/create_msgs/srv/AddThreeInts.srv
-- Up-to-date symlink: /home/nhodung/Documents/ros2_learn/example_for_github/create_type/install/create_msgs/share/create_msgs/srv/AddThreeInts_Request.msg
-- Up-to-date symlink: /home/nhodung/Documents/ros2_learn/example_for_github/create_type/install/create_msgs/share/create_msgs/srv/AddThreeInts_Response.msg
-- Up-to-date symlink: /home/nhodung/Documents/ros2_learn/example_for_github/create_type/install/create_msgs/share/ament_index/resource_index/package_run_dependencies/create_msgs
-- Up-to-date symlink: /home/nhodung/Documents/ros2_learn/example_for_github/create_type/install/create_msgs/share/ament_index/resource_index/parent_prefix_path/create_msgs
-- Up-to-date symlink: /home/nhodung/Documents/ros2_learn/example_for_github/create_type/install/create_msgs/share/create_msgs/environment/ament_prefix_path.sh
-- Up-to-date symlink: /home/nhodung/Documents/ros2_learn/example_for_github/create_type/install/create_msgs/share/create_msgs/environment/ament_prefix_path.dsv
-- Up-to-date symlink: /home/nhodung/Documents/ros2_learn/example_for_github/create_type/install/create_msgs/share/create_msgs/environment/path.sh
-- Up-to-date symlink: /home/nhodung/Documents/ros2_learn/example_for_github/create_type/install/create_msgs/share/create_msgs/environment/path.dsv
-- Up-to-date symlink: /home/nhodung/Documents/ros2_learn/example_for_github/create_type/install/create_msgs/share/create_msgs/local_setup.bash
-- Up-to-date symlink: /home/nhodung/Documents/ros2_learn/example_for_github/create_type/install/create_msgs/share/create_msgs/local_setup.sh
-- Up-to-date symlink: /home/nhodung/Documents/ros2_learn/example_for_github/create_type/install/create_msgs/share/create_msgs/local_setup.zsh
-- Up-to-date symlink: /home/nhodung/Documents/ros2_learn/example_for_github/create_type/install/create_msgs/share/create_msgs/local_setup.dsv
-- Symlinking: /home/nhodung/Documents/ros2_learn/example_for_github/create_type/install/create_msgs/share/create_msgs/package.dsv
-- Up-to-date symlink: /home/nhodung/Documents/ros2_learn/example_for_github/create_type/install/create_msgs/share/ament_index/resource_index/packages/create_msgs
-- Up-to-date symlink: /home/nhodung/Documents/ros2_learn/example_for_github/create_type/install/create_msgs/share/create_msgs/cmake/rosidl_cmake-extras.cmake
-- Up-to-date symlink: /home/nhodung/Documents/ros2_learn/example_for_github/create_type/install/create_msgs/share/create_msgs/cmake/ament_cmake_export_dependencies-extras.cmake
-- Up-to-date symlink: /home/nhodung/Documents/ros2_learn/example_for_github/create_type/install/create_msgs/share/create_msgs/cmake/ament_cmake_export_include_directories-extras.cmake
-- Up-to-date symlink: /home/nhodung/Documents/ros2_learn/example_for_github/create_type/install/create_msgs/share/create_msgs/cmake/ament_cmake_export_libraries-extras.cmake
-- Up-to-date symlink: /home/nhodung/Documents/ros2_learn/example_for_github/create_type/install/create_msgs/share/create_msgs/cmake/ament_cmake_export_targets-extras.cmake
-- Up-to-date symlink: /home/nhodung/Documents/ros2_learn/example_for_github/create_type/install/create_msgs/share/create_msgs/cmake/rosidl_cmake_export_typesupport_targets-extras.cmake
-- Up-to-date symlink: /home/nhodung/Documents/ros2_learn/example_for_github/create_type/install/create_msgs/share/create_msgs/cmake/rosidl_cmake_export_typesupport_libraries-extras.cmake
-- Up-to-date symlink: /home/nhodung/Documents/ros2_learn/example_for_github/create_type/install/create_msgs/share/create_msgs/cmake/create_msgsConfig.cmake
-- Up-to-date symlink: /home/nhodung/Documents/ros2_learn/example_for_github/create_type/install/create_msgs/share/create_msgs/cmake/create_msgsConfig-version.cmake
-- Up-to-date symlink: /home/nhodung/Documents/ros2_learn/example_for_github/create_type/install/create_msgs/share/create_msgs/package.xml
-- Installing: /home/nhodung/Documents/ros2_learn/example_for_github/create_type/install/create_msgs/lib/libcreate_msgs__rosidl_generator_c.so
-- Set runtime path of "/home/nhodung/Documents/ros2_learn/example_for_github/create_type/install/create_msgs/lib/libcreate_msgs__rosidl_generator_c.so" to ""
-- Installing: /home/nhodung/Documents/ros2_learn/example_for_github/create_type/install/create_msgs/lib/libcreate_msgs__rosidl_typesupport_fastrtps_c.so
-- Set runtime path of "/home/nhodung/Documents/ros2_learn/example_for_github/create_type/install/create_msgs/lib/libcreate_msgs__rosidl_typesupport_fastrtps_c.so" to ""
-- Installing: /home/nhodung/Documents/ros2_learn/example_for_github/create_type/install/create_msgs/lib/libcreate_msgs__rosidl_typesupport_fastrtps_cpp.so
-- Set runtime path of "/home/nhodung/Documents/ros2_learn/example_for_github/create_type/install/create_msgs/lib/libcreate_msgs__rosidl_typesupport_fastrtps_cpp.so" to ""
-- Installing: /home/nhodung/Documents/ros2_learn/example_for_github/create_type/install/create_msgs/lib/libcreate_msgs__rosidl_typesupport_introspection_c.so
-- Set runtime path of "/home/nhodung/Documents/ros2_learn/example_for_github/create_type/install/create_msgs/lib/libcreate_msgs__rosidl_typesupport_introspection_c.so" to ""
-- Installing: /home/nhodung/Documents/ros2_learn/example_for_github/create_type/install/create_msgs/lib/libcreate_msgs__rosidl_typesupport_c.so
-- Set runtime path of "/home/nhodung/Documents/ros2_learn/example_for_github/create_type/install/create_msgs/lib/libcreate_msgs__rosidl_typesupport_c.so" to ""
-- Installing: /home/nhodung/Documents/ros2_learn/example_for_github/create_type/install/create_msgs/lib/libcreate_msgs__rosidl_typesupport_introspection_cpp.so
-- Set runtime path of "/home/nhodung/Documents/ros2_learn/example_for_github/create_type/install/create_msgs/lib/libcreate_msgs__rosidl_typesupport_introspection_cpp.so" to ""
-- Installing: /home/nhodung/Documents/ros2_learn/example_for_github/create_type/install/create_msgs/lib/libcreate_msgs__rosidl_typesupport_cpp.so
-- Set runtime path of "/home/nhodung/Documents/ros2_learn/example_for_github/create_type/install/create_msgs/lib/libcreate_msgs__rosidl_typesupport_cpp.so" to ""
Listing '/home/nhodung/Documents/ros2_learn/example_for_github/create_type/install/create_msgs/local/lib/python3.10/dist-packages/create_msgs'...
Compiling '/home/nhodung/Documents/ros2_learn/example_for_github/create_type/install/create_msgs/local/lib/python3.10/dist-packages/create_msgs/__init__.py'...
Listing '/home/nhodung/Documents/ros2_learn/example_for_github/create_type/install/create_msgs/local/lib/python3.10/dist-packages/create_msgs/msg'...
Compiling '/home/nhodung/Documents/ros2_learn/example_for_github/create_type/install/create_msgs/local/lib/python3.10/dist-packages/create_msgs/msg/__init__.py'...
Compiling '/home/nhodung/Documents/ros2_learn/example_for_github/create_type/install/create_msgs/local/lib/python3.10/dist-packages/create_msgs/msg/_num.py'...
Compiling '/home/nhodung/Documents/ros2_learn/example_for_github/create_type/install/create_msgs/local/lib/python3.10/dist-packages/create_msgs/msg/_sphere.py'...
Listing '/home/nhodung/Documents/ros2_learn/example_for_github/create_type/install/create_msgs/local/lib/python3.10/dist-packages/create_msgs/srv'...
Compiling '/home/nhodung/Documents/ros2_learn/example_for_github/create_type/install/create_msgs/local/lib/python3.10/dist-packages/create_msgs/srv/__init__.py'...
Compiling '/home/nhodung/Documents/ros2_learn/example_for_github/create_type/install/create_msgs/local/lib/python3.10/dist-packages/create_msgs/srv/_add_three_ints.py'...
-- Installing: /home/nhodung/Documents/ros2_learn/example_for_github/create_type/install/create_msgs/lib/libcreate_msgs__rosidl_generator_py.so
-- Set runtime path of "/home/nhodung/Documents/ros2_learn/example_for_github/create_type/install/create_msgs/lib/libcreate_msgs__rosidl_generator_py.so" to ""
-- Up-to-date: /home/nhodung/Documents/ros2_learn/example_for_github/create_type/install/create_msgs/share/create_msgs/cmake/export_create_msgs__rosidl_generator_cExport.cmake
-- Up-to-date: /home/nhodung/Documents/ros2_learn/example_for_github/create_type/install/create_msgs/share/create_msgs/cmake/export_create_msgs__rosidl_generator_cExport-noconfig.cmake
-- Up-to-date: /home/nhodung/Documents/ros2_learn/example_for_github/create_type/install/create_msgs/share/create_msgs/cmake/export_create_msgs__rosidl_typesupport_fastrtps_cExport.cmake
-- Up-to-date: /home/nhodung/Documents/ros2_learn/example_for_github/create_type/install/create_msgs/share/create_msgs/cmake/export_create_msgs__rosidl_typesupport_fastrtps_cExport-noconfig.cmake
-- Up-to-date: /home/nhodung/Documents/ros2_learn/example_for_github/create_type/install/create_msgs/share/create_msgs/cmake/export_create_msgs__rosidl_generator_cppExport.cmake
-- Up-to-date: /home/nhodung/Documents/ros2_learn/example_for_github/create_type/install/create_msgs/share/create_msgs/cmake/export_create_msgs__rosidl_typesupport_fastrtps_cppExport.cmake
-- Up-to-date: /home/nhodung/Documents/ros2_learn/example_for_github/create_type/install/create_msgs/share/create_msgs/cmake/export_create_msgs__rosidl_typesupport_fastrtps_cppExport-noconfig.cmake
-- Up-to-date: /home/nhodung/Documents/ros2_learn/example_for_github/create_type/install/create_msgs/share/create_msgs/cmake/create_msgs__rosidl_typesupport_introspection_cExport.cmake
-- Up-to-date: /home/nhodung/Documents/ros2_learn/example_for_github/create_type/install/create_msgs/share/create_msgs/cmake/create_msgs__rosidl_typesupport_introspection_cExport-noconfig.cmake
-- Up-to-date: /home/nhodung/Documents/ros2_learn/example_for_github/create_type/install/create_msgs/share/create_msgs/cmake/create_msgs__rosidl_typesupport_cExport.cmake
-- Up-to-date: /home/nhodung/Documents/ros2_learn/example_for_github/create_type/install/create_msgs/share/create_msgs/cmake/create_msgs__rosidl_typesupport_cExport-noconfig.cmake
-- Up-to-date: /home/nhodung/Documents/ros2_learn/example_for_github/create_type/install/create_msgs/share/create_msgs/cmake/create_msgs__rosidl_typesupport_introspection_cppExport.cmake
-- Up-to-date: /home/nhodung/Documents/ros2_learn/example_for_github/create_type/install/create_msgs/share/create_msgs/cmake/create_msgs__rosidl_typesupport_introspection_cppExport-noconfig.cmake
-- Up-to-date: /home/nhodung/Documents/ros2_learn/example_for_github/create_type/install/create_msgs/share/create_msgs/cmake/create_msgs__rosidl_typesupport_cppExport.cmake
-- Up-to-date: /home/nhodung/Documents/ros2_learn/example_for_github/create_type/install/create_msgs/share/create_msgs/cmake/create_msgs__rosidl_typesupport_cppExport-noconfig.cmake
-- Up-to-date: /home/nhodung/Documents/ros2_learn/example_for_github/create_type/install/create_msgs/share/create_msgs/cmake/export_create_msgs__rosidl_generator_pyExport.cmake
-- Up-to-date: /home/nhodung/Documents/ros2_learn/example_for_github/create_type/install/create_msgs/share/create_msgs/cmake/export_create_msgs__rosidl_generator_pyExport-noconfig.cmake
