[0.008s] Invoking command in '/home/nhodung/Documents/ros2_learn/example_for_github/create_type/build/create_msgs': CMAKE_PREFIX_PATH=${CMAKE_PREFIX_PATH}:/opt/ros/humble /usr/bin/cmake /home/nhodung/Documents/ros2_learn/example_for_github/create_type/src/create_msgs -DCMAKE_INSTALL_PREFIX=/home/nhodung/Documents/ros2_learn/example_for_github/create_type/install/create_msgs
[0.018s] -- Found ament_cmake: 1.3.10 (/opt/ros/humble/share/ament_cmake/cmake)
[0.120s] -- Override CMake install command with custom implementation using symlinks instead of copying resources
[0.127s] -- Found geometry_msgs: 4.2.4 (/opt/ros/humble/share/geometry_msgs/cmake)
[0.146s] -- Found rosidl_generator_c: 3.1.5 (/opt/ros/humble/share/rosidl_generator_c/cmake)
[0.148s] -- Found rosidl_adapter: 3.1.5 (/opt/ros/humble/share/rosidl_adapter/cmake)
[0.152s] -- Found rosidl_generator_cpp: 3.1.5 (/opt/ros/humble/share/rosidl_generator_cpp/cmake)
[0.160s] -- Using all available rosidl_typesupport_c: rosidl_typesupport_fastrtps_c;rosidl_typesupport_introspection_c
[0.171s] -- Using all available rosidl_typesupport_cpp: rosidl_typesupport_fastrtps_cpp;rosidl_typesupport_introspection_cpp
[0.199s] -- Found rosidl_default_generators: 1.2.0 (/opt/ros/humble/share/rosidl_default_generators/cmake)
[0.436s] -- Found ament_cmake_ros: 0.10.0 (/opt/ros/humble/share/ament_cmake_ros/cmake)
[0.764s] -- Using all available rosidl_typesupport_c: rosidl_typesupport_fastrtps_c;rosidl_typesupport_introspection_c
[0.904s] -- Using all available rosidl_typesupport_cpp: rosidl_typesupport_fastrtps_cpp;rosidl_typesupport_introspection_cpp
[0.922s] -- Found python_cmake_module: 0.10.0 (/opt/ros/humble/share/python_cmake_module/cmake)
[0.940s] -- Using PYTHON_EXECUTABLE: /usr/bin/python3
[0.940s] -- Using PYTHON_INCLUDE_DIRS: /usr/include/python3.10
[0.940s] -- Using PYTHON_LIBRARIES: /usr/lib/x86_64-linux-gnu/libpython3.10.so
[0.971s] -- Found ament_lint_auto: 0.12.11 (/opt/ros/humble/share/ament_lint_auto/cmake)
[0.977s] -- Configuring done
[1.007s] -- Generating done
[1.010s] -- Build files have been written to: /home/nhodung/Documents/ros2_learn/example_for_github/create_type/build/create_msgs
[1.019s] Invoked command in '/home/nhodung/Documents/ros2_learn/example_for_github/create_type/build/create_msgs' returned '0': CMAKE_PREFIX_PATH=${CMAKE_PREFIX_PATH}:/opt/ros/humble /usr/bin/cmake /home/nhodung/Documents/ros2_learn/example_for_github/create_type/src/create_msgs -DCMAKE_INSTALL_PREFIX=/home/nhodung/Documents/ros2_learn/example_for_github/create_type/install/create_msgs
[1.021s] Invoking command in '/home/nhodung/Documents/ros2_learn/example_for_github/create_type/build/create_msgs': CMAKE_PREFIX_PATH=${CMAKE_PREFIX_PATH}:/opt/ros/humble /usr/bin/cmake --build /home/nhodung/Documents/ros2_learn/example_for_github/create_type/build/create_msgs -- -j12 -l12
[1.051s] [  2%] [34m[1mGenerating C code for ROS interfaces[0m
[1.060s] [  4%] [34m[1mGenerating C++ code for ROS interfaces[0m
[1.067s] [  4%] Built target ament_cmake_python_symlink_create_msgs
[1.290s] running egg_info
[1.291s] writing create_msgs.egg-info/PKG-INFO
[1.291s] writing dependency_links to create_msgs.egg-info/dependency_links.txt
[1.291s] writing top-level names to create_msgs.egg-info/top_level.txt
[1.293s] reading manifest file 'create_msgs.egg-info/SOURCES.txt'
[1.294s] writing manifest file 'create_msgs.egg-info/SOURCES.txt'
[1.320s] [  4%] Built target ament_cmake_python_build_create_msgs_egg
[1.376s] [  4%] Built target create_msgs__cpp
[1.384s] [  6%] [34m[1mGenerating C++ introspection for ROS interfaces[0m
[1.385s] [ 10%] [34m[1mGenerating C++ type support for eProsima Fast-RTPS[0m
[1.386s] [ 10%] [34m[1mGenerating C++ type support dispatch for ROS interfaces[0m
[1.391s] [35m[1mConsolidate compiler generated dependencies of target create_msgs__rosidl_generator_c[0m
[1.401s] [ 14%] [32mBuilding C object CMakeFiles/create_msgs__rosidl_generator_c.dir/rosidl_generator_c/create_msgs/msg/detail/num__functions.c.o[0m
[1.401s] [ 14%] [32mBuilding C object CMakeFiles/create_msgs__rosidl_generator_c.dir/rosidl_generator_c/create_msgs/msg/detail/sphere__functions.c.o[0m
[1.404s] [ 17%] [32mBuilding C object CMakeFiles/create_msgs__rosidl_generator_c.dir/rosidl_generator_c/create_msgs/srv/detail/add_three_ints__functions.c.o[0m
[1.472s] [ 19%] [32m[1mLinking C shared library libcreate_msgs__rosidl_generator_c.so[0m
[1.504s] [ 19%] Built target create_msgs__rosidl_generator_c
[1.514s] [ 23%] [34m[1mGenerating C introspection for ROS interfaces[0m
[1.514s] [ 23%] [34m[1mGenerating C type support dispatch for ROS interfaces[0m
[1.516s] [ 25%] [34m[1mGenerating C type support for eProsima Fast-RTPS[0m
[1.664s] [35m[1mConsolidate compiler generated dependencies of target create_msgs__rosidl_typesupport_cpp[0m
[1.678s] [ 27%] [32mBuilding CXX object CMakeFiles/create_msgs__rosidl_typesupport_cpp.dir/rosidl_typesupport_cpp/create_msgs/msg/num__type_support.cpp.o[0m
[1.679s] [ 29%] [32mBuilding CXX object CMakeFiles/create_msgs__rosidl_typesupport_cpp.dir/rosidl_typesupport_cpp/create_msgs/srv/add_three_ints__type_support.cpp.o[0m
[1.680s] [ 31%] [32mBuilding CXX object CMakeFiles/create_msgs__rosidl_typesupport_cpp.dir/rosidl_typesupport_cpp/create_msgs/msg/sphere__type_support.cpp.o[0m
[1.686s] [35m[1mConsolidate compiler generated dependencies of target create_msgs__rosidl_typesupport_introspection_cpp[0m
[1.704s] [ 38%] [32mBuilding CXX object CMakeFiles/create_msgs__rosidl_typesupport_introspection_cpp.dir/rosidl_typesupport_introspection_cpp/create_msgs/srv/detail/add_three_ints__type_support.cpp.o[0m
[1.705s] [ 38%] [32mBuilding CXX object CMakeFiles/create_msgs__rosidl_typesupport_introspection_cpp.dir/rosidl_typesupport_introspection_cpp/create_msgs/msg/detail/num__type_support.cpp.o[0m
[1.705s] [ 38%] [32mBuilding CXX object CMakeFiles/create_msgs__rosidl_typesupport_introspection_cpp.dir/rosidl_typesupport_introspection_cpp/create_msgs/msg/detail/sphere__type_support.cpp.o[0m
[1.754s] [35m[1mConsolidate compiler generated dependencies of target create_msgs__rosidl_typesupport_fastrtps_cpp[0m
[1.801s] [ 40%] [32mBuilding CXX object CMakeFiles/create_msgs__rosidl_typesupport_fastrtps_cpp.dir/rosidl_typesupport_fastrtps_cpp/create_msgs/msg/detail/dds_fastrtps/sphere__type_support.cpp.o[0m
[1.802s] [ 42%] [32mBuilding CXX object CMakeFiles/create_msgs__rosidl_typesupport_fastrtps_cpp.dir/rosidl_typesupport_fastrtps_cpp/create_msgs/msg/detail/dds_fastrtps/num__type_support.cpp.o[0m
[1.821s] [ 44%] [32mBuilding CXX object CMakeFiles/create_msgs__rosidl_typesupport_fastrtps_cpp.dir/rosidl_typesupport_fastrtps_cpp/create_msgs/srv/detail/dds_fastrtps/add_three_ints__type_support.cpp.o[0m
[1.846s] [35m[1mConsolidate compiler generated dependencies of target create_msgs__rosidl_typesupport_c[0m
[1.860s] [ 46%] [32mBuilding CXX object CMakeFiles/create_msgs__rosidl_typesupport_c.dir/rosidl_typesupport_c/create_msgs/msg/num__type_support.cpp.o[0m
[1.897s] [ 48%] [32mBuilding CXX object CMakeFiles/create_msgs__rosidl_typesupport_c.dir/rosidl_typesupport_c/create_msgs/msg/sphere__type_support.cpp.o[0m
[1.954s] [ 51%] [32mBuilding CXX object CMakeFiles/create_msgs__rosidl_typesupport_c.dir/rosidl_typesupport_c/create_msgs/srv/add_three_ints__type_support.cpp.o[0m
[2.012s] [ 53%] [32m[1mLinking CXX shared library libcreate_msgs__rosidl_typesupport_c.so[0m
[2.026s] [35m[1mConsolidate compiler generated dependencies of target create_msgs__rosidl_typesupport_introspection_c[0m
[2.064s] [35m[1mConsolidate compiler generated dependencies of target create_msgs__rosidl_typesupport_fastrtps_c[0m
[2.068s] [ 55%] [32mBuilding C object CMakeFiles/create_msgs__rosidl_typesupport_introspection_c.dir/rosidl_typesupport_introspection_c/create_msgs/msg/detail/num__type_support.c.o[0m
[2.071s] [ 57%] [32mBuilding C object CMakeFiles/create_msgs__rosidl_typesupport_introspection_c.dir/rosidl_typesupport_introspection_c/create_msgs/msg/detail/sphere__type_support.c.o[0m
[2.097s] [ 59%] [32mBuilding CXX object CMakeFiles/create_msgs__rosidl_typesupport_fastrtps_c.dir/rosidl_typesupport_fastrtps_c/create_msgs/msg/detail/num__type_support_c.cpp.o[0m
[2.097s] [ 59%] Built target create_msgs__rosidl_typesupport_c
[2.115s] [ 61%] [32mBuilding C object CMakeFiles/create_msgs__rosidl_typesupport_introspection_c.dir/rosidl_typesupport_introspection_c/create_msgs/srv/detail/add_three_ints__type_support.c.o[0m
[2.123s] [ 63%] [32mBuilding CXX object CMakeFiles/create_msgs__rosidl_typesupport_fastrtps_c.dir/rosidl_typesupport_fastrtps_c/create_msgs/msg/detail/sphere__type_support_c.cpp.o[0m
[2.123s] [ 65%] [32mBuilding CXX object CMakeFiles/create_msgs__rosidl_typesupport_fastrtps_c.dir/rosidl_typesupport_fastrtps_c/create_msgs/srv/detail/add_three_ints__type_support_c.cpp.o[0m
[2.132s] [ 68%] [32m[1mLinking CXX shared library libcreate_msgs__rosidl_typesupport_cpp.so[0m
[2.169s] [ 70%] [32m[1mLinking C shared library libcreate_msgs__rosidl_typesupport_introspection_c.so[0m
[2.196s] [ 70%] Built target create_msgs__rosidl_typesupport_cpp
[2.217s] [ 70%] Built target create_msgs__rosidl_typesupport_introspection_c
[2.334s] [ 72%] [32m[1mLinking CXX shared library libcreate_msgs__rosidl_typesupport_introspection_cpp.so[0m
[2.397s] [ 72%] Built target create_msgs__rosidl_typesupport_introspection_cpp
[2.455s] [ 74%] [32m[1mLinking CXX shared library libcreate_msgs__rosidl_typesupport_fastrtps_cpp.so[0m
[2.519s] [ 74%] Built target create_msgs__rosidl_typesupport_fastrtps_cpp
[2.577s] [ 76%] [32m[1mLinking CXX shared library libcreate_msgs__rosidl_typesupport_fastrtps_c.so[0m
[2.647s] [ 76%] Built target create_msgs__rosidl_typesupport_fastrtps_c
[2.663s] [ 76%] Built target create_msgs
[2.678s] [ 78%] [34m[1mGenerating Python code for ROS interfaces[0m
[3.111s] [ 78%] Built target create_msgs__py
[3.122s] [35m[1mConsolidate compiler generated dependencies of target create_msgs__rosidl_generator_py[0m
[3.134s] [ 85%] [32mBuilding C object CMakeFiles/create_msgs__rosidl_generator_py.dir/rosidl_generator_py/create_msgs/msg/_sphere_s.c.o[0m
[3.134s] [ 85%] [32mBuilding C object CMakeFiles/create_msgs__rosidl_generator_py.dir/rosidl_generator_py/create_msgs/srv/_add_three_ints_s.c.o[0m
[3.134s] [ 85%] [32mBuilding C object CMakeFiles/create_msgs__rosidl_generator_py.dir/rosidl_generator_py/create_msgs/msg/_num_s.c.o[0m
[3.217s] [ 87%] [32m[1mLinking C shared library rosidl_generator_py/create_msgs/libcreate_msgs__rosidl_generator_py.so[0m
[3.252s] [ 87%] Built target create_msgs__rosidl_generator_py
[3.260s] [35m[1mConsolidate compiler generated dependencies of target create_msgs__rosidl_typesupport_c__pyext[0m
[3.260s] [35m[1mConsolidate compiler generated dependencies of target create_msgs__rosidl_typesupport_fastrtps_c__pyext[0m
[3.260s] [35m[1mConsolidate compiler generated dependencies of target create_msgs__rosidl_typesupport_introspection_c__pyext[0m
[3.272s] [ 93%] [32mBuilding C object CMakeFiles/create_msgs__rosidl_typesupport_introspection_c__pyext.dir/rosidl_generator_py/create_msgs/_create_msgs_s.ep.rosidl_typesupport_introspection_c.c.o[0m
[3.272s] [ 93%] [32mBuilding C object CMakeFiles/create_msgs__rosidl_typesupport_c__pyext.dir/rosidl_generator_py/create_msgs/_create_msgs_s.ep.rosidl_typesupport_c.c.o[0m
[3.272s] [ 93%] [32mBuilding C object CMakeFiles/create_msgs__rosidl_typesupport_fastrtps_c__pyext.dir/rosidl_generator_py/create_msgs/_create_msgs_s.ep.rosidl_typesupport_fastrtps_c.c.o[0m
[3.364s] [ 97%] [32m[1mLinking C shared library rosidl_generator_py/create_msgs/create_msgs_s__rosidl_typesupport_fastrtps_c.cpython-310-x86_64-linux-gnu.so[0m
[3.364s] [ 97%] [32m[1mLinking C shared library rosidl_generator_py/create_msgs/create_msgs_s__rosidl_typesupport_c.cpython-310-x86_64-linux-gnu.so[0m
[3.366s] [100%] [32m[1mLinking C shared library rosidl_generator_py/create_msgs/create_msgs_s__rosidl_typesupport_introspection_c.cpython-310-x86_64-linux-gnu.so[0m
[3.398s] [100%] Built target create_msgs__rosidl_typesupport_c__pyext
[3.398s] [100%] Built target create_msgs__rosidl_typesupport_introspection_c__pyext
[3.399s] [100%] Built target create_msgs__rosidl_typesupport_fastrtps_c__pyext
[3.408s] Invoked command in '/home/nhodung/Documents/ros2_learn/example_for_github/create_type/build/create_msgs' returned '0': CMAKE_PREFIX_PATH=${CMAKE_PREFIX_PATH}:/opt/ros/humble /usr/bin/cmake --build /home/nhodung/Documents/ros2_learn/example_for_github/create_type/build/create_msgs -- -j12 -l12
[3.483s] Invoking command in '/home/nhodung/Documents/ros2_learn/example_for_github/create_type/build/create_msgs': CMAKE_PREFIX_PATH=${CMAKE_PREFIX_PATH}:/opt/ros/humble /usr/bin/cmake --install /home/nhodung/Documents/ros2_learn/example_for_github/create_type/build/create_msgs
[3.489s] -- Install configuration: ""
[3.489s] -- Execute custom install script
[3.489s] -- Up-to-date symlink: /home/nhodung/Documents/ros2_learn/example_for_github/create_type/install/create_msgs/share/ament_index/resource_index/rosidl_interfaces/create_msgs
[3.490s] -- Up-to-date symlink: /home/nhodung/Documents/ros2_learn/example_for_github/create_type/install/create_msgs/include/create_msgs/create_msgs/msg/detail/num__functions.h
[3.490s] -- Up-to-date symlink: /home/nhodung/Documents/ros2_learn/example_for_github/create_type/install/create_msgs/include/create_msgs/create_msgs/msg/detail/num__struct.h
[3.490s] -- Up-to-date symlink: /home/nhodung/Documents/ros2_learn/example_for_github/create_type/install/create_msgs/include/create_msgs/create_msgs/msg/detail/num__type_support.h
[3.490s] -- Up-to-date symlink: /home/nhodung/Documents/ros2_learn/example_for_github/create_type/install/create_msgs/include/create_msgs/create_msgs/msg/detail/sphere__functions.h
[3.491s] -- Up-to-date symlink: /home/nhodung/Documents/ros2_learn/example_for_github/create_type/install/create_msgs/include/create_msgs/create_msgs/msg/detail/sphere__struct.h
[3.491s] -- Up-to-date symlink: /home/nhodung/Documents/ros2_learn/example_for_github/create_type/install/create_msgs/include/create_msgs/create_msgs/msg/detail/sphere__type_support.h
[3.491s] -- Up-to-date symlink: /home/nhodung/Documents/ros2_learn/example_for_github/create_type/install/create_msgs/include/create_msgs/create_msgs/msg/num.h
[3.491s] -- Up-to-date symlink: /home/nhodung/Documents/ros2_learn/example_for_github/create_type/install/create_msgs/include/create_msgs/create_msgs/msg/rosidl_generator_c__visibility_control.h
[3.491s] -- Up-to-date symlink: /home/nhodung/Documents/ros2_learn/example_for_github/create_type/install/create_msgs/include/create_msgs/create_msgs/msg/sphere.h
[3.491s] -- Up-to-date symlink: /home/nhodung/Documents/ros2_learn/example_for_github/create_type/install/create_msgs/include/create_msgs/create_msgs/srv/add_three_ints.h
[3.491s] -- Up-to-date symlink: /home/nhodung/Documents/ros2_learn/example_for_github/create_type/install/create_msgs/include/create_msgs/create_msgs/srv/detail/add_three_ints__functions.h
[3.491s] -- Up-to-date symlink: /home/nhodung/Documents/ros2_learn/example_for_github/create_type/install/create_msgs/include/create_msgs/create_msgs/srv/detail/add_three_ints__struct.h
[3.492s] -- Up-to-date symlink: /home/nhodung/Documents/ros2_learn/example_for_github/create_type/install/create_msgs/include/create_msgs/create_msgs/srv/detail/add_three_ints__type_support.h
[3.492s] -- Up-to-date symlink: /home/nhodung/Documents/ros2_learn/example_for_github/create_type/install/create_msgs/share/create_msgs/environment/library_path.sh
[3.492s] -- Up-to-date symlink: /home/nhodung/Documents/ros2_learn/example_for_github/create_type/install/create_msgs/share/create_msgs/environment/library_path.dsv
[3.492s] -- Up-to-date symlink: /home/nhodung/Documents/ros2_learn/example_for_github/create_type/install/create_msgs/include/create_msgs/create_msgs/msg/detail/num__rosidl_typesupport_fastrtps_c.h
[3.492s] -- Up-to-date symlink: /home/nhodung/Documents/ros2_learn/example_for_github/create_type/install/create_msgs/include/create_msgs/create_msgs/msg/detail/sphere__rosidl_typesupport_fastrtps_c.h
[3.492s] -- Up-to-date symlink: /home/nhodung/Documents/ros2_learn/example_for_github/create_type/install/create_msgs/include/create_msgs/create_msgs/msg/rosidl_typesupport_fastrtps_c__visibility_control.h
[3.492s] -- Up-to-date symlink: /home/nhodung/Documents/ros2_learn/example_for_github/create_type/install/create_msgs/include/create_msgs/create_msgs/srv/detail/add_three_ints__rosidl_typesupport_fastrtps_c.h
[3.493s] -- Up-to-date symlink: /home/nhodung/Documents/ros2_learn/example_for_github/create_type/install/create_msgs/include/create_msgs/create_msgs/msg/detail/num__builder.hpp
[3.493s] -- Up-to-date symlink: /home/nhodung/Documents/ros2_learn/example_for_github/create_type/install/create_msgs/include/create_msgs/create_msgs/msg/detail/num__struct.hpp
[3.493s] -- Up-to-date symlink: /home/nhodung/Documents/ros2_learn/example_for_github/create_type/install/create_msgs/include/create_msgs/create_msgs/msg/detail/num__traits.hpp
[3.493s] -- Up-to-date symlink: /home/nhodung/Documents/ros2_learn/example_for_github/create_type/install/create_msgs/include/create_msgs/create_msgs/msg/detail/sphere__builder.hpp
[3.493s] -- Up-to-date symlink: /home/nhodung/Documents/ros2_learn/example_for_github/create_type/install/create_msgs/include/create_msgs/create_msgs/msg/detail/sphere__struct.hpp
[3.493s] -- Up-to-date symlink: /home/nhodung/Documents/ros2_learn/example_for_github/create_type/install/create_msgs/include/create_msgs/create_msgs/msg/detail/sphere__traits.hpp
[3.493s] -- Up-to-date symlink: /home/nhodung/Documents/ros2_learn/example_for_github/create_type/install/create_msgs/include/create_msgs/create_msgs/msg/num.hpp
[3.493s] -- Up-to-date symlink: /home/nhodung/Documents/ros2_learn/example_for_github/create_type/install/create_msgs/include/create_msgs/create_msgs/msg/sphere.hpp
[3.494s] -- Up-to-date symlink: /home/nhodung/Documents/ros2_learn/example_for_github/create_type/install/create_msgs/include/create_msgs/create_msgs/srv/add_three_ints.hpp
[3.494s] -- Up-to-date symlink: /home/nhodung/Documents/ros2_learn/example_for_github/create_type/install/create_msgs/include/create_msgs/create_msgs/srv/detail/add_three_ints__builder.hpp
[3.494s] -- Up-to-date symlink: /home/nhodung/Documents/ros2_learn/example_for_github/create_type/install/create_msgs/include/create_msgs/create_msgs/srv/detail/add_three_ints__struct.hpp
[3.494s] -- Up-to-date symlink: /home/nhodung/Documents/ros2_learn/example_for_github/create_type/install/create_msgs/include/create_msgs/create_msgs/srv/detail/add_three_ints__traits.hpp
[3.494s] -- Up-to-date symlink: /home/nhodung/Documents/ros2_learn/example_for_github/create_type/install/create_msgs/include/create_msgs/create_msgs/msg/detail/num__rosidl_typesupport_fastrtps_cpp.hpp
[3.494s] -- Up-to-date symlink: /home/nhodung/Documents/ros2_learn/example_for_github/create_type/install/create_msgs/include/create_msgs/create_msgs/msg/detail/sphere__rosidl_typesupport_fastrtps_cpp.hpp
[3.494s] -- Up-to-date symlink: /home/nhodung/Documents/ros2_learn/example_for_github/create_type/install/create_msgs/include/create_msgs/create_msgs/msg/rosidl_typesupport_fastrtps_cpp__visibility_control.h
[3.494s] -- Up-to-date symlink: /home/nhodung/Documents/ros2_learn/example_for_github/create_type/install/create_msgs/include/create_msgs/create_msgs/srv/detail/add_three_ints__rosidl_typesupport_fastrtps_cpp.hpp
[3.495s] -- Up-to-date symlink: /home/nhodung/Documents/ros2_learn/example_for_github/create_type/install/create_msgs/include/create_msgs/create_msgs/msg/detail/num__rosidl_typesupport_introspection_c.h
[3.495s] -- Up-to-date symlink: /home/nhodung/Documents/ros2_learn/example_for_github/create_type/install/create_msgs/include/create_msgs/create_msgs/msg/detail/sphere__rosidl_typesupport_introspection_c.h
[3.495s] -- Up-to-date symlink: /home/nhodung/Documents/ros2_learn/example_for_github/create_type/install/create_msgs/include/create_msgs/create_msgs/msg/rosidl_typesupport_introspection_c__visibility_control.h
[3.495s] -- Up-to-date symlink: /home/nhodung/Documents/ros2_learn/example_for_github/create_type/install/create_msgs/include/create_msgs/create_msgs/srv/detail/add_three_ints__rosidl_typesupport_introspection_c.h
[3.495s] -- Up-to-date symlink: /home/nhodung/Documents/ros2_learn/example_for_github/create_type/install/create_msgs/include/create_msgs/create_msgs/msg/detail/num__rosidl_typesupport_introspection_cpp.hpp
[3.495s] -- Up-to-date symlink: /home/nhodung/Documents/ros2_learn/example_for_github/create_type/install/create_msgs/include/create_msgs/create_msgs/msg/detail/sphere__rosidl_typesupport_introspection_cpp.hpp
[3.495s] -- Up-to-date symlink: /home/nhodung/Documents/ros2_learn/example_for_github/create_type/install/create_msgs/include/create_msgs/create_msgs/srv/detail/add_three_ints__rosidl_typesupport_introspection_cpp.hpp
[3.496s] -- Up-to-date symlink: /home/nhodung/Documents/ros2_learn/example_for_github/create_type/install/create_msgs/share/create_msgs/environment/pythonpath.sh
[3.496s] -- Up-to-date symlink: /home/nhodung/Documents/ros2_learn/example_for_github/create_type/install/create_msgs/share/create_msgs/environment/pythonpath.dsv
[3.496s] -- Up-to-date symlink: /home/nhodung/Documents/ros2_learn/example_for_github/create_type/install/create_msgs/local/lib/python3.10/dist-packages/create_msgs-0.0.0-py3.10.egg-info/PKG-INFO
[3.496s] -- Up-to-date symlink: /home/nhodung/Documents/ros2_learn/example_for_github/create_type/install/create_msgs/local/lib/python3.10/dist-packages/create_msgs-0.0.0-py3.10.egg-info/SOURCES.txt
[3.496s] -- Up-to-date symlink: /home/nhodung/Documents/ros2_learn/example_for_github/create_type/install/create_msgs/local/lib/python3.10/dist-packages/create_msgs-0.0.0-py3.10.egg-info/dependency_links.txt
[3.496s] -- Up-to-date symlink: /home/nhodung/Documents/ros2_learn/example_for_github/create_type/install/create_msgs/local/lib/python3.10/dist-packages/create_msgs-0.0.0-py3.10.egg-info/top_level.txt
[3.497s] -- Up-to-date symlink: /home/nhodung/Documents/ros2_learn/example_for_github/create_type/install/create_msgs/local/lib/python3.10/dist-packages/create_msgs/__init__.py
[3.497s] -- Up-to-date symlink: /home/nhodung/Documents/ros2_learn/example_for_github/create_type/install/create_msgs/local/lib/python3.10/dist-packages/create_msgs/_create_msgs_s.ep.rosidl_typesupport_c.c
[3.497s] -- Up-to-date symlink: /home/nhodung/Documents/ros2_learn/example_for_github/create_type/install/create_msgs/local/lib/python3.10/dist-packages/create_msgs/_create_msgs_s.ep.rosidl_typesupport_fastrtps_c.c
[3.497s] -- Up-to-date symlink: /home/nhodung/Documents/ros2_learn/example_for_github/create_type/install/create_msgs/local/lib/python3.10/dist-packages/create_msgs/_create_msgs_s.ep.rosidl_typesupport_introspection_c.c
[3.497s] -- Up-to-date symlink: /home/nhodung/Documents/ros2_learn/example_for_github/create_type/install/create_msgs/local/lib/python3.10/dist-packages/create_msgs/create_msgs_s__rosidl_typesupport_c.cpython-310-x86_64-linux-gnu.so
[3.497s] -- Up-to-date symlink: /home/nhodung/Documents/ros2_learn/example_for_github/create_type/install/create_msgs/local/lib/python3.10/dist-packages/create_msgs/create_msgs_s__rosidl_typesupport_fastrtps_c.cpython-310-x86_64-linux-gnu.so
[3.497s] -- Up-to-date symlink: /home/nhodung/Documents/ros2_learn/example_for_github/create_type/install/create_msgs/local/lib/python3.10/dist-packages/create_msgs/create_msgs_s__rosidl_typesupport_introspection_c.cpython-310-x86_64-linux-gnu.so
[3.498s] -- Up-to-date symlink: /home/nhodung/Documents/ros2_learn/example_for_github/create_type/install/create_msgs/local/lib/python3.10/dist-packages/create_msgs/libcreate_msgs__rosidl_generator_py.so
[3.498s] -- Up-to-date symlink: /home/nhodung/Documents/ros2_learn/example_for_github/create_type/install/create_msgs/local/lib/python3.10/dist-packages/create_msgs/msg/__init__.py
[3.498s] -- Up-to-date symlink: /home/nhodung/Documents/ros2_learn/example_for_github/create_type/install/create_msgs/local/lib/python3.10/dist-packages/create_msgs/msg/_num.py
[3.498s] -- Up-to-date symlink: /home/nhodung/Documents/ros2_learn/example_for_github/create_type/install/create_msgs/local/lib/python3.10/dist-packages/create_msgs/msg/_num_s.c
[3.498s] -- Up-to-date symlink: /home/nhodung/Documents/ros2_learn/example_for_github/create_type/install/create_msgs/local/lib/python3.10/dist-packages/create_msgs/msg/_sphere.py
[3.498s] -- Up-to-date symlink: /home/nhodung/Documents/ros2_learn/example_for_github/create_type/install/create_msgs/local/lib/python3.10/dist-packages/create_msgs/msg/_sphere_s.c
[3.498s] -- Up-to-date symlink: /home/nhodung/Documents/ros2_learn/example_for_github/create_type/install/create_msgs/local/lib/python3.10/dist-packages/create_msgs/srv/__init__.py
[3.498s] -- Up-to-date symlink: /home/nhodung/Documents/ros2_learn/example_for_github/create_type/install/create_msgs/local/lib/python3.10/dist-packages/create_msgs/srv/_add_three_ints.py
[3.498s] -- Up-to-date symlink: /home/nhodung/Documents/ros2_learn/example_for_github/create_type/install/create_msgs/local/lib/python3.10/dist-packages/create_msgs/srv/_add_three_ints_s.c
[3.499s] -- Up-to-date symlink: /home/nhodung/Documents/ros2_learn/example_for_github/create_type/install/create_msgs/local/lib/python3.10/dist-packages/create_msgs/create_msgs_s__rosidl_typesupport_fastrtps_c.cpython-310-x86_64-linux-gnu.so
[3.499s] -- Up-to-date symlink: /home/nhodung/Documents/ros2_learn/example_for_github/create_type/install/create_msgs/local/lib/python3.10/dist-packages/create_msgs/create_msgs_s__rosidl_typesupport_introspection_c.cpython-310-x86_64-linux-gnu.so
[3.499s] -- Up-to-date symlink: /home/nhodung/Documents/ros2_learn/example_for_github/create_type/install/create_msgs/local/lib/python3.10/dist-packages/create_msgs/create_msgs_s__rosidl_typesupport_c.cpython-310-x86_64-linux-gnu.so
[3.499s] -- Up-to-date symlink: /home/nhodung/Documents/ros2_learn/example_for_github/create_type/install/create_msgs/share/create_msgs/msg/Num.idl
[3.499s] -- Up-to-date symlink: /home/nhodung/Documents/ros2_learn/example_for_github/create_type/install/create_msgs/share/create_msgs/msg/Sphere.idl
[3.499s] -- Up-to-date symlink: /home/nhodung/Documents/ros2_learn/example_for_github/create_type/install/create_msgs/share/create_msgs/srv/AddThreeInts.idl
[3.499s] -- Up-to-date symlink: /home/nhodung/Documents/ros2_learn/example_for_github/create_type/install/create_msgs/share/create_msgs/msg/Num.msg
[3.499s] -- Up-to-date symlink: /home/nhodung/Documents/ros2_learn/example_for_github/create_type/install/create_msgs/share/create_msgs/msg/Sphere.msg
[3.500s] -- Up-to-date symlink: /home/nhodung/Documents/ros2_learn/example_for_github/create_type/install/create_msgs/share/create_msgs/srv/AddThreeInts.srv
[3.500s] -- Up-to-date symlink: /home/nhodung/Documents/ros2_learn/example_for_github/create_type/install/create_msgs/share/create_msgs/srv/AddThreeInts_Request.msg
[3.500s] -- Up-to-date symlink: /home/nhodung/Documents/ros2_learn/example_for_github/create_type/install/create_msgs/share/create_msgs/srv/AddThreeInts_Response.msg
[3.500s] -- Up-to-date symlink: /home/nhodung/Documents/ros2_learn/example_for_github/create_type/install/create_msgs/share/ament_index/resource_index/package_run_dependencies/create_msgs
[3.500s] -- Up-to-date symlink: /home/nhodung/Documents/ros2_learn/example_for_github/create_type/install/create_msgs/share/ament_index/resource_index/parent_prefix_path/create_msgs
[3.500s] -- Up-to-date symlink: /home/nhodung/Documents/ros2_learn/example_for_github/create_type/install/create_msgs/share/create_msgs/environment/ament_prefix_path.sh
[3.500s] -- Up-to-date symlink: /home/nhodung/Documents/ros2_learn/example_for_github/create_type/install/create_msgs/share/create_msgs/environment/ament_prefix_path.dsv
[3.500s] -- Up-to-date symlink: /home/nhodung/Documents/ros2_learn/example_for_github/create_type/install/create_msgs/share/create_msgs/environment/path.sh
[3.501s] -- Up-to-date symlink: /home/nhodung/Documents/ros2_learn/example_for_github/create_type/install/create_msgs/share/create_msgs/environment/path.dsv
[3.501s] -- Up-to-date symlink: /home/nhodung/Documents/ros2_learn/example_for_github/create_type/install/create_msgs/share/create_msgs/local_setup.bash
[3.501s] -- Up-to-date symlink: /home/nhodung/Documents/ros2_learn/example_for_github/create_type/install/create_msgs/share/create_msgs/local_setup.sh
[3.501s] -- Up-to-date symlink: /home/nhodung/Documents/ros2_learn/example_for_github/create_type/install/create_msgs/share/create_msgs/local_setup.zsh
[3.501s] -- Up-to-date symlink: /home/nhodung/Documents/ros2_learn/example_for_github/create_type/install/create_msgs/share/create_msgs/local_setup.dsv
[3.501s] -- Symlinking: /home/nhodung/Documents/ros2_learn/example_for_github/create_type/install/create_msgs/share/create_msgs/package.dsv
[3.508s] -- Up-to-date symlink: /home/nhodung/Documents/ros2_learn/example_for_github/create_type/install/create_msgs/share/ament_index/resource_index/packages/create_msgs
[3.508s] -- Up-to-date symlink: /home/nhodung/Documents/ros2_learn/example_for_github/create_type/install/create_msgs/share/create_msgs/cmake/rosidl_cmake-extras.cmake
[3.508s] -- Up-to-date symlink: /home/nhodung/Documents/ros2_learn/example_for_github/create_type/install/create_msgs/share/create_msgs/cmake/ament_cmake_export_dependencies-extras.cmake
[3.508s] -- Up-to-date symlink: /home/nhodung/Documents/ros2_learn/example_for_github/create_type/install/create_msgs/share/create_msgs/cmake/ament_cmake_export_include_directories-extras.cmake
[3.508s] -- Up-to-date symlink: /home/nhodung/Documents/ros2_learn/example_for_github/create_type/install/create_msgs/share/create_msgs/cmake/ament_cmake_export_libraries-extras.cmake
[3.508s] -- Up-to-date symlink: /home/nhodung/Documents/ros2_learn/example_for_github/create_type/install/create_msgs/share/create_msgs/cmake/ament_cmake_export_targets-extras.cmake
[3.508s] -- Up-to-date symlink: /home/nhodung/Documents/ros2_learn/example_for_github/create_type/install/create_msgs/share/create_msgs/cmake/rosidl_cmake_export_typesupport_targets-extras.cmake
[3.508s] -- Up-to-date symlink: /home/nhodung/Documents/ros2_learn/example_for_github/create_type/install/create_msgs/share/create_msgs/cmake/rosidl_cmake_export_typesupport_libraries-extras.cmake
[3.509s] -- Up-to-date symlink: /home/nhodung/Documents/ros2_learn/example_for_github/create_type/install/create_msgs/share/create_msgs/cmake/create_msgsConfig.cmake
[3.509s] -- Up-to-date symlink: /home/nhodung/Documents/ros2_learn/example_for_github/create_type/install/create_msgs/share/create_msgs/cmake/create_msgsConfig-version.cmake
[3.509s] -- Up-to-date symlink: /home/nhodung/Documents/ros2_learn/example_for_github/create_type/install/create_msgs/share/create_msgs/package.xml
[3.509s] -- Installing: /home/nhodung/Documents/ros2_learn/example_for_github/create_type/install/create_msgs/lib/libcreate_msgs__rosidl_generator_c.so
[3.509s] -- Set runtime path of "/home/nhodung/Documents/ros2_learn/example_for_github/create_type/install/create_msgs/lib/libcreate_msgs__rosidl_generator_c.so" to ""
[3.509s] -- Installing: /home/nhodung/Documents/ros2_learn/example_for_github/create_type/install/create_msgs/lib/libcreate_msgs__rosidl_typesupport_fastrtps_c.so
[3.510s] -- Set runtime path of "/home/nhodung/Documents/ros2_learn/example_for_github/create_type/install/create_msgs/lib/libcreate_msgs__rosidl_typesupport_fastrtps_c.so" to ""
[3.510s] -- Installing: /home/nhodung/Documents/ros2_learn/example_for_github/create_type/install/create_msgs/lib/libcreate_msgs__rosidl_typesupport_fastrtps_cpp.so
[3.510s] -- Set runtime path of "/home/nhodung/Documents/ros2_learn/example_for_github/create_type/install/create_msgs/lib/libcreate_msgs__rosidl_typesupport_fastrtps_cpp.so" to ""
[3.510s] -- Installing: /home/nhodung/Documents/ros2_learn/example_for_github/create_type/install/create_msgs/lib/libcreate_msgs__rosidl_typesupport_introspection_c.so
[3.510s] -- Set runtime path of "/home/nhodung/Documents/ros2_learn/example_for_github/create_type/install/create_msgs/lib/libcreate_msgs__rosidl_typesupport_introspection_c.so" to ""
[3.511s] -- Installing: /home/nhodung/Documents/ros2_learn/example_for_github/create_type/install/create_msgs/lib/libcreate_msgs__rosidl_typesupport_c.so
[3.511s] -- Set runtime path of "/home/nhodung/Documents/ros2_learn/example_for_github/create_type/install/create_msgs/lib/libcreate_msgs__rosidl_typesupport_c.so" to ""
[3.511s] -- Installing: /home/nhodung/Documents/ros2_learn/example_for_github/create_type/install/create_msgs/lib/libcreate_msgs__rosidl_typesupport_introspection_cpp.so
[3.511s] -- Set runtime path of "/home/nhodung/Documents/ros2_learn/example_for_github/create_type/install/create_msgs/lib/libcreate_msgs__rosidl_typesupport_introspection_cpp.so" to ""
[3.511s] -- Installing: /home/nhodung/Documents/ros2_learn/example_for_github/create_type/install/create_msgs/lib/libcreate_msgs__rosidl_typesupport_cpp.so
[3.512s] -- Set runtime path of "/home/nhodung/Documents/ros2_learn/example_for_github/create_type/install/create_msgs/lib/libcreate_msgs__rosidl_typesupport_cpp.so" to ""
[3.540s] Listing '/home/nhodung/Documents/ros2_learn/example_for_github/create_type/install/create_msgs/local/lib/python3.10/dist-packages/create_msgs'...
[3.540s] Compiling '/home/nhodung/Documents/ros2_learn/example_for_github/create_type/install/create_msgs/local/lib/python3.10/dist-packages/create_msgs/__init__.py'...
[3.540s] Listing '/home/nhodung/Documents/ros2_learn/example_for_github/create_type/install/create_msgs/local/lib/python3.10/dist-packages/create_msgs/msg'...
[3.541s] Compiling '/home/nhodung/Documents/ros2_learn/example_for_github/create_type/install/create_msgs/local/lib/python3.10/dist-packages/create_msgs/msg/__init__.py'...
[3.541s] Compiling '/home/nhodung/Documents/ros2_learn/example_for_github/create_type/install/create_msgs/local/lib/python3.10/dist-packages/create_msgs/msg/_num.py'...
[3.541s] Compiling '/home/nhodung/Documents/ros2_learn/example_for_github/create_type/install/create_msgs/local/lib/python3.10/dist-packages/create_msgs/msg/_sphere.py'...
[3.541s] Listing '/home/nhodung/Documents/ros2_learn/example_for_github/create_type/install/create_msgs/local/lib/python3.10/dist-packages/create_msgs/srv'...
[3.541s] Compiling '/home/nhodung/Documents/ros2_learn/example_for_github/create_type/install/create_msgs/local/lib/python3.10/dist-packages/create_msgs/srv/__init__.py'...
[3.541s] Compiling '/home/nhodung/Documents/ros2_learn/example_for_github/create_type/install/create_msgs/local/lib/python3.10/dist-packages/create_msgs/srv/_add_three_ints.py'...
[3.545s] -- Installing: /home/nhodung/Documents/ros2_learn/example_for_github/create_type/install/create_msgs/lib/libcreate_msgs__rosidl_generator_py.so
[3.545s] -- Set runtime path of "/home/nhodung/Documents/ros2_learn/example_for_github/create_type/install/create_msgs/lib/libcreate_msgs__rosidl_generator_py.so" to ""
[3.546s] -- Up-to-date: /home/nhodung/Documents/ros2_learn/example_for_github/create_type/install/create_msgs/share/create_msgs/cmake/export_create_msgs__rosidl_generator_cExport.cmake
[3.546s] -- Up-to-date: /home/nhodung/Documents/ros2_learn/example_for_github/create_type/install/create_msgs/share/create_msgs/cmake/export_create_msgs__rosidl_generator_cExport-noconfig.cmake
[3.546s] -- Up-to-date: /home/nhodung/Documents/ros2_learn/example_for_github/create_type/install/create_msgs/share/create_msgs/cmake/export_create_msgs__rosidl_typesupport_fastrtps_cExport.cmake
[3.546s] -- Up-to-date: /home/nhodung/Documents/ros2_learn/example_for_github/create_type/install/create_msgs/share/create_msgs/cmake/export_create_msgs__rosidl_typesupport_fastrtps_cExport-noconfig.cmake
[3.546s] -- Up-to-date: /home/nhodung/Documents/ros2_learn/example_for_github/create_type/install/create_msgs/share/create_msgs/cmake/export_create_msgs__rosidl_generator_cppExport.cmake
[3.546s] -- Up-to-date: /home/nhodung/Documents/ros2_learn/example_for_github/create_type/install/create_msgs/share/create_msgs/cmake/export_create_msgs__rosidl_typesupport_fastrtps_cppExport.cmake
[3.546s] -- Up-to-date: /home/nhodung/Documents/ros2_learn/example_for_github/create_type/install/create_msgs/share/create_msgs/cmake/export_create_msgs__rosidl_typesupport_fastrtps_cppExport-noconfig.cmake
[3.546s] -- Up-to-date: /home/nhodung/Documents/ros2_learn/example_for_github/create_type/install/create_msgs/share/create_msgs/cmake/create_msgs__rosidl_typesupport_introspection_cExport.cmake
[3.546s] -- Up-to-date: /home/nhodung/Documents/ros2_learn/example_for_github/create_type/install/create_msgs/share/create_msgs/cmake/create_msgs__rosidl_typesupport_introspection_cExport-noconfig.cmake
[3.546s] -- Up-to-date: /home/nhodung/Documents/ros2_learn/example_for_github/create_type/install/create_msgs/share/create_msgs/cmake/create_msgs__rosidl_typesupport_cExport.cmake
[3.546s] -- Up-to-date: /home/nhodung/Documents/ros2_learn/example_for_github/create_type/install/create_msgs/share/create_msgs/cmake/create_msgs__rosidl_typesupport_cExport-noconfig.cmake
[3.546s] -- Up-to-date: /home/nhodung/Documents/ros2_learn/example_for_github/create_type/install/create_msgs/share/create_msgs/cmake/create_msgs__rosidl_typesupport_introspection_cppExport.cmake
[3.546s] -- Up-to-date: /home/nhodung/Documents/ros2_learn/example_for_github/create_type/install/create_msgs/share/create_msgs/cmake/create_msgs__rosidl_typesupport_introspection_cppExport-noconfig.cmake
[3.547s] -- Up-to-date: /home/nhodung/Documents/ros2_learn/example_for_github/create_type/install/create_msgs/share/create_msgs/cmake/create_msgs__rosidl_typesupport_cppExport.cmake
[3.547s] -- Up-to-date: /home/nhodung/Documents/ros2_learn/example_for_github/create_type/install/create_msgs/share/create_msgs/cmake/create_msgs__rosidl_typesupport_cppExport-noconfig.cmake
[3.547s] -- Up-to-date: /home/nhodung/Documents/ros2_learn/example_for_github/create_type/install/create_msgs/share/create_msgs/cmake/export_create_msgs__rosidl_generator_pyExport.cmake
[3.547s] -- Up-to-date: /home/nhodung/Documents/ros2_learn/example_for_github/create_type/install/create_msgs/share/create_msgs/cmake/export_create_msgs__rosidl_generator_pyExport-noconfig.cmake
[3.548s] Invoked command in '/home/nhodung/Documents/ros2_learn/example_for_github/create_type/build/create_msgs' returned '0': CMAKE_PREFIX_PATH=${CMAKE_PREFIX_PATH}:/opt/ros/humble /usr/bin/cmake --install /home/nhodung/Documents/ros2_learn/example_for_github/create_type/build/create_msgs
