[0.084s] DEBUG:colcon:Command line arguments: ['/usr/bin/colcon', 'build', '--symlink-install']
[0.084s] DEBUG:colcon:Parsed command line arguments: Namespace(log_base=None, log_level=None, verb_name='build', build_base='build', install_base='install', merge_install=False, symlink_install=True, test_result_base=None, continue_on_error=False, executor='parallel', parallel_workers=12, event_handlers=None, ignore_user_meta=False, metas=['./colcon.meta'], base_paths=['.'], packages_ignore=None, packages_ignore_regex=None, paths=None, packages_up_to=None, packages_up_to_regex=None, packages_above=None, packages_above_and_dependencies=None, packages_above_depth=None, packages_select_by_dep=None, packages_skip_by_dep=None, packages_skip_up_to=None, packages_select_build_failed=False, packages_skip_build_finished=False, packages_select_test_failures=False, packages_skip_test_passed=False, packages_select=None, packages_skip=None, packages_select_regex=None, packages_skip_regex=None, packages_start=None, packages_end=None, allow_overriding=[], cmake_args=None, cmake_target=None, cmake_target_skip_unavailable=False, cmake_clean_cache=False, cmake_clean_first=False, cmake_force_configure=False, ament_cmake_args=None, catkin_cmake_args=None, catkin_skip_building_tests=False, verb_parser=<colcon_defaults.argument_parser.defaults.DefaultArgumentsDecorator object at 0x7cd4f344a770>, verb_extension=<colcon_core.verb.build.BuildVerb object at 0x7cd4f344a320>, main=<bound method BuildVerb.main of <colcon_core.verb.build.BuildVerb object at 0x7cd4f344a320>>)
[0.236s] Level 1:colcon.colcon_core.package_discovery:discover_packages(colcon_meta) check parameters
[0.236s] Level 1:colcon.colcon_core.package_discovery:discover_packages(recursive) check parameters
[0.236s] Level 1:colcon.colcon_core.package_discovery:discover_packages(ignore) check parameters
[0.236s] Level 1:colcon.colcon_core.package_discovery:discover_packages(path) check parameters
[0.236s] Level 1:colcon.colcon_core.package_discovery:discover_packages(colcon_meta) discover
[0.236s] Level 1:colcon.colcon_core.package_discovery:discover_packages(recursive) discover
[0.237s] INFO:colcon.colcon_core.package_discovery:Crawling recursively for packages in '/home/nhodung/Documents/ros2_learn/example_for_github/create_type'
[0.237s] Level 1:colcon.colcon_core.package_identification:_identify(.) by extensions ['ignore', 'ignore_ament_install']
[0.237s] Level 1:colcon.colcon_core.package_identification:_identify(.) by extension 'ignore'
[0.237s] Level 1:colcon.colcon_core.package_identification:_identify(.) by extension 'ignore_ament_install'
[0.237s] Level 1:colcon.colcon_core.package_identification:_identify(.) by extensions ['colcon_pkg']
[0.237s] Level 1:colcon.colcon_core.package_identification:_identify(.) by extension 'colcon_pkg'
[0.237s] Level 1:colcon.colcon_core.package_identification:_identify(.) by extensions ['colcon_meta']
[0.237s] Level 1:colcon.colcon_core.package_identification:_identify(.) by extension 'colcon_meta'
[0.237s] Level 1:colcon.colcon_core.package_identification:_identify(.) by extensions ['ros']
[0.237s] Level 1:colcon.colcon_core.package_identification:_identify(.) by extension 'ros'
[0.245s] Level 1:colcon.colcon_core.package_identification:_identify(.) by extensions ['cmake', 'python']
[0.245s] Level 1:colcon.colcon_core.package_identification:_identify(.) by extension 'cmake'
[0.245s] Level 1:colcon.colcon_core.package_identification:_identify(.) by extension 'python'
[0.245s] Level 1:colcon.colcon_core.package_identification:_identify(.) by extensions ['python_setup_py']
[0.246s] Level 1:colcon.colcon_core.package_identification:_identify(.) by extension 'python_setup_py'
[0.246s] Level 1:colcon.colcon_core.package_identification:_identify(build) by extensions ['ignore', 'ignore_ament_install']
[0.246s] Level 1:colcon.colcon_core.package_identification:_identify(build) by extension 'ignore'
[0.246s] Level 1:colcon.colcon_core.package_identification:_identify(build) ignored
[0.246s] Level 1:colcon.colcon_core.package_identification:_identify(install) by extensions ['ignore', 'ignore_ament_install']
[0.246s] Level 1:colcon.colcon_core.package_identification:_identify(install) by extension 'ignore'
[0.246s] Level 1:colcon.colcon_core.package_identification:_identify(install) ignored
[0.246s] Level 1:colcon.colcon_core.package_identification:_identify(log) by extensions ['ignore', 'ignore_ament_install']
[0.246s] Level 1:colcon.colcon_core.package_identification:_identify(log) by extension 'ignore'
[0.246s] Level 1:colcon.colcon_core.package_identification:_identify(log) ignored
[0.246s] Level 1:colcon.colcon_core.package_identification:_identify(src) by extensions ['ignore', 'ignore_ament_install']
[0.247s] Level 1:colcon.colcon_core.package_identification:_identify(src) by extension 'ignore'
[0.247s] Level 1:colcon.colcon_core.package_identification:_identify(src) by extension 'ignore_ament_install'
[0.247s] Level 1:colcon.colcon_core.package_identification:_identify(src) by extensions ['colcon_pkg']
[0.247s] Level 1:colcon.colcon_core.package_identification:_identify(src) by extension 'colcon_pkg'
[0.247s] Level 1:colcon.colcon_core.package_identification:_identify(src) by extensions ['colcon_meta']
[0.247s] Level 1:colcon.colcon_core.package_identification:_identify(src) by extension 'colcon_meta'
[0.247s] Level 1:colcon.colcon_core.package_identification:_identify(src) by extensions ['ros']
[0.247s] Level 1:colcon.colcon_core.package_identification:_identify(src) by extension 'ros'
[0.247s] Level 1:colcon.colcon_core.package_identification:_identify(src) by extensions ['cmake', 'python']
[0.247s] Level 1:colcon.colcon_core.package_identification:_identify(src) by extension 'cmake'
[0.247s] Level 1:colcon.colcon_core.package_identification:_identify(src) by extension 'python'
[0.247s] Level 1:colcon.colcon_core.package_identification:_identify(src) by extensions ['python_setup_py']
[0.247s] Level 1:colcon.colcon_core.package_identification:_identify(src) by extension 'python_setup_py'
[0.247s] Level 1:colcon.colcon_core.package_identification:_identify(src/create_msgs) by extensions ['ignore', 'ignore_ament_install']
[0.247s] Level 1:colcon.colcon_core.package_identification:_identify(src/create_msgs) by extension 'ignore'
[0.247s] Level 1:colcon.colcon_core.package_identification:_identify(src/create_msgs) by extension 'ignore_ament_install'
[0.248s] Level 1:colcon.colcon_core.package_identification:_identify(src/create_msgs) by extensions ['colcon_pkg']
[0.248s] Level 1:colcon.colcon_core.package_identification:_identify(src/create_msgs) by extension 'colcon_pkg'
[0.248s] Level 1:colcon.colcon_core.package_identification:_identify(src/create_msgs) by extensions ['colcon_meta']
[0.248s] Level 1:colcon.colcon_core.package_identification:_identify(src/create_msgs) by extension 'colcon_meta'
[0.248s] Level 1:colcon.colcon_core.package_identification:_identify(src/create_msgs) by extensions ['ros']
[0.248s] Level 1:colcon.colcon_core.package_identification:_identify(src/create_msgs) by extension 'ros'
[0.250s] DEBUG:colcon.colcon_core.package_identification:Package 'src/create_msgs' with type 'ros.ament_cmake' and name 'create_msgs'
[0.250s] Level 1:colcon.colcon_core.package_discovery:discover_packages(recursive) using defaults
[0.250s] Level 1:colcon.colcon_core.package_discovery:discover_packages(ignore) discover
[0.250s] Level 1:colcon.colcon_core.package_discovery:discover_packages(ignore) using defaults
[0.250s] Level 1:colcon.colcon_core.package_discovery:discover_packages(path) discover
[0.250s] Level 1:colcon.colcon_core.package_discovery:discover_packages(path) using defaults
[0.271s] Level 1:colcon.colcon_core.package_discovery:discover_packages(prefix_path) check parameters
[0.271s] Level 1:colcon.colcon_core.package_discovery:discover_packages(prefix_path) discover
[0.271s] WARNING:colcon.colcon_ros.prefix_path.ament:The path '/home/nhodung/Documents/ros2_learn/example_for_github/create_type/install/example_interfaces' in the environment variable AMENT_PREFIX_PATH doesn't exist
[0.272s] WARNING:colcon.colcon_ros.prefix_path.ament:The path '/home/nhodung/Documents/ros2_learn/example_for_github/create_type/install/create_msgs' in the environment variable AMENT_PREFIX_PATH doesn't exist
[0.272s] WARNING:colcon.colcon_ros.prefix_path.catkin:The path '/home/nhodung/Documents/ros2_learn/example_for_github/create_type/install/example_interfaces' in the environment variable CMAKE_PREFIX_PATH doesn't exist
[0.272s] WARNING:colcon.colcon_ros.prefix_path.catkin:The path '/home/nhodung/Documents/ros2_learn/example_for_github/create_type/install/create_msgs' in the environment variable CMAKE_PREFIX_PATH doesn't exist
[0.272s] DEBUG:colcon.colcon_installed_package_information.package_discovery:Found 0 installed packages in /home/nhodung/Documents/ros2_learn/example_for_github/create_type/install
[0.273s] DEBUG:colcon.colcon_installed_package_information.package_discovery:Found 378 installed packages in /opt/ros/humble
[0.275s] Level 1:colcon.colcon_core.package_discovery:discover_packages(prefix_path) using defaults
[0.317s] Level 5:colcon.colcon_core.verb:set package 'create_msgs' build argument 'cmake_args' from command line to 'None'
[0.317s] Level 5:colcon.colcon_core.verb:set package 'create_msgs' build argument 'cmake_target' from command line to 'None'
[0.317s] Level 5:colcon.colcon_core.verb:set package 'create_msgs' build argument 'cmake_target_skip_unavailable' from command line to 'False'
[0.317s] Level 5:colcon.colcon_core.verb:set package 'create_msgs' build argument 'cmake_clean_cache' from command line to 'False'
[0.317s] Level 5:colcon.colcon_core.verb:set package 'create_msgs' build argument 'cmake_clean_first' from command line to 'False'
[0.317s] Level 5:colcon.colcon_core.verb:set package 'create_msgs' build argument 'cmake_force_configure' from command line to 'False'
[0.317s] Level 5:colcon.colcon_core.verb:set package 'create_msgs' build argument 'ament_cmake_args' from command line to 'None'
[0.317s] Level 5:colcon.colcon_core.verb:set package 'create_msgs' build argument 'catkin_cmake_args' from command line to 'None'
[0.317s] Level 5:colcon.colcon_core.verb:set package 'create_msgs' build argument 'catkin_skip_building_tests' from command line to 'False'
[0.317s] DEBUG:colcon.colcon_core.verb:Building package 'create_msgs' with the following arguments: {'ament_cmake_args': None, 'build_base': '/home/nhodung/Documents/ros2_learn/example_for_github/create_type/build/create_msgs', 'catkin_cmake_args': None, 'catkin_skip_building_tests': False, 'cmake_args': None, 'cmake_clean_cache': False, 'cmake_clean_first': False, 'cmake_force_configure': False, 'cmake_target': None, 'cmake_target_skip_unavailable': False, 'install_base': '/home/nhodung/Documents/ros2_learn/example_for_github/create_type/install/create_msgs', 'merge_install': False, 'path': '/home/nhodung/Documents/ros2_learn/example_for_github/create_type/src/create_msgs', 'symlink_install': True, 'test_result_base': None}
[0.317s] INFO:colcon.colcon_core.executor:Executing jobs using 'parallel' executor
[0.318s] DEBUG:colcon.colcon_parallel_executor.executor.parallel:run_until_complete
[0.318s] INFO:colcon.colcon_ros.task.ament_cmake.build:Building ROS package in '/home/nhodung/Documents/ros2_learn/example_for_github/create_type/src/create_msgs' with build type 'ament_cmake'
[0.318s] INFO:colcon.colcon_cmake.task.cmake.build:Building CMake package in '/home/nhodung/Documents/ros2_learn/example_for_github/create_type/src/create_msgs'
[0.320s] INFO:colcon.colcon_core.plugin_system:Skipping extension 'colcon_core.shell.bat': Not used on non-Windows systems
[0.320s] INFO:colcon.colcon_core.shell:Skip shell extension 'powershell' for command environment: Not usable outside of PowerShell
[0.320s] DEBUG:colcon.colcon_core.shell:Skip shell extension 'dsv' for command environment
[0.326s] DEBUG:colcon.colcon_core.event_handler.log_command:Invoking command in '/home/nhodung/Documents/ros2_learn/example_for_github/create_type/build/create_msgs': CMAKE_PREFIX_PATH=${CMAKE_PREFIX_PATH}:/opt/ros/humble /usr/bin/cmake /home/nhodung/Documents/ros2_learn/example_for_github/create_type/src/create_msgs -DAMENT_CMAKE_SYMLINK_INSTALL=1 -DCMAKE_INSTALL_PREFIX=/home/nhodung/Documents/ros2_learn/example_for_github/create_type/install/create_msgs
[1.675s] DEBUG:colcon.colcon_core.event_handler.log_command:Invoked command in '/home/nhodung/Documents/ros2_learn/example_for_github/create_type/build/create_msgs' returned '0': CMAKE_PREFIX_PATH=${CMAKE_PREFIX_PATH}:/opt/ros/humble /usr/bin/cmake /home/nhodung/Documents/ros2_learn/example_for_github/create_type/src/create_msgs -DAMENT_CMAKE_SYMLINK_INSTALL=1 -DCMAKE_INSTALL_PREFIX=/home/nhodung/Documents/ros2_learn/example_for_github/create_type/install/create_msgs
[1.676s] DEBUG:colcon.colcon_core.event_handler.log_command:Invoking command in '/home/nhodung/Documents/ros2_learn/example_for_github/create_type/build/create_msgs': CMAKE_PREFIX_PATH=${CMAKE_PREFIX_PATH}:/opt/ros/humble /usr/bin/cmake --build /home/nhodung/Documents/ros2_learn/example_for_github/create_type/build/create_msgs -- -j12 -l12
[3.901s] DEBUG:colcon.colcon_core.event_handler.log_command:Invoked command in '/home/nhodung/Documents/ros2_learn/example_for_github/create_type/build/create_msgs' returned '0': CMAKE_PREFIX_PATH=${CMAKE_PREFIX_PATH}:/opt/ros/humble /usr/bin/cmake --build /home/nhodung/Documents/ros2_learn/example_for_github/create_type/build/create_msgs -- -j12 -l12
[3.971s] DEBUG:colcon.colcon_core.event_handler.log_command:Invoking command in '/home/nhodung/Documents/ros2_learn/example_for_github/create_type/build/create_msgs': CMAKE_PREFIX_PATH=${CMAKE_PREFIX_PATH}:/opt/ros/humble /usr/bin/cmake --install /home/nhodung/Documents/ros2_learn/example_for_github/create_type/build/create_msgs
[4.620s] Level 1:colcon.colcon_core.environment:create_environment_scripts_only(create_msgs)
[4.620s] DEBUG:colcon.colcon_core.event_handler.log_command:Invoked command in '/home/nhodung/Documents/ros2_learn/example_for_github/create_type/build/create_msgs' returned '0': CMAKE_PREFIX_PATH=${CMAKE_PREFIX_PATH}:/opt/ros/humble /usr/bin/cmake --install /home/nhodung/Documents/ros2_learn/example_for_github/create_type/build/create_msgs
[4.622s] Level 1:colcon.colcon_core.environment:checking '/home/nhodung/Documents/ros2_learn/example_for_github/create_type/install/create_msgs' for CMake module files
[4.622s] Level 1:colcon.colcon_core.environment:checking '/home/nhodung/Documents/ros2_learn/example_for_github/create_type/install/create_msgs' for CMake config files
[4.623s] Level 1:colcon.colcon_core.shell:create_environment_hook('create_msgs', 'cmake_prefix_path')
[4.623s] INFO:colcon.colcon_core.shell:Creating environment hook '/home/nhodung/Documents/ros2_learn/example_for_github/create_type/install/create_msgs/share/create_msgs/hook/cmake_prefix_path.ps1'
[4.624s] INFO:colcon.colcon_core.shell:Creating environment descriptor '/home/nhodung/Documents/ros2_learn/example_for_github/create_type/install/create_msgs/share/create_msgs/hook/cmake_prefix_path.dsv'
[4.624s] INFO:colcon.colcon_core.shell:Creating environment hook '/home/nhodung/Documents/ros2_learn/example_for_github/create_type/install/create_msgs/share/create_msgs/hook/cmake_prefix_path.sh'
[4.625s] Level 1:colcon.colcon_core.environment:checking '/home/nhodung/Documents/ros2_learn/example_for_github/create_type/install/create_msgs/lib'
[4.625s] Level 1:colcon.colcon_core.shell:create_environment_hook('create_msgs', 'ld_library_path_lib')
[4.625s] INFO:colcon.colcon_core.shell:Creating environment hook '/home/nhodung/Documents/ros2_learn/example_for_github/create_type/install/create_msgs/share/create_msgs/hook/ld_library_path_lib.ps1'
[4.626s] INFO:colcon.colcon_core.shell:Creating environment descriptor '/home/nhodung/Documents/ros2_learn/example_for_github/create_type/install/create_msgs/share/create_msgs/hook/ld_library_path_lib.dsv'
[4.626s] INFO:colcon.colcon_core.shell:Creating environment hook '/home/nhodung/Documents/ros2_learn/example_for_github/create_type/install/create_msgs/share/create_msgs/hook/ld_library_path_lib.sh'
[4.626s] Level 1:colcon.colcon_core.environment:checking '/home/nhodung/Documents/ros2_learn/example_for_github/create_type/install/create_msgs/bin'
[4.626s] Level 1:colcon.colcon_core.environment:checking '/home/nhodung/Documents/ros2_learn/example_for_github/create_type/install/create_msgs/lib/pkgconfig/create_msgs.pc'
[4.626s] Level 1:colcon.colcon_core.environment:checking '/home/nhodung/Documents/ros2_learn/example_for_github/create_type/install/create_msgs/lib/python3.10/site-packages'
[4.627s] Level 1:colcon.colcon_core.environment:checking '/home/nhodung/Documents/ros2_learn/example_for_github/create_type/install/create_msgs/bin'
[4.627s] INFO:colcon.colcon_core.shell:Creating package script '/home/nhodung/Documents/ros2_learn/example_for_github/create_type/install/create_msgs/share/create_msgs/package.ps1'
[4.627s] INFO:colcon.colcon_core.shell:Creating package descriptor '/home/nhodung/Documents/ros2_learn/example_for_github/create_type/install/create_msgs/share/create_msgs/package.dsv'
[4.628s] INFO:colcon.colcon_core.shell:Creating package script '/home/nhodung/Documents/ros2_learn/example_for_github/create_type/install/create_msgs/share/create_msgs/package.sh'
[4.629s] INFO:colcon.colcon_core.shell:Creating package script '/home/nhodung/Documents/ros2_learn/example_for_github/create_type/install/create_msgs/share/create_msgs/package.bash'
[4.629s] INFO:colcon.colcon_core.shell:Creating package script '/home/nhodung/Documents/ros2_learn/example_for_github/create_type/install/create_msgs/share/create_msgs/package.zsh'
[4.630s] Level 1:colcon.colcon_core.environment:create_file_with_runtime_dependencies(/home/nhodung/Documents/ros2_learn/example_for_github/create_type/install/create_msgs/share/colcon-core/packages/create_msgs)
[4.692s] Level 1:colcon.colcon_core.environment:create_environment_scripts_only(create_msgs)
[4.692s] Level 1:colcon.colcon_core.environment:checking '/home/nhodung/Documents/ros2_learn/example_for_github/create_type/install/create_msgs' for CMake module files
[4.693s] Level 1:colcon.colcon_core.environment:checking '/home/nhodung/Documents/ros2_learn/example_for_github/create_type/install/create_msgs' for CMake config files
[4.693s] Level 1:colcon.colcon_core.shell:create_environment_hook('create_msgs', 'cmake_prefix_path')
[4.693s] INFO:colcon.colcon_core.shell:Creating environment hook '/home/nhodung/Documents/ros2_learn/example_for_github/create_type/install/create_msgs/share/create_msgs/hook/cmake_prefix_path.ps1'
[4.694s] INFO:colcon.colcon_core.shell:Creating environment descriptor '/home/nhodung/Documents/ros2_learn/example_for_github/create_type/install/create_msgs/share/create_msgs/hook/cmake_prefix_path.dsv'
[4.694s] INFO:colcon.colcon_core.shell:Creating environment hook '/home/nhodung/Documents/ros2_learn/example_for_github/create_type/install/create_msgs/share/create_msgs/hook/cmake_prefix_path.sh'
[4.694s] Level 1:colcon.colcon_core.environment:checking '/home/nhodung/Documents/ros2_learn/example_for_github/create_type/install/create_msgs/lib'
[4.694s] Level 1:colcon.colcon_core.shell:create_environment_hook('create_msgs', 'ld_library_path_lib')
[4.695s] INFO:colcon.colcon_core.shell:Creating environment hook '/home/nhodung/Documents/ros2_learn/example_for_github/create_type/install/create_msgs/share/create_msgs/hook/ld_library_path_lib.ps1'
[4.695s] INFO:colcon.colcon_core.shell:Creating environment descriptor '/home/nhodung/Documents/ros2_learn/example_for_github/create_type/install/create_msgs/share/create_msgs/hook/ld_library_path_lib.dsv'
[4.695s] INFO:colcon.colcon_core.shell:Creating environment hook '/home/nhodung/Documents/ros2_learn/example_for_github/create_type/install/create_msgs/share/create_msgs/hook/ld_library_path_lib.sh'
[4.695s] Level 1:colcon.colcon_core.environment:checking '/home/nhodung/Documents/ros2_learn/example_for_github/create_type/install/create_msgs/bin'
[4.696s] Level 1:colcon.colcon_core.environment:checking '/home/nhodung/Documents/ros2_learn/example_for_github/create_type/install/create_msgs/lib/pkgconfig/create_msgs.pc'
[4.696s] Level 1:colcon.colcon_core.environment:checking '/home/nhodung/Documents/ros2_learn/example_for_github/create_type/install/create_msgs/lib/python3.10/site-packages'
[4.696s] Level 1:colcon.colcon_core.environment:checking '/home/nhodung/Documents/ros2_learn/example_for_github/create_type/install/create_msgs/bin'
[4.696s] INFO:colcon.colcon_core.shell:Creating package script '/home/nhodung/Documents/ros2_learn/example_for_github/create_type/install/create_msgs/share/create_msgs/package.ps1'
[4.697s] INFO:colcon.colcon_core.shell:Creating package descriptor '/home/nhodung/Documents/ros2_learn/example_for_github/create_type/install/create_msgs/share/create_msgs/package.dsv'
[4.697s] INFO:colcon.colcon_core.shell:Creating package script '/home/nhodung/Documents/ros2_learn/example_for_github/create_type/install/create_msgs/share/create_msgs/package.sh'
[4.697s] INFO:colcon.colcon_core.shell:Creating package script '/home/nhodung/Documents/ros2_learn/example_for_github/create_type/install/create_msgs/share/create_msgs/package.bash'
[4.698s] INFO:colcon.colcon_core.shell:Creating package script '/home/nhodung/Documents/ros2_learn/example_for_github/create_type/install/create_msgs/share/create_msgs/package.zsh'
[4.698s] Level 1:colcon.colcon_core.environment:create_file_with_runtime_dependencies(/home/nhodung/Documents/ros2_learn/example_for_github/create_type/install/create_msgs/share/colcon-core/packages/create_msgs)
[4.698s] DEBUG:colcon.colcon_parallel_executor.executor.parallel:closing loop
[4.698s] DEBUG:colcon.colcon_parallel_executor.executor.parallel:loop closed
[4.699s] DEBUG:colcon.colcon_parallel_executor.executor.parallel:run_until_complete finished with '0'
[4.699s] DEBUG:colcon.colcon_core.event_reactor:joining thread
[4.702s] INFO:colcon.colcon_core.plugin_system:Skipping extension 'colcon_notification.desktop_notification.terminal_notifier': Not used on non-Darwin systems
[4.702s] INFO:colcon.colcon_core.plugin_system:Skipping extension 'colcon_notification.desktop_notification.win32': Not used on non-Windows systems
[4.702s] INFO:colcon.colcon_notification.desktop_notification:Sending desktop notification using 'notify2'
[4.711s] DEBUG:colcon.colcon_core.event_reactor:joined thread
[4.712s] INFO:colcon.colcon_core.shell:Creating prefix script '/home/nhodung/Documents/ros2_learn/example_for_github/create_type/install/local_setup.ps1'
[4.713s] INFO:colcon.colcon_core.shell:Creating prefix util module '/home/nhodung/Documents/ros2_learn/example_for_github/create_type/install/_local_setup_util_ps1.py'
[4.714s] INFO:colcon.colcon_core.shell:Creating prefix chain script '/home/nhodung/Documents/ros2_learn/example_for_github/create_type/install/setup.ps1'
[4.715s] INFO:colcon.colcon_core.shell:Creating prefix script '/home/nhodung/Documents/ros2_learn/example_for_github/create_type/install/local_setup.sh'
[4.716s] INFO:colcon.colcon_core.shell:Creating prefix util module '/home/nhodung/Documents/ros2_learn/example_for_github/create_type/install/_local_setup_util_sh.py'
[4.716s] INFO:colcon.colcon_core.shell:Creating prefix chain script '/home/nhodung/Documents/ros2_learn/example_for_github/create_type/install/setup.sh'
[4.717s] INFO:colcon.colcon_core.shell:Creating prefix script '/home/nhodung/Documents/ros2_learn/example_for_github/create_type/install/local_setup.bash'
[4.718s] INFO:colcon.colcon_core.shell:Creating prefix chain script '/home/nhodung/Documents/ros2_learn/example_for_github/create_type/install/setup.bash'
[4.719s] INFO:colcon.colcon_core.shell:Creating prefix script '/home/nhodung/Documents/ros2_learn/example_for_github/create_type/install/local_setup.zsh'
[4.719s] INFO:colcon.colcon_core.shell:Creating prefix chain script '/home/nhodung/Documents/ros2_learn/example_for_github/create_type/install/setup.zsh'
