[0.083s] DEBUG:colcon:Command line arguments: ['/usr/bin/colcon', 'build']
[0.083s] DEBUG:colcon:Parsed command line arguments: Namespace(log_base=None, log_level=None, verb_name='build', build_base='build', install_base='install', merge_install=False, symlink_install=False, test_result_base=None, continue_on_error=False, executor='parallel', parallel_workers=12, event_handlers=None, ignore_user_meta=False, metas=['./colcon.meta'], base_paths=['.'], packages_ignore=None, packages_ignore_regex=None, paths=None, packages_up_to=None, packages_up_to_regex=None, packages_above=None, packages_above_and_dependencies=None, packages_above_depth=None, packages_select_by_dep=None, packages_skip_by_dep=None, packages_skip_up_to=None, packages_select_build_failed=False, packages_skip_build_finished=False, packages_select_test_failures=False, packages_skip_test_passed=False, packages_select=None, packages_skip=None, packages_select_regex=None, packages_skip_regex=None, packages_start=None, packages_end=None, allow_overriding=[], cmake_args=None, cmake_target=None, cmake_target_skip_unavailable=False, cmake_clean_cache=False, cmake_clean_first=False, cmake_force_configure=False, ament_cmake_args=None, catkin_cmake_args=None, catkin_skip_building_tests=False, verb_parser=<colcon_defaults.argument_parser.defaults.DefaultArgumentsDecorator object at 0x759ecdc4a3b0>, verb_extension=<colcon_core.verb.build.BuildVerb object at 0x759ecdc49f60>, main=<bound method BuildVerb.main of <colcon_core.verb.build.BuildVerb object at 0x759ecdc49f60>>)
[0.235s] Level 1:colcon.colcon_core.package_discovery:discover_packages(colcon_meta) check parameters
[0.236s] Level 1:colcon.colcon_core.package_discovery:discover_packages(recursive) check parameters
[0.236s] Level 1:colcon.colcon_core.package_discovery:discover_packages(ignore) check parameters
[0.236s] Level 1:colcon.colcon_core.package_discovery:discover_packages(path) check parameters
[0.236s] Level 1:colcon.colcon_core.package_discovery:discover_packages(colcon_meta) discover
[0.236s] Level 1:colcon.colcon_core.package_discovery:discover_packages(recursive) discover
[0.236s] INFO:colcon.colcon_core.package_discovery:Crawling recursively for packages in '/home/nhodung/Documents/ros2_learn/example_for_github/create_type_2'
[0.236s] Level 1:colcon.colcon_core.package_identification:_identify(.) by extensions ['ignore', 'ignore_ament_install']
[0.236s] Level 1:colcon.colcon_core.package_identification:_identify(.) by extension 'ignore'
[0.236s] Level 1:colcon.colcon_core.package_identification:_identify(.) by extension 'ignore_ament_install'
[0.236s] Level 1:colcon.colcon_core.package_identification:_identify(.) by extensions ['colcon_pkg']
[0.236s] Level 1:colcon.colcon_core.package_identification:_identify(.) by extension 'colcon_pkg'
[0.236s] Level 1:colcon.colcon_core.package_identification:_identify(.) by extensions ['colcon_meta']
[0.236s] Level 1:colcon.colcon_core.package_identification:_identify(.) by extension 'colcon_meta'
[0.236s] Level 1:colcon.colcon_core.package_identification:_identify(.) by extensions ['ros']
[0.236s] Level 1:colcon.colcon_core.package_identification:_identify(.) by extension 'ros'
[0.246s] Level 1:colcon.colcon_core.package_identification:_identify(.) by extensions ['cmake', 'python']
[0.246s] Level 1:colcon.colcon_core.package_identification:_identify(.) by extension 'cmake'
[0.246s] Level 1:colcon.colcon_core.package_identification:_identify(.) by extension 'python'
[0.246s] Level 1:colcon.colcon_core.package_identification:_identify(.) by extensions ['python_setup_py']
[0.246s] Level 1:colcon.colcon_core.package_identification:_identify(.) by extension 'python_setup_py'
[0.246s] Level 1:colcon.colcon_core.package_identification:_identify(build) by extensions ['ignore', 'ignore_ament_install']
[0.246s] Level 1:colcon.colcon_core.package_identification:_identify(build) by extension 'ignore'
[0.246s] Level 1:colcon.colcon_core.package_identification:_identify(build) ignored
[0.246s] Level 1:colcon.colcon_core.package_identification:_identify(install) by extensions ['ignore', 'ignore_ament_install']
[0.246s] Level 1:colcon.colcon_core.package_identification:_identify(install) by extension 'ignore'
[0.246s] Level 1:colcon.colcon_core.package_identification:_identify(install) ignored
[0.246s] Level 1:colcon.colcon_core.package_identification:_identify(log) by extensions ['ignore', 'ignore_ament_install']
[0.247s] Level 1:colcon.colcon_core.package_identification:_identify(log) by extension 'ignore'
[0.247s] Level 1:colcon.colcon_core.package_identification:_identify(log) ignored
[0.247s] Level 1:colcon.colcon_core.package_identification:_identify(src) by extensions ['ignore', 'ignore_ament_install']
[0.247s] Level 1:colcon.colcon_core.package_identification:_identify(src) by extension 'ignore'
[0.247s] Level 1:colcon.colcon_core.package_identification:_identify(src) by extension 'ignore_ament_install'
[0.247s] Level 1:colcon.colcon_core.package_identification:_identify(src) by extensions ['colcon_pkg']
[0.247s] Level 1:colcon.colcon_core.package_identification:_identify(src) by extension 'colcon_pkg'
[0.247s] Level 1:colcon.colcon_core.package_identification:_identify(src) by extensions ['colcon_meta']
[0.247s] Level 1:colcon.colcon_core.package_identification:_identify(src) by extension 'colcon_meta'
[0.247s] Level 1:colcon.colcon_core.package_identification:_identify(src) by extensions ['ros']
[0.247s] Level 1:colcon.colcon_core.package_identification:_identify(src) by extension 'ros'
[0.247s] Level 1:colcon.colcon_core.package_identification:_identify(src) by extensions ['cmake', 'python']
[0.247s] Level 1:colcon.colcon_core.package_identification:_identify(src) by extension 'cmake'
[0.247s] Level 1:colcon.colcon_core.package_identification:_identify(src) by extension 'python'
[0.247s] Level 1:colcon.colcon_core.package_identification:_identify(src) by extensions ['python_setup_py']
[0.247s] Level 1:colcon.colcon_core.package_identification:_identify(src) by extension 'python_setup_py'
[0.247s] Level 1:colcon.colcon_core.package_identification:_identify(src/create_msgs) by extensions ['ignore', 'ignore_ament_install']
[0.247s] Level 1:colcon.colcon_core.package_identification:_identify(src/create_msgs) by extension 'ignore'
[0.247s] Level 1:colcon.colcon_core.package_identification:_identify(src/create_msgs) by extension 'ignore_ament_install'
[0.247s] Level 1:colcon.colcon_core.package_identification:_identify(src/create_msgs) by extensions ['colcon_pkg']
[0.247s] Level 1:colcon.colcon_core.package_identification:_identify(src/create_msgs) by extension 'colcon_pkg'
[0.247s] Level 1:colcon.colcon_core.package_identification:_identify(src/create_msgs) by extensions ['colcon_meta']
[0.247s] Level 1:colcon.colcon_core.package_identification:_identify(src/create_msgs) by extension 'colcon_meta'
[0.248s] Level 1:colcon.colcon_core.package_identification:_identify(src/create_msgs) by extensions ['ros']
[0.248s] Level 1:colcon.colcon_core.package_identification:_identify(src/create_msgs) by extension 'ros'
[0.250s] DEBUG:colcon.colcon_core.package_identification:Package 'src/create_msgs' with type 'ros.ament_cmake' and name 'create_msgs'
[0.250s] Level 1:colcon.colcon_core.package_identification:_identify(src/test_interface) by extensions ['ignore', 'ignore_ament_install']
[0.250s] Level 1:colcon.colcon_core.package_identification:_identify(src/test_interface) by extension 'ignore'
[0.250s] Level 1:colcon.colcon_core.package_identification:_identify(src/test_interface) by extension 'ignore_ament_install'
[0.250s] Level 1:colcon.colcon_core.package_identification:_identify(src/test_interface) by extensions ['colcon_pkg']
[0.250s] Level 1:colcon.colcon_core.package_identification:_identify(src/test_interface) by extension 'colcon_pkg'
[0.250s] Level 1:colcon.colcon_core.package_identification:_identify(src/test_interface) by extensions ['colcon_meta']
[0.250s] Level 1:colcon.colcon_core.package_identification:_identify(src/test_interface) by extension 'colcon_meta'
[0.250s] Level 1:colcon.colcon_core.package_identification:_identify(src/test_interface) by extensions ['ros']
[0.250s] Level 1:colcon.colcon_core.package_identification:_identify(src/test_interface) by extension 'ros'
[0.251s] DEBUG:colcon.colcon_core.package_identification:Package 'src/test_interface' with type 'ros.ament_cmake' and name 'test_interface'
[0.251s] Level 1:colcon.colcon_core.package_discovery:discover_packages(recursive) using defaults
[0.251s] Level 1:colcon.colcon_core.package_discovery:discover_packages(ignore) discover
[0.251s] Level 1:colcon.colcon_core.package_discovery:discover_packages(ignore) using defaults
[0.251s] Level 1:colcon.colcon_core.package_discovery:discover_packages(path) discover
[0.251s] Level 1:colcon.colcon_core.package_discovery:discover_packages(path) using defaults
[0.274s] Level 1:colcon.colcon_core.package_discovery:discover_packages(prefix_path) check parameters
[0.274s] Level 1:colcon.colcon_core.package_discovery:discover_packages(prefix_path) discover
[0.276s] DEBUG:colcon.colcon_installed_package_information.package_discovery:Found 2 installed packages in /home/nhodung/Documents/ros2_learn/example_for_github/create_type_2/install
[0.277s] DEBUG:colcon.colcon_installed_package_information.package_discovery:Found 378 installed packages in /opt/ros/humble
[0.278s] Level 1:colcon.colcon_core.package_discovery:discover_packages(prefix_path) using defaults
[0.318s] Level 5:colcon.colcon_core.verb:set package 'create_msgs' build argument 'cmake_args' from command line to 'None'
[0.318s] Level 5:colcon.colcon_core.verb:set package 'create_msgs' build argument 'cmake_target' from command line to 'None'
[0.318s] Level 5:colcon.colcon_core.verb:set package 'create_msgs' build argument 'cmake_target_skip_unavailable' from command line to 'False'
[0.318s] Level 5:colcon.colcon_core.verb:set package 'create_msgs' build argument 'cmake_clean_cache' from command line to 'False'
[0.318s] Level 5:colcon.colcon_core.verb:set package 'create_msgs' build argument 'cmake_clean_first' from command line to 'False'
[0.318s] Level 5:colcon.colcon_core.verb:set package 'create_msgs' build argument 'cmake_force_configure' from command line to 'False'
[0.318s] Level 5:colcon.colcon_core.verb:set package 'create_msgs' build argument 'ament_cmake_args' from command line to 'None'
[0.318s] Level 5:colcon.colcon_core.verb:set package 'create_msgs' build argument 'catkin_cmake_args' from command line to 'None'
[0.318s] Level 5:colcon.colcon_core.verb:set package 'create_msgs' build argument 'catkin_skip_building_tests' from command line to 'False'
[0.318s] DEBUG:colcon.colcon_core.verb:Building package 'create_msgs' with the following arguments: {'ament_cmake_args': None, 'build_base': '/home/nhodung/Documents/ros2_learn/example_for_github/create_type_2/build/create_msgs', 'catkin_cmake_args': None, 'catkin_skip_building_tests': False, 'cmake_args': None, 'cmake_clean_cache': False, 'cmake_clean_first': False, 'cmake_force_configure': False, 'cmake_target': None, 'cmake_target_skip_unavailable': False, 'install_base': '/home/nhodung/Documents/ros2_learn/example_for_github/create_type_2/install/create_msgs', 'merge_install': False, 'path': '/home/nhodung/Documents/ros2_learn/example_for_github/create_type_2/src/create_msgs', 'symlink_install': False, 'test_result_base': None}
[0.319s] Level 5:colcon.colcon_core.verb:set package 'test_interface' build argument 'cmake_args' from command line to 'None'
[0.319s] Level 5:colcon.colcon_core.verb:set package 'test_interface' build argument 'cmake_target' from command line to 'None'
[0.319s] Level 5:colcon.colcon_core.verb:set package 'test_interface' build argument 'cmake_target_skip_unavailable' from command line to 'False'
[0.319s] Level 5:colcon.colcon_core.verb:set package 'test_interface' build argument 'cmake_clean_cache' from command line to 'False'
[0.319s] Level 5:colcon.colcon_core.verb:set package 'test_interface' build argument 'cmake_clean_first' from command line to 'False'
[0.319s] Level 5:colcon.colcon_core.verb:set package 'test_interface' build argument 'cmake_force_configure' from command line to 'False'
[0.319s] Level 5:colcon.colcon_core.verb:set package 'test_interface' build argument 'ament_cmake_args' from command line to 'None'
[0.319s] Level 5:colcon.colcon_core.verb:set package 'test_interface' build argument 'catkin_cmake_args' from command line to 'None'
[0.319s] Level 5:colcon.colcon_core.verb:set package 'test_interface' build argument 'catkin_skip_building_tests' from command line to 'False'
[0.319s] DEBUG:colcon.colcon_core.verb:Building package 'test_interface' with the following arguments: {'ament_cmake_args': None, 'build_base': '/home/nhodung/Documents/ros2_learn/example_for_github/create_type_2/build/test_interface', 'catkin_cmake_args': None, 'catkin_skip_building_tests': False, 'cmake_args': None, 'cmake_clean_cache': False, 'cmake_clean_first': False, 'cmake_force_configure': False, 'cmake_target': None, 'cmake_target_skip_unavailable': False, 'install_base': '/home/nhodung/Documents/ros2_learn/example_for_github/create_type_2/install/test_interface', 'merge_install': False, 'path': '/home/nhodung/Documents/ros2_learn/example_for_github/create_type_2/src/test_interface', 'symlink_install': False, 'test_result_base': None}
[0.319s] INFO:colcon.colcon_core.executor:Executing jobs using 'parallel' executor
[0.320s] DEBUG:colcon.colcon_parallel_executor.executor.parallel:run_until_complete
[0.320s] INFO:colcon.colcon_ros.task.ament_cmake.build:Building ROS package in '/home/nhodung/Documents/ros2_learn/example_for_github/create_type_2/src/create_msgs' with build type 'ament_cmake'
[0.320s] INFO:colcon.colcon_cmake.task.cmake.build:Building CMake package in '/home/nhodung/Documents/ros2_learn/example_for_github/create_type_2/src/create_msgs'
[0.322s] INFO:colcon.colcon_core.plugin_system:Skipping extension 'colcon_core.shell.bat': Not used on non-Windows systems
[0.322s] INFO:colcon.colcon_core.shell:Skip shell extension 'powershell' for command environment: Not usable outside of PowerShell
[0.322s] DEBUG:colcon.colcon_core.shell:Skip shell extension 'dsv' for command environment
[0.331s] DEBUG:colcon.colcon_core.event_handler.log_command:Invoking command in '/home/nhodung/Documents/ros2_learn/example_for_github/create_type_2/build/create_msgs': CMAKE_PREFIX_PATH=${CMAKE_PREFIX_PATH}:/opt/ros/humble /usr/bin/cmake --build /home/nhodung/Documents/ros2_learn/example_for_github/create_type_2/build/create_msgs -- -j12 -l12
[0.659s] DEBUG:colcon.colcon_core.event_handler.log_command:Invoked command in '/home/nhodung/Documents/ros2_learn/example_for_github/create_type_2/build/create_msgs' returned '0': CMAKE_PREFIX_PATH=${CMAKE_PREFIX_PATH}:/opt/ros/humble /usr/bin/cmake --build /home/nhodung/Documents/ros2_learn/example_for_github/create_type_2/build/create_msgs -- -j12 -l12
[0.737s] DEBUG:colcon.colcon_core.event_handler.log_command:Invoking command in '/home/nhodung/Documents/ros2_learn/example_for_github/create_type_2/build/create_msgs': CMAKE_PREFIX_PATH=${CMAKE_PREFIX_PATH}:/opt/ros/humble /usr/bin/cmake --install /home/nhodung/Documents/ros2_learn/example_for_github/create_type_2/build/create_msgs
[0.797s] Level 1:colcon.colcon_core.environment:create_environment_scripts_only(create_msgs)
[0.797s] DEBUG:colcon.colcon_core.event_handler.log_command:Invoked command in '/home/nhodung/Documents/ros2_learn/example_for_github/create_type_2/build/create_msgs' returned '0': CMAKE_PREFIX_PATH=${CMAKE_PREFIX_PATH}:/opt/ros/humble /usr/bin/cmake --install /home/nhodung/Documents/ros2_learn/example_for_github/create_type_2/build/create_msgs
[0.800s] Level 1:colcon.colcon_core.environment:checking '/home/nhodung/Documents/ros2_learn/example_for_github/create_type_2/install/create_msgs' for CMake module files
[0.801s] Level 1:colcon.colcon_core.environment:checking '/home/nhodung/Documents/ros2_learn/example_for_github/create_type_2/install/create_msgs' for CMake config files
[0.801s] Level 1:colcon.colcon_core.shell:create_environment_hook('create_msgs', 'cmake_prefix_path')
[0.802s] INFO:colcon.colcon_core.shell:Creating environment hook '/home/nhodung/Documents/ros2_learn/example_for_github/create_type_2/install/create_msgs/share/create_msgs/hook/cmake_prefix_path.ps1'
[0.802s] INFO:colcon.colcon_core.shell:Creating environment descriptor '/home/nhodung/Documents/ros2_learn/example_for_github/create_type_2/install/create_msgs/share/create_msgs/hook/cmake_prefix_path.dsv'
[0.803s] INFO:colcon.colcon_core.shell:Creating environment hook '/home/nhodung/Documents/ros2_learn/example_for_github/create_type_2/install/create_msgs/share/create_msgs/hook/cmake_prefix_path.sh'
[0.804s] Level 1:colcon.colcon_core.environment:checking '/home/nhodung/Documents/ros2_learn/example_for_github/create_type_2/install/create_msgs/lib'
[0.804s] Level 1:colcon.colcon_core.shell:create_environment_hook('create_msgs', 'ld_library_path_lib')
[0.804s] INFO:colcon.colcon_core.shell:Creating environment hook '/home/nhodung/Documents/ros2_learn/example_for_github/create_type_2/install/create_msgs/share/create_msgs/hook/ld_library_path_lib.ps1'
[0.805s] INFO:colcon.colcon_core.shell:Creating environment descriptor '/home/nhodung/Documents/ros2_learn/example_for_github/create_type_2/install/create_msgs/share/create_msgs/hook/ld_library_path_lib.dsv'
[0.805s] INFO:colcon.colcon_core.shell:Creating environment hook '/home/nhodung/Documents/ros2_learn/example_for_github/create_type_2/install/create_msgs/share/create_msgs/hook/ld_library_path_lib.sh'
[0.806s] Level 1:colcon.colcon_core.environment:checking '/home/nhodung/Documents/ros2_learn/example_for_github/create_type_2/install/create_msgs/bin'
[0.806s] Level 1:colcon.colcon_core.environment:checking '/home/nhodung/Documents/ros2_learn/example_for_github/create_type_2/install/create_msgs/lib/pkgconfig/create_msgs.pc'
[0.806s] Level 1:colcon.colcon_core.environment:checking '/home/nhodung/Documents/ros2_learn/example_for_github/create_type_2/install/create_msgs/lib/python3.10/site-packages'
[0.806s] Level 1:colcon.colcon_core.environment:checking '/home/nhodung/Documents/ros2_learn/example_for_github/create_type_2/install/create_msgs/bin'
[0.807s] INFO:colcon.colcon_core.shell:Creating package script '/home/nhodung/Documents/ros2_learn/example_for_github/create_type_2/install/create_msgs/share/create_msgs/package.ps1'
[0.808s] INFO:colcon.colcon_core.shell:Creating package descriptor '/home/nhodung/Documents/ros2_learn/example_for_github/create_type_2/install/create_msgs/share/create_msgs/package.dsv'
[0.808s] INFO:colcon.colcon_core.shell:Creating package script '/home/nhodung/Documents/ros2_learn/example_for_github/create_type_2/install/create_msgs/share/create_msgs/package.sh'
[0.809s] INFO:colcon.colcon_core.shell:Creating package script '/home/nhodung/Documents/ros2_learn/example_for_github/create_type_2/install/create_msgs/share/create_msgs/package.bash'
[0.810s] INFO:colcon.colcon_core.shell:Creating package script '/home/nhodung/Documents/ros2_learn/example_for_github/create_type_2/install/create_msgs/share/create_msgs/package.zsh'
[0.811s] Level 1:colcon.colcon_core.environment:create_file_with_runtime_dependencies(/home/nhodung/Documents/ros2_learn/example_for_github/create_type_2/install/create_msgs/share/colcon-core/packages/create_msgs)
[0.878s] Level 1:colcon.colcon_core.environment:create_environment_scripts_only(create_msgs)
[0.878s] Level 1:colcon.colcon_core.environment:checking '/home/nhodung/Documents/ros2_learn/example_for_github/create_type_2/install/create_msgs' for CMake module files
[0.879s] Level 1:colcon.colcon_core.environment:checking '/home/nhodung/Documents/ros2_learn/example_for_github/create_type_2/install/create_msgs' for CMake config files
[0.879s] Level 1:colcon.colcon_core.shell:create_environment_hook('create_msgs', 'cmake_prefix_path')
[0.879s] INFO:colcon.colcon_core.shell:Creating environment hook '/home/nhodung/Documents/ros2_learn/example_for_github/create_type_2/install/create_msgs/share/create_msgs/hook/cmake_prefix_path.ps1'
[0.880s] INFO:colcon.colcon_core.shell:Creating environment descriptor '/home/nhodung/Documents/ros2_learn/example_for_github/create_type_2/install/create_msgs/share/create_msgs/hook/cmake_prefix_path.dsv'
[0.880s] INFO:colcon.colcon_core.shell:Creating environment hook '/home/nhodung/Documents/ros2_learn/example_for_github/create_type_2/install/create_msgs/share/create_msgs/hook/cmake_prefix_path.sh'
[0.881s] Level 1:colcon.colcon_core.environment:checking '/home/nhodung/Documents/ros2_learn/example_for_github/create_type_2/install/create_msgs/lib'
[0.881s] Level 1:colcon.colcon_core.shell:create_environment_hook('create_msgs', 'ld_library_path_lib')
[0.881s] INFO:colcon.colcon_core.shell:Creating environment hook '/home/nhodung/Documents/ros2_learn/example_for_github/create_type_2/install/create_msgs/share/create_msgs/hook/ld_library_path_lib.ps1'
[0.881s] INFO:colcon.colcon_core.shell:Creating environment descriptor '/home/nhodung/Documents/ros2_learn/example_for_github/create_type_2/install/create_msgs/share/create_msgs/hook/ld_library_path_lib.dsv'
[0.882s] INFO:colcon.colcon_core.shell:Creating environment hook '/home/nhodung/Documents/ros2_learn/example_for_github/create_type_2/install/create_msgs/share/create_msgs/hook/ld_library_path_lib.sh'
[0.882s] Level 1:colcon.colcon_core.environment:checking '/home/nhodung/Documents/ros2_learn/example_for_github/create_type_2/install/create_msgs/bin'
[0.882s] Level 1:colcon.colcon_core.environment:checking '/home/nhodung/Documents/ros2_learn/example_for_github/create_type_2/install/create_msgs/lib/pkgconfig/create_msgs.pc'
[0.882s] Level 1:colcon.colcon_core.environment:checking '/home/nhodung/Documents/ros2_learn/example_for_github/create_type_2/install/create_msgs/lib/python3.10/site-packages'
[0.883s] Level 1:colcon.colcon_core.environment:checking '/home/nhodung/Documents/ros2_learn/example_for_github/create_type_2/install/create_msgs/bin'
[0.884s] INFO:colcon.colcon_core.shell:Creating package script '/home/nhodung/Documents/ros2_learn/example_for_github/create_type_2/install/create_msgs/share/create_msgs/package.ps1'
[0.884s] INFO:colcon.colcon_core.shell:Creating package descriptor '/home/nhodung/Documents/ros2_learn/example_for_github/create_type_2/install/create_msgs/share/create_msgs/package.dsv'
[0.885s] INFO:colcon.colcon_core.shell:Creating package script '/home/nhodung/Documents/ros2_learn/example_for_github/create_type_2/install/create_msgs/share/create_msgs/package.sh'
[0.886s] INFO:colcon.colcon_core.shell:Creating package script '/home/nhodung/Documents/ros2_learn/example_for_github/create_type_2/install/create_msgs/share/create_msgs/package.bash'
[0.887s] INFO:colcon.colcon_core.shell:Creating package script '/home/nhodung/Documents/ros2_learn/example_for_github/create_type_2/install/create_msgs/share/create_msgs/package.zsh'
[0.887s] Level 1:colcon.colcon_core.environment:create_file_with_runtime_dependencies(/home/nhodung/Documents/ros2_learn/example_for_github/create_type_2/install/create_msgs/share/colcon-core/packages/create_msgs)
[0.887s] INFO:colcon.colcon_ros.task.ament_cmake.build:Building ROS package in '/home/nhodung/Documents/ros2_learn/example_for_github/create_type_2/src/test_interface' with build type 'ament_cmake'
[0.888s] INFO:colcon.colcon_cmake.task.cmake.build:Building CMake package in '/home/nhodung/Documents/ros2_learn/example_for_github/create_type_2/src/test_interface'
[0.888s] INFO:colcon.colcon_core.shell:Skip shell extension 'powershell' for command environment: Not usable outside of PowerShell
[0.888s] DEBUG:colcon.colcon_core.shell:Skip shell extension 'dsv' for command environment
[0.897s] DEBUG:colcon.colcon_core.event_handler.log_command:Invoking command in '/home/nhodung/Documents/ros2_learn/example_for_github/create_type_2/build/test_interface': CMAKE_PREFIX_PATH=/home/nhodung/Documents/ros2_learn/example_for_github/create_type_2/install/create_msgs:/home/nhodung/Documents/ros2_learn/example_for_github/create_type_2/install/test_interface:/opt/ros/humble LD_LIBRARY_PATH=/home/nhodung/Documents/ros2_learn/example_for_github/create_type_2/install/create_msgs/lib:/usr/lib/x86_64-linux-gnu/gazebo-11/plugins:/opt/ros/humble/opt/rviz_ogre_vendor/lib:/opt/ros/humble/lib/x86_64-linux-gnu:/opt/ros/humble/lib:/usr/lib/x86_64-linux-gnu/gazebo-11/plugins:/usr/lib/x86_64-linux-gnu/gazebo-11/plugins:/usr/lib/x86_64-linux-gnu/gazebo-11/plugins /usr/bin/cmake --build /home/nhodung/Documents/ros2_learn/example_for_github/create_type_2/build/test_interface -- -j12 -l12
[4.999s] DEBUG:colcon.colcon_core.event_handler.log_command:Invoked command in '/home/nhodung/Documents/ros2_learn/example_for_github/create_type_2/build/test_interface' returned '0': CMAKE_PREFIX_PATH=/home/nhodung/Documents/ros2_learn/example_for_github/create_type_2/install/create_msgs:/home/nhodung/Documents/ros2_learn/example_for_github/create_type_2/install/test_interface:/opt/ros/humble LD_LIBRARY_PATH=/home/nhodung/Documents/ros2_learn/example_for_github/create_type_2/install/create_msgs/lib:/usr/lib/x86_64-linux-gnu/gazebo-11/plugins:/opt/ros/humble/opt/rviz_ogre_vendor/lib:/opt/ros/humble/lib/x86_64-linux-gnu:/opt/ros/humble/lib:/usr/lib/x86_64-linux-gnu/gazebo-11/plugins:/usr/lib/x86_64-linux-gnu/gazebo-11/plugins:/usr/lib/x86_64-linux-gnu/gazebo-11/plugins /usr/bin/cmake --build /home/nhodung/Documents/ros2_learn/example_for_github/create_type_2/build/test_interface -- -j12 -l12
[5.017s] DEBUG:colcon.colcon_core.event_handler.log_command:Invoking command in '/home/nhodung/Documents/ros2_learn/example_for_github/create_type_2/build/test_interface': CMAKE_PREFIX_PATH=/home/nhodung/Documents/ros2_learn/example_for_github/create_type_2/install/create_msgs:/home/nhodung/Documents/ros2_learn/example_for_github/create_type_2/install/test_interface:/opt/ros/humble LD_LIBRARY_PATH=/home/nhodung/Documents/ros2_learn/example_for_github/create_type_2/install/create_msgs/lib:/usr/lib/x86_64-linux-gnu/gazebo-11/plugins:/opt/ros/humble/opt/rviz_ogre_vendor/lib:/opt/ros/humble/lib/x86_64-linux-gnu:/opt/ros/humble/lib:/usr/lib/x86_64-linux-gnu/gazebo-11/plugins:/usr/lib/x86_64-linux-gnu/gazebo-11/plugins:/usr/lib/x86_64-linux-gnu/gazebo-11/plugins /usr/bin/cmake --install /home/nhodung/Documents/ros2_learn/example_for_github/create_type_2/build/test_interface
[5.026s] Level 1:colcon.colcon_core.environment:create_environment_scripts_only(test_interface)
[5.026s] Level 1:colcon.colcon_core.environment:checking '/home/nhodung/Documents/ros2_learn/example_for_github/create_type_2/install/test_interface' for CMake module files
[5.027s] DEBUG:colcon.colcon_core.event_handler.log_command:Invoked command in '/home/nhodung/Documents/ros2_learn/example_for_github/create_type_2/build/test_interface' returned '0': CMAKE_PREFIX_PATH=/home/nhodung/Documents/ros2_learn/example_for_github/create_type_2/install/create_msgs:/home/nhodung/Documents/ros2_learn/example_for_github/create_type_2/install/test_interface:/opt/ros/humble LD_LIBRARY_PATH=/home/nhodung/Documents/ros2_learn/example_for_github/create_type_2/install/create_msgs/lib:/usr/lib/x86_64-linux-gnu/gazebo-11/plugins:/opt/ros/humble/opt/rviz_ogre_vendor/lib:/opt/ros/humble/lib/x86_64-linux-gnu:/opt/ros/humble/lib:/usr/lib/x86_64-linux-gnu/gazebo-11/plugins:/usr/lib/x86_64-linux-gnu/gazebo-11/plugins:/usr/lib/x86_64-linux-gnu/gazebo-11/plugins /usr/bin/cmake --install /home/nhodung/Documents/ros2_learn/example_for_github/create_type_2/build/test_interface
[5.027s] Level 1:colcon.colcon_core.environment:checking '/home/nhodung/Documents/ros2_learn/example_for_github/create_type_2/install/test_interface' for CMake config files
[5.027s] Level 1:colcon.colcon_core.shell:create_environment_hook('test_interface', 'cmake_prefix_path')
[5.027s] INFO:colcon.colcon_core.shell:Creating environment hook '/home/nhodung/Documents/ros2_learn/example_for_github/create_type_2/install/test_interface/share/test_interface/hook/cmake_prefix_path.ps1'
[5.028s] INFO:colcon.colcon_core.shell:Creating environment descriptor '/home/nhodung/Documents/ros2_learn/example_for_github/create_type_2/install/test_interface/share/test_interface/hook/cmake_prefix_path.dsv'
[5.028s] INFO:colcon.colcon_core.shell:Creating environment hook '/home/nhodung/Documents/ros2_learn/example_for_github/create_type_2/install/test_interface/share/test_interface/hook/cmake_prefix_path.sh'
[5.028s] Level 1:colcon.colcon_core.environment:checking '/home/nhodung/Documents/ros2_learn/example_for_github/create_type_2/install/test_interface/lib'
[5.028s] Level 1:colcon.colcon_core.environment:checking '/home/nhodung/Documents/ros2_learn/example_for_github/create_type_2/install/test_interface/bin'
[5.028s] Level 1:colcon.colcon_core.environment:checking '/home/nhodung/Documents/ros2_learn/example_for_github/create_type_2/install/test_interface/lib/pkgconfig/test_interface.pc'
[5.029s] Level 1:colcon.colcon_core.environment:checking '/home/nhodung/Documents/ros2_learn/example_for_github/create_type_2/install/test_interface/lib/python3.10/site-packages'
[5.029s] Level 1:colcon.colcon_core.environment:checking '/home/nhodung/Documents/ros2_learn/example_for_github/create_type_2/install/test_interface/bin'
[5.029s] INFO:colcon.colcon_core.shell:Creating package script '/home/nhodung/Documents/ros2_learn/example_for_github/create_type_2/install/test_interface/share/test_interface/package.ps1'
[5.029s] INFO:colcon.colcon_core.shell:Creating package descriptor '/home/nhodung/Documents/ros2_learn/example_for_github/create_type_2/install/test_interface/share/test_interface/package.dsv'
[5.030s] INFO:colcon.colcon_core.shell:Creating package script '/home/nhodung/Documents/ros2_learn/example_for_github/create_type_2/install/test_interface/share/test_interface/package.sh'
[5.030s] INFO:colcon.colcon_core.shell:Creating package script '/home/nhodung/Documents/ros2_learn/example_for_github/create_type_2/install/test_interface/share/test_interface/package.bash'
[5.030s] INFO:colcon.colcon_core.shell:Creating package script '/home/nhodung/Documents/ros2_learn/example_for_github/create_type_2/install/test_interface/share/test_interface/package.zsh'
[5.031s] Level 1:colcon.colcon_core.environment:create_file_with_runtime_dependencies(/home/nhodung/Documents/ros2_learn/example_for_github/create_type_2/install/test_interface/share/colcon-core/packages/test_interface)
[5.051s] Level 1:colcon.colcon_core.environment:create_environment_scripts_only(test_interface)
[5.051s] Level 1:colcon.colcon_core.environment:checking '/home/nhodung/Documents/ros2_learn/example_for_github/create_type_2/install/test_interface' for CMake module files
[5.051s] Level 1:colcon.colcon_core.environment:checking '/home/nhodung/Documents/ros2_learn/example_for_github/create_type_2/install/test_interface' for CMake config files
[5.051s] Level 1:colcon.colcon_core.shell:create_environment_hook('test_interface', 'cmake_prefix_path')
[5.052s] INFO:colcon.colcon_core.shell:Creating environment hook '/home/nhodung/Documents/ros2_learn/example_for_github/create_type_2/install/test_interface/share/test_interface/hook/cmake_prefix_path.ps1'
[5.052s] INFO:colcon.colcon_core.shell:Creating environment descriptor '/home/nhodung/Documents/ros2_learn/example_for_github/create_type_2/install/test_interface/share/test_interface/hook/cmake_prefix_path.dsv'
[5.052s] INFO:colcon.colcon_core.shell:Creating environment hook '/home/nhodung/Documents/ros2_learn/example_for_github/create_type_2/install/test_interface/share/test_interface/hook/cmake_prefix_path.sh'
[5.053s] Level 1:colcon.colcon_core.environment:checking '/home/nhodung/Documents/ros2_learn/example_for_github/create_type_2/install/test_interface/lib'
[5.053s] Level 1:colcon.colcon_core.environment:checking '/home/nhodung/Documents/ros2_learn/example_for_github/create_type_2/install/test_interface/bin'
[5.053s] Level 1:colcon.colcon_core.environment:checking '/home/nhodung/Documents/ros2_learn/example_for_github/create_type_2/install/test_interface/lib/pkgconfig/test_interface.pc'
[5.053s] Level 1:colcon.colcon_core.environment:checking '/home/nhodung/Documents/ros2_learn/example_for_github/create_type_2/install/test_interface/lib/python3.10/site-packages'
[5.053s] Level 1:colcon.colcon_core.environment:checking '/home/nhodung/Documents/ros2_learn/example_for_github/create_type_2/install/test_interface/bin'
[5.053s] INFO:colcon.colcon_core.shell:Creating package script '/home/nhodung/Documents/ros2_learn/example_for_github/create_type_2/install/test_interface/share/test_interface/package.ps1'
[5.054s] INFO:colcon.colcon_core.shell:Creating package descriptor '/home/nhodung/Documents/ros2_learn/example_for_github/create_type_2/install/test_interface/share/test_interface/package.dsv'
[5.054s] INFO:colcon.colcon_core.shell:Creating package script '/home/nhodung/Documents/ros2_learn/example_for_github/create_type_2/install/test_interface/share/test_interface/package.sh'
[5.055s] INFO:colcon.colcon_core.shell:Creating package script '/home/nhodung/Documents/ros2_learn/example_for_github/create_type_2/install/test_interface/share/test_interface/package.bash'
[5.055s] INFO:colcon.colcon_core.shell:Creating package script '/home/nhodung/Documents/ros2_learn/example_for_github/create_type_2/install/test_interface/share/test_interface/package.zsh'
[5.055s] Level 1:colcon.colcon_core.environment:create_file_with_runtime_dependencies(/home/nhodung/Documents/ros2_learn/example_for_github/create_type_2/install/test_interface/share/colcon-core/packages/test_interface)
[5.056s] DEBUG:colcon.colcon_parallel_executor.executor.parallel:closing loop
[5.056s] DEBUG:colcon.colcon_parallel_executor.executor.parallel:loop closed
[5.056s] DEBUG:colcon.colcon_parallel_executor.executor.parallel:run_until_complete finished with '0'
[5.056s] DEBUG:colcon.colcon_core.event_reactor:joining thread
[5.061s] INFO:colcon.colcon_core.plugin_system:Skipping extension 'colcon_notification.desktop_notification.terminal_notifier': Not used on non-Darwin systems
[5.061s] INFO:colcon.colcon_core.plugin_system:Skipping extension 'colcon_notification.desktop_notification.win32': Not used on non-Windows systems
[5.061s] INFO:colcon.colcon_notification.desktop_notification:Sending desktop notification using 'notify2'
[5.074s] DEBUG:colcon.colcon_core.event_reactor:joined thread
[5.075s] INFO:colcon.colcon_core.shell:Creating prefix script '/home/nhodung/Documents/ros2_learn/example_for_github/create_type_2/install/local_setup.ps1'
[5.077s] INFO:colcon.colcon_core.shell:Creating prefix util module '/home/nhodung/Documents/ros2_learn/example_for_github/create_type_2/install/_local_setup_util_ps1.py'
[5.079s] INFO:colcon.colcon_core.shell:Creating prefix chain script '/home/nhodung/Documents/ros2_learn/example_for_github/create_type_2/install/setup.ps1'
[5.080s] INFO:colcon.colcon_core.shell:Creating prefix script '/home/nhodung/Documents/ros2_learn/example_for_github/create_type_2/install/local_setup.sh'
[5.081s] INFO:colcon.colcon_core.shell:Creating prefix util module '/home/nhodung/Documents/ros2_learn/example_for_github/create_type_2/install/_local_setup_util_sh.py'
[5.081s] INFO:colcon.colcon_core.shell:Creating prefix chain script '/home/nhodung/Documents/ros2_learn/example_for_github/create_type_2/install/setup.sh'
[5.082s] INFO:colcon.colcon_core.shell:Creating prefix script '/home/nhodung/Documents/ros2_learn/example_for_github/create_type_2/install/local_setup.bash'
[5.083s] INFO:colcon.colcon_core.shell:Creating prefix chain script '/home/nhodung/Documents/ros2_learn/example_for_github/create_type_2/install/setup.bash'
[5.084s] INFO:colcon.colcon_core.shell:Creating prefix script '/home/nhodung/Documents/ros2_learn/example_for_github/create_type_2/install/local_setup.zsh'
[5.085s] INFO:colcon.colcon_core.shell:Creating prefix chain script '/home/nhodung/Documents/ros2_learn/example_for_github/create_type_2/install/setup.zsh'
