[0.095s] DEBUG:colcon:Command line arguments: ['/usr/bin/colcon', 'build']
[0.095s] DEBUG:colcon:Parsed command line arguments: Namespace(log_base=None, log_level=None, verb_name='build', build_base='build', install_base='install', merge_install=False, symlink_install=False, test_result_base=None, continue_on_error=False, executor='parallel', parallel_workers=12, event_handlers=None, ignore_user_meta=False, metas=['./colcon.meta'], base_paths=['.'], packages_ignore=None, packages_ignore_regex=None, paths=None, packages_up_to=None, packages_up_to_regex=None, packages_above=None, packages_above_and_dependencies=None, packages_above_depth=None, packages_select_by_dep=None, packages_skip_by_dep=None, packages_skip_up_to=None, packages_select_build_failed=False, packages_skip_build_finished=False, packages_select_test_failures=False, packages_skip_test_passed=False, packages_select=None, packages_skip=None, packages_select_regex=None, packages_skip_regex=None, packages_start=None, packages_end=None, allow_overriding=[], cmake_args=None, cmake_target=None, cmake_target_skip_unavailable=False, cmake_clean_cache=False, cmake_clean_first=False, cmake_force_configure=False, ament_cmake_args=None, catkin_cmake_args=None, catkin_skip_building_tests=False, verb_parser=<colcon_defaults.argument_parser.defaults.DefaultArgumentsDecorator object at 0x73b00334dd20>, verb_extension=<colcon_core.verb.build.BuildVerb object at 0x73b003432860>, main=<bound method BuildVerb.main of <colcon_core.verb.build.BuildVerb object at 0x73b003432860>>)
[0.240s] Level 1:colcon.colcon_core.package_discovery:discover_packages(colcon_meta) check parameters
[0.240s] Level 1:colcon.colcon_core.package_discovery:discover_packages(recursive) check parameters
[0.240s] Level 1:colcon.colcon_core.package_discovery:discover_packages(ignore) check parameters
[0.240s] Level 1:colcon.colcon_core.package_discovery:discover_packages(path) check parameters
[0.240s] Level 1:colcon.colcon_core.package_discovery:discover_packages(colcon_meta) discover
[0.240s] Level 1:colcon.colcon_core.package_discovery:discover_packages(recursive) discover
[0.240s] INFO:colcon.colcon_core.package_discovery:Crawling recursively for packages in '/home/nhodung/Documents/ROS 2 Projects Collection/create_simple_plugin_by_cpp'
[0.240s] Level 1:colcon.colcon_core.package_identification:_identify(.) by extensions ['ignore', 'ignore_ament_install']
[0.240s] Level 1:colcon.colcon_core.package_identification:_identify(.) by extension 'ignore'
[0.241s] Level 1:colcon.colcon_core.package_identification:_identify(.) by extension 'ignore_ament_install'
[0.241s] Level 1:colcon.colcon_core.package_identification:_identify(.) by extensions ['colcon_pkg']
[0.241s] Level 1:colcon.colcon_core.package_identification:_identify(.) by extension 'colcon_pkg'
[0.241s] Level 1:colcon.colcon_core.package_identification:_identify(.) by extensions ['colcon_meta']
[0.241s] Level 1:colcon.colcon_core.package_identification:_identify(.) by extension 'colcon_meta'
[0.241s] Level 1:colcon.colcon_core.package_identification:_identify(.) by extensions ['ros']
[0.241s] Level 1:colcon.colcon_core.package_identification:_identify(.) by extension 'ros'
[0.250s] Level 1:colcon.colcon_core.package_identification:_identify(.) by extensions ['cmake', 'python']
[0.250s] Level 1:colcon.colcon_core.package_identification:_identify(.) by extension 'cmake'
[0.250s] Level 1:colcon.colcon_core.package_identification:_identify(.) by extension 'python'
[0.250s] Level 1:colcon.colcon_core.package_identification:_identify(.) by extensions ['python_setup_py']
[0.250s] Level 1:colcon.colcon_core.package_identification:_identify(.) by extension 'python_setup_py'
[0.251s] Level 1:colcon.colcon_core.package_identification:_identify(build) by extensions ['ignore', 'ignore_ament_install']
[0.251s] Level 1:colcon.colcon_core.package_identification:_identify(build) by extension 'ignore'
[0.251s] Level 1:colcon.colcon_core.package_identification:_identify(build) ignored
[0.251s] Level 1:colcon.colcon_core.package_identification:_identify(install) by extensions ['ignore', 'ignore_ament_install']
[0.251s] Level 1:colcon.colcon_core.package_identification:_identify(install) by extension 'ignore'
[0.251s] Level 1:colcon.colcon_core.package_identification:_identify(install) ignored
[0.251s] Level 1:colcon.colcon_core.package_identification:_identify(log) by extensions ['ignore', 'ignore_ament_install']
[0.251s] Level 1:colcon.colcon_core.package_identification:_identify(log) by extension 'ignore'
[0.251s] Level 1:colcon.colcon_core.package_identification:_identify(log) ignored
[0.251s] Level 1:colcon.colcon_core.package_identification:_identify(src) by extensions ['ignore', 'ignore_ament_install']
[0.251s] Level 1:colcon.colcon_core.package_identification:_identify(src) by extension 'ignore'
[0.251s] Level 1:colcon.colcon_core.package_identification:_identify(src) by extension 'ignore_ament_install'
[0.251s] Level 1:colcon.colcon_core.package_identification:_identify(src) by extensions ['colcon_pkg']
[0.251s] Level 1:colcon.colcon_core.package_identification:_identify(src) by extension 'colcon_pkg'
[0.251s] Level 1:colcon.colcon_core.package_identification:_identify(src) by extensions ['colcon_meta']
[0.251s] Level 1:colcon.colcon_core.package_identification:_identify(src) by extension 'colcon_meta'
[0.251s] Level 1:colcon.colcon_core.package_identification:_identify(src) by extensions ['ros']
[0.251s] Level 1:colcon.colcon_core.package_identification:_identify(src) by extension 'ros'
[0.251s] Level 1:colcon.colcon_core.package_identification:_identify(src) by extensions ['cmake', 'python']
[0.251s] Level 1:colcon.colcon_core.package_identification:_identify(src) by extension 'cmake'
[0.252s] Level 1:colcon.colcon_core.package_identification:_identify(src) by extension 'python'
[0.252s] Level 1:colcon.colcon_core.package_identification:_identify(src) by extensions ['python_setup_py']
[0.252s] Level 1:colcon.colcon_core.package_identification:_identify(src) by extension 'python_setup_py'
[0.252s] Level 1:colcon.colcon_core.package_identification:_identify(src/polygon_base) by extensions ['ignore', 'ignore_ament_install']
[0.252s] Level 1:colcon.colcon_core.package_identification:_identify(src/polygon_base) by extension 'ignore'
[0.252s] Level 1:colcon.colcon_core.package_identification:_identify(src/polygon_base) by extension 'ignore_ament_install'
[0.252s] Level 1:colcon.colcon_core.package_identification:_identify(src/polygon_base) by extensions ['colcon_pkg']
[0.252s] Level 1:colcon.colcon_core.package_identification:_identify(src/polygon_base) by extension 'colcon_pkg'
[0.252s] Level 1:colcon.colcon_core.package_identification:_identify(src/polygon_base) by extensions ['colcon_meta']
[0.252s] Level 1:colcon.colcon_core.package_identification:_identify(src/polygon_base) by extension 'colcon_meta'
[0.252s] Level 1:colcon.colcon_core.package_identification:_identify(src/polygon_base) by extensions ['ros']
[0.252s] Level 1:colcon.colcon_core.package_identification:_identify(src/polygon_base) by extension 'ros'
[0.254s] DEBUG:colcon.colcon_core.package_identification:Package 'src/polygon_base' with type 'ros.ament_cmake' and name 'polygon_base'
[0.254s] Level 1:colcon.colcon_core.package_identification:_identify(src/polygon_plugins) by extensions ['ignore', 'ignore_ament_install']
[0.254s] Level 1:colcon.colcon_core.package_identification:_identify(src/polygon_plugins) by extension 'ignore'
[0.254s] Level 1:colcon.colcon_core.package_identification:_identify(src/polygon_plugins) by extension 'ignore_ament_install'
[0.254s] Level 1:colcon.colcon_core.package_identification:_identify(src/polygon_plugins) by extensions ['colcon_pkg']
[0.254s] Level 1:colcon.colcon_core.package_identification:_identify(src/polygon_plugins) by extension 'colcon_pkg'
[0.254s] Level 1:colcon.colcon_core.package_identification:_identify(src/polygon_plugins) by extensions ['colcon_meta']
[0.254s] Level 1:colcon.colcon_core.package_identification:_identify(src/polygon_plugins) by extension 'colcon_meta'
[0.254s] Level 1:colcon.colcon_core.package_identification:_identify(src/polygon_plugins) by extensions ['ros']
[0.254s] Level 1:colcon.colcon_core.package_identification:_identify(src/polygon_plugins) by extension 'ros'
[0.255s] DEBUG:colcon.colcon_core.package_identification:Package 'src/polygon_plugins' with type 'ros.ament_cmake' and name 'polygon_plugins'
[0.255s] Level 1:colcon.colcon_core.package_discovery:discover_packages(recursive) using defaults
[0.255s] Level 1:colcon.colcon_core.package_discovery:discover_packages(ignore) discover
[0.255s] Level 1:colcon.colcon_core.package_discovery:discover_packages(ignore) using defaults
[0.255s] Level 1:colcon.colcon_core.package_discovery:discover_packages(path) discover
[0.255s] Level 1:colcon.colcon_core.package_discovery:discover_packages(path) using defaults
[0.271s] Level 1:colcon.colcon_core.package_discovery:discover_packages(prefix_path) check parameters
[0.271s] Level 1:colcon.colcon_core.package_discovery:discover_packages(prefix_path) discover
[0.275s] DEBUG:colcon.colcon_installed_package_information.package_discovery:Found 378 installed packages in /opt/ros/humble
[0.282s] Level 1:colcon.colcon_core.package_discovery:discover_packages(prefix_path) using defaults
[0.323s] Level 5:colcon.colcon_core.verb:set package 'polygon_base' build argument 'cmake_args' from command line to 'None'
[0.323s] Level 5:colcon.colcon_core.verb:set package 'polygon_base' build argument 'cmake_target' from command line to 'None'
[0.323s] Level 5:colcon.colcon_core.verb:set package 'polygon_base' build argument 'cmake_target_skip_unavailable' from command line to 'False'
[0.323s] Level 5:colcon.colcon_core.verb:set package 'polygon_base' build argument 'cmake_clean_cache' from command line to 'False'
[0.323s] Level 5:colcon.colcon_core.verb:set package 'polygon_base' build argument 'cmake_clean_first' from command line to 'False'
[0.323s] Level 5:colcon.colcon_core.verb:set package 'polygon_base' build argument 'cmake_force_configure' from command line to 'False'
[0.323s] Level 5:colcon.colcon_core.verb:set package 'polygon_base' build argument 'ament_cmake_args' from command line to 'None'
[0.323s] Level 5:colcon.colcon_core.verb:set package 'polygon_base' build argument 'catkin_cmake_args' from command line to 'None'
[0.323s] Level 5:colcon.colcon_core.verb:set package 'polygon_base' build argument 'catkin_skip_building_tests' from command line to 'False'
[0.323s] DEBUG:colcon.colcon_core.verb:Building package 'polygon_base' with the following arguments: {'ament_cmake_args': None, 'build_base': '/home/nhodung/Documents/ROS 2 Projects Collection/create_simple_plugin_by_cpp/build/polygon_base', 'catkin_cmake_args': None, 'catkin_skip_building_tests': False, 'cmake_args': None, 'cmake_clean_cache': False, 'cmake_clean_first': False, 'cmake_force_configure': False, 'cmake_target': None, 'cmake_target_skip_unavailable': False, 'install_base': '/home/nhodung/Documents/ROS 2 Projects Collection/create_simple_plugin_by_cpp/install/polygon_base', 'merge_install': False, 'path': '/home/nhodung/Documents/ROS 2 Projects Collection/create_simple_plugin_by_cpp/src/polygon_base', 'symlink_install': False, 'test_result_base': None}
[0.324s] Level 5:colcon.colcon_core.verb:set package 'polygon_plugins' build argument 'cmake_args' from command line to 'None'
[0.324s] Level 5:colcon.colcon_core.verb:set package 'polygon_plugins' build argument 'cmake_target' from command line to 'None'
[0.324s] Level 5:colcon.colcon_core.verb:set package 'polygon_plugins' build argument 'cmake_target_skip_unavailable' from command line to 'False'
[0.324s] Level 5:colcon.colcon_core.verb:set package 'polygon_plugins' build argument 'cmake_clean_cache' from command line to 'False'
[0.324s] Level 5:colcon.colcon_core.verb:set package 'polygon_plugins' build argument 'cmake_clean_first' from command line to 'False'
[0.324s] Level 5:colcon.colcon_core.verb:set package 'polygon_plugins' build argument 'cmake_force_configure' from command line to 'False'
[0.324s] Level 5:colcon.colcon_core.verb:set package 'polygon_plugins' build argument 'ament_cmake_args' from command line to 'None'
[0.324s] Level 5:colcon.colcon_core.verb:set package 'polygon_plugins' build argument 'catkin_cmake_args' from command line to 'None'
[0.324s] Level 5:colcon.colcon_core.verb:set package 'polygon_plugins' build argument 'catkin_skip_building_tests' from command line to 'False'
[0.324s] DEBUG:colcon.colcon_core.verb:Building package 'polygon_plugins' with the following arguments: {'ament_cmake_args': None, 'build_base': '/home/nhodung/Documents/ROS 2 Projects Collection/create_simple_plugin_by_cpp/build/polygon_plugins', 'catkin_cmake_args': None, 'catkin_skip_building_tests': False, 'cmake_args': None, 'cmake_clean_cache': False, 'cmake_clean_first': False, 'cmake_force_configure': False, 'cmake_target': None, 'cmake_target_skip_unavailable': False, 'install_base': '/home/nhodung/Documents/ROS 2 Projects Collection/create_simple_plugin_by_cpp/install/polygon_plugins', 'merge_install': False, 'path': '/home/nhodung/Documents/ROS 2 Projects Collection/create_simple_plugin_by_cpp/src/polygon_plugins', 'symlink_install': False, 'test_result_base': None}
[0.324s] INFO:colcon.colcon_core.executor:Executing jobs using 'parallel' executor
[0.325s] DEBUG:colcon.colcon_parallel_executor.executor.parallel:run_until_complete
[0.325s] INFO:colcon.colcon_ros.task.ament_cmake.build:Building ROS package in '/home/nhodung/Documents/ROS 2 Projects Collection/create_simple_plugin_by_cpp/src/polygon_base' with build type 'ament_cmake'
[0.325s] INFO:colcon.colcon_cmake.task.cmake.build:Building CMake package in '/home/nhodung/Documents/ROS 2 Projects Collection/create_simple_plugin_by_cpp/src/polygon_base'
[0.328s] INFO:colcon.colcon_core.plugin_system:Skipping extension 'colcon_core.shell.bat': Not used on non-Windows systems
[0.328s] INFO:colcon.colcon_core.shell:Skip shell extension 'powershell' for command environment: Not usable outside of PowerShell
[0.328s] DEBUG:colcon.colcon_core.shell:Skip shell extension 'dsv' for command environment
[0.333s] DEBUG:colcon.colcon_core.event_handler.log_command:Invoking command in '/home/nhodung/Documents/ROS 2 Projects Collection/create_simple_plugin_by_cpp/build/polygon_base': CMAKE_PREFIX_PATH=/opt/ros/humble /usr/bin/cmake /home/nhodung/Documents/ROS 2 Projects Collection/create_simple_plugin_by_cpp/src/polygon_base -DCMAKE_INSTALL_PREFIX=/home/nhodung/Documents/ROS 2 Projects Collection/create_simple_plugin_by_cpp/install/polygon_base
[1.054s] DEBUG:colcon.colcon_core.event_handler.log_command:Invoked command in '/home/nhodung/Documents/ROS 2 Projects Collection/create_simple_plugin_by_cpp/build/polygon_base' returned '0': CMAKE_PREFIX_PATH=/opt/ros/humble /usr/bin/cmake /home/nhodung/Documents/ROS 2 Projects Collection/create_simple_plugin_by_cpp/src/polygon_base -DCMAKE_INSTALL_PREFIX=/home/nhodung/Documents/ROS 2 Projects Collection/create_simple_plugin_by_cpp/install/polygon_base
[1.056s] DEBUG:colcon.colcon_core.event_handler.log_command:Invoking command in '/home/nhodung/Documents/ROS 2 Projects Collection/create_simple_plugin_by_cpp/build/polygon_base': CMAKE_PREFIX_PATH=/opt/ros/humble /usr/bin/cmake --build /home/nhodung/Documents/ROS 2 Projects Collection/create_simple_plugin_by_cpp/build/polygon_base -- -j12 -l12
[3.758s] DEBUG:colcon.colcon_core.event_handler.log_command:Invoked command in '/home/nhodung/Documents/ROS 2 Projects Collection/create_simple_plugin_by_cpp/build/polygon_base' returned '0': CMAKE_PREFIX_PATH=/opt/ros/humble /usr/bin/cmake --build /home/nhodung/Documents/ROS 2 Projects Collection/create_simple_plugin_by_cpp/build/polygon_base -- -j12 -l12
[3.782s] DEBUG:colcon.colcon_core.event_handler.log_command:Invoking command in '/home/nhodung/Documents/ROS 2 Projects Collection/create_simple_plugin_by_cpp/build/polygon_base': CMAKE_PREFIX_PATH=/opt/ros/humble /usr/bin/cmake --install /home/nhodung/Documents/ROS 2 Projects Collection/create_simple_plugin_by_cpp/build/polygon_base
[3.792s] Level 1:colcon.colcon_core.environment:create_environment_scripts_only(polygon_base)
[3.792s] DEBUG:colcon.colcon_core.event_handler.log_command:Invoked command in '/home/nhodung/Documents/ROS 2 Projects Collection/create_simple_plugin_by_cpp/build/polygon_base' returned '0': CMAKE_PREFIX_PATH=/opt/ros/humble /usr/bin/cmake --install /home/nhodung/Documents/ROS 2 Projects Collection/create_simple_plugin_by_cpp/build/polygon_base
[3.795s] Level 1:colcon.colcon_core.environment:checking '/home/nhodung/Documents/ROS 2 Projects Collection/create_simple_plugin_by_cpp/install/polygon_base' for CMake module files
[3.796s] Level 1:colcon.colcon_core.environment:checking '/home/nhodung/Documents/ROS 2 Projects Collection/create_simple_plugin_by_cpp/install/polygon_base' for CMake config files
[3.796s] Level 1:colcon.colcon_core.shell:create_environment_hook('polygon_base', 'cmake_prefix_path')
[3.796s] INFO:colcon.colcon_core.shell:Creating environment hook '/home/nhodung/Documents/ROS 2 Projects Collection/create_simple_plugin_by_cpp/install/polygon_base/share/polygon_base/hook/cmake_prefix_path.ps1'
[3.797s] INFO:colcon.colcon_core.shell:Creating environment descriptor '/home/nhodung/Documents/ROS 2 Projects Collection/create_simple_plugin_by_cpp/install/polygon_base/share/polygon_base/hook/cmake_prefix_path.dsv'
[3.797s] INFO:colcon.colcon_core.shell:Creating environment hook '/home/nhodung/Documents/ROS 2 Projects Collection/create_simple_plugin_by_cpp/install/polygon_base/share/polygon_base/hook/cmake_prefix_path.sh'
[3.798s] Level 1:colcon.colcon_core.environment:checking '/home/nhodung/Documents/ROS 2 Projects Collection/create_simple_plugin_by_cpp/install/polygon_base/lib'
[3.798s] Level 1:colcon.colcon_core.environment:checking '/home/nhodung/Documents/ROS 2 Projects Collection/create_simple_plugin_by_cpp/install/polygon_base/bin'
[3.798s] Level 1:colcon.colcon_core.environment:checking '/home/nhodung/Documents/ROS 2 Projects Collection/create_simple_plugin_by_cpp/install/polygon_base/lib/pkgconfig/polygon_base.pc'
[3.798s] Level 1:colcon.colcon_core.environment:checking '/home/nhodung/Documents/ROS 2 Projects Collection/create_simple_plugin_by_cpp/install/polygon_base/lib/python3.10/site-packages'
[3.799s] Level 1:colcon.colcon_core.environment:checking '/home/nhodung/Documents/ROS 2 Projects Collection/create_simple_plugin_by_cpp/install/polygon_base/bin'
[3.799s] INFO:colcon.colcon_core.shell:Creating package script '/home/nhodung/Documents/ROS 2 Projects Collection/create_simple_plugin_by_cpp/install/polygon_base/share/polygon_base/package.ps1'
[3.799s] INFO:colcon.colcon_core.shell:Creating package descriptor '/home/nhodung/Documents/ROS 2 Projects Collection/create_simple_plugin_by_cpp/install/polygon_base/share/polygon_base/package.dsv'
[3.800s] INFO:colcon.colcon_core.shell:Creating package script '/home/nhodung/Documents/ROS 2 Projects Collection/create_simple_plugin_by_cpp/install/polygon_base/share/polygon_base/package.sh'
[3.800s] INFO:colcon.colcon_core.shell:Creating package script '/home/nhodung/Documents/ROS 2 Projects Collection/create_simple_plugin_by_cpp/install/polygon_base/share/polygon_base/package.bash'
[3.801s] INFO:colcon.colcon_core.shell:Creating package script '/home/nhodung/Documents/ROS 2 Projects Collection/create_simple_plugin_by_cpp/install/polygon_base/share/polygon_base/package.zsh'
[3.802s] Level 1:colcon.colcon_core.environment:create_file_with_runtime_dependencies(/home/nhodung/Documents/ROS 2 Projects Collection/create_simple_plugin_by_cpp/install/polygon_base/share/colcon-core/packages/polygon_base)
[3.818s] Level 1:colcon.colcon_core.environment:create_environment_scripts_only(polygon_base)
[3.818s] Level 1:colcon.colcon_core.environment:checking '/home/nhodung/Documents/ROS 2 Projects Collection/create_simple_plugin_by_cpp/install/polygon_base' for CMake module files
[3.819s] Level 1:colcon.colcon_core.environment:checking '/home/nhodung/Documents/ROS 2 Projects Collection/create_simple_plugin_by_cpp/install/polygon_base' for CMake config files
[3.819s] Level 1:colcon.colcon_core.shell:create_environment_hook('polygon_base', 'cmake_prefix_path')
[3.819s] INFO:colcon.colcon_core.shell:Creating environment hook '/home/nhodung/Documents/ROS 2 Projects Collection/create_simple_plugin_by_cpp/install/polygon_base/share/polygon_base/hook/cmake_prefix_path.ps1'
[3.819s] INFO:colcon.colcon_core.shell:Creating environment descriptor '/home/nhodung/Documents/ROS 2 Projects Collection/create_simple_plugin_by_cpp/install/polygon_base/share/polygon_base/hook/cmake_prefix_path.dsv'
[3.820s] INFO:colcon.colcon_core.shell:Creating environment hook '/home/nhodung/Documents/ROS 2 Projects Collection/create_simple_plugin_by_cpp/install/polygon_base/share/polygon_base/hook/cmake_prefix_path.sh'
[3.820s] Level 1:colcon.colcon_core.environment:checking '/home/nhodung/Documents/ROS 2 Projects Collection/create_simple_plugin_by_cpp/install/polygon_base/lib'
[3.820s] Level 1:colcon.colcon_core.environment:checking '/home/nhodung/Documents/ROS 2 Projects Collection/create_simple_plugin_by_cpp/install/polygon_base/bin'
[3.820s] Level 1:colcon.colcon_core.environment:checking '/home/nhodung/Documents/ROS 2 Projects Collection/create_simple_plugin_by_cpp/install/polygon_base/lib/pkgconfig/polygon_base.pc'
[3.820s] Level 1:colcon.colcon_core.environment:checking '/home/nhodung/Documents/ROS 2 Projects Collection/create_simple_plugin_by_cpp/install/polygon_base/lib/python3.10/site-packages'
[3.820s] Level 1:colcon.colcon_core.environment:checking '/home/nhodung/Documents/ROS 2 Projects Collection/create_simple_plugin_by_cpp/install/polygon_base/bin'
[3.821s] INFO:colcon.colcon_core.shell:Creating package script '/home/nhodung/Documents/ROS 2 Projects Collection/create_simple_plugin_by_cpp/install/polygon_base/share/polygon_base/package.ps1'
[3.821s] INFO:colcon.colcon_core.shell:Creating package descriptor '/home/nhodung/Documents/ROS 2 Projects Collection/create_simple_plugin_by_cpp/install/polygon_base/share/polygon_base/package.dsv'
[3.821s] INFO:colcon.colcon_core.shell:Creating package script '/home/nhodung/Documents/ROS 2 Projects Collection/create_simple_plugin_by_cpp/install/polygon_base/share/polygon_base/package.sh'
[3.822s] INFO:colcon.colcon_core.shell:Creating package script '/home/nhodung/Documents/ROS 2 Projects Collection/create_simple_plugin_by_cpp/install/polygon_base/share/polygon_base/package.bash'
[3.822s] INFO:colcon.colcon_core.shell:Creating package script '/home/nhodung/Documents/ROS 2 Projects Collection/create_simple_plugin_by_cpp/install/polygon_base/share/polygon_base/package.zsh'
[3.822s] Level 1:colcon.colcon_core.environment:create_file_with_runtime_dependencies(/home/nhodung/Documents/ROS 2 Projects Collection/create_simple_plugin_by_cpp/install/polygon_base/share/colcon-core/packages/polygon_base)
[3.822s] INFO:colcon.colcon_ros.task.ament_cmake.build:Building ROS package in '/home/nhodung/Documents/ROS 2 Projects Collection/create_simple_plugin_by_cpp/src/polygon_plugins' with build type 'ament_cmake'
[3.823s] INFO:colcon.colcon_cmake.task.cmake.build:Building CMake package in '/home/nhodung/Documents/ROS 2 Projects Collection/create_simple_plugin_by_cpp/src/polygon_plugins'
[3.823s] INFO:colcon.colcon_core.shell:Skip shell extension 'powershell' for command environment: Not usable outside of PowerShell
[3.823s] DEBUG:colcon.colcon_core.shell:Skip shell extension 'dsv' for command environment
[3.829s] DEBUG:colcon.colcon_core.event_handler.log_command:Invoking command in '/home/nhodung/Documents/ROS 2 Projects Collection/create_simple_plugin_by_cpp/build/polygon_plugins': AMENT_PREFIX_PATH=/home/nhodung/Documents/ROS 2 Projects Collection/create_simple_plugin_by_cpp/install/polygon_base:${AMENT_PREFIX_PATH} CMAKE_PREFIX_PATH=/home/nhodung/Documents/ROS 2 Projects Collection/create_simple_plugin_by_cpp/install/polygon_base:/opt/ros/humble /usr/bin/cmake /home/nhodung/Documents/ROS 2 Projects Collection/create_simple_plugin_by_cpp/src/polygon_plugins -DCMAKE_INSTALL_PREFIX=/home/nhodung/Documents/ROS 2 Projects Collection/create_simple_plugin_by_cpp/install/polygon_plugins
[4.401s] DEBUG:colcon.colcon_core.event_handler.log_command:Invoked command in '/home/nhodung/Documents/ROS 2 Projects Collection/create_simple_plugin_by_cpp/build/polygon_plugins' returned '0': AMENT_PREFIX_PATH=/home/nhodung/Documents/ROS 2 Projects Collection/create_simple_plugin_by_cpp/install/polygon_base:${AMENT_PREFIX_PATH} CMAKE_PREFIX_PATH=/home/nhodung/Documents/ROS 2 Projects Collection/create_simple_plugin_by_cpp/install/polygon_base:/opt/ros/humble /usr/bin/cmake /home/nhodung/Documents/ROS 2 Projects Collection/create_simple_plugin_by_cpp/src/polygon_plugins -DCMAKE_INSTALL_PREFIX=/home/nhodung/Documents/ROS 2 Projects Collection/create_simple_plugin_by_cpp/install/polygon_plugins
[4.402s] DEBUG:colcon.colcon_core.event_handler.log_command:Invoking command in '/home/nhodung/Documents/ROS 2 Projects Collection/create_simple_plugin_by_cpp/build/polygon_plugins': AMENT_PREFIX_PATH=/home/nhodung/Documents/ROS 2 Projects Collection/create_simple_plugin_by_cpp/install/polygon_base:${AMENT_PREFIX_PATH} CMAKE_PREFIX_PATH=/home/nhodung/Documents/ROS 2 Projects Collection/create_simple_plugin_by_cpp/install/polygon_base:/opt/ros/humble /usr/bin/cmake --build /home/nhodung/Documents/ROS 2 Projects Collection/create_simple_plugin_by_cpp/build/polygon_plugins -- -j12 -l12
[5.042s] DEBUG:colcon.colcon_core.event_handler.log_command:Invoked command in '/home/nhodung/Documents/ROS 2 Projects Collection/create_simple_plugin_by_cpp/build/polygon_plugins' returned '0': AMENT_PREFIX_PATH=/home/nhodung/Documents/ROS 2 Projects Collection/create_simple_plugin_by_cpp/install/polygon_base:${AMENT_PREFIX_PATH} CMAKE_PREFIX_PATH=/home/nhodung/Documents/ROS 2 Projects Collection/create_simple_plugin_by_cpp/install/polygon_base:/opt/ros/humble /usr/bin/cmake --build /home/nhodung/Documents/ROS 2 Projects Collection/create_simple_plugin_by_cpp/build/polygon_plugins -- -j12 -l12
[5.062s] DEBUG:colcon.colcon_core.event_handler.log_command:Invoking command in '/home/nhodung/Documents/ROS 2 Projects Collection/create_simple_plugin_by_cpp/build/polygon_plugins': AMENT_PREFIX_PATH=/home/nhodung/Documents/ROS 2 Projects Collection/create_simple_plugin_by_cpp/install/polygon_base:${AMENT_PREFIX_PATH} CMAKE_PREFIX_PATH=/home/nhodung/Documents/ROS 2 Projects Collection/create_simple_plugin_by_cpp/install/polygon_base:/opt/ros/humble /usr/bin/cmake --install /home/nhodung/Documents/ROS 2 Projects Collection/create_simple_plugin_by_cpp/build/polygon_plugins
[5.073s] Level 1:colcon.colcon_core.environment:create_environment_scripts_only(polygon_plugins)
[5.074s] Level 1:colcon.colcon_core.environment:checking '/home/nhodung/Documents/ROS 2 Projects Collection/create_simple_plugin_by_cpp/install/polygon_plugins' for CMake module files
[5.074s] DEBUG:colcon.colcon_core.event_handler.log_command:Invoked command in '/home/nhodung/Documents/ROS 2 Projects Collection/create_simple_plugin_by_cpp/build/polygon_plugins' returned '0': AMENT_PREFIX_PATH=/home/nhodung/Documents/ROS 2 Projects Collection/create_simple_plugin_by_cpp/install/polygon_base:${AMENT_PREFIX_PATH} CMAKE_PREFIX_PATH=/home/nhodung/Documents/ROS 2 Projects Collection/create_simple_plugin_by_cpp/install/polygon_base:/opt/ros/humble /usr/bin/cmake --install /home/nhodung/Documents/ROS 2 Projects Collection/create_simple_plugin_by_cpp/build/polygon_plugins
[5.075s] Level 1:colcon.colcon_core.environment:checking '/home/nhodung/Documents/ROS 2 Projects Collection/create_simple_plugin_by_cpp/install/polygon_plugins' for CMake config files
[5.075s] Level 1:colcon.colcon_core.shell:create_environment_hook('polygon_plugins', 'cmake_prefix_path')
[5.075s] INFO:colcon.colcon_core.shell:Creating environment hook '/home/nhodung/Documents/ROS 2 Projects Collection/create_simple_plugin_by_cpp/install/polygon_plugins/share/polygon_plugins/hook/cmake_prefix_path.ps1'
[5.075s] INFO:colcon.colcon_core.shell:Creating environment descriptor '/home/nhodung/Documents/ROS 2 Projects Collection/create_simple_plugin_by_cpp/install/polygon_plugins/share/polygon_plugins/hook/cmake_prefix_path.dsv'
[5.076s] INFO:colcon.colcon_core.shell:Creating environment hook '/home/nhodung/Documents/ROS 2 Projects Collection/create_simple_plugin_by_cpp/install/polygon_plugins/share/polygon_plugins/hook/cmake_prefix_path.sh'
[5.076s] Level 1:colcon.colcon_core.environment:checking '/home/nhodung/Documents/ROS 2 Projects Collection/create_simple_plugin_by_cpp/install/polygon_plugins/lib'
[5.076s] Level 1:colcon.colcon_core.shell:create_environment_hook('polygon_plugins', 'ld_library_path_lib')
[5.076s] INFO:colcon.colcon_core.shell:Creating environment hook '/home/nhodung/Documents/ROS 2 Projects Collection/create_simple_plugin_by_cpp/install/polygon_plugins/share/polygon_plugins/hook/ld_library_path_lib.ps1'
[5.077s] INFO:colcon.colcon_core.shell:Creating environment descriptor '/home/nhodung/Documents/ROS 2 Projects Collection/create_simple_plugin_by_cpp/install/polygon_plugins/share/polygon_plugins/hook/ld_library_path_lib.dsv'
[5.077s] INFO:colcon.colcon_core.shell:Creating environment hook '/home/nhodung/Documents/ROS 2 Projects Collection/create_simple_plugin_by_cpp/install/polygon_plugins/share/polygon_plugins/hook/ld_library_path_lib.sh'
[5.077s] Level 1:colcon.colcon_core.environment:checking '/home/nhodung/Documents/ROS 2 Projects Collection/create_simple_plugin_by_cpp/install/polygon_plugins/bin'
[5.077s] Level 1:colcon.colcon_core.environment:checking '/home/nhodung/Documents/ROS 2 Projects Collection/create_simple_plugin_by_cpp/install/polygon_plugins/lib/pkgconfig/polygon_plugins.pc'
[5.077s] Level 1:colcon.colcon_core.environment:checking '/home/nhodung/Documents/ROS 2 Projects Collection/create_simple_plugin_by_cpp/install/polygon_plugins/lib/python3.10/site-packages'
[5.077s] Level 1:colcon.colcon_core.environment:checking '/home/nhodung/Documents/ROS 2 Projects Collection/create_simple_plugin_by_cpp/install/polygon_plugins/bin'
[5.078s] INFO:colcon.colcon_core.shell:Creating package script '/home/nhodung/Documents/ROS 2 Projects Collection/create_simple_plugin_by_cpp/install/polygon_plugins/share/polygon_plugins/package.ps1'
[5.078s] INFO:colcon.colcon_core.shell:Creating package descriptor '/home/nhodung/Documents/ROS 2 Projects Collection/create_simple_plugin_by_cpp/install/polygon_plugins/share/polygon_plugins/package.dsv'
[5.078s] INFO:colcon.colcon_core.shell:Creating package script '/home/nhodung/Documents/ROS 2 Projects Collection/create_simple_plugin_by_cpp/install/polygon_plugins/share/polygon_plugins/package.sh'
[5.079s] INFO:colcon.colcon_core.shell:Creating package script '/home/nhodung/Documents/ROS 2 Projects Collection/create_simple_plugin_by_cpp/install/polygon_plugins/share/polygon_plugins/package.bash'
[5.079s] INFO:colcon.colcon_core.shell:Creating package script '/home/nhodung/Documents/ROS 2 Projects Collection/create_simple_plugin_by_cpp/install/polygon_plugins/share/polygon_plugins/package.zsh'
[5.079s] Level 1:colcon.colcon_core.environment:create_file_with_runtime_dependencies(/home/nhodung/Documents/ROS 2 Projects Collection/create_simple_plugin_by_cpp/install/polygon_plugins/share/colcon-core/packages/polygon_plugins)
[5.096s] Level 1:colcon.colcon_core.environment:create_environment_scripts_only(polygon_plugins)
[5.096s] Level 1:colcon.colcon_core.environment:checking '/home/nhodung/Documents/ROS 2 Projects Collection/create_simple_plugin_by_cpp/install/polygon_plugins' for CMake module files
[5.097s] Level 1:colcon.colcon_core.environment:checking '/home/nhodung/Documents/ROS 2 Projects Collection/create_simple_plugin_by_cpp/install/polygon_plugins' for CMake config files
[5.097s] Level 1:colcon.colcon_core.shell:create_environment_hook('polygon_plugins', 'cmake_prefix_path')
[5.097s] INFO:colcon.colcon_core.shell:Creating environment hook '/home/nhodung/Documents/ROS 2 Projects Collection/create_simple_plugin_by_cpp/install/polygon_plugins/share/polygon_plugins/hook/cmake_prefix_path.ps1'
[5.098s] INFO:colcon.colcon_core.shell:Creating environment descriptor '/home/nhodung/Documents/ROS 2 Projects Collection/create_simple_plugin_by_cpp/install/polygon_plugins/share/polygon_plugins/hook/cmake_prefix_path.dsv'
[5.099s] INFO:colcon.colcon_core.shell:Creating environment hook '/home/nhodung/Documents/ROS 2 Projects Collection/create_simple_plugin_by_cpp/install/polygon_plugins/share/polygon_plugins/hook/cmake_prefix_path.sh'
[5.099s] Level 1:colcon.colcon_core.environment:checking '/home/nhodung/Documents/ROS 2 Projects Collection/create_simple_plugin_by_cpp/install/polygon_plugins/lib'
[5.099s] Level 1:colcon.colcon_core.shell:create_environment_hook('polygon_plugins', 'ld_library_path_lib')
[5.100s] INFO:colcon.colcon_core.shell:Creating environment hook '/home/nhodung/Documents/ROS 2 Projects Collection/create_simple_plugin_by_cpp/install/polygon_plugins/share/polygon_plugins/hook/ld_library_path_lib.ps1'
[5.100s] INFO:colcon.colcon_core.shell:Creating environment descriptor '/home/nhodung/Documents/ROS 2 Projects Collection/create_simple_plugin_by_cpp/install/polygon_plugins/share/polygon_plugins/hook/ld_library_path_lib.dsv'
[5.100s] INFO:colcon.colcon_core.shell:Creating environment hook '/home/nhodung/Documents/ROS 2 Projects Collection/create_simple_plugin_by_cpp/install/polygon_plugins/share/polygon_plugins/hook/ld_library_path_lib.sh'
[5.101s] Level 1:colcon.colcon_core.environment:checking '/home/nhodung/Documents/ROS 2 Projects Collection/create_simple_plugin_by_cpp/install/polygon_plugins/bin'
[5.101s] Level 1:colcon.colcon_core.environment:checking '/home/nhodung/Documents/ROS 2 Projects Collection/create_simple_plugin_by_cpp/install/polygon_plugins/lib/pkgconfig/polygon_plugins.pc'
[5.101s] Level 1:colcon.colcon_core.environment:checking '/home/nhodung/Documents/ROS 2 Projects Collection/create_simple_plugin_by_cpp/install/polygon_plugins/lib/python3.10/site-packages'
[5.101s] Level 1:colcon.colcon_core.environment:checking '/home/nhodung/Documents/ROS 2 Projects Collection/create_simple_plugin_by_cpp/install/polygon_plugins/bin'
[5.101s] INFO:colcon.colcon_core.shell:Creating package script '/home/nhodung/Documents/ROS 2 Projects Collection/create_simple_plugin_by_cpp/install/polygon_plugins/share/polygon_plugins/package.ps1'
[5.102s] INFO:colcon.colcon_core.shell:Creating package descriptor '/home/nhodung/Documents/ROS 2 Projects Collection/create_simple_plugin_by_cpp/install/polygon_plugins/share/polygon_plugins/package.dsv'
[5.102s] INFO:colcon.colcon_core.shell:Creating package script '/home/nhodung/Documents/ROS 2 Projects Collection/create_simple_plugin_by_cpp/install/polygon_plugins/share/polygon_plugins/package.sh'
[5.103s] INFO:colcon.colcon_core.shell:Creating package script '/home/nhodung/Documents/ROS 2 Projects Collection/create_simple_plugin_by_cpp/install/polygon_plugins/share/polygon_plugins/package.bash'
[5.103s] INFO:colcon.colcon_core.shell:Creating package script '/home/nhodung/Documents/ROS 2 Projects Collection/create_simple_plugin_by_cpp/install/polygon_plugins/share/polygon_plugins/package.zsh'
[5.104s] Level 1:colcon.colcon_core.environment:create_file_with_runtime_dependencies(/home/nhodung/Documents/ROS 2 Projects Collection/create_simple_plugin_by_cpp/install/polygon_plugins/share/colcon-core/packages/polygon_plugins)
[5.104s] DEBUG:colcon.colcon_parallel_executor.executor.parallel:closing loop
[5.104s] DEBUG:colcon.colcon_parallel_executor.executor.parallel:loop closed
[5.105s] DEBUG:colcon.colcon_parallel_executor.executor.parallel:run_until_complete finished with '0'
[5.105s] DEBUG:colcon.colcon_core.event_reactor:joining thread
[5.110s] INFO:colcon.colcon_core.plugin_system:Skipping extension 'colcon_notification.desktop_notification.terminal_notifier': Not used on non-Darwin systems
[5.110s] INFO:colcon.colcon_core.plugin_system:Skipping extension 'colcon_notification.desktop_notification.win32': Not used on non-Windows systems
[5.110s] INFO:colcon.colcon_notification.desktop_notification:Sending desktop notification using 'notify2'
[5.124s] DEBUG:colcon.colcon_core.event_reactor:joined thread
[5.124s] INFO:colcon.colcon_core.shell:Creating prefix script '/home/nhodung/Documents/ROS 2 Projects Collection/create_simple_plugin_by_cpp/install/local_setup.ps1'
[5.125s] INFO:colcon.colcon_core.shell:Creating prefix util module '/home/nhodung/Documents/ROS 2 Projects Collection/create_simple_plugin_by_cpp/install/_local_setup_util_ps1.py'
[5.127s] INFO:colcon.colcon_core.shell:Creating prefix chain script '/home/nhodung/Documents/ROS 2 Projects Collection/create_simple_plugin_by_cpp/install/setup.ps1'
[5.128s] INFO:colcon.colcon_core.shell:Creating prefix script '/home/nhodung/Documents/ROS 2 Projects Collection/create_simple_plugin_by_cpp/install/local_setup.sh'
[5.129s] INFO:colcon.colcon_core.shell:Creating prefix util module '/home/nhodung/Documents/ROS 2 Projects Collection/create_simple_plugin_by_cpp/install/_local_setup_util_sh.py'
[5.129s] INFO:colcon.colcon_core.shell:Creating prefix chain script '/home/nhodung/Documents/ROS 2 Projects Collection/create_simple_plugin_by_cpp/install/setup.sh'
[5.130s] INFO:colcon.colcon_core.shell:Creating prefix script '/home/nhodung/Documents/ROS 2 Projects Collection/create_simple_plugin_by_cpp/install/local_setup.bash'
[5.130s] INFO:colcon.colcon_core.shell:Creating prefix chain script '/home/nhodung/Documents/ROS 2 Projects Collection/create_simple_plugin_by_cpp/install/setup.bash'
[5.132s] INFO:colcon.colcon_core.shell:Creating prefix script '/home/nhodung/Documents/ROS 2 Projects Collection/create_simple_plugin_by_cpp/install/local_setup.zsh'
[5.132s] INFO:colcon.colcon_core.shell:Creating prefix chain script '/home/nhodung/Documents/ROS 2 Projects Collection/create_simple_plugin_by_cpp/install/setup.zsh'
