[0.081s] DEBUG:colcon:Command line arguments: ['/usr/bin/colcon', 'build']
[0.081s] DEBUG:colcon:Parsed command line arguments: Namespace(log_base=None, log_level=None, verb_name='build', build_base='build', install_base='install', merge_install=False, symlink_install=False, test_result_base=None, continue_on_error=False, executor='parallel', parallel_workers=12, event_handlers=None, ignore_user_meta=False, metas=['./colcon.meta'], base_paths=['.'], packages_ignore=None, packages_ignore_regex=None, paths=None, packages_up_to=None, packages_up_to_regex=None, packages_above=None, packages_above_and_dependencies=None, packages_above_depth=None, packages_select_by_dep=None, packages_skip_by_dep=None, packages_skip_up_to=None, packages_select_build_failed=False, packages_skip_build_finished=False, packages_select_test_failures=False, packages_skip_test_passed=False, packages_select=None, packages_skip=None, packages_select_regex=None, packages_skip_regex=None, packages_start=None, packages_end=None, allow_overriding=[], cmake_args=None, cmake_target=None, cmake_target_skip_unavailable=False, cmake_clean_cache=False, cmake_clean_first=False, cmake_force_configure=False, ament_cmake_args=None, catkin_cmake_args=None, catkin_skip_building_tests=False, verb_parser=<colcon_defaults.argument_parser.defaults.DefaultArgumentsDecorator object at 0x7058aecfe6b0>, verb_extension=<colcon_core.verb.build.BuildVerb object at 0x7058aecfe260>, main=<bound method BuildVerb.main of <colcon_core.verb.build.BuildVerb object at 0x7058aecfe260>>)
[0.230s] Level 1:colcon.colcon_core.package_discovery:discover_packages(colcon_meta) check parameters
[0.230s] Level 1:colcon.colcon_core.package_discovery:discover_packages(recursive) check parameters
[0.230s] Level 1:colcon.colcon_core.package_discovery:discover_packages(ignore) check parameters
[0.230s] Level 1:colcon.colcon_core.package_discovery:discover_packages(path) check parameters
[0.230s] Level 1:colcon.colcon_core.package_discovery:discover_packages(colcon_meta) discover
[0.230s] Level 1:colcon.colcon_core.package_discovery:discover_packages(recursive) discover
[0.230s] INFO:colcon.colcon_core.package_discovery:Crawling recursively for packages in '/home/nhodung/Documents/ros2_learn/example_for_github/create_type'
[0.230s] Level 1:colcon.colcon_core.package_identification:_identify(.) by extensions ['ignore', 'ignore_ament_install']
[0.230s] Level 1:colcon.colcon_core.package_identification:_identify(.) by extension 'ignore'
[0.230s] Level 1:colcon.colcon_core.package_identification:_identify(.) by extension 'ignore_ament_install'
[0.231s] Level 1:colcon.colcon_core.package_identification:_identify(.) by extensions ['colcon_pkg']
[0.231s] Level 1:colcon.colcon_core.package_identification:_identify(.) by extension 'colcon_pkg'
[0.231s] Level 1:colcon.colcon_core.package_identification:_identify(.) by extensions ['colcon_meta']
[0.231s] Level 1:colcon.colcon_core.package_identification:_identify(.) by extension 'colcon_meta'
[0.231s] Level 1:colcon.colcon_core.package_identification:_identify(.) by extensions ['ros']
[0.231s] Level 1:colcon.colcon_core.package_identification:_identify(.) by extension 'ros'
[0.239s] Level 1:colcon.colcon_core.package_identification:_identify(.) by extensions ['cmake', 'python']
[0.239s] Level 1:colcon.colcon_core.package_identification:_identify(.) by extension 'cmake'
[0.239s] Level 1:colcon.colcon_core.package_identification:_identify(.) by extension 'python'
[0.239s] Level 1:colcon.colcon_core.package_identification:_identify(.) by extensions ['python_setup_py']
[0.239s] Level 1:colcon.colcon_core.package_identification:_identify(.) by extension 'python_setup_py'
[0.239s] Level 1:colcon.colcon_core.package_identification:_identify(build) by extensions ['ignore', 'ignore_ament_install']
[0.239s] Level 1:colcon.colcon_core.package_identification:_identify(build) by extension 'ignore'
[0.239s] Level 1:colcon.colcon_core.package_identification:_identify(build) ignored
[0.240s] Level 1:colcon.colcon_core.package_identification:_identify(install) by extensions ['ignore', 'ignore_ament_install']
[0.240s] Level 1:colcon.colcon_core.package_identification:_identify(install) by extension 'ignore'
[0.240s] Level 1:colcon.colcon_core.package_identification:_identify(install) ignored
[0.240s] Level 1:colcon.colcon_core.package_identification:_identify(log) by extensions ['ignore', 'ignore_ament_install']
[0.240s] Level 1:colcon.colcon_core.package_identification:_identify(log) by extension 'ignore'
[0.240s] Level 1:colcon.colcon_core.package_identification:_identify(log) ignored
[0.240s] Level 1:colcon.colcon_core.package_identification:_identify(src) by extensions ['ignore', 'ignore_ament_install']
[0.240s] Level 1:colcon.colcon_core.package_identification:_identify(src) by extension 'ignore'
[0.240s] Level 1:colcon.colcon_core.package_identification:_identify(src) by extension 'ignore_ament_install'
[0.240s] Level 1:colcon.colcon_core.package_identification:_identify(src) by extensions ['colcon_pkg']
[0.240s] Level 1:colcon.colcon_core.package_identification:_identify(src) by extension 'colcon_pkg'
[0.240s] Level 1:colcon.colcon_core.package_identification:_identify(src) by extensions ['colcon_meta']
[0.240s] Level 1:colcon.colcon_core.package_identification:_identify(src) by extension 'colcon_meta'
[0.240s] Level 1:colcon.colcon_core.package_identification:_identify(src) by extensions ['ros']
[0.240s] Level 1:colcon.colcon_core.package_identification:_identify(src) by extension 'ros'
[0.240s] Level 1:colcon.colcon_core.package_identification:_identify(src) by extensions ['cmake', 'python']
[0.240s] Level 1:colcon.colcon_core.package_identification:_identify(src) by extension 'cmake'
[0.240s] Level 1:colcon.colcon_core.package_identification:_identify(src) by extension 'python'
[0.240s] Level 1:colcon.colcon_core.package_identification:_identify(src) by extensions ['python_setup_py']
[0.240s] Level 1:colcon.colcon_core.package_identification:_identify(src) by extension 'python_setup_py'
[0.240s] Level 1:colcon.colcon_core.package_identification:_identify(src/create_msgs) by extensions ['ignore', 'ignore_ament_install']
[0.241s] Level 1:colcon.colcon_core.package_identification:_identify(src/create_msgs) by extension 'ignore'
[0.241s] Level 1:colcon.colcon_core.package_identification:_identify(src/create_msgs) by extension 'ignore_ament_install'
[0.241s] Level 1:colcon.colcon_core.package_identification:_identify(src/create_msgs) by extensions ['colcon_pkg']
[0.241s] Level 1:colcon.colcon_core.package_identification:_identify(src/create_msgs) by extension 'colcon_pkg'
[0.241s] Level 1:colcon.colcon_core.package_identification:_identify(src/create_msgs) by extensions ['colcon_meta']
[0.241s] Level 1:colcon.colcon_core.package_identification:_identify(src/create_msgs) by extension 'colcon_meta'
[0.241s] Level 1:colcon.colcon_core.package_identification:_identify(src/create_msgs) by extensions ['ros']
[0.241s] Level 1:colcon.colcon_core.package_identification:_identify(src/create_msgs) by extension 'ros'
[0.243s] DEBUG:colcon.colcon_core.package_identification:Package 'src/create_msgs' with type 'ros.ament_cmake' and name 'create_msgs'
[0.243s] Level 1:colcon.colcon_core.package_discovery:discover_packages(recursive) using defaults
[0.243s] Level 1:colcon.colcon_core.package_discovery:discover_packages(ignore) discover
[0.243s] Level 1:colcon.colcon_core.package_discovery:discover_packages(ignore) using defaults
[0.243s] Level 1:colcon.colcon_core.package_discovery:discover_packages(path) discover
[0.243s] Level 1:colcon.colcon_core.package_discovery:discover_packages(path) using defaults
[0.263s] Level 1:colcon.colcon_core.package_discovery:discover_packages(prefix_path) check parameters
[0.263s] Level 1:colcon.colcon_core.package_discovery:discover_packages(prefix_path) discover
[0.264s] WARNING:colcon.colcon_ros.prefix_path.ament:The path '/home/nhodung/Documents/ros2_learn/example_for_github/create_type/install/example_interfaces' in the environment variable AMENT_PREFIX_PATH doesn't exist
[0.264s] WARNING:colcon.colcon_ros.prefix_path.catkin:The path '/home/nhodung/Documents/ros2_learn/example_for_github/create_type/install/example_interfaces' in the environment variable CMAKE_PREFIX_PATH doesn't exist
[0.265s] DEBUG:colcon.colcon_installed_package_information.package_discovery:Found 1 installed packages in /home/nhodung/Documents/ros2_learn/example_for_github/create_type/install
[0.266s] DEBUG:colcon.colcon_installed_package_information.package_discovery:Found 378 installed packages in /opt/ros/humble
[0.267s] Level 1:colcon.colcon_core.package_discovery:discover_packages(prefix_path) using defaults
[0.308s] Level 5:colcon.colcon_core.verb:set package 'create_msgs' build argument 'cmake_args' from command line to 'None'
[0.308s] Level 5:colcon.colcon_core.verb:set package 'create_msgs' build argument 'cmake_target' from command line to 'None'
[0.308s] Level 5:colcon.colcon_core.verb:set package 'create_msgs' build argument 'cmake_target_skip_unavailable' from command line to 'False'
[0.308s] Level 5:colcon.colcon_core.verb:set package 'create_msgs' build argument 'cmake_clean_cache' from command line to 'False'
[0.308s] Level 5:colcon.colcon_core.verb:set package 'create_msgs' build argument 'cmake_clean_first' from command line to 'False'
[0.308s] Level 5:colcon.colcon_core.verb:set package 'create_msgs' build argument 'cmake_force_configure' from command line to 'False'
[0.308s] Level 5:colcon.colcon_core.verb:set package 'create_msgs' build argument 'ament_cmake_args' from command line to 'None'
[0.308s] Level 5:colcon.colcon_core.verb:set package 'create_msgs' build argument 'catkin_cmake_args' from command line to 'None'
[0.309s] Level 5:colcon.colcon_core.verb:set package 'create_msgs' build argument 'catkin_skip_building_tests' from command line to 'False'
[0.309s] DEBUG:colcon.colcon_core.verb:Building package 'create_msgs' with the following arguments: {'ament_cmake_args': None, 'build_base': '/home/nhodung/Documents/ros2_learn/example_for_github/create_type/build/create_msgs', 'catkin_cmake_args': None, 'catkin_skip_building_tests': False, 'cmake_args': None, 'cmake_clean_cache': False, 'cmake_clean_first': False, 'cmake_force_configure': False, 'cmake_target': None, 'cmake_target_skip_unavailable': False, 'install_base': '/home/nhodung/Documents/ros2_learn/example_for_github/create_type/install/create_msgs', 'merge_install': False, 'path': '/home/nhodung/Documents/ros2_learn/example_for_github/create_type/src/create_msgs', 'symlink_install': False, 'test_result_base': None}
[0.309s] INFO:colcon.colcon_core.executor:Executing jobs using 'parallel' executor
[0.309s] DEBUG:colcon.colcon_parallel_executor.executor.parallel:run_until_complete
[0.310s] INFO:colcon.colcon_ros.task.ament_cmake.build:Building ROS package in '/home/nhodung/Documents/ros2_learn/example_for_github/create_type/src/create_msgs' with build type 'ament_cmake'
[0.310s] INFO:colcon.colcon_cmake.task.cmake.build:Building CMake package in '/home/nhodung/Documents/ros2_learn/example_for_github/create_type/src/create_msgs'
[0.311s] INFO:colcon.colcon_core.plugin_system:Skipping extension 'colcon_core.shell.bat': Not used on non-Windows systems
[0.311s] INFO:colcon.colcon_core.shell:Skip shell extension 'powershell' for command environment: Not usable outside of PowerShell
[0.311s] DEBUG:colcon.colcon_core.shell:Skip shell extension 'dsv' for command environment
[0.321s] DEBUG:colcon.colcon_core.event_handler.log_command:Invoking command in '/home/nhodung/Documents/ros2_learn/example_for_github/create_type/build/create_msgs': CMAKE_PREFIX_PATH=${CMAKE_PREFIX_PATH}:/opt/ros/humble /usr/bin/cmake /home/nhodung/Documents/ros2_learn/example_for_github/create_type/src/create_msgs -DCMAKE_INSTALL_PREFIX=/home/nhodung/Documents/ros2_learn/example_for_github/create_type/install/create_msgs
[1.332s] DEBUG:colcon.colcon_core.event_handler.log_command:Invoked command in '/home/nhodung/Documents/ros2_learn/example_for_github/create_type/build/create_msgs' returned '0': CMAKE_PREFIX_PATH=${CMAKE_PREFIX_PATH}:/opt/ros/humble /usr/bin/cmake /home/nhodung/Documents/ros2_learn/example_for_github/create_type/src/create_msgs -DCMAKE_INSTALL_PREFIX=/home/nhodung/Documents/ros2_learn/example_for_github/create_type/install/create_msgs
[1.333s] DEBUG:colcon.colcon_core.event_handler.log_command:Invoking command in '/home/nhodung/Documents/ros2_learn/example_for_github/create_type/build/create_msgs': CMAKE_PREFIX_PATH=${CMAKE_PREFIX_PATH}:/opt/ros/humble /usr/bin/cmake --build /home/nhodung/Documents/ros2_learn/example_for_github/create_type/build/create_msgs -- -j12 -l12
[1.660s] DEBUG:colcon.colcon_core.event_handler.log_command:Invoked command in '/home/nhodung/Documents/ros2_learn/example_for_github/create_type/build/create_msgs' returned '0': CMAKE_PREFIX_PATH=${CMAKE_PREFIX_PATH}:/opt/ros/humble /usr/bin/cmake --build /home/nhodung/Documents/ros2_learn/example_for_github/create_type/build/create_msgs -- -j12 -l12
[1.738s] DEBUG:colcon.colcon_core.event_handler.log_command:Invoking command in '/home/nhodung/Documents/ros2_learn/example_for_github/create_type/build/create_msgs': CMAKE_PREFIX_PATH=${CMAKE_PREFIX_PATH}:/opt/ros/humble /usr/bin/cmake --install /home/nhodung/Documents/ros2_learn/example_for_github/create_type/build/create_msgs
[1.800s] Level 1:colcon.colcon_core.environment:create_environment_scripts_only(create_msgs)
[1.801s] DEBUG:colcon.colcon_core.event_handler.log_command:Invoked command in '/home/nhodung/Documents/ros2_learn/example_for_github/create_type/build/create_msgs' returned '0': CMAKE_PREFIX_PATH=${CMAKE_PREFIX_PATH}:/opt/ros/humble /usr/bin/cmake --install /home/nhodung/Documents/ros2_learn/example_for_github/create_type/build/create_msgs
[1.802s] Level 1:colcon.colcon_core.environment:checking '/home/nhodung/Documents/ros2_learn/example_for_github/create_type/install/create_msgs' for CMake module files
[1.803s] Level 1:colcon.colcon_core.environment:checking '/home/nhodung/Documents/ros2_learn/example_for_github/create_type/install/create_msgs' for CMake config files
[1.803s] Level 1:colcon.colcon_core.shell:create_environment_hook('create_msgs', 'cmake_prefix_path')
[1.804s] INFO:colcon.colcon_core.shell:Creating environment hook '/home/nhodung/Documents/ros2_learn/example_for_github/create_type/install/create_msgs/share/create_msgs/hook/cmake_prefix_path.ps1'
[1.804s] INFO:colcon.colcon_core.shell:Creating environment descriptor '/home/nhodung/Documents/ros2_learn/example_for_github/create_type/install/create_msgs/share/create_msgs/hook/cmake_prefix_path.dsv'
[1.804s] INFO:colcon.colcon_core.shell:Creating environment hook '/home/nhodung/Documents/ros2_learn/example_for_github/create_type/install/create_msgs/share/create_msgs/hook/cmake_prefix_path.sh'
[1.805s] Level 1:colcon.colcon_core.environment:checking '/home/nhodung/Documents/ros2_learn/example_for_github/create_type/install/create_msgs/lib'
[1.805s] Level 1:colcon.colcon_core.shell:create_environment_hook('create_msgs', 'ld_library_path_lib')
[1.805s] INFO:colcon.colcon_core.shell:Creating environment hook '/home/nhodung/Documents/ros2_learn/example_for_github/create_type/install/create_msgs/share/create_msgs/hook/ld_library_path_lib.ps1'
[1.806s] INFO:colcon.colcon_core.shell:Creating environment descriptor '/home/nhodung/Documents/ros2_learn/example_for_github/create_type/install/create_msgs/share/create_msgs/hook/ld_library_path_lib.dsv'
[1.806s] INFO:colcon.colcon_core.shell:Creating environment hook '/home/nhodung/Documents/ros2_learn/example_for_github/create_type/install/create_msgs/share/create_msgs/hook/ld_library_path_lib.sh'
[1.806s] Level 1:colcon.colcon_core.environment:checking '/home/nhodung/Documents/ros2_learn/example_for_github/create_type/install/create_msgs/bin'
[1.806s] Level 1:colcon.colcon_core.environment:checking '/home/nhodung/Documents/ros2_learn/example_for_github/create_type/install/create_msgs/lib/pkgconfig/create_msgs.pc'
[1.807s] Level 1:colcon.colcon_core.environment:checking '/home/nhodung/Documents/ros2_learn/example_for_github/create_type/install/create_msgs/lib/python3.10/site-packages'
[1.807s] Level 1:colcon.colcon_core.environment:checking '/home/nhodung/Documents/ros2_learn/example_for_github/create_type/install/create_msgs/bin'
[1.807s] INFO:colcon.colcon_core.shell:Creating package script '/home/nhodung/Documents/ros2_learn/example_for_github/create_type/install/create_msgs/share/create_msgs/package.ps1'
[1.808s] INFO:colcon.colcon_core.shell:Creating package descriptor '/home/nhodung/Documents/ros2_learn/example_for_github/create_type/install/create_msgs/share/create_msgs/package.dsv'
[1.808s] INFO:colcon.colcon_core.shell:Creating package script '/home/nhodung/Documents/ros2_learn/example_for_github/create_type/install/create_msgs/share/create_msgs/package.sh'
[1.809s] INFO:colcon.colcon_core.shell:Creating package script '/home/nhodung/Documents/ros2_learn/example_for_github/create_type/install/create_msgs/share/create_msgs/package.bash'
[1.810s] INFO:colcon.colcon_core.shell:Creating package script '/home/nhodung/Documents/ros2_learn/example_for_github/create_type/install/create_msgs/share/create_msgs/package.zsh'
[1.810s] Level 1:colcon.colcon_core.environment:create_file_with_runtime_dependencies(/home/nhodung/Documents/ros2_learn/example_for_github/create_type/install/create_msgs/share/colcon-core/packages/create_msgs)
[1.882s] Level 1:colcon.colcon_core.environment:create_environment_scripts_only(create_msgs)
[1.882s] Level 1:colcon.colcon_core.environment:checking '/home/nhodung/Documents/ros2_learn/example_for_github/create_type/install/create_msgs' for CMake module files
[1.882s] Level 1:colcon.colcon_core.environment:checking '/home/nhodung/Documents/ros2_learn/example_for_github/create_type/install/create_msgs' for CMake config files
[1.883s] Level 1:colcon.colcon_core.shell:create_environment_hook('create_msgs', 'cmake_prefix_path')
[1.883s] INFO:colcon.colcon_core.shell:Creating environment hook '/home/nhodung/Documents/ros2_learn/example_for_github/create_type/install/create_msgs/share/create_msgs/hook/cmake_prefix_path.ps1'
[1.884s] INFO:colcon.colcon_core.shell:Creating environment descriptor '/home/nhodung/Documents/ros2_learn/example_for_github/create_type/install/create_msgs/share/create_msgs/hook/cmake_prefix_path.dsv'
[1.884s] INFO:colcon.colcon_core.shell:Creating environment hook '/home/nhodung/Documents/ros2_learn/example_for_github/create_type/install/create_msgs/share/create_msgs/hook/cmake_prefix_path.sh'
[1.884s] Level 1:colcon.colcon_core.environment:checking '/home/nhodung/Documents/ros2_learn/example_for_github/create_type/install/create_msgs/lib'
[1.885s] Level 1:colcon.colcon_core.shell:create_environment_hook('create_msgs', 'ld_library_path_lib')
[1.885s] INFO:colcon.colcon_core.shell:Creating environment hook '/home/nhodung/Documents/ros2_learn/example_for_github/create_type/install/create_msgs/share/create_msgs/hook/ld_library_path_lib.ps1'
[1.885s] INFO:colcon.colcon_core.shell:Creating environment descriptor '/home/nhodung/Documents/ros2_learn/example_for_github/create_type/install/create_msgs/share/create_msgs/hook/ld_library_path_lib.dsv'
[1.885s] INFO:colcon.colcon_core.shell:Creating environment hook '/home/nhodung/Documents/ros2_learn/example_for_github/create_type/install/create_msgs/share/create_msgs/hook/ld_library_path_lib.sh'
[1.886s] Level 1:colcon.colcon_core.environment:checking '/home/nhodung/Documents/ros2_learn/example_for_github/create_type/install/create_msgs/bin'
[1.886s] Level 1:colcon.colcon_core.environment:checking '/home/nhodung/Documents/ros2_learn/example_for_github/create_type/install/create_msgs/lib/pkgconfig/create_msgs.pc'
[1.886s] Level 1:colcon.colcon_core.environment:checking '/home/nhodung/Documents/ros2_learn/example_for_github/create_type/install/create_msgs/lib/python3.10/site-packages'
[1.886s] Level 1:colcon.colcon_core.environment:checking '/home/nhodung/Documents/ros2_learn/example_for_github/create_type/install/create_msgs/bin'
[1.887s] INFO:colcon.colcon_core.shell:Creating package script '/home/nhodung/Documents/ros2_learn/example_for_github/create_type/install/create_msgs/share/create_msgs/package.ps1'
[1.887s] INFO:colcon.colcon_core.shell:Creating package descriptor '/home/nhodung/Documents/ros2_learn/example_for_github/create_type/install/create_msgs/share/create_msgs/package.dsv'
[1.887s] INFO:colcon.colcon_core.shell:Creating package script '/home/nhodung/Documents/ros2_learn/example_for_github/create_type/install/create_msgs/share/create_msgs/package.sh'
[1.888s] INFO:colcon.colcon_core.shell:Creating package script '/home/nhodung/Documents/ros2_learn/example_for_github/create_type/install/create_msgs/share/create_msgs/package.bash'
[1.888s] INFO:colcon.colcon_core.shell:Creating package script '/home/nhodung/Documents/ros2_learn/example_for_github/create_type/install/create_msgs/share/create_msgs/package.zsh'
[1.889s] Level 1:colcon.colcon_core.environment:create_file_with_runtime_dependencies(/home/nhodung/Documents/ros2_learn/example_for_github/create_type/install/create_msgs/share/colcon-core/packages/create_msgs)
[1.889s] DEBUG:colcon.colcon_parallel_executor.executor.parallel:closing loop
[1.889s] DEBUG:colcon.colcon_parallel_executor.executor.parallel:loop closed
[1.889s] DEBUG:colcon.colcon_parallel_executor.executor.parallel:run_until_complete finished with '0'
[1.889s] DEBUG:colcon.colcon_core.event_reactor:joining thread
[1.894s] INFO:colcon.colcon_core.plugin_system:Skipping extension 'colcon_notification.desktop_notification.terminal_notifier': Not used on non-Darwin systems
[1.894s] INFO:colcon.colcon_core.plugin_system:Skipping extension 'colcon_notification.desktop_notification.win32': Not used on non-Windows systems
[1.894s] INFO:colcon.colcon_notification.desktop_notification:Sending desktop notification using 'notify2'
[1.903s] DEBUG:colcon.colcon_core.event_reactor:joined thread
[1.903s] INFO:colcon.colcon_core.shell:Creating prefix script '/home/nhodung/Documents/ros2_learn/example_for_github/create_type/install/local_setup.ps1'
[1.904s] INFO:colcon.colcon_core.shell:Creating prefix util module '/home/nhodung/Documents/ros2_learn/example_for_github/create_type/install/_local_setup_util_ps1.py'
[1.905s] INFO:colcon.colcon_core.shell:Creating prefix chain script '/home/nhodung/Documents/ros2_learn/example_for_github/create_type/install/setup.ps1'
[1.906s] INFO:colcon.colcon_core.shell:Creating prefix script '/home/nhodung/Documents/ros2_learn/example_for_github/create_type/install/local_setup.sh'
[1.907s] INFO:colcon.colcon_core.shell:Creating prefix util module '/home/nhodung/Documents/ros2_learn/example_for_github/create_type/install/_local_setup_util_sh.py'
[1.908s] INFO:colcon.colcon_core.shell:Creating prefix chain script '/home/nhodung/Documents/ros2_learn/example_for_github/create_type/install/setup.sh'
[1.909s] INFO:colcon.colcon_core.shell:Creating prefix script '/home/nhodung/Documents/ros2_learn/example_for_github/create_type/install/local_setup.bash'
[1.909s] INFO:colcon.colcon_core.shell:Creating prefix chain script '/home/nhodung/Documents/ros2_learn/example_for_github/create_type/install/setup.bash'
[1.910s] INFO:colcon.colcon_core.shell:Creating prefix script '/home/nhodung/Documents/ros2_learn/example_for_github/create_type/install/local_setup.zsh'
[1.911s] INFO:colcon.colcon_core.shell:Creating prefix chain script '/home/nhodung/Documents/ros2_learn/example_for_github/create_type/install/setup.zsh'
