[0.011s] Invoking command in '/home/nhodung/Documents/ros2_learn/example_for_github/create_type_2/build/create_msgs': CMAKE_PREFIX_PATH=${CMAKE_PREFIX_PATH}:/opt/ros/humble /usr/bin/cmake --build /home/nhodung/Documents/ros2_learn/example_for_github/create_type_2/build/create_msgs -- -j12 -l12
[0.055s] [  2%] Built target create_msgs__cpp
[0.056s] [ 12%] Built target create_msgs__rosidl_generator_c
[0.069s] [ 12%] Built target ament_cmake_python_copy_create_msgs
[0.076s] [ 23%] Built target create_msgs__rosidl_typesupport_cpp
[0.078s] [ 36%] Built target create_msgs__rosidl_typesupport_introspection_c
[0.078s] [ 44%] Built target create_msgs__rosidl_typesupport_c
[0.080s] [ 55%] Built target create_msgs__rosidl_typesupport_fastrtps_cpp
[0.080s] [ 65%] Built target create_msgs__rosidl_typesupport_introspection_cpp
[0.081s] [ 76%] Built target create_msgs__rosidl_typesupport_fastrtps_c
[0.098s] [ 76%] Built target create_msgs
[0.115s] [ 78%] Built target create_msgs__py
[0.136s] [ 87%] Built target create_msgs__rosidl_generator_py
[0.159s] [100%] Built target create_msgs__rosidl_typesupport_c__pyext
[0.159s] [100%] Built target create_msgs__rosidl_typesupport_fastrtps_c__pyext
[0.159s] [100%] Built target create_msgs__rosidl_typesupport_introspection_c__pyext
[0.301s] running egg_info
[0.302s] writing create_msgs.egg-info/PKG-INFO
[0.302s] writing dependency_links to create_msgs.egg-info/dependency_links.txt
[0.302s] writing top-level names to create_msgs.egg-info/top_level.txt
[0.304s] reading manifest file 'create_msgs.egg-info/SOURCES.txt'
[0.305s] writing manifest file 'create_msgs.egg-info/SOURCES.txt'
[0.325s] [100%] Built target ament_cmake_python_build_create_msgs_egg
[0.338s] Invoked command in '/home/nhodung/Documents/ros2_learn/example_for_github/create_type_2/build/create_msgs' returned '0': CMAKE_PREFIX_PATH=${CMAKE_PREFIX_PATH}:/opt/ros/humble /usr/bin/cmake --build /home/nhodung/Documents/ros2_learn/example_for_github/create_type_2/build/create_msgs -- -j12 -l12
[0.416s] Invoking command in '/home/nhodung/Documents/ros2_learn/example_for_github/create_type_2/build/create_msgs': CMAKE_PREFIX_PATH=${CMAKE_PREFIX_PATH}:/opt/ros/humble /usr/bin/cmake --install /home/nhodung/Documents/ros2_learn/example_for_github/create_type_2/build/create_msgs
[0.423s] -- Install configuration: ""
[0.423s] -- Up-to-date: /home/nhodung/Documents/ros2_learn/example_for_github/create_type_2/install/create_msgs/share/ament_index/resource_index/rosidl_interfaces/create_msgs
[0.423s] -- Up-to-date: /home/nhodung/Documents/ros2_learn/example_for_github/create_type_2/install/create_msgs/include/create_msgs/create_msgs
[0.423s] -- Up-to-date: /home/nhodung/Documents/ros2_learn/example_for_github/create_type_2/install/create_msgs/include/create_msgs/create_msgs/msg
[0.424s] -- Up-to-date: /home/nhodung/Documents/ros2_learn/example_for_github/create_type_2/install/create_msgs/include/create_msgs/create_msgs/msg/detail
[0.424s] -- Up-to-date: /home/nhodung/Documents/ros2_learn/example_for_github/create_type_2/install/create_msgs/include/create_msgs/create_msgs/msg/detail/num__functions.h
[0.424s] -- Up-to-date: /home/nhodung/Documents/ros2_learn/example_for_github/create_type_2/install/create_msgs/include/create_msgs/create_msgs/msg/detail/sphere__functions.h
[0.424s] -- Up-to-date: /home/nhodung/Documents/ros2_learn/example_for_github/create_type_2/install/create_msgs/include/create_msgs/create_msgs/msg/detail/num__functions.c
[0.424s] -- Up-to-date: /home/nhodung/Documents/ros2_learn/example_for_github/create_type_2/install/create_msgs/include/create_msgs/create_msgs/msg/detail/sphere__functions.c
[0.424s] -- Up-to-date: /home/nhodung/Documents/ros2_learn/example_for_github/create_type_2/install/create_msgs/include/create_msgs/create_msgs/msg/detail/num__type_support.h
[0.424s] -- Up-to-date: /home/nhodung/Documents/ros2_learn/example_for_github/create_type_2/install/create_msgs/include/create_msgs/create_msgs/msg/detail/sphere__type_support.h
[0.424s] -- Up-to-date: /home/nhodung/Documents/ros2_learn/example_for_github/create_type_2/install/create_msgs/include/create_msgs/create_msgs/msg/detail/sphere__struct.h
[0.424s] -- Up-to-date: /home/nhodung/Documents/ros2_learn/example_for_github/create_type_2/install/create_msgs/include/create_msgs/create_msgs/msg/detail/num__struct.h
[0.424s] -- Up-to-date: /home/nhodung/Documents/ros2_learn/example_for_github/create_type_2/install/create_msgs/include/create_msgs/create_msgs/msg/num.h
[0.424s] -- Up-to-date: /home/nhodung/Documents/ros2_learn/example_for_github/create_type_2/install/create_msgs/include/create_msgs/create_msgs/msg/rosidl_generator_c__visibility_control.h
[0.424s] -- Up-to-date: /home/nhodung/Documents/ros2_learn/example_for_github/create_type_2/install/create_msgs/include/create_msgs/create_msgs/msg/sphere.h
[0.424s] -- Up-to-date: /home/nhodung/Documents/ros2_learn/example_for_github/create_type_2/install/create_msgs/include/create_msgs/create_msgs/srv
[0.425s] -- Up-to-date: /home/nhodung/Documents/ros2_learn/example_for_github/create_type_2/install/create_msgs/include/create_msgs/create_msgs/srv/detail
[0.425s] -- Up-to-date: /home/nhodung/Documents/ros2_learn/example_for_github/create_type_2/install/create_msgs/include/create_msgs/create_msgs/srv/detail/add_three_ints__type_support.h
[0.425s] -- Up-to-date: /home/nhodung/Documents/ros2_learn/example_for_github/create_type_2/install/create_msgs/include/create_msgs/create_msgs/srv/detail/add_three_ints__struct.h
[0.425s] -- Up-to-date: /home/nhodung/Documents/ros2_learn/example_for_github/create_type_2/install/create_msgs/include/create_msgs/create_msgs/srv/detail/add_three_ints__functions.c
[0.425s] -- Up-to-date: /home/nhodung/Documents/ros2_learn/example_for_github/create_type_2/install/create_msgs/include/create_msgs/create_msgs/srv/detail/add_three_ints__functions.h
[0.425s] -- Up-to-date: /home/nhodung/Documents/ros2_learn/example_for_github/create_type_2/install/create_msgs/include/create_msgs/create_msgs/srv/add_three_ints.h
[0.425s] -- Up-to-date: /home/nhodung/Documents/ros2_learn/example_for_github/create_type_2/install/create_msgs/share/create_msgs/environment/library_path.sh
[0.425s] -- Up-to-date: /home/nhodung/Documents/ros2_learn/example_for_github/create_type_2/install/create_msgs/share/create_msgs/environment/library_path.dsv
[0.425s] -- Up-to-date: /home/nhodung/Documents/ros2_learn/example_for_github/create_type_2/install/create_msgs/lib/libcreate_msgs__rosidl_generator_c.so
[0.425s] -- Up-to-date: /home/nhodung/Documents/ros2_learn/example_for_github/create_type_2/install/create_msgs/include/create_msgs/create_msgs
[0.425s] -- Up-to-date: /home/nhodung/Documents/ros2_learn/example_for_github/create_type_2/install/create_msgs/include/create_msgs/create_msgs/msg
[0.425s] -- Up-to-date: /home/nhodung/Documents/ros2_learn/example_for_github/create_type_2/install/create_msgs/include/create_msgs/create_msgs/msg/rosidl_typesupport_fastrtps_c__visibility_control.h
[0.425s] -- Up-to-date: /home/nhodung/Documents/ros2_learn/example_for_github/create_type_2/install/create_msgs/include/create_msgs/create_msgs/msg/detail
[0.425s] -- Up-to-date: /home/nhodung/Documents/ros2_learn/example_for_github/create_type_2/install/create_msgs/include/create_msgs/create_msgs/msg/detail/num__rosidl_typesupport_fastrtps_c.h
[0.426s] -- Up-to-date: /home/nhodung/Documents/ros2_learn/example_for_github/create_type_2/install/create_msgs/include/create_msgs/create_msgs/msg/detail/sphere__rosidl_typesupport_fastrtps_c.h
[0.426s] -- Up-to-date: /home/nhodung/Documents/ros2_learn/example_for_github/create_type_2/install/create_msgs/include/create_msgs/create_msgs/srv
[0.426s] -- Up-to-date: /home/nhodung/Documents/ros2_learn/example_for_github/create_type_2/install/create_msgs/include/create_msgs/create_msgs/srv/detail
[0.426s] -- Up-to-date: /home/nhodung/Documents/ros2_learn/example_for_github/create_type_2/install/create_msgs/include/create_msgs/create_msgs/srv/detail/add_three_ints__rosidl_typesupport_fastrtps_c.h
[0.426s] -- Up-to-date: /home/nhodung/Documents/ros2_learn/example_for_github/create_type_2/install/create_msgs/lib/libcreate_msgs__rosidl_typesupport_fastrtps_c.so
[0.426s] -- Up-to-date: /home/nhodung/Documents/ros2_learn/example_for_github/create_type_2/install/create_msgs/include/create_msgs/create_msgs
[0.426s] -- Up-to-date: /home/nhodung/Documents/ros2_learn/example_for_github/create_type_2/install/create_msgs/include/create_msgs/create_msgs/msg
[0.426s] -- Up-to-date: /home/nhodung/Documents/ros2_learn/example_for_github/create_type_2/install/create_msgs/include/create_msgs/create_msgs/msg/num.hpp
[0.426s] -- Up-to-date: /home/nhodung/Documents/ros2_learn/example_for_github/create_type_2/install/create_msgs/include/create_msgs/create_msgs/msg/detail
[0.426s] -- Up-to-date: /home/nhodung/Documents/ros2_learn/example_for_github/create_type_2/install/create_msgs/include/create_msgs/create_msgs/msg/detail/sphere__builder.hpp
[0.426s] -- Up-to-date: /home/nhodung/Documents/ros2_learn/example_for_github/create_type_2/install/create_msgs/include/create_msgs/create_msgs/msg/detail/sphere__traits.hpp
[0.427s] -- Up-to-date: /home/nhodung/Documents/ros2_learn/example_for_github/create_type_2/install/create_msgs/include/create_msgs/create_msgs/msg/detail/sphere__struct.hpp
[0.427s] -- Up-to-date: /home/nhodung/Documents/ros2_learn/example_for_github/create_type_2/install/create_msgs/include/create_msgs/create_msgs/msg/detail/num__struct.hpp
[0.427s] -- Up-to-date: /home/nhodung/Documents/ros2_learn/example_for_github/create_type_2/install/create_msgs/include/create_msgs/create_msgs/msg/detail/num__builder.hpp
[0.427s] -- Up-to-date: /home/nhodung/Documents/ros2_learn/example_for_github/create_type_2/install/create_msgs/include/create_msgs/create_msgs/msg/detail/num__traits.hpp
[0.427s] -- Up-to-date: /home/nhodung/Documents/ros2_learn/example_for_github/create_type_2/install/create_msgs/include/create_msgs/create_msgs/msg/sphere.hpp
[0.427s] -- Up-to-date: /home/nhodung/Documents/ros2_learn/example_for_github/create_type_2/install/create_msgs/include/create_msgs/create_msgs/srv
[0.427s] -- Up-to-date: /home/nhodung/Documents/ros2_learn/example_for_github/create_type_2/install/create_msgs/include/create_msgs/create_msgs/srv/add_three_ints.hpp
[0.427s] -- Up-to-date: /home/nhodung/Documents/ros2_learn/example_for_github/create_type_2/install/create_msgs/include/create_msgs/create_msgs/srv/detail
[0.427s] -- Up-to-date: /home/nhodung/Documents/ros2_learn/example_for_github/create_type_2/install/create_msgs/include/create_msgs/create_msgs/srv/detail/add_three_ints__struct.hpp
[0.427s] -- Up-to-date: /home/nhodung/Documents/ros2_learn/example_for_github/create_type_2/install/create_msgs/include/create_msgs/create_msgs/srv/detail/add_three_ints__traits.hpp
[0.427s] -- Up-to-date: /home/nhodung/Documents/ros2_learn/example_for_github/create_type_2/install/create_msgs/include/create_msgs/create_msgs/srv/detail/add_three_ints__builder.hpp
[0.427s] -- Up-to-date: /home/nhodung/Documents/ros2_learn/example_for_github/create_type_2/install/create_msgs/include/create_msgs/create_msgs
[0.428s] -- Up-to-date: /home/nhodung/Documents/ros2_learn/example_for_github/create_type_2/install/create_msgs/include/create_msgs/create_msgs/msg
[0.428s] -- Up-to-date: /home/nhodung/Documents/ros2_learn/example_for_github/create_type_2/install/create_msgs/include/create_msgs/create_msgs/msg/detail
[0.428s] -- Up-to-date: /home/nhodung/Documents/ros2_learn/example_for_github/create_type_2/install/create_msgs/include/create_msgs/create_msgs/msg/detail/sphere__rosidl_typesupport_fastrtps_cpp.hpp
[0.428s] -- Up-to-date: /home/nhodung/Documents/ros2_learn/example_for_github/create_type_2/install/create_msgs/include/create_msgs/create_msgs/msg/detail/dds_fastrtps
[0.428s] -- Up-to-date: /home/nhodung/Documents/ros2_learn/example_for_github/create_type_2/install/create_msgs/include/create_msgs/create_msgs/msg/detail/num__rosidl_typesupport_fastrtps_cpp.hpp
[0.428s] -- Up-to-date: /home/nhodung/Documents/ros2_learn/example_for_github/create_type_2/install/create_msgs/include/create_msgs/create_msgs/msg/rosidl_typesupport_fastrtps_cpp__visibility_control.h
[0.428s] -- Up-to-date: /home/nhodung/Documents/ros2_learn/example_for_github/create_type_2/install/create_msgs/include/create_msgs/create_msgs/srv
[0.428s] -- Up-to-date: /home/nhodung/Documents/ros2_learn/example_for_github/create_type_2/install/create_msgs/include/create_msgs/create_msgs/srv/detail
[0.428s] -- Up-to-date: /home/nhodung/Documents/ros2_learn/example_for_github/create_type_2/install/create_msgs/include/create_msgs/create_msgs/srv/detail/add_three_ints__rosidl_typesupport_fastrtps_cpp.hpp
[0.428s] -- Up-to-date: /home/nhodung/Documents/ros2_learn/example_for_github/create_type_2/install/create_msgs/include/create_msgs/create_msgs/srv/detail/dds_fastrtps
[0.428s] -- Up-to-date: /home/nhodung/Documents/ros2_learn/example_for_github/create_type_2/install/create_msgs/lib/libcreate_msgs__rosidl_typesupport_fastrtps_cpp.so
[0.428s] -- Up-to-date: /home/nhodung/Documents/ros2_learn/example_for_github/create_type_2/install/create_msgs/include/create_msgs/create_msgs
[0.428s] -- Up-to-date: /home/nhodung/Documents/ros2_learn/example_for_github/create_type_2/install/create_msgs/include/create_msgs/create_msgs/msg
[0.428s] -- Up-to-date: /home/nhodung/Documents/ros2_learn/example_for_github/create_type_2/install/create_msgs/include/create_msgs/create_msgs/msg/detail
[0.428s] -- Up-to-date: /home/nhodung/Documents/ros2_learn/example_for_github/create_type_2/install/create_msgs/include/create_msgs/create_msgs/msg/detail/sphere__type_support.c
[0.428s] -- Up-to-date: /home/nhodung/Documents/ros2_learn/example_for_github/create_type_2/install/create_msgs/include/create_msgs/create_msgs/msg/detail/sphere__rosidl_typesupport_introspection_c.h
[0.428s] -- Up-to-date: /home/nhodung/Documents/ros2_learn/example_for_github/create_type_2/install/create_msgs/include/create_msgs/create_msgs/msg/detail/num__type_support.c
[0.428s] -- Up-to-date: /home/nhodung/Documents/ros2_learn/example_for_github/create_type_2/install/create_msgs/include/create_msgs/create_msgs/msg/detail/num__rosidl_typesupport_introspection_c.h
[0.428s] -- Up-to-date: /home/nhodung/Documents/ros2_learn/example_for_github/create_type_2/install/create_msgs/include/create_msgs/create_msgs/msg/rosidl_typesupport_introspection_c__visibility_control.h
[0.429s] -- Up-to-date: /home/nhodung/Documents/ros2_learn/example_for_github/create_type_2/install/create_msgs/include/create_msgs/create_msgs/srv
[0.429s] -- Up-to-date: /home/nhodung/Documents/ros2_learn/example_for_github/create_type_2/install/create_msgs/include/create_msgs/create_msgs/srv/detail
[0.429s] -- Up-to-date: /home/nhodung/Documents/ros2_learn/example_for_github/create_type_2/install/create_msgs/include/create_msgs/create_msgs/srv/detail/add_three_ints__type_support.c
[0.429s] -- Up-to-date: /home/nhodung/Documents/ros2_learn/example_for_github/create_type_2/install/create_msgs/include/create_msgs/create_msgs/srv/detail/add_three_ints__rosidl_typesupport_introspection_c.h
[0.429s] -- Up-to-date: /home/nhodung/Documents/ros2_learn/example_for_github/create_type_2/install/create_msgs/lib/libcreate_msgs__rosidl_typesupport_introspection_c.so
[0.429s] -- Up-to-date: /home/nhodung/Documents/ros2_learn/example_for_github/create_type_2/install/create_msgs/lib/libcreate_msgs__rosidl_typesupport_c.so
[0.429s] -- Up-to-date: /home/nhodung/Documents/ros2_learn/example_for_github/create_type_2/install/create_msgs/include/create_msgs/create_msgs
[0.429s] -- Up-to-date: /home/nhodung/Documents/ros2_learn/example_for_github/create_type_2/install/create_msgs/include/create_msgs/create_msgs/msg
[0.429s] -- Up-to-date: /home/nhodung/Documents/ros2_learn/example_for_github/create_type_2/install/create_msgs/include/create_msgs/create_msgs/msg/detail
[0.429s] -- Up-to-date: /home/nhodung/Documents/ros2_learn/example_for_github/create_type_2/install/create_msgs/include/create_msgs/create_msgs/msg/detail/sphere__type_support.cpp
[0.429s] -- Up-to-date: /home/nhodung/Documents/ros2_learn/example_for_github/create_type_2/install/create_msgs/include/create_msgs/create_msgs/msg/detail/sphere__rosidl_typesupport_introspection_cpp.hpp
[0.429s] -- Up-to-date: /home/nhodung/Documents/ros2_learn/example_for_github/create_type_2/install/create_msgs/include/create_msgs/create_msgs/msg/detail/num__rosidl_typesupport_introspection_cpp.hpp
[0.429s] -- Up-to-date: /home/nhodung/Documents/ros2_learn/example_for_github/create_type_2/install/create_msgs/include/create_msgs/create_msgs/msg/detail/num__type_support.cpp
[0.429s] -- Up-to-date: /home/nhodung/Documents/ros2_learn/example_for_github/create_type_2/install/create_msgs/include/create_msgs/create_msgs/srv
[0.429s] -- Up-to-date: /home/nhodung/Documents/ros2_learn/example_for_github/create_type_2/install/create_msgs/include/create_msgs/create_msgs/srv/detail
[0.429s] -- Up-to-date: /home/nhodung/Documents/ros2_learn/example_for_github/create_type_2/install/create_msgs/include/create_msgs/create_msgs/srv/detail/add_three_ints__type_support.cpp
[0.429s] -- Up-to-date: /home/nhodung/Documents/ros2_learn/example_for_github/create_type_2/install/create_msgs/include/create_msgs/create_msgs/srv/detail/add_three_ints__rosidl_typesupport_introspection_cpp.hpp
[0.430s] -- Up-to-date: /home/nhodung/Documents/ros2_learn/example_for_github/create_type_2/install/create_msgs/lib/libcreate_msgs__rosidl_typesupport_introspection_cpp.so
[0.430s] -- Up-to-date: /home/nhodung/Documents/ros2_learn/example_for_github/create_type_2/install/create_msgs/lib/libcreate_msgs__rosidl_typesupport_cpp.so
[0.430s] -- Up-to-date: /home/nhodung/Documents/ros2_learn/example_for_github/create_type_2/install/create_msgs/share/create_msgs/environment/pythonpath.sh
[0.430s] -- Up-to-date: /home/nhodung/Documents/ros2_learn/example_for_github/create_type_2/install/create_msgs/share/create_msgs/environment/pythonpath.dsv
[0.430s] -- Up-to-date: /home/nhodung/Documents/ros2_learn/example_for_github/create_type_2/install/create_msgs/local/lib/python3.10/dist-packages/create_msgs-0.0.0-py3.10.egg-info
[0.430s] -- Installing: /home/nhodung/Documents/ros2_learn/example_for_github/create_type_2/install/create_msgs/local/lib/python3.10/dist-packages/create_msgs-0.0.0-py3.10.egg-info/SOURCES.txt
[0.435s] -- Installing: /home/nhodung/Documents/ros2_learn/example_for_github/create_type_2/install/create_msgs/local/lib/python3.10/dist-packages/create_msgs-0.0.0-py3.10.egg-info/top_level.txt
[0.435s] -- Installing: /home/nhodung/Documents/ros2_learn/example_for_github/create_type_2/install/create_msgs/local/lib/python3.10/dist-packages/create_msgs-0.0.0-py3.10.egg-info/PKG-INFO
[0.436s] -- Installing: /home/nhodung/Documents/ros2_learn/example_for_github/create_type_2/install/create_msgs/local/lib/python3.10/dist-packages/create_msgs-0.0.0-py3.10.egg-info/dependency_links.txt
[0.436s] -- Up-to-date: /home/nhodung/Documents/ros2_learn/example_for_github/create_type_2/install/create_msgs/local/lib/python3.10/dist-packages/create_msgs
[0.436s] -- Up-to-date: /home/nhodung/Documents/ros2_learn/example_for_github/create_type_2/install/create_msgs/local/lib/python3.10/dist-packages/create_msgs/libcreate_msgs__rosidl_generator_py.so
[0.436s] -- Up-to-date: /home/nhodung/Documents/ros2_learn/example_for_github/create_type_2/install/create_msgs/local/lib/python3.10/dist-packages/create_msgs/_create_msgs_s.ep.rosidl_typesupport_c.c
[0.436s] -- Up-to-date: /home/nhodung/Documents/ros2_learn/example_for_github/create_type_2/install/create_msgs/local/lib/python3.10/dist-packages/create_msgs/create_msgs_s__rosidl_typesupport_fastrtps_c.cpython-310-x86_64-linux-gnu.so
[0.436s] -- Up-to-date: /home/nhodung/Documents/ros2_learn/example_for_github/create_type_2/install/create_msgs/local/lib/python3.10/dist-packages/create_msgs/__init__.py
[0.437s] -- Up-to-date: /home/nhodung/Documents/ros2_learn/example_for_github/create_type_2/install/create_msgs/local/lib/python3.10/dist-packages/create_msgs/_create_msgs_s.ep.rosidl_typesupport_fastrtps_c.c
[0.437s] -- Up-to-date: /home/nhodung/Documents/ros2_learn/example_for_github/create_type_2/install/create_msgs/local/lib/python3.10/dist-packages/create_msgs/msg
[0.437s] -- Up-to-date: /home/nhodung/Documents/ros2_learn/example_for_github/create_type_2/install/create_msgs/local/lib/python3.10/dist-packages/create_msgs/msg/_sphere.py
[0.437s] -- Up-to-date: /home/nhodung/Documents/ros2_learn/example_for_github/create_type_2/install/create_msgs/local/lib/python3.10/dist-packages/create_msgs/msg/_num.py
[0.437s] -- Up-to-date: /home/nhodung/Documents/ros2_learn/example_for_github/create_type_2/install/create_msgs/local/lib/python3.10/dist-packages/create_msgs/msg/_num_s.c
[0.437s] -- Up-to-date: /home/nhodung/Documents/ros2_learn/example_for_github/create_type_2/install/create_msgs/local/lib/python3.10/dist-packages/create_msgs/msg/_sphere_s.c
[0.437s] -- Up-to-date: /home/nhodung/Documents/ros2_learn/example_for_github/create_type_2/install/create_msgs/local/lib/python3.10/dist-packages/create_msgs/msg/__init__.py
[0.437s] -- Up-to-date: /home/nhodung/Documents/ros2_learn/example_for_github/create_type_2/install/create_msgs/local/lib/python3.10/dist-packages/create_msgs/create_msgs_s__rosidl_typesupport_c.cpython-310-x86_64-linux-gnu.so
[0.437s] -- Up-to-date: /home/nhodung/Documents/ros2_learn/example_for_github/create_type_2/install/create_msgs/local/lib/python3.10/dist-packages/create_msgs/_create_msgs_s.ep.rosidl_typesupport_introspection_c.c
[0.437s] -- Up-to-date: /home/nhodung/Documents/ros2_learn/example_for_github/create_type_2/install/create_msgs/local/lib/python3.10/dist-packages/create_msgs/srv
[0.437s] -- Up-to-date: /home/nhodung/Documents/ros2_learn/example_for_github/create_type_2/install/create_msgs/local/lib/python3.10/dist-packages/create_msgs/srv/__init__.py
[0.437s] -- Up-to-date: /home/nhodung/Documents/ros2_learn/example_for_github/create_type_2/install/create_msgs/local/lib/python3.10/dist-packages/create_msgs/srv/_add_three_ints_s.c
[0.437s] -- Up-to-date: /home/nhodung/Documents/ros2_learn/example_for_github/create_type_2/install/create_msgs/local/lib/python3.10/dist-packages/create_msgs/srv/_add_three_ints.py
[0.437s] -- Up-to-date: /home/nhodung/Documents/ros2_learn/example_for_github/create_type_2/install/create_msgs/local/lib/python3.10/dist-packages/create_msgs/create_msgs_s__rosidl_typesupport_introspection_c.cpython-310-x86_64-linux-gnu.so
[0.465s] Listing '/home/nhodung/Documents/ros2_learn/example_for_github/create_type_2/install/create_msgs/local/lib/python3.10/dist-packages/create_msgs'...
[0.466s] Listing '/home/nhodung/Documents/ros2_learn/example_for_github/create_type_2/install/create_msgs/local/lib/python3.10/dist-packages/create_msgs/msg'...
[0.466s] Listing '/home/nhodung/Documents/ros2_learn/example_for_github/create_type_2/install/create_msgs/local/lib/python3.10/dist-packages/create_msgs/srv'...
[0.470s] -- Up-to-date: /home/nhodung/Documents/ros2_learn/example_for_github/create_type_2/install/create_msgs/local/lib/python3.10/dist-packages/create_msgs/create_msgs_s__rosidl_typesupport_fastrtps_c.cpython-310-x86_64-linux-gnu.so
[0.471s] -- Up-to-date: /home/nhodung/Documents/ros2_learn/example_for_github/create_type_2/install/create_msgs/local/lib/python3.10/dist-packages/create_msgs/create_msgs_s__rosidl_typesupport_introspection_c.cpython-310-x86_64-linux-gnu.so
[0.471s] -- Up-to-date: /home/nhodung/Documents/ros2_learn/example_for_github/create_type_2/install/create_msgs/local/lib/python3.10/dist-packages/create_msgs/create_msgs_s__rosidl_typesupport_c.cpython-310-x86_64-linux-gnu.so
[0.471s] -- Up-to-date: /home/nhodung/Documents/ros2_learn/example_for_github/create_type_2/install/create_msgs/lib/libcreate_msgs__rosidl_generator_py.so
[0.472s] -- Up-to-date: /home/nhodung/Documents/ros2_learn/example_for_github/create_type_2/install/create_msgs/share/create_msgs/msg/Num.idl
[0.472s] -- Up-to-date: /home/nhodung/Documents/ros2_learn/example_for_github/create_type_2/install/create_msgs/share/create_msgs/msg/Sphere.idl
[0.472s] -- Up-to-date: /home/nhodung/Documents/ros2_learn/example_for_github/create_type_2/install/create_msgs/share/create_msgs/srv/AddThreeInts.idl
[0.472s] -- Up-to-date: /home/nhodung/Documents/ros2_learn/example_for_github/create_type_2/install/create_msgs/share/create_msgs/msg/Num.msg
[0.472s] -- Up-to-date: /home/nhodung/Documents/ros2_learn/example_for_github/create_type_2/install/create_msgs/share/create_msgs/msg/Sphere.msg
[0.472s] -- Up-to-date: /home/nhodung/Documents/ros2_learn/example_for_github/create_type_2/install/create_msgs/share/create_msgs/srv/AddThreeInts.srv
[0.472s] -- Up-to-date: /home/nhodung/Documents/ros2_learn/example_for_github/create_type_2/install/create_msgs/share/create_msgs/srv/AddThreeInts_Request.msg
[0.473s] -- Up-to-date: /home/nhodung/Documents/ros2_learn/example_for_github/create_type_2/install/create_msgs/share/create_msgs/srv/AddThreeInts_Response.msg
[0.473s] -- Up-to-date: /home/nhodung/Documents/ros2_learn/example_for_github/create_type_2/install/create_msgs/share/ament_index/resource_index/package_run_dependencies/create_msgs
[0.473s] -- Up-to-date: /home/nhodung/Documents/ros2_learn/example_for_github/create_type_2/install/create_msgs/share/ament_index/resource_index/parent_prefix_path/create_msgs
[0.473s] -- Up-to-date: /home/nhodung/Documents/ros2_learn/example_for_github/create_type_2/install/create_msgs/share/create_msgs/environment/ament_prefix_path.sh
[0.473s] -- Up-to-date: /home/nhodung/Documents/ros2_learn/example_for_github/create_type_2/install/create_msgs/share/create_msgs/environment/ament_prefix_path.dsv
[0.473s] -- Up-to-date: /home/nhodung/Documents/ros2_learn/example_for_github/create_type_2/install/create_msgs/share/create_msgs/environment/path.sh
[0.473s] -- Up-to-date: /home/nhodung/Documents/ros2_learn/example_for_github/create_type_2/install/create_msgs/share/create_msgs/environment/path.dsv
[0.473s] -- Up-to-date: /home/nhodung/Documents/ros2_learn/example_for_github/create_type_2/install/create_msgs/share/create_msgs/local_setup.bash
[0.473s] -- Up-to-date: /home/nhodung/Documents/ros2_learn/example_for_github/create_type_2/install/create_msgs/share/create_msgs/local_setup.sh
[0.474s] -- Up-to-date: /home/nhodung/Documents/ros2_learn/example_for_github/create_type_2/install/create_msgs/share/create_msgs/local_setup.zsh
[0.474s] -- Up-to-date: /home/nhodung/Documents/ros2_learn/example_for_github/create_type_2/install/create_msgs/share/create_msgs/local_setup.dsv
[0.474s] -- Installing: /home/nhodung/Documents/ros2_learn/example_for_github/create_type_2/install/create_msgs/share/create_msgs/package.dsv
[0.474s] -- Up-to-date: /home/nhodung/Documents/ros2_learn/example_for_github/create_type_2/install/create_msgs/share/ament_index/resource_index/packages/create_msgs
[0.474s] -- Up-to-date: /home/nhodung/Documents/ros2_learn/example_for_github/create_type_2/install/create_msgs/share/create_msgs/cmake/export_create_msgs__rosidl_generator_cExport.cmake
[0.474s] -- Up-to-date: /home/nhodung/Documents/ros2_learn/example_for_github/create_type_2/install/create_msgs/share/create_msgs/cmake/export_create_msgs__rosidl_generator_cExport-noconfig.cmake
[0.474s] -- Up-to-date: /home/nhodung/Documents/ros2_learn/example_for_github/create_type_2/install/create_msgs/share/create_msgs/cmake/export_create_msgs__rosidl_typesupport_fastrtps_cExport.cmake
[0.474s] -- Up-to-date: /home/nhodung/Documents/ros2_learn/example_for_github/create_type_2/install/create_msgs/share/create_msgs/cmake/export_create_msgs__rosidl_typesupport_fastrtps_cExport-noconfig.cmake
[0.474s] -- Up-to-date: /home/nhodung/Documents/ros2_learn/example_for_github/create_type_2/install/create_msgs/share/create_msgs/cmake/export_create_msgs__rosidl_generator_cppExport.cmake
[0.474s] -- Up-to-date: /home/nhodung/Documents/ros2_learn/example_for_github/create_type_2/install/create_msgs/share/create_msgs/cmake/export_create_msgs__rosidl_typesupport_fastrtps_cppExport.cmake
[0.474s] -- Up-to-date: /home/nhodung/Documents/ros2_learn/example_for_github/create_type_2/install/create_msgs/share/create_msgs/cmake/export_create_msgs__rosidl_typesupport_fastrtps_cppExport-noconfig.cmake
[0.474s] -- Up-to-date: /home/nhodung/Documents/ros2_learn/example_for_github/create_type_2/install/create_msgs/share/create_msgs/cmake/create_msgs__rosidl_typesupport_introspection_cExport.cmake
[0.474s] -- Up-to-date: /home/nhodung/Documents/ros2_learn/example_for_github/create_type_2/install/create_msgs/share/create_msgs/cmake/create_msgs__rosidl_typesupport_introspection_cExport-noconfig.cmake
[0.474s] -- Up-to-date: /home/nhodung/Documents/ros2_learn/example_for_github/create_type_2/install/create_msgs/share/create_msgs/cmake/create_msgs__rosidl_typesupport_cExport.cmake
[0.474s] -- Up-to-date: /home/nhodung/Documents/ros2_learn/example_for_github/create_type_2/install/create_msgs/share/create_msgs/cmake/create_msgs__rosidl_typesupport_cExport-noconfig.cmake
[0.474s] -- Up-to-date: /home/nhodung/Documents/ros2_learn/example_for_github/create_type_2/install/create_msgs/share/create_msgs/cmake/create_msgs__rosidl_typesupport_introspection_cppExport.cmake
[0.474s] -- Up-to-date: /home/nhodung/Documents/ros2_learn/example_for_github/create_type_2/install/create_msgs/share/create_msgs/cmake/create_msgs__rosidl_typesupport_introspection_cppExport-noconfig.cmake
[0.475s] -- Up-to-date: /home/nhodung/Documents/ros2_learn/example_for_github/create_type_2/install/create_msgs/share/create_msgs/cmake/create_msgs__rosidl_typesupport_cppExport.cmake
[0.475s] -- Up-to-date: /home/nhodung/Documents/ros2_learn/example_for_github/create_type_2/install/create_msgs/share/create_msgs/cmake/create_msgs__rosidl_typesupport_cppExport-noconfig.cmake
[0.475s] -- Up-to-date: /home/nhodung/Documents/ros2_learn/example_for_github/create_type_2/install/create_msgs/share/create_msgs/cmake/export_create_msgs__rosidl_generator_pyExport.cmake
[0.475s] -- Up-to-date: /home/nhodung/Documents/ros2_learn/example_for_github/create_type_2/install/create_msgs/share/create_msgs/cmake/export_create_msgs__rosidl_generator_pyExport-noconfig.cmake
[0.475s] -- Up-to-date: /home/nhodung/Documents/ros2_learn/example_for_github/create_type_2/install/create_msgs/share/create_msgs/cmake/rosidl_cmake-extras.cmake
[0.475s] -- Up-to-date: /home/nhodung/Documents/ros2_learn/example_for_github/create_type_2/install/create_msgs/share/create_msgs/cmake/ament_cmake_export_dependencies-extras.cmake
[0.475s] -- Up-to-date: /home/nhodung/Documents/ros2_learn/example_for_github/create_type_2/install/create_msgs/share/create_msgs/cmake/ament_cmake_export_include_directories-extras.cmake
[0.475s] -- Up-to-date: /home/nhodung/Documents/ros2_learn/example_for_github/create_type_2/install/create_msgs/share/create_msgs/cmake/ament_cmake_export_libraries-extras.cmake
[0.475s] -- Up-to-date: /home/nhodung/Documents/ros2_learn/example_for_github/create_type_2/install/create_msgs/share/create_msgs/cmake/ament_cmake_export_targets-extras.cmake
[0.475s] -- Up-to-date: /home/nhodung/Documents/ros2_learn/example_for_github/create_type_2/install/create_msgs/share/create_msgs/cmake/rosidl_cmake_export_typesupport_targets-extras.cmake
[0.475s] -- Up-to-date: /home/nhodung/Documents/ros2_learn/example_for_github/create_type_2/install/create_msgs/share/create_msgs/cmake/rosidl_cmake_export_typesupport_libraries-extras.cmake
[0.475s] -- Up-to-date: /home/nhodung/Documents/ros2_learn/example_for_github/create_type_2/install/create_msgs/share/create_msgs/cmake/create_msgsConfig.cmake
[0.475s] -- Up-to-date: /home/nhodung/Documents/ros2_learn/example_for_github/create_type_2/install/create_msgs/share/create_msgs/cmake/create_msgsConfig-version.cmake
[0.476s] -- Up-to-date: /home/nhodung/Documents/ros2_learn/example_for_github/create_type_2/install/create_msgs/share/create_msgs/package.xml
[0.477s] Invoked command in '/home/nhodung/Documents/ros2_learn/example_for_github/create_type_2/build/create_msgs' returned '0': CMAKE_PREFIX_PATH=${CMAKE_PREFIX_PATH}:/opt/ros/humble /usr/bin/cmake --install /home/nhodung/Documents/ros2_learn/example_for_github/create_type_2/build/create_msgs
