[0.010s] Invoking command in '/home/nhodung/Documents/ros2_learn/example_for_github/create_type/build/create_msgs': CMAKE_PREFIX_PATH=/opt/ros/humble /usr/bin/cmake /home/nhodung/Documents/ros2_learn/example_for_github/create_type/src/create_msgs -DAMENT_CMAKE_SYMLINK_INSTALL=1 -DCMAKE_INSTALL_PREFIX=/home/nhodung/Documents/ros2_learn/example_for_github/create_type/install/create_msgs
[0.019s] -- Found ament_cmake: 1.3.10 (/opt/ros/humble/share/ament_cmake/cmake)
[0.109s] -- Override CMake install command with custom implementation using symlinks instead of copying resources
[0.116s] -- Found geometry_msgs: 4.2.4 (/opt/ros/humble/share/geometry_msgs/cmake)
[0.136s] -- Found rosidl_generator_c: 3.1.5 (/opt/ros/humble/share/rosidl_generator_c/cmake)
[0.137s] -- Found rosidl_adapter: 3.1.5 (/opt/ros/humble/share/rosidl_adapter/cmake)
[0.142s] -- Found rosidl_generator_cpp: 3.1.5 (/opt/ros/humble/share/rosidl_generator_cpp/cmake)
[0.150s] -- Using all available rosidl_typesupport_c: rosidl_typesupport_fastrtps_c;rosidl_typesupport_introspection_c
[0.160s] -- Using all available rosidl_typesupport_cpp: rosidl_typesupport_fastrtps_cpp;rosidl_typesupport_introspection_cpp
[0.187s] -- Found rosidl_default_generators: 1.2.0 (/opt/ros/humble/share/rosidl_default_generators/cmake)
[0.412s] -- Found ament_cmake_ros: 0.10.0 (/opt/ros/humble/share/ament_cmake_ros/cmake)
[0.735s] -- Using all available rosidl_typesupport_c: rosidl_typesupport_fastrtps_c;rosidl_typesupport_introspection_c
[0.858s] -- Using all available rosidl_typesupport_cpp: rosidl_typesupport_fastrtps_cpp;rosidl_typesupport_introspection_cpp
[0.874s] -- Found python_cmake_module: 0.10.0 (/opt/ros/humble/share/python_cmake_module/cmake)
[0.889s] -- Using PYTHON_EXECUTABLE: /usr/bin/python3
[0.889s] -- Using PYTHON_INCLUDE_DIRS: /usr/include/python3.10
[0.890s] -- Using PYTHON_LIBRARIES: /usr/lib/x86_64-linux-gnu/libpython3.10.so
[0.921s] -- Found ament_lint_auto: 0.12.11 (/opt/ros/humble/share/ament_lint_auto/cmake)
[0.928s] -- Configuring done
[0.956s] -- Generating done
[0.959s] -- Build files have been written to: /home/nhodung/Documents/ros2_learn/example_for_github/create_type/build/create_msgs
[0.966s] Invoked command in '/home/nhodung/Documents/ros2_learn/example_for_github/create_type/build/create_msgs' returned '0': CMAKE_PREFIX_PATH=/opt/ros/humble /usr/bin/cmake /home/nhodung/Documents/ros2_learn/example_for_github/create_type/src/create_msgs -DAMENT_CMAKE_SYMLINK_INSTALL=1 -DCMAKE_INSTALL_PREFIX=/home/nhodung/Documents/ros2_learn/example_for_github/create_type/install/create_msgs
[0.968s] Invoking command in '/home/nhodung/Documents/ros2_learn/example_for_github/create_type/build/create_msgs': CMAKE_PREFIX_PATH=/opt/ros/humble /usr/bin/cmake --build /home/nhodung/Documents/ros2_learn/example_for_github/create_type/build/create_msgs -- -j12 -l12
[0.999s] [35m[1mConsolidate compiler generated dependencies of target create_msgs__rosidl_generator_c[0m
[1.005s] [  2%] Built target create_msgs__cpp
[1.008s] [ 12%] Built target create_msgs__rosidl_generator_c
[1.014s] [ 12%] Built target ament_cmake_python_symlink_create_msgs
[1.016s] [35m[1mConsolidate compiler generated dependencies of target create_msgs__rosidl_typesupport_introspection_cpp[0m
[1.016s] [35m[1mConsolidate compiler generated dependencies of target create_msgs__rosidl_typesupport_cpp[0m
[1.016s] [35m[1mConsolidate compiler generated dependencies of target create_msgs__rosidl_typesupport_fastrtps_cpp[0m
[1.020s] [35m[1mConsolidate compiler generated dependencies of target create_msgs__rosidl_typesupport_c[0m
[1.021s] [35m[1mConsolidate compiler generated dependencies of target create_msgs__rosidl_typesupport_introspection_c[0m
[1.021s] [35m[1mConsolidate compiler generated dependencies of target create_msgs__rosidl_typesupport_fastrtps_c[0m
[1.032s] [ 34%] Built target create_msgs__rosidl_typesupport_cpp
[1.032s] [ 34%] Built target create_msgs__rosidl_typesupport_c
[1.032s] [ 44%] Built target create_msgs__rosidl_typesupport_fastrtps_cpp
[1.032s] [ 55%] Built target create_msgs__rosidl_typesupport_introspection_cpp
[1.033s] [ 65%] Built target create_msgs__rosidl_typesupport_introspection_c
[1.034s] [ 76%] Built target create_msgs__rosidl_typesupport_fastrtps_c
[1.049s] [ 76%] Built target create_msgs
[1.064s] [ 78%] Built target create_msgs__py
[1.073s] [35m[1mConsolidate compiler generated dependencies of target create_msgs__rosidl_generator_py[0m
[1.085s] [ 87%] Built target create_msgs__rosidl_generator_py
[1.093s] [35m[1mConsolidate compiler generated dependencies of target create_msgs__rosidl_typesupport_fastrtps_c__pyext[0m
[1.093s] [35m[1mConsolidate compiler generated dependencies of target create_msgs__rosidl_typesupport_c__pyext[0m
[1.093s] [35m[1mConsolidate compiler generated dependencies of target create_msgs__rosidl_typesupport_introspection_c__pyext[0m
[1.104s] [100%] Built target create_msgs__rosidl_typesupport_fastrtps_c__pyext
[1.104s] [100%] Built target create_msgs__rosidl_typesupport_c__pyext
[1.105s] [100%] Built target create_msgs__rosidl_typesupport_introspection_c__pyext
[1.243s] running egg_info
[1.244s] writing create_msgs.egg-info/PKG-INFO
[1.244s] writing dependency_links to create_msgs.egg-info/dependency_links.txt
[1.244s] writing top-level names to create_msgs.egg-info/top_level.txt
[1.246s] reading manifest file 'create_msgs.egg-info/SOURCES.txt'
[1.247s] writing manifest file 'create_msgs.egg-info/SOURCES.txt'
[1.266s] [100%] Built target ament_cmake_python_build_create_msgs_egg
[1.274s] Invoked command in '/home/nhodung/Documents/ros2_learn/example_for_github/create_type/build/create_msgs' returned '0': CMAKE_PREFIX_PATH=/opt/ros/humble /usr/bin/cmake --build /home/nhodung/Documents/ros2_learn/example_for_github/create_type/build/create_msgs -- -j12 -l12
[1.347s] Invoking command in '/home/nhodung/Documents/ros2_learn/example_for_github/create_type/build/create_msgs': CMAKE_PREFIX_PATH=/opt/ros/humble /usr/bin/cmake --install /home/nhodung/Documents/ros2_learn/example_for_github/create_type/build/create_msgs
[1.352s] -- Install configuration: ""
[1.353s] -- Execute custom install script
[1.353s] -- Up-to-date symlink: /home/nhodung/Documents/ros2_learn/example_for_github/create_type/install/create_msgs/share/ament_index/resource_index/rosidl_interfaces/create_msgs
[1.353s] -- Up-to-date symlink: /home/nhodung/Documents/ros2_learn/example_for_github/create_type/install/create_msgs/include/create_msgs/create_msgs/msg/detail/num__functions.h
[1.354s] -- Up-to-date symlink: /home/nhodung/Documents/ros2_learn/example_for_github/create_type/install/create_msgs/include/create_msgs/create_msgs/msg/detail/num__struct.h
[1.354s] -- Up-to-date symlink: /home/nhodung/Documents/ros2_learn/example_for_github/create_type/install/create_msgs/include/create_msgs/create_msgs/msg/detail/num__type_support.h
[1.354s] -- Up-to-date symlink: /home/nhodung/Documents/ros2_learn/example_for_github/create_type/install/create_msgs/include/create_msgs/create_msgs/msg/detail/sphere__functions.h
[1.354s] -- Up-to-date symlink: /home/nhodung/Documents/ros2_learn/example_for_github/create_type/install/create_msgs/include/create_msgs/create_msgs/msg/detail/sphere__struct.h
[1.354s] -- Up-to-date symlink: /home/nhodung/Documents/ros2_learn/example_for_github/create_type/install/create_msgs/include/create_msgs/create_msgs/msg/detail/sphere__type_support.h
[1.354s] -- Up-to-date symlink: /home/nhodung/Documents/ros2_learn/example_for_github/create_type/install/create_msgs/include/create_msgs/create_msgs/msg/num.h
[1.354s] -- Up-to-date symlink: /home/nhodung/Documents/ros2_learn/example_for_github/create_type/install/create_msgs/include/create_msgs/create_msgs/msg/rosidl_generator_c__visibility_control.h
[1.354s] -- Up-to-date symlink: /home/nhodung/Documents/ros2_learn/example_for_github/create_type/install/create_msgs/include/create_msgs/create_msgs/msg/sphere.h
[1.354s] -- Up-to-date symlink: /home/nhodung/Documents/ros2_learn/example_for_github/create_type/install/create_msgs/include/create_msgs/create_msgs/srv/add_three_ints.h
[1.354s] -- Up-to-date symlink: /home/nhodung/Documents/ros2_learn/example_for_github/create_type/install/create_msgs/include/create_msgs/create_msgs/srv/detail/add_three_ints__functions.h
[1.354s] -- Up-to-date symlink: /home/nhodung/Documents/ros2_learn/example_for_github/create_type/install/create_msgs/include/create_msgs/create_msgs/srv/detail/add_three_ints__struct.h
[1.355s] -- Up-to-date symlink: /home/nhodung/Documents/ros2_learn/example_for_github/create_type/install/create_msgs/include/create_msgs/create_msgs/srv/detail/add_three_ints__type_support.h
[1.355s] -- Up-to-date symlink: /home/nhodung/Documents/ros2_learn/example_for_github/create_type/install/create_msgs/share/create_msgs/environment/library_path.sh
[1.355s] -- Up-to-date symlink: /home/nhodung/Documents/ros2_learn/example_for_github/create_type/install/create_msgs/share/create_msgs/environment/library_path.dsv
[1.355s] -- Up-to-date symlink: /home/nhodung/Documents/ros2_learn/example_for_github/create_type/install/create_msgs/include/create_msgs/create_msgs/msg/detail/num__rosidl_typesupport_fastrtps_c.h
[1.355s] -- Up-to-date symlink: /home/nhodung/Documents/ros2_learn/example_for_github/create_type/install/create_msgs/include/create_msgs/create_msgs/msg/detail/sphere__rosidl_typesupport_fastrtps_c.h
[1.355s] -- Up-to-date symlink: /home/nhodung/Documents/ros2_learn/example_for_github/create_type/install/create_msgs/include/create_msgs/create_msgs/msg/rosidl_typesupport_fastrtps_c__visibility_control.h
[1.356s] -- Up-to-date symlink: /home/nhodung/Documents/ros2_learn/example_for_github/create_type/install/create_msgs/include/create_msgs/create_msgs/srv/detail/add_three_ints__rosidl_typesupport_fastrtps_c.h
[1.356s] -- Up-to-date symlink: /home/nhodung/Documents/ros2_learn/example_for_github/create_type/install/create_msgs/include/create_msgs/create_msgs/msg/detail/num__builder.hpp
[1.356s] -- Up-to-date symlink: /home/nhodung/Documents/ros2_learn/example_for_github/create_type/install/create_msgs/include/create_msgs/create_msgs/msg/detail/num__struct.hpp
[1.356s] -- Up-to-date symlink: /home/nhodung/Documents/ros2_learn/example_for_github/create_type/install/create_msgs/include/create_msgs/create_msgs/msg/detail/num__traits.hpp
[1.356s] -- Up-to-date symlink: /home/nhodung/Documents/ros2_learn/example_for_github/create_type/install/create_msgs/include/create_msgs/create_msgs/msg/detail/sphere__builder.hpp
[1.356s] -- Up-to-date symlink: /home/nhodung/Documents/ros2_learn/example_for_github/create_type/install/create_msgs/include/create_msgs/create_msgs/msg/detail/sphere__struct.hpp
[1.356s] -- Up-to-date symlink: /home/nhodung/Documents/ros2_learn/example_for_github/create_type/install/create_msgs/include/create_msgs/create_msgs/msg/detail/sphere__traits.hpp
[1.357s] -- Up-to-date symlink: /home/nhodung/Documents/ros2_learn/example_for_github/create_type/install/create_msgs/include/create_msgs/create_msgs/msg/num.hpp
[1.357s] -- Up-to-date symlink: /home/nhodung/Documents/ros2_learn/example_for_github/create_type/install/create_msgs/include/create_msgs/create_msgs/msg/sphere.hpp
[1.357s] -- Up-to-date symlink: /home/nhodung/Documents/ros2_learn/example_for_github/create_type/install/create_msgs/include/create_msgs/create_msgs/srv/add_three_ints.hpp
[1.357s] -- Up-to-date symlink: /home/nhodung/Documents/ros2_learn/example_for_github/create_type/install/create_msgs/include/create_msgs/create_msgs/srv/detail/add_three_ints__builder.hpp
[1.357s] -- Up-to-date symlink: /home/nhodung/Documents/ros2_learn/example_for_github/create_type/install/create_msgs/include/create_msgs/create_msgs/srv/detail/add_three_ints__struct.hpp
[1.357s] -- Up-to-date symlink: /home/nhodung/Documents/ros2_learn/example_for_github/create_type/install/create_msgs/include/create_msgs/create_msgs/srv/detail/add_three_ints__traits.hpp
[1.358s] -- Up-to-date symlink: /home/nhodung/Documents/ros2_learn/example_for_github/create_type/install/create_msgs/include/create_msgs/create_msgs/msg/detail/num__rosidl_typesupport_fastrtps_cpp.hpp
[1.358s] -- Up-to-date symlink: /home/nhodung/Documents/ros2_learn/example_for_github/create_type/install/create_msgs/include/create_msgs/create_msgs/msg/detail/sphere__rosidl_typesupport_fastrtps_cpp.hpp
[1.358s] -- Up-to-date symlink: /home/nhodung/Documents/ros2_learn/example_for_github/create_type/install/create_msgs/include/create_msgs/create_msgs/msg/rosidl_typesupport_fastrtps_cpp__visibility_control.h
[1.358s] -- Up-to-date symlink: /home/nhodung/Documents/ros2_learn/example_for_github/create_type/install/create_msgs/include/create_msgs/create_msgs/srv/detail/add_three_ints__rosidl_typesupport_fastrtps_cpp.hpp
[1.358s] -- Up-to-date symlink: /home/nhodung/Documents/ros2_learn/example_for_github/create_type/install/create_msgs/include/create_msgs/create_msgs/msg/detail/num__rosidl_typesupport_introspection_c.h
[1.358s] -- Up-to-date symlink: /home/nhodung/Documents/ros2_learn/example_for_github/create_type/install/create_msgs/include/create_msgs/create_msgs/msg/detail/sphere__rosidl_typesupport_introspection_c.h
[1.358s] -- Up-to-date symlink: /home/nhodung/Documents/ros2_learn/example_for_github/create_type/install/create_msgs/include/create_msgs/create_msgs/msg/rosidl_typesupport_introspection_c__visibility_control.h
[1.358s] -- Up-to-date symlink: /home/nhodung/Documents/ros2_learn/example_for_github/create_type/install/create_msgs/include/create_msgs/create_msgs/srv/detail/add_three_ints__rosidl_typesupport_introspection_c.h
[1.359s] -- Up-to-date symlink: /home/nhodung/Documents/ros2_learn/example_for_github/create_type/install/create_msgs/include/create_msgs/create_msgs/msg/detail/num__rosidl_typesupport_introspection_cpp.hpp
[1.359s] -- Up-to-date symlink: /home/nhodung/Documents/ros2_learn/example_for_github/create_type/install/create_msgs/include/create_msgs/create_msgs/msg/detail/sphere__rosidl_typesupport_introspection_cpp.hpp
[1.359s] -- Up-to-date symlink: /home/nhodung/Documents/ros2_learn/example_for_github/create_type/install/create_msgs/include/create_msgs/create_msgs/srv/detail/add_three_ints__rosidl_typesupport_introspection_cpp.hpp
[1.359s] -- Up-to-date symlink: /home/nhodung/Documents/ros2_learn/example_for_github/create_type/install/create_msgs/share/create_msgs/environment/pythonpath.sh
[1.359s] -- Up-to-date symlink: /home/nhodung/Documents/ros2_learn/example_for_github/create_type/install/create_msgs/share/create_msgs/environment/pythonpath.dsv
[1.359s] -- Up-to-date symlink: /home/nhodung/Documents/ros2_learn/example_for_github/create_type/install/create_msgs/local/lib/python3.10/dist-packages/create_msgs-0.0.0-py3.10.egg-info/PKG-INFO
[1.359s] -- Up-to-date symlink: /home/nhodung/Documents/ros2_learn/example_for_github/create_type/install/create_msgs/local/lib/python3.10/dist-packages/create_msgs-0.0.0-py3.10.egg-info/SOURCES.txt
[1.360s] -- Up-to-date symlink: /home/nhodung/Documents/ros2_learn/example_for_github/create_type/install/create_msgs/local/lib/python3.10/dist-packages/create_msgs-0.0.0-py3.10.egg-info/dependency_links.txt
[1.360s] -- Up-to-date symlink: /home/nhodung/Documents/ros2_learn/example_for_github/create_type/install/create_msgs/local/lib/python3.10/dist-packages/create_msgs-0.0.0-py3.10.egg-info/top_level.txt
[1.360s] -- Up-to-date symlink: /home/nhodung/Documents/ros2_learn/example_for_github/create_type/install/create_msgs/local/lib/python3.10/dist-packages/create_msgs/__init__.py
[1.360s] -- Up-to-date symlink: /home/nhodung/Documents/ros2_learn/example_for_github/create_type/install/create_msgs/local/lib/python3.10/dist-packages/create_msgs/_create_msgs_s.ep.rosidl_typesupport_c.c
[1.360s] -- Up-to-date symlink: /home/nhodung/Documents/ros2_learn/example_for_github/create_type/install/create_msgs/local/lib/python3.10/dist-packages/create_msgs/_create_msgs_s.ep.rosidl_typesupport_fastrtps_c.c
[1.360s] -- Up-to-date symlink: /home/nhodung/Documents/ros2_learn/example_for_github/create_type/install/create_msgs/local/lib/python3.10/dist-packages/create_msgs/_create_msgs_s.ep.rosidl_typesupport_introspection_c.c
[1.361s] -- Up-to-date symlink: /home/nhodung/Documents/ros2_learn/example_for_github/create_type/install/create_msgs/local/lib/python3.10/dist-packages/create_msgs/create_msgs_s__rosidl_typesupport_c.cpython-310-x86_64-linux-gnu.so
[1.361s] -- Up-to-date symlink: /home/nhodung/Documents/ros2_learn/example_for_github/create_type/install/create_msgs/local/lib/python3.10/dist-packages/create_msgs/create_msgs_s__rosidl_typesupport_fastrtps_c.cpython-310-x86_64-linux-gnu.so
[1.361s] -- Up-to-date symlink: /home/nhodung/Documents/ros2_learn/example_for_github/create_type/install/create_msgs/local/lib/python3.10/dist-packages/create_msgs/create_msgs_s__rosidl_typesupport_introspection_c.cpython-310-x86_64-linux-gnu.so
[1.361s] -- Up-to-date symlink: /home/nhodung/Documents/ros2_learn/example_for_github/create_type/install/create_msgs/local/lib/python3.10/dist-packages/create_msgs/libcreate_msgs__rosidl_generator_py.so
[1.361s] -- Up-to-date symlink: /home/nhodung/Documents/ros2_learn/example_for_github/create_type/install/create_msgs/local/lib/python3.10/dist-packages/create_msgs/msg/__init__.py
[1.361s] -- Up-to-date symlink: /home/nhodung/Documents/ros2_learn/example_for_github/create_type/install/create_msgs/local/lib/python3.10/dist-packages/create_msgs/msg/_num.py
[1.361s] -- Up-to-date symlink: /home/nhodung/Documents/ros2_learn/example_for_github/create_type/install/create_msgs/local/lib/python3.10/dist-packages/create_msgs/msg/_num_s.c
[1.361s] -- Up-to-date symlink: /home/nhodung/Documents/ros2_learn/example_for_github/create_type/install/create_msgs/local/lib/python3.10/dist-packages/create_msgs/msg/_sphere.py
[1.361s] -- Up-to-date symlink: /home/nhodung/Documents/ros2_learn/example_for_github/create_type/install/create_msgs/local/lib/python3.10/dist-packages/create_msgs/msg/_sphere_s.c
[1.362s] -- Up-to-date symlink: /home/nhodung/Documents/ros2_learn/example_for_github/create_type/install/create_msgs/local/lib/python3.10/dist-packages/create_msgs/srv/__init__.py
[1.362s] -- Up-to-date symlink: /home/nhodung/Documents/ros2_learn/example_for_github/create_type/install/create_msgs/local/lib/python3.10/dist-packages/create_msgs/srv/_add_three_ints.py
[1.362s] -- Up-to-date symlink: /home/nhodung/Documents/ros2_learn/example_for_github/create_type/install/create_msgs/local/lib/python3.10/dist-packages/create_msgs/srv/_add_three_ints_s.c
[1.362s] -- Up-to-date symlink: /home/nhodung/Documents/ros2_learn/example_for_github/create_type/install/create_msgs/local/lib/python3.10/dist-packages/create_msgs/create_msgs_s__rosidl_typesupport_fastrtps_c.cpython-310-x86_64-linux-gnu.so
[1.362s] -- Up-to-date symlink: /home/nhodung/Documents/ros2_learn/example_for_github/create_type/install/create_msgs/local/lib/python3.10/dist-packages/create_msgs/create_msgs_s__rosidl_typesupport_introspection_c.cpython-310-x86_64-linux-gnu.so
[1.362s] -- Up-to-date symlink: /home/nhodung/Documents/ros2_learn/example_for_github/create_type/install/create_msgs/local/lib/python3.10/dist-packages/create_msgs/create_msgs_s__rosidl_typesupport_c.cpython-310-x86_64-linux-gnu.so
[1.363s] -- Up-to-date symlink: /home/nhodung/Documents/ros2_learn/example_for_github/create_type/install/create_msgs/share/create_msgs/msg/Num.idl
[1.363s] -- Up-to-date symlink: /home/nhodung/Documents/ros2_learn/example_for_github/create_type/install/create_msgs/share/create_msgs/msg/Sphere.idl
[1.363s] -- Up-to-date symlink: /home/nhodung/Documents/ros2_learn/example_for_github/create_type/install/create_msgs/share/create_msgs/srv/AddThreeInts.idl
[1.363s] -- Up-to-date symlink: /home/nhodung/Documents/ros2_learn/example_for_github/create_type/install/create_msgs/share/create_msgs/msg/Num.msg
[1.363s] -- Up-to-date symlink: /home/nhodung/Documents/ros2_learn/example_for_github/create_type/install/create_msgs/share/create_msgs/msg/Sphere.msg
[1.363s] -- Up-to-date symlink: /home/nhodung/Documents/ros2_learn/example_for_github/create_type/install/create_msgs/share/create_msgs/srv/AddThreeInts.srv
[1.363s] -- Up-to-date symlink: /home/nhodung/Documents/ros2_learn/example_for_github/create_type/install/create_msgs/share/create_msgs/srv/AddThreeInts_Request.msg
[1.363s] -- Up-to-date symlink: /home/nhodung/Documents/ros2_learn/example_for_github/create_type/install/create_msgs/share/create_msgs/srv/AddThreeInts_Response.msg
[1.364s] -- Up-to-date symlink: /home/nhodung/Documents/ros2_learn/example_for_github/create_type/install/create_msgs/share/ament_index/resource_index/package_run_dependencies/create_msgs
[1.364s] -- Up-to-date symlink: /home/nhodung/Documents/ros2_learn/example_for_github/create_type/install/create_msgs/share/ament_index/resource_index/parent_prefix_path/create_msgs
[1.364s] -- Up-to-date symlink: /home/nhodung/Documents/ros2_learn/example_for_github/create_type/install/create_msgs/share/create_msgs/environment/ament_prefix_path.sh
[1.364s] -- Up-to-date symlink: /home/nhodung/Documents/ros2_learn/example_for_github/create_type/install/create_msgs/share/create_msgs/environment/ament_prefix_path.dsv
[1.364s] -- Up-to-date symlink: /home/nhodung/Documents/ros2_learn/example_for_github/create_type/install/create_msgs/share/create_msgs/environment/path.sh
[1.364s] -- Up-to-date symlink: /home/nhodung/Documents/ros2_learn/example_for_github/create_type/install/create_msgs/share/create_msgs/environment/path.dsv
[1.364s] -- Up-to-date symlink: /home/nhodung/Documents/ros2_learn/example_for_github/create_type/install/create_msgs/share/create_msgs/local_setup.bash
[1.365s] -- Up-to-date symlink: /home/nhodung/Documents/ros2_learn/example_for_github/create_type/install/create_msgs/share/create_msgs/local_setup.sh
[1.365s] -- Up-to-date symlink: /home/nhodung/Documents/ros2_learn/example_for_github/create_type/install/create_msgs/share/create_msgs/local_setup.zsh
[1.365s] -- Up-to-date symlink: /home/nhodung/Documents/ros2_learn/example_for_github/create_type/install/create_msgs/share/create_msgs/local_setup.dsv
[1.365s] -- Symlinking: /home/nhodung/Documents/ros2_learn/example_for_github/create_type/install/create_msgs/share/create_msgs/package.dsv
[1.372s] -- Up-to-date symlink: /home/nhodung/Documents/ros2_learn/example_for_github/create_type/install/create_msgs/share/ament_index/resource_index/packages/create_msgs
[1.372s] -- Up-to-date symlink: /home/nhodung/Documents/ros2_learn/example_for_github/create_type/install/create_msgs/share/create_msgs/cmake/rosidl_cmake-extras.cmake
[1.372s] -- Up-to-date symlink: /home/nhodung/Documents/ros2_learn/example_for_github/create_type/install/create_msgs/share/create_msgs/cmake/ament_cmake_export_dependencies-extras.cmake
[1.372s] -- Up-to-date symlink: /home/nhodung/Documents/ros2_learn/example_for_github/create_type/install/create_msgs/share/create_msgs/cmake/ament_cmake_export_include_directories-extras.cmake
[1.372s] -- Up-to-date symlink: /home/nhodung/Documents/ros2_learn/example_for_github/create_type/install/create_msgs/share/create_msgs/cmake/ament_cmake_export_libraries-extras.cmake
[1.372s] -- Up-to-date symlink: /home/nhodung/Documents/ros2_learn/example_for_github/create_type/install/create_msgs/share/create_msgs/cmake/ament_cmake_export_targets-extras.cmake
[1.373s] -- Up-to-date symlink: /home/nhodung/Documents/ros2_learn/example_for_github/create_type/install/create_msgs/share/create_msgs/cmake/rosidl_cmake_export_typesupport_targets-extras.cmake
[1.373s] -- Up-to-date symlink: /home/nhodung/Documents/ros2_learn/example_for_github/create_type/install/create_msgs/share/create_msgs/cmake/rosidl_cmake_export_typesupport_libraries-extras.cmake
[1.373s] -- Up-to-date symlink: /home/nhodung/Documents/ros2_learn/example_for_github/create_type/install/create_msgs/share/create_msgs/cmake/create_msgsConfig.cmake
[1.373s] -- Up-to-date symlink: /home/nhodung/Documents/ros2_learn/example_for_github/create_type/install/create_msgs/share/create_msgs/cmake/create_msgsConfig-version.cmake
[1.373s] -- Up-to-date symlink: /home/nhodung/Documents/ros2_learn/example_for_github/create_type/install/create_msgs/share/create_msgs/package.xml
[1.373s] -- Up-to-date: /home/nhodung/Documents/ros2_learn/example_for_github/create_type/install/create_msgs/lib/libcreate_msgs__rosidl_generator_c.so
[1.373s] -- Up-to-date: /home/nhodung/Documents/ros2_learn/example_for_github/create_type/install/create_msgs/lib/libcreate_msgs__rosidl_typesupport_fastrtps_c.so
[1.374s] -- Up-to-date: /home/nhodung/Documents/ros2_learn/example_for_github/create_type/install/create_msgs/lib/libcreate_msgs__rosidl_typesupport_fastrtps_cpp.so
[1.374s] -- Up-to-date: /home/nhodung/Documents/ros2_learn/example_for_github/create_type/install/create_msgs/lib/libcreate_msgs__rosidl_typesupport_introspection_c.so
[1.374s] -- Up-to-date: /home/nhodung/Documents/ros2_learn/example_for_github/create_type/install/create_msgs/lib/libcreate_msgs__rosidl_typesupport_c.so
[1.374s] -- Up-to-date: /home/nhodung/Documents/ros2_learn/example_for_github/create_type/install/create_msgs/lib/libcreate_msgs__rosidl_typesupport_introspection_cpp.so
[1.374s] -- Up-to-date: /home/nhodung/Documents/ros2_learn/example_for_github/create_type/install/create_msgs/lib/libcreate_msgs__rosidl_typesupport_cpp.so
[1.400s] Listing '/home/nhodung/Documents/ros2_learn/example_for_github/create_type/install/create_msgs/local/lib/python3.10/dist-packages/create_msgs'...
[1.400s] Compiling '/home/nhodung/Documents/ros2_learn/example_for_github/create_type/install/create_msgs/local/lib/python3.10/dist-packages/create_msgs/__init__.py'...
[1.400s] Listing '/home/nhodung/Documents/ros2_learn/example_for_github/create_type/install/create_msgs/local/lib/python3.10/dist-packages/create_msgs/msg'...
[1.400s] Listing '/home/nhodung/Documents/ros2_learn/example_for_github/create_type/install/create_msgs/local/lib/python3.10/dist-packages/create_msgs/srv'...
[1.404s] -- Up-to-date: /home/nhodung/Documents/ros2_learn/example_for_github/create_type/install/create_msgs/lib/libcreate_msgs__rosidl_generator_py.so
[1.404s] -- Up-to-date: /home/nhodung/Documents/ros2_learn/example_for_github/create_type/install/create_msgs/share/create_msgs/cmake/export_create_msgs__rosidl_generator_cExport.cmake
[1.404s] -- Up-to-date: /home/nhodung/Documents/ros2_learn/example_for_github/create_type/install/create_msgs/share/create_msgs/cmake/export_create_msgs__rosidl_generator_cExport-noconfig.cmake
[1.404s] -- Up-to-date: /home/nhodung/Documents/ros2_learn/example_for_github/create_type/install/create_msgs/share/create_msgs/cmake/export_create_msgs__rosidl_typesupport_fastrtps_cExport.cmake
[1.404s] -- Up-to-date: /home/nhodung/Documents/ros2_learn/example_for_github/create_type/install/create_msgs/share/create_msgs/cmake/export_create_msgs__rosidl_typesupport_fastrtps_cExport-noconfig.cmake
[1.405s] -- Up-to-date: /home/nhodung/Documents/ros2_learn/example_for_github/create_type/install/create_msgs/share/create_msgs/cmake/export_create_msgs__rosidl_generator_cppExport.cmake
[1.405s] -- Up-to-date: /home/nhodung/Documents/ros2_learn/example_for_github/create_type/install/create_msgs/share/create_msgs/cmake/export_create_msgs__rosidl_typesupport_fastrtps_cppExport.cmake
[1.405s] -- Up-to-date: /home/nhodung/Documents/ros2_learn/example_for_github/create_type/install/create_msgs/share/create_msgs/cmake/export_create_msgs__rosidl_typesupport_fastrtps_cppExport-noconfig.cmake
[1.405s] -- Up-to-date: /home/nhodung/Documents/ros2_learn/example_for_github/create_type/install/create_msgs/share/create_msgs/cmake/create_msgs__rosidl_typesupport_introspection_cExport.cmake
[1.405s] -- Up-to-date: /home/nhodung/Documents/ros2_learn/example_for_github/create_type/install/create_msgs/share/create_msgs/cmake/create_msgs__rosidl_typesupport_introspection_cExport-noconfig.cmake
[1.405s] -- Up-to-date: /home/nhodung/Documents/ros2_learn/example_for_github/create_type/install/create_msgs/share/create_msgs/cmake/create_msgs__rosidl_typesupport_cExport.cmake
[1.405s] -- Up-to-date: /home/nhodung/Documents/ros2_learn/example_for_github/create_type/install/create_msgs/share/create_msgs/cmake/create_msgs__rosidl_typesupport_cExport-noconfig.cmake
[1.405s] -- Up-to-date: /home/nhodung/Documents/ros2_learn/example_for_github/create_type/install/create_msgs/share/create_msgs/cmake/create_msgs__rosidl_typesupport_introspection_cppExport.cmake
[1.405s] -- Up-to-date: /home/nhodung/Documents/ros2_learn/example_for_github/create_type/install/create_msgs/share/create_msgs/cmake/create_msgs__rosidl_typesupport_introspection_cppExport-noconfig.cmake
[1.405s] -- Up-to-date: /home/nhodung/Documents/ros2_learn/example_for_github/create_type/install/create_msgs/share/create_msgs/cmake/create_msgs__rosidl_typesupport_cppExport.cmake
[1.405s] -- Up-to-date: /home/nhodung/Documents/ros2_learn/example_for_github/create_type/install/create_msgs/share/create_msgs/cmake/create_msgs__rosidl_typesupport_cppExport-noconfig.cmake
[1.405s] -- Up-to-date: /home/nhodung/Documents/ros2_learn/example_for_github/create_type/install/create_msgs/share/create_msgs/cmake/export_create_msgs__rosidl_generator_pyExport.cmake
[1.405s] -- Up-to-date: /home/nhodung/Documents/ros2_learn/example_for_github/create_type/install/create_msgs/share/create_msgs/cmake/export_create_msgs__rosidl_generator_pyExport-noconfig.cmake
[1.407s] Invoked command in '/home/nhodung/Documents/ros2_learn/example_for_github/create_type/build/create_msgs' returned '0': CMAKE_PREFIX_PATH=/opt/ros/humble /usr/bin/cmake --install /home/nhodung/Documents/ros2_learn/example_for_github/create_type/build/create_msgs
