-- Found ament_cmake: 1.3.10 (/opt/ros/humble/share/ament_cmake/cmake)
-- Found geometry_msgs: 4.2.4 (/opt/ros/humble/share/geometry_msgs/cmake)
-- Found rosidl_generator_c: 3.1.5 (/opt/ros/humble/share/rosidl_generator_c/cmake)
-- Found rosidl_adapter: 3.1.5 (/opt/ros/humble/share/rosidl_adapter/cmake)
-- Found rosidl_generator_cpp: 3.1.5 (/opt/ros/humble/share/rosidl_generator_cpp/cmake)
-- Using all available rosidl_typesupport_c: rosidl_typesupport_fastrtps_c;rosidl_typesupport_introspection_c
-- Using all available rosidl_typesupport_cpp: rosidl_typesupport_fastrtps_cpp;rosidl_typesupport_introspection_cpp
-- Found rosidl_default_generators: 1.2.0 (/opt/ros/humble/share/rosidl_default_generators/cmake)
-- Found ament_cmake_ros: 0.10.0 (/opt/ros/humble/share/ament_cmake_ros/cmake)
-- Using all available rosidl_typesupport_c: rosidl_typesupport_fastrtps_c;rosidl_typesupport_introspection_c
-- Using all available rosidl_typesupport_cpp: rosidl_typesupport_fastrtps_cpp;rosidl_typesupport_introspection_cpp
-- Found python_cmake_module: 0.10.0 (/opt/ros/humble/share/python_cmake_module/cmake)
-- Using PYTHON_EXECUTABLE: /usr/bin/python3
-- Using PYTHON_INCLUDE_DIRS: /usr/include/python3.10
-- Using PYTHON_LIBRARIES: /usr/lib/x86_64-linux-gnu/libpython3.10.so
-- Configuring done
-- Generating done
-- Build files have been written to: /home/nhodung/Documents/ros2_learn/example_for_github/create_type_2/build/create_msgs
[35m[1mConsolidate compiler generated dependencies of target create_msgs__rosidl_generator_c[0m
[  2%] Built target create_msgs__cpp
[ 12%] Built target create_msgs__rosidl_generator_c
[35m[1mConsolidate compiler generated dependencies of target create_msgs__rosidl_typesupport_fastrtps_cpp[0m
[ 12%] Built target ament_cmake_python_copy_create_msgs
[35m[1mConsolidate compiler generated dependencies of target create_msgs__rosidl_typesupport_cpp[0m
[35m[1mConsolidate compiler generated dependencies of target create_msgs__rosidl_typesupport_introspection_cpp[0m
[35m[1mConsolidate compiler generated dependencies of target create_msgs__rosidl_typesupport_fastrtps_c[0m
[35m[1mConsolidate compiler generated dependencies of target create_msgs__rosidl_typesupport_c[0m
[35m[1mConsolidate compiler generated dependencies of target create_msgs__rosidl_typesupport_introspection_c[0m
[ 23%] Built target create_msgs__rosidl_typesupport_introspection_cpp
[ 34%] Built target create_msgs__rosidl_typesupport_c
[ 44%] Built target create_msgs__rosidl_typesupport_fastrtps_cpp
[ 55%] Built target create_msgs__rosidl_typesupport_cpp
[ 65%] Built target create_msgs__rosidl_typesupport_introspection_c
[ 76%] Built target create_msgs__rosidl_typesupport_fastrtps_c
[ 76%] Built target create_msgs
[ 78%] Built target create_msgs__py
[35m[1mConsolidate compiler generated dependencies of target create_msgs__rosidl_generator_py[0m
[ 87%] Built target create_msgs__rosidl_generator_py
[35m[1mConsolidate compiler generated dependencies of target create_msgs__rosidl_typesupport_introspection_c__pyext[0m
[35m[1mConsolidate compiler generated dependencies of target create_msgs__rosidl_typesupport_fastrtps_c__pyext[0m
[35m[1mConsolidate compiler generated dependencies of target create_msgs__rosidl_typesupport_c__pyext[0m
[ 91%] Built target create_msgs__rosidl_typesupport_introspection_c__pyext
[ 95%] Built target create_msgs__rosidl_typesupport_fastrtps_c__pyext
[100%] Built target create_msgs__rosidl_typesupport_c__pyext
running egg_info
writing create_msgs.egg-info/PKG-INFO
writing dependency_links to create_msgs.egg-info/dependency_links.txt
writing top-level names to create_msgs.egg-info/top_level.txt
reading manifest file 'create_msgs.egg-info/SOURCES.txt'
writing manifest file 'create_msgs.egg-info/SOURCES.txt'
[100%] Built target ament_cmake_python_build_create_msgs_egg
-- Install configuration: ""
-- Up-to-date: /home/nhodung/Documents/ros2_learn/example_for_github/create_type_2/install/create_msgs/share/ament_index/resource_index/rosidl_interfaces/create_msgs
-- Up-to-date: /home/nhodung/Documents/ros2_learn/example_for_github/create_type_2/install/create_msgs/include/create_msgs/create_msgs
-- Up-to-date: /home/nhodung/Documents/ros2_learn/example_for_github/create_type_2/install/create_msgs/include/create_msgs/create_msgs/msg
-- Up-to-date: /home/nhodung/Documents/ros2_learn/example_for_github/create_type_2/install/create_msgs/include/create_msgs/create_msgs/msg/detail
-- Up-to-date: /home/nhodung/Documents/ros2_learn/example_for_github/create_type_2/install/create_msgs/include/create_msgs/create_msgs/msg/detail/num__functions.h
-- Up-to-date: /home/nhodung/Documents/ros2_learn/example_for_github/create_type_2/install/create_msgs/include/create_msgs/create_msgs/msg/detail/sphere__functions.h
-- Up-to-date: /home/nhodung/Documents/ros2_learn/example_for_github/create_type_2/install/create_msgs/include/create_msgs/create_msgs/msg/detail/num__functions.c
-- Up-to-date: /home/nhodung/Documents/ros2_learn/example_for_github/create_type_2/install/create_msgs/include/create_msgs/create_msgs/msg/detail/sphere__functions.c
-- Up-to-date: /home/nhodung/Documents/ros2_learn/example_for_github/create_type_2/install/create_msgs/include/create_msgs/create_msgs/msg/detail/num__type_support.h
-- Up-to-date: /home/nhodung/Documents/ros2_learn/example_for_github/create_type_2/install/create_msgs/include/create_msgs/create_msgs/msg/detail/sphere__type_support.h
-- Up-to-date: /home/nhodung/Documents/ros2_learn/example_for_github/create_type_2/install/create_msgs/include/create_msgs/create_msgs/msg/detail/sphere__struct.h
-- Up-to-date: /home/nhodung/Documents/ros2_learn/example_for_github/create_type_2/install/create_msgs/include/create_msgs/create_msgs/msg/detail/num__struct.h
-- Up-to-date: /home/nhodung/Documents/ros2_learn/example_for_github/create_type_2/install/create_msgs/include/create_msgs/create_msgs/msg/num.h
-- Up-to-date: /home/nhodung/Documents/ros2_learn/example_for_github/create_type_2/install/create_msgs/include/create_msgs/create_msgs/msg/rosidl_generator_c__visibility_control.h
-- Up-to-date: /home/nhodung/Documents/ros2_learn/example_for_github/create_type_2/install/create_msgs/include/create_msgs/create_msgs/msg/sphere.h
-- Up-to-date: /home/nhodung/Documents/ros2_learn/example_for_github/create_type_2/install/create_msgs/include/create_msgs/create_msgs/srv
-- Up-to-date: /home/nhodung/Documents/ros2_learn/example_for_github/create_type_2/install/create_msgs/include/create_msgs/create_msgs/srv/detail
-- Up-to-date: /home/nhodung/Documents/ros2_learn/example_for_github/create_type_2/install/create_msgs/include/create_msgs/create_msgs/srv/detail/add_three_ints__type_support.h
-- Up-to-date: /home/nhodung/Documents/ros2_learn/example_for_github/create_type_2/install/create_msgs/include/create_msgs/create_msgs/srv/detail/add_three_ints__struct.h
-- Up-to-date: /home/nhodung/Documents/ros2_learn/example_for_github/create_type_2/install/create_msgs/include/create_msgs/create_msgs/srv/detail/add_three_ints__functions.c
-- Up-to-date: /home/nhodung/Documents/ros2_learn/example_for_github/create_type_2/install/create_msgs/include/create_msgs/create_msgs/srv/detail/add_three_ints__functions.h
-- Up-to-date: /home/nhodung/Documents/ros2_learn/example_for_github/create_type_2/install/create_msgs/include/create_msgs/create_msgs/srv/add_three_ints.h
-- Up-to-date: /home/nhodung/Documents/ros2_learn/example_for_github/create_type_2/install/create_msgs/share/create_msgs/environment/library_path.sh
-- Installing: /home/nhodung/Documents/ros2_learn/example_for_github/create_type_2/install/create_msgs/share/create_msgs/environment/library_path.dsv
-- Up-to-date: /home/nhodung/Documents/ros2_learn/example_for_github/create_type_2/install/create_msgs/lib/libcreate_msgs__rosidl_generator_c.so
-- Up-to-date: /home/nhodung/Documents/ros2_learn/example_for_github/create_type_2/install/create_msgs/include/create_msgs/create_msgs
-- Up-to-date: /home/nhodung/Documents/ros2_learn/example_for_github/create_type_2/install/create_msgs/include/create_msgs/create_msgs/msg
-- Up-to-date: /home/nhodung/Documents/ros2_learn/example_for_github/create_type_2/install/create_msgs/include/create_msgs/create_msgs/msg/rosidl_typesupport_fastrtps_c__visibility_control.h
-- Up-to-date: /home/nhodung/Documents/ros2_learn/example_for_github/create_type_2/install/create_msgs/include/create_msgs/create_msgs/msg/detail
-- Up-to-date: /home/nhodung/Documents/ros2_learn/example_for_github/create_type_2/install/create_msgs/include/create_msgs/create_msgs/msg/detail/num__rosidl_typesupport_fastrtps_c.h
-- Up-to-date: /home/nhodung/Documents/ros2_learn/example_for_github/create_type_2/install/create_msgs/include/create_msgs/create_msgs/msg/detail/sphere__rosidl_typesupport_fastrtps_c.h
-- Up-to-date: /home/nhodung/Documents/ros2_learn/example_for_github/create_type_2/install/create_msgs/include/create_msgs/create_msgs/srv
-- Up-to-date: /home/nhodung/Documents/ros2_learn/example_for_github/create_type_2/install/create_msgs/include/create_msgs/create_msgs/srv/detail
-- Up-to-date: /home/nhodung/Documents/ros2_learn/example_for_github/create_type_2/install/create_msgs/include/create_msgs/create_msgs/srv/detail/add_three_ints__rosidl_typesupport_fastrtps_c.h
-- Up-to-date: /home/nhodung/Documents/ros2_learn/example_for_github/create_type_2/install/create_msgs/lib/libcreate_msgs__rosidl_typesupport_fastrtps_c.so
-- Up-to-date: /home/nhodung/Documents/ros2_learn/example_for_github/create_type_2/install/create_msgs/include/create_msgs/create_msgs
-- Up-to-date: /home/nhodung/Documents/ros2_learn/example_for_github/create_type_2/install/create_msgs/include/create_msgs/create_msgs/msg
-- Up-to-date: /home/nhodung/Documents/ros2_learn/example_for_github/create_type_2/install/create_msgs/include/create_msgs/create_msgs/msg/num.hpp
-- Up-to-date: /home/nhodung/Documents/ros2_learn/example_for_github/create_type_2/install/create_msgs/include/create_msgs/create_msgs/msg/detail
-- Up-to-date: /home/nhodung/Documents/ros2_learn/example_for_github/create_type_2/install/create_msgs/include/create_msgs/create_msgs/msg/detail/sphere__builder.hpp
-- Up-to-date: /home/nhodung/Documents/ros2_learn/example_for_github/create_type_2/install/create_msgs/include/create_msgs/create_msgs/msg/detail/sphere__traits.hpp
-- Up-to-date: /home/nhodung/Documents/ros2_learn/example_for_github/create_type_2/install/create_msgs/include/create_msgs/create_msgs/msg/detail/sphere__struct.hpp
-- Up-to-date: /home/nhodung/Documents/ros2_learn/example_for_github/create_type_2/install/create_msgs/include/create_msgs/create_msgs/msg/detail/num__struct.hpp
-- Up-to-date: /home/nhodung/Documents/ros2_learn/example_for_github/create_type_2/install/create_msgs/include/create_msgs/create_msgs/msg/detail/num__builder.hpp
-- Up-to-date: /home/nhodung/Documents/ros2_learn/example_for_github/create_type_2/install/create_msgs/include/create_msgs/create_msgs/msg/detail/num__traits.hpp
-- Up-to-date: /home/nhodung/Documents/ros2_learn/example_for_github/create_type_2/install/create_msgs/include/create_msgs/create_msgs/msg/sphere.hpp
-- Up-to-date: /home/nhodung/Documents/ros2_learn/example_for_github/create_type_2/install/create_msgs/include/create_msgs/create_msgs/srv
-- Up-to-date: /home/nhodung/Documents/ros2_learn/example_for_github/create_type_2/install/create_msgs/include/create_msgs/create_msgs/srv/add_three_ints.hpp
-- Up-to-date: /home/nhodung/Documents/ros2_learn/example_for_github/create_type_2/install/create_msgs/include/create_msgs/create_msgs/srv/detail
-- Up-to-date: /home/nhodung/Documents/ros2_learn/example_for_github/create_type_2/install/create_msgs/include/create_msgs/create_msgs/srv/detail/add_three_ints__struct.hpp
-- Up-to-date: /home/nhodung/Documents/ros2_learn/example_for_github/create_type_2/install/create_msgs/include/create_msgs/create_msgs/srv/detail/add_three_ints__traits.hpp
-- Up-to-date: /home/nhodung/Documents/ros2_learn/example_for_github/create_type_2/install/create_msgs/include/create_msgs/create_msgs/srv/detail/add_three_ints__builder.hpp
-- Up-to-date: /home/nhodung/Documents/ros2_learn/example_for_github/create_type_2/install/create_msgs/include/create_msgs/create_msgs
-- Up-to-date: /home/nhodung/Documents/ros2_learn/example_for_github/create_type_2/install/create_msgs/include/create_msgs/create_msgs/msg
-- Up-to-date: /home/nhodung/Documents/ros2_learn/example_for_github/create_type_2/install/create_msgs/include/create_msgs/create_msgs/msg/detail
-- Up-to-date: /home/nhodung/Documents/ros2_learn/example_for_github/create_type_2/install/create_msgs/include/create_msgs/create_msgs/msg/detail/sphere__rosidl_typesupport_fastrtps_cpp.hpp
-- Up-to-date: /home/nhodung/Documents/ros2_learn/example_for_github/create_type_2/install/create_msgs/include/create_msgs/create_msgs/msg/detail/dds_fastrtps
-- Up-to-date: /home/nhodung/Documents/ros2_learn/example_for_github/create_type_2/install/create_msgs/include/create_msgs/create_msgs/msg/detail/num__rosidl_typesupport_fastrtps_cpp.hpp
-- Up-to-date: /home/nhodung/Documents/ros2_learn/example_for_github/create_type_2/install/create_msgs/include/create_msgs/create_msgs/msg/rosidl_typesupport_fastrtps_cpp__visibility_control.h
-- Up-to-date: /home/nhodung/Documents/ros2_learn/example_for_github/create_type_2/install/create_msgs/include/create_msgs/create_msgs/srv
-- Up-to-date: /home/nhodung/Documents/ros2_learn/example_for_github/create_type_2/install/create_msgs/include/create_msgs/create_msgs/srv/detail
-- Up-to-date: /home/nhodung/Documents/ros2_learn/example_for_github/create_type_2/install/create_msgs/include/create_msgs/create_msgs/srv/detail/add_three_ints__rosidl_typesupport_fastrtps_cpp.hpp
-- Up-to-date: /home/nhodung/Documents/ros2_learn/example_for_github/create_type_2/install/create_msgs/include/create_msgs/create_msgs/srv/detail/dds_fastrtps
-- Up-to-date: /home/nhodung/Documents/ros2_learn/example_for_github/create_type_2/install/create_msgs/lib/libcreate_msgs__rosidl_typesupport_fastrtps_cpp.so
-- Up-to-date: /home/nhodung/Documents/ros2_learn/example_for_github/create_type_2/install/create_msgs/include/create_msgs/create_msgs
-- Up-to-date: /home/nhodung/Documents/ros2_learn/example_for_github/create_type_2/install/create_msgs/include/create_msgs/create_msgs/msg
-- Up-to-date: /home/nhodung/Documents/ros2_learn/example_for_github/create_type_2/install/create_msgs/include/create_msgs/create_msgs/msg/detail
-- Up-to-date: /home/nhodung/Documents/ros2_learn/example_for_github/create_type_2/install/create_msgs/include/create_msgs/create_msgs/msg/detail/sphere__type_support.c
-- Up-to-date: /home/nhodung/Documents/ros2_learn/example_for_github/create_type_2/install/create_msgs/include/create_msgs/create_msgs/msg/detail/sphere__rosidl_typesupport_introspection_c.h
-- Up-to-date: /home/nhodung/Documents/ros2_learn/example_for_github/create_type_2/install/create_msgs/include/create_msgs/create_msgs/msg/detail/num__type_support.c
-- Up-to-date: /home/nhodung/Documents/ros2_learn/example_for_github/create_type_2/install/create_msgs/include/create_msgs/create_msgs/msg/detail/num__rosidl_typesupport_introspection_c.h
-- Up-to-date: /home/nhodung/Documents/ros2_learn/example_for_github/create_type_2/install/create_msgs/include/create_msgs/create_msgs/msg/rosidl_typesupport_introspection_c__visibility_control.h
-- Up-to-date: /home/nhodung/Documents/ros2_learn/example_for_github/create_type_2/install/create_msgs/include/create_msgs/create_msgs/srv
-- Up-to-date: /home/nhodung/Documents/ros2_learn/example_for_github/create_type_2/install/create_msgs/include/create_msgs/create_msgs/srv/detail
-- Up-to-date: /home/nhodung/Documents/ros2_learn/example_for_github/create_type_2/install/create_msgs/include/create_msgs/create_msgs/srv/detail/add_three_ints__type_support.c
-- Up-to-date: /home/nhodung/Documents/ros2_learn/example_for_github/create_type_2/install/create_msgs/include/create_msgs/create_msgs/srv/detail/add_three_ints__rosidl_typesupport_introspection_c.h
-- Up-to-date: /home/nhodung/Documents/ros2_learn/example_for_github/create_type_2/install/create_msgs/lib/libcreate_msgs__rosidl_typesupport_introspection_c.so
-- Up-to-date: /home/nhodung/Documents/ros2_learn/example_for_github/create_type_2/install/create_msgs/lib/libcreate_msgs__rosidl_typesupport_c.so
-- Up-to-date: /home/nhodung/Documents/ros2_learn/example_for_github/create_type_2/install/create_msgs/include/create_msgs/create_msgs
-- Up-to-date: /home/nhodung/Documents/ros2_learn/example_for_github/create_type_2/install/create_msgs/include/create_msgs/create_msgs/msg
-- Up-to-date: /home/nhodung/Documents/ros2_learn/example_for_github/create_type_2/install/create_msgs/include/create_msgs/create_msgs/msg/detail
-- Up-to-date: /home/nhodung/Documents/ros2_learn/example_for_github/create_type_2/install/create_msgs/include/create_msgs/create_msgs/msg/detail/sphere__type_support.cpp
-- Up-to-date: /home/nhodung/Documents/ros2_learn/example_for_github/create_type_2/install/create_msgs/include/create_msgs/create_msgs/msg/detail/sphere__rosidl_typesupport_introspection_cpp.hpp
-- Up-to-date: /home/nhodung/Documents/ros2_learn/example_for_github/create_type_2/install/create_msgs/include/create_msgs/create_msgs/msg/detail/num__rosidl_typesupport_introspection_cpp.hpp
-- Up-to-date: /home/nhodung/Documents/ros2_learn/example_for_github/create_type_2/install/create_msgs/include/create_msgs/create_msgs/msg/detail/num__type_support.cpp
-- Up-to-date: /home/nhodung/Documents/ros2_learn/example_for_github/create_type_2/install/create_msgs/include/create_msgs/create_msgs/srv
-- Up-to-date: /home/nhodung/Documents/ros2_learn/example_for_github/create_type_2/install/create_msgs/include/create_msgs/create_msgs/srv/detail
-- Up-to-date: /home/nhodung/Documents/ros2_learn/example_for_github/create_type_2/install/create_msgs/include/create_msgs/create_msgs/srv/detail/add_three_ints__type_support.cpp
-- Up-to-date: /home/nhodung/Documents/ros2_learn/example_for_github/create_type_2/install/create_msgs/include/create_msgs/create_msgs/srv/detail/add_three_ints__rosidl_typesupport_introspection_cpp.hpp
-- Up-to-date: /home/nhodung/Documents/ros2_learn/example_for_github/create_type_2/install/create_msgs/lib/libcreate_msgs__rosidl_typesupport_introspection_cpp.so
-- Up-to-date: /home/nhodung/Documents/ros2_learn/example_for_github/create_type_2/install/create_msgs/lib/libcreate_msgs__rosidl_typesupport_cpp.so
-- Up-to-date: /home/nhodung/Documents/ros2_learn/example_for_github/create_type_2/install/create_msgs/share/create_msgs/environment/pythonpath.sh
-- Installing: /home/nhodung/Documents/ros2_learn/example_for_github/create_type_2/install/create_msgs/share/create_msgs/environment/pythonpath.dsv
-- Up-to-date: /home/nhodung/Documents/ros2_learn/example_for_github/create_type_2/install/create_msgs/local/lib/python3.10/dist-packages/create_msgs-0.0.0-py3.10.egg-info
-- Installing: /home/nhodung/Documents/ros2_learn/example_for_github/create_type_2/install/create_msgs/local/lib/python3.10/dist-packages/create_msgs-0.0.0-py3.10.egg-info/SOURCES.txt
-- Installing: /home/nhodung/Documents/ros2_learn/example_for_github/create_type_2/install/create_msgs/local/lib/python3.10/dist-packages/create_msgs-0.0.0-py3.10.egg-info/top_level.txt
-- Installing: /home/nhodung/Documents/ros2_learn/example_for_github/create_type_2/install/create_msgs/local/lib/python3.10/dist-packages/create_msgs-0.0.0-py3.10.egg-info/PKG-INFO
-- Installing: /home/nhodung/Documents/ros2_learn/example_for_github/create_type_2/install/create_msgs/local/lib/python3.10/dist-packages/create_msgs-0.0.0-py3.10.egg-info/dependency_links.txt
-- Up-to-date: /home/nhodung/Documents/ros2_learn/example_for_github/create_type_2/install/create_msgs/local/lib/python3.10/dist-packages/create_msgs
-- Up-to-date: /home/nhodung/Documents/ros2_learn/example_for_github/create_type_2/install/create_msgs/local/lib/python3.10/dist-packages/create_msgs/libcreate_msgs__rosidl_generator_py.so
-- Up-to-date: /home/nhodung/Documents/ros2_learn/example_for_github/create_type_2/install/create_msgs/local/lib/python3.10/dist-packages/create_msgs/_create_msgs_s.ep.rosidl_typesupport_c.c
-- Up-to-date: /home/nhodung/Documents/ros2_learn/example_for_github/create_type_2/install/create_msgs/local/lib/python3.10/dist-packages/create_msgs/create_msgs_s__rosidl_typesupport_fastrtps_c.cpython-310-x86_64-linux-gnu.so
-- Installing: /home/nhodung/Documents/ros2_learn/example_for_github/create_type_2/install/create_msgs/local/lib/python3.10/dist-packages/create_msgs/__init__.py
-- Up-to-date: /home/nhodung/Documents/ros2_learn/example_for_github/create_type_2/install/create_msgs/local/lib/python3.10/dist-packages/create_msgs/_create_msgs_s.ep.rosidl_typesupport_fastrtps_c.c
-- Up-to-date: /home/nhodung/Documents/ros2_learn/example_for_github/create_type_2/install/create_msgs/local/lib/python3.10/dist-packages/create_msgs/msg
-- Up-to-date: /home/nhodung/Documents/ros2_learn/example_for_github/create_type_2/install/create_msgs/local/lib/python3.10/dist-packages/create_msgs/msg/_sphere.py
-- Up-to-date: /home/nhodung/Documents/ros2_learn/example_for_github/create_type_2/install/create_msgs/local/lib/python3.10/dist-packages/create_msgs/msg/_num.py
-- Up-to-date: /home/nhodung/Documents/ros2_learn/example_for_github/create_type_2/install/create_msgs/local/lib/python3.10/dist-packages/create_msgs/msg/_num_s.c
-- Up-to-date: /home/nhodung/Documents/ros2_learn/example_for_github/create_type_2/install/create_msgs/local/lib/python3.10/dist-packages/create_msgs/msg/_sphere_s.c
-- Up-to-date: /home/nhodung/Documents/ros2_learn/example_for_github/create_type_2/install/create_msgs/local/lib/python3.10/dist-packages/create_msgs/msg/__init__.py
-- Up-to-date: /home/nhodung/Documents/ros2_learn/example_for_github/create_type_2/install/create_msgs/local/lib/python3.10/dist-packages/create_msgs/create_msgs_s__rosidl_typesupport_c.cpython-310-x86_64-linux-gnu.so
-- Up-to-date: /home/nhodung/Documents/ros2_learn/example_for_github/create_type_2/install/create_msgs/local/lib/python3.10/dist-packages/create_msgs/_create_msgs_s.ep.rosidl_typesupport_introspection_c.c
-- Up-to-date: /home/nhodung/Documents/ros2_learn/example_for_github/create_type_2/install/create_msgs/local/lib/python3.10/dist-packages/create_msgs/srv
-- Up-to-date: /home/nhodung/Documents/ros2_learn/example_for_github/create_type_2/install/create_msgs/local/lib/python3.10/dist-packages/create_msgs/srv/__init__.py
-- Up-to-date: /home/nhodung/Documents/ros2_learn/example_for_github/create_type_2/install/create_msgs/local/lib/python3.10/dist-packages/create_msgs/srv/_add_three_ints_s.c
-- Up-to-date: /home/nhodung/Documents/ros2_learn/example_for_github/create_type_2/install/create_msgs/local/lib/python3.10/dist-packages/create_msgs/srv/_add_three_ints.py
-- Up-to-date: /home/nhodung/Documents/ros2_learn/example_for_github/create_type_2/install/create_msgs/local/lib/python3.10/dist-packages/create_msgs/create_msgs_s__rosidl_typesupport_introspection_c.cpython-310-x86_64-linux-gnu.so
Listing '/home/nhodung/Documents/ros2_learn/example_for_github/create_type_2/install/create_msgs/local/lib/python3.10/dist-packages/create_msgs'...
Compiling '/home/nhodung/Documents/ros2_learn/example_for_github/create_type_2/install/create_msgs/local/lib/python3.10/dist-packages/create_msgs/__init__.py'...
Listing '/home/nhodung/Documents/ros2_learn/example_for_github/create_type_2/install/create_msgs/local/lib/python3.10/dist-packages/create_msgs/msg'...
Listing '/home/nhodung/Documents/ros2_learn/example_for_github/create_type_2/install/create_msgs/local/lib/python3.10/dist-packages/create_msgs/srv'...
-- Up-to-date: /home/nhodung/Documents/ros2_learn/example_for_github/create_type_2/install/create_msgs/local/lib/python3.10/dist-packages/create_msgs/create_msgs_s__rosidl_typesupport_fastrtps_c.cpython-310-x86_64-linux-gnu.so
-- Up-to-date: /home/nhodung/Documents/ros2_learn/example_for_github/create_type_2/install/create_msgs/local/lib/python3.10/dist-packages/create_msgs/create_msgs_s__rosidl_typesupport_introspection_c.cpython-310-x86_64-linux-gnu.so
-- Up-to-date: /home/nhodung/Documents/ros2_learn/example_for_github/create_type_2/install/create_msgs/local/lib/python3.10/dist-packages/create_msgs/create_msgs_s__rosidl_typesupport_c.cpython-310-x86_64-linux-gnu.so
-- Up-to-date: /home/nhodung/Documents/ros2_learn/example_for_github/create_type_2/install/create_msgs/lib/libcreate_msgs__rosidl_generator_py.so
-- Up-to-date: /home/nhodung/Documents/ros2_learn/example_for_github/create_type_2/install/create_msgs/share/create_msgs/msg/Num.idl
-- Up-to-date: /home/nhodung/Documents/ros2_learn/example_for_github/create_type_2/install/create_msgs/share/create_msgs/msg/Sphere.idl
-- Up-to-date: /home/nhodung/Documents/ros2_learn/example_for_github/create_type_2/install/create_msgs/share/create_msgs/srv/AddThreeInts.idl
-- Up-to-date: /home/nhodung/Documents/ros2_learn/example_for_github/create_type_2/install/create_msgs/share/create_msgs/msg/Num.msg
-- Up-to-date: /home/nhodung/Documents/ros2_learn/example_for_github/create_type_2/install/create_msgs/share/create_msgs/msg/Sphere.msg
-- Up-to-date: /home/nhodung/Documents/ros2_learn/example_for_github/create_type_2/install/create_msgs/share/create_msgs/srv/AddThreeInts.srv
-- Up-to-date: /home/nhodung/Documents/ros2_learn/example_for_github/create_type_2/install/create_msgs/share/create_msgs/srv/AddThreeInts_Request.msg
-- Up-to-date: /home/nhodung/Documents/ros2_learn/example_for_github/create_type_2/install/create_msgs/share/create_msgs/srv/AddThreeInts_Response.msg
-- Up-to-date: /home/nhodung/Documents/ros2_learn/example_for_github/create_type_2/install/create_msgs/share/ament_index/resource_index/package_run_dependencies/create_msgs
-- Installing: /home/nhodung/Documents/ros2_learn/example_for_github/create_type_2/install/create_msgs/share/ament_index/resource_index/parent_prefix_path/create_msgs
-- Up-to-date: /home/nhodung/Documents/ros2_learn/example_for_github/create_type_2/install/create_msgs/share/create_msgs/environment/ament_prefix_path.sh
-- Installing: /home/nhodung/Documents/ros2_learn/example_for_github/create_type_2/install/create_msgs/share/create_msgs/environment/ament_prefix_path.dsv
-- Up-to-date: /home/nhodung/Documents/ros2_learn/example_for_github/create_type_2/install/create_msgs/share/create_msgs/environment/path.sh
-- Installing: /home/nhodung/Documents/ros2_learn/example_for_github/create_type_2/install/create_msgs/share/create_msgs/environment/path.dsv
-- Up-to-date: /home/nhodung/Documents/ros2_learn/example_for_github/create_type_2/install/create_msgs/share/create_msgs/local_setup.bash
-- Up-to-date: /home/nhodung/Documents/ros2_learn/example_for_github/create_type_2/install/create_msgs/share/create_msgs/local_setup.sh
-- Up-to-date: /home/nhodung/Documents/ros2_learn/example_for_github/create_type_2/install/create_msgs/share/create_msgs/local_setup.zsh
-- Installing: /home/nhodung/Documents/ros2_learn/example_for_github/create_type_2/install/create_msgs/share/create_msgs/local_setup.dsv
-- Installing: /home/nhodung/Documents/ros2_learn/example_for_github/create_type_2/install/create_msgs/share/create_msgs/package.dsv
-- Up-to-date: /home/nhodung/Documents/ros2_learn/example_for_github/create_type_2/install/create_msgs/share/ament_index/resource_index/packages/create_msgs
-- Up-to-date: /home/nhodung/Documents/ros2_learn/example_for_github/create_type_2/install/create_msgs/share/create_msgs/cmake/export_create_msgs__rosidl_generator_cExport.cmake
-- Up-to-date: /home/nhodung/Documents/ros2_learn/example_for_github/create_type_2/install/create_msgs/share/create_msgs/cmake/export_create_msgs__rosidl_generator_cExport-noconfig.cmake
-- Up-to-date: /home/nhodung/Documents/ros2_learn/example_for_github/create_type_2/install/create_msgs/share/create_msgs/cmake/export_create_msgs__rosidl_typesupport_fastrtps_cExport.cmake
-- Up-to-date: /home/nhodung/Documents/ros2_learn/example_for_github/create_type_2/install/create_msgs/share/create_msgs/cmake/export_create_msgs__rosidl_typesupport_fastrtps_cExport-noconfig.cmake
-- Up-to-date: /home/nhodung/Documents/ros2_learn/example_for_github/create_type_2/install/create_msgs/share/create_msgs/cmake/export_create_msgs__rosidl_generator_cppExport.cmake
-- Up-to-date: /home/nhodung/Documents/ros2_learn/example_for_github/create_type_2/install/create_msgs/share/create_msgs/cmake/export_create_msgs__rosidl_typesupport_fastrtps_cppExport.cmake
-- Up-to-date: /home/nhodung/Documents/ros2_learn/example_for_github/create_type_2/install/create_msgs/share/create_msgs/cmake/export_create_msgs__rosidl_typesupport_fastrtps_cppExport-noconfig.cmake
-- Up-to-date: /home/nhodung/Documents/ros2_learn/example_for_github/create_type_2/install/create_msgs/share/create_msgs/cmake/create_msgs__rosidl_typesupport_introspection_cExport.cmake
-- Up-to-date: /home/nhodung/Documents/ros2_learn/example_for_github/create_type_2/install/create_msgs/share/create_msgs/cmake/create_msgs__rosidl_typesupport_introspection_cExport-noconfig.cmake
-- Up-to-date: /home/nhodung/Documents/ros2_learn/example_for_github/create_type_2/install/create_msgs/share/create_msgs/cmake/create_msgs__rosidl_typesupport_cExport.cmake
-- Up-to-date: /home/nhodung/Documents/ros2_learn/example_for_github/create_type_2/install/create_msgs/share/create_msgs/cmake/create_msgs__rosidl_typesupport_cExport-noconfig.cmake
-- Up-to-date: /home/nhodung/Documents/ros2_learn/example_for_github/create_type_2/install/create_msgs/share/create_msgs/cmake/create_msgs__rosidl_typesupport_introspection_cppExport.cmake
-- Up-to-date: /home/nhodung/Documents/ros2_learn/example_for_github/create_type_2/install/create_msgs/share/create_msgs/cmake/create_msgs__rosidl_typesupport_introspection_cppExport-noconfig.cmake
-- Up-to-date: /home/nhodung/Documents/ros2_learn/example_for_github/create_type_2/install/create_msgs/share/create_msgs/cmake/create_msgs__rosidl_typesupport_cppExport.cmake
-- Up-to-date: /home/nhodung/Documents/ros2_learn/example_for_github/create_type_2/install/create_msgs/share/create_msgs/cmake/create_msgs__rosidl_typesupport_cppExport-noconfig.cmake
-- Up-to-date: /home/nhodung/Documents/ros2_learn/example_for_github/create_type_2/install/create_msgs/share/create_msgs/cmake/export_create_msgs__rosidl_generator_pyExport.cmake
-- Up-to-date: /home/nhodung/Documents/ros2_learn/example_for_github/create_type_2/install/create_msgs/share/create_msgs/cmake/export_create_msgs__rosidl_generator_pyExport-noconfig.cmake
-- Up-to-date: /home/nhodung/Documents/ros2_learn/example_for_github/create_type_2/install/create_msgs/share/create_msgs/cmake/rosidl_cmake-extras.cmake
-- Installing: /home/nhodung/Documents/ros2_learn/example_for_github/create_type_2/install/create_msgs/share/create_msgs/cmake/ament_cmake_export_dependencies-extras.cmake
-- Up-to-date: /home/nhodung/Documents/ros2_learn/example_for_github/create_type_2/install/create_msgs/share/create_msgs/cmake/ament_cmake_export_include_directories-extras.cmake
-- Up-to-date: /home/nhodung/Documents/ros2_learn/example_for_github/create_type_2/install/create_msgs/share/create_msgs/cmake/ament_cmake_export_libraries-extras.cmake
-- Up-to-date: /home/nhodung/Documents/ros2_learn/example_for_github/create_type_2/install/create_msgs/share/create_msgs/cmake/ament_cmake_export_targets-extras.cmake
-- Up-to-date: /home/nhodung/Documents/ros2_learn/example_for_github/create_type_2/install/create_msgs/share/create_msgs/cmake/rosidl_cmake_export_typesupport_targets-extras.cmake
-- Up-to-date: /home/nhodung/Documents/ros2_learn/example_for_github/create_type_2/install/create_msgs/share/create_msgs/cmake/rosidl_cmake_export_typesupport_libraries-extras.cmake
-- Up-to-date: /home/nhodung/Documents/ros2_learn/example_for_github/create_type_2/install/create_msgs/share/create_msgs/cmake/create_msgsConfig.cmake
-- Up-to-date: /home/nhodung/Documents/ros2_learn/example_for_github/create_type_2/install/create_msgs/share/create_msgs/cmake/create_msgsConfig-version.cmake
-- Up-to-date: /home/nhodung/Documents/ros2_learn/example_for_github/create_type_2/install/create_msgs/share/create_msgs/package.xml
