[0.009s] Invoking command in '/home/nhodung/Documents/ros2_learn/example_for_github/create_type_2/build/create_msgs': CMAKE_PREFIX_PATH=/opt/ros/humble /usr/bin/cmake --build /home/nhodung/Documents/ros2_learn/example_for_github/create_type_2/build/create_msgs -- -j12 -l12
[0.029s] -- Found ament_cmake: 1.3.10 (/opt/ros/humble/share/ament_cmake/cmake)
[0.127s] -- Found geometry_msgs: 4.2.4 (/opt/ros/humble/share/geometry_msgs/cmake)
[0.148s] -- Found rosidl_generator_c: 3.1.5 (/opt/ros/humble/share/rosidl_generator_c/cmake)
[0.150s] -- Found rosidl_adapter: 3.1.5 (/opt/ros/humble/share/rosidl_adapter/cmake)
[0.155s] -- Found rosidl_generator_cpp: 3.1.5 (/opt/ros/humble/share/rosidl_generator_cpp/cmake)
[0.163s] -- Using all available rosidl_typesupport_c: rosidl_typesupport_fastrtps_c;rosidl_typesupport_introspection_c
[0.173s] -- Using all available rosidl_typesupport_cpp: rosidl_typesupport_fastrtps_cpp;rosidl_typesupport_introspection_cpp
[0.202s] -- Found rosidl_default_generators: 1.2.0 (/opt/ros/humble/share/rosidl_default_generators/cmake)
[0.456s] -- Found ament_cmake_ros: 0.10.0 (/opt/ros/humble/share/ament_cmake_ros/cmake)
[0.799s] -- Using all available rosidl_typesupport_c: rosidl_typesupport_fastrtps_c;rosidl_typesupport_introspection_c
[0.929s] -- Using all available rosidl_typesupport_cpp: rosidl_typesupport_fastrtps_cpp;rosidl_typesupport_introspection_cpp
[0.950s] -- Found python_cmake_module: 0.10.0 (/opt/ros/humble/share/python_cmake_module/cmake)
[0.966s] -- Using PYTHON_EXECUTABLE: /usr/bin/python3
[0.966s] -- Using PYTHON_INCLUDE_DIRS: /usr/include/python3.10
[0.966s] -- Using PYTHON_LIBRARIES: /usr/lib/x86_64-linux-gnu/libpython3.10.so
[0.998s] -- Configuring done
[1.028s] -- Generating done
[1.030s] -- Build files have been written to: /home/nhodung/Documents/ros2_learn/example_for_github/create_type_2/build/create_msgs
[1.054s] [35m[1mConsolidate compiler generated dependencies of target create_msgs__rosidl_generator_c[0m
[1.061s] [  2%] Built target create_msgs__cpp
[1.063s] [ 12%] Built target create_msgs__rosidl_generator_c
[1.070s] [35m[1mConsolidate compiler generated dependencies of target create_msgs__rosidl_typesupport_fastrtps_cpp[0m
[1.070s] [ 12%] Built target ament_cmake_python_copy_create_msgs
[1.071s] [35m[1mConsolidate compiler generated dependencies of target create_msgs__rosidl_typesupport_cpp[0m
[1.071s] [35m[1mConsolidate compiler generated dependencies of target create_msgs__rosidl_typesupport_introspection_cpp[0m
[1.074s] [35m[1mConsolidate compiler generated dependencies of target create_msgs__rosidl_typesupport_fastrtps_c[0m
[1.076s] [35m[1mConsolidate compiler generated dependencies of target create_msgs__rosidl_typesupport_c[0m
[1.077s] [35m[1mConsolidate compiler generated dependencies of target create_msgs__rosidl_typesupport_introspection_c[0m
[1.087s] [ 23%] Built target create_msgs__rosidl_typesupport_introspection_cpp
[1.088s] [ 34%] Built target create_msgs__rosidl_typesupport_c
[1.089s] [ 44%] Built target create_msgs__rosidl_typesupport_fastrtps_cpp
[1.089s] [ 55%] Built target create_msgs__rosidl_typesupport_cpp
[1.090s] [ 65%] Built target create_msgs__rosidl_typesupport_introspection_c
[1.092s] [ 76%] Built target create_msgs__rosidl_typesupport_fastrtps_c
[1.112s] [ 76%] Built target create_msgs
[1.133s] [ 78%] Built target create_msgs__py
[1.144s] [35m[1mConsolidate compiler generated dependencies of target create_msgs__rosidl_generator_py[0m
[1.163s] [ 87%] Built target create_msgs__rosidl_generator_py
[1.172s] [35m[1mConsolidate compiler generated dependencies of target create_msgs__rosidl_typesupport_introspection_c__pyext[0m
[1.174s] [35m[1mConsolidate compiler generated dependencies of target create_msgs__rosidl_typesupport_fastrtps_c__pyext[0m
[1.175s] [35m[1mConsolidate compiler generated dependencies of target create_msgs__rosidl_typesupport_c__pyext[0m
[1.186s] [ 91%] Built target create_msgs__rosidl_typesupport_introspection_c__pyext
[1.190s] [ 95%] Built target create_msgs__rosidl_typesupport_fastrtps_c__pyext
[1.190s] [100%] Built target create_msgs__rosidl_typesupport_c__pyext
[1.335s] running egg_info
[1.336s] writing create_msgs.egg-info/PKG-INFO
[1.337s] writing dependency_links to create_msgs.egg-info/dependency_links.txt
[1.337s] writing top-level names to create_msgs.egg-info/top_level.txt
[1.339s] reading manifest file 'create_msgs.egg-info/SOURCES.txt'
[1.340s] writing manifest file 'create_msgs.egg-info/SOURCES.txt'
[1.372s] [100%] Built target ament_cmake_python_build_create_msgs_egg
[1.383s] Invoked command in '/home/nhodung/Documents/ros2_learn/example_for_github/create_type_2/build/create_msgs' returned '0': CMAKE_PREFIX_PATH=/opt/ros/humble /usr/bin/cmake --build /home/nhodung/Documents/ros2_learn/example_for_github/create_type_2/build/create_msgs -- -j12 -l12
[1.485s] Invoking command in '/home/nhodung/Documents/ros2_learn/example_for_github/create_type_2/build/create_msgs': CMAKE_PREFIX_PATH=/opt/ros/humble /usr/bin/cmake --install /home/nhodung/Documents/ros2_learn/example_for_github/create_type_2/build/create_msgs
[1.492s] -- Install configuration: ""
[1.493s] -- Up-to-date: /home/nhodung/Documents/ros2_learn/example_for_github/create_type_2/install/create_msgs/share/ament_index/resource_index/rosidl_interfaces/create_msgs
[1.493s] -- Up-to-date: /home/nhodung/Documents/ros2_learn/example_for_github/create_type_2/install/create_msgs/include/create_msgs/create_msgs
[1.493s] -- Up-to-date: /home/nhodung/Documents/ros2_learn/example_for_github/create_type_2/install/create_msgs/include/create_msgs/create_msgs/msg
[1.493s] -- Up-to-date: /home/nhodung/Documents/ros2_learn/example_for_github/create_type_2/install/create_msgs/include/create_msgs/create_msgs/msg/detail
[1.493s] -- Up-to-date: /home/nhodung/Documents/ros2_learn/example_for_github/create_type_2/install/create_msgs/include/create_msgs/create_msgs/msg/detail/num__functions.h
[1.493s] -- Up-to-date: /home/nhodung/Documents/ros2_learn/example_for_github/create_type_2/install/create_msgs/include/create_msgs/create_msgs/msg/detail/sphere__functions.h
[1.493s] -- Up-to-date: /home/nhodung/Documents/ros2_learn/example_for_github/create_type_2/install/create_msgs/include/create_msgs/create_msgs/msg/detail/num__functions.c
[1.493s] -- Up-to-date: /home/nhodung/Documents/ros2_learn/example_for_github/create_type_2/install/create_msgs/include/create_msgs/create_msgs/msg/detail/sphere__functions.c
[1.493s] -- Up-to-date: /home/nhodung/Documents/ros2_learn/example_for_github/create_type_2/install/create_msgs/include/create_msgs/create_msgs/msg/detail/num__type_support.h
[1.494s] -- Up-to-date: /home/nhodung/Documents/ros2_learn/example_for_github/create_type_2/install/create_msgs/include/create_msgs/create_msgs/msg/detail/sphere__type_support.h
[1.494s] -- Up-to-date: /home/nhodung/Documents/ros2_learn/example_for_github/create_type_2/install/create_msgs/include/create_msgs/create_msgs/msg/detail/sphere__struct.h
[1.494s] -- Up-to-date: /home/nhodung/Documents/ros2_learn/example_for_github/create_type_2/install/create_msgs/include/create_msgs/create_msgs/msg/detail/num__struct.h
[1.494s] -- Up-to-date: /home/nhodung/Documents/ros2_learn/example_for_github/create_type_2/install/create_msgs/include/create_msgs/create_msgs/msg/num.h
[1.494s] -- Up-to-date: /home/nhodung/Documents/ros2_learn/example_for_github/create_type_2/install/create_msgs/include/create_msgs/create_msgs/msg/rosidl_generator_c__visibility_control.h
[1.494s] -- Up-to-date: /home/nhodung/Documents/ros2_learn/example_for_github/create_type_2/install/create_msgs/include/create_msgs/create_msgs/msg/sphere.h
[1.494s] -- Up-to-date: /home/nhodung/Documents/ros2_learn/example_for_github/create_type_2/install/create_msgs/include/create_msgs/create_msgs/srv
[1.494s] -- Up-to-date: /home/nhodung/Documents/ros2_learn/example_for_github/create_type_2/install/create_msgs/include/create_msgs/create_msgs/srv/detail
[1.494s] -- Up-to-date: /home/nhodung/Documents/ros2_learn/example_for_github/create_type_2/install/create_msgs/include/create_msgs/create_msgs/srv/detail/add_three_ints__type_support.h
[1.494s] -- Up-to-date: /home/nhodung/Documents/ros2_learn/example_for_github/create_type_2/install/create_msgs/include/create_msgs/create_msgs/srv/detail/add_three_ints__struct.h
[1.495s] -- Up-to-date: /home/nhodung/Documents/ros2_learn/example_for_github/create_type_2/install/create_msgs/include/create_msgs/create_msgs/srv/detail/add_three_ints__functions.c
[1.495s] -- Up-to-date: /home/nhodung/Documents/ros2_learn/example_for_github/create_type_2/install/create_msgs/include/create_msgs/create_msgs/srv/detail/add_three_ints__functions.h
[1.495s] -- Up-to-date: /home/nhodung/Documents/ros2_learn/example_for_github/create_type_2/install/create_msgs/include/create_msgs/create_msgs/srv/add_three_ints.h
[1.495s] -- Up-to-date: /home/nhodung/Documents/ros2_learn/example_for_github/create_type_2/install/create_msgs/share/create_msgs/environment/library_path.sh
[1.495s] -- Installing: /home/nhodung/Documents/ros2_learn/example_for_github/create_type_2/install/create_msgs/share/create_msgs/environment/library_path.dsv
[1.498s] -- Up-to-date: /home/nhodung/Documents/ros2_learn/example_for_github/create_type_2/install/create_msgs/lib/libcreate_msgs__rosidl_generator_c.so
[1.498s] -- Up-to-date: /home/nhodung/Documents/ros2_learn/example_for_github/create_type_2/install/create_msgs/include/create_msgs/create_msgs
[1.498s] -- Up-to-date: /home/nhodung/Documents/ros2_learn/example_for_github/create_type_2/install/create_msgs/include/create_msgs/create_msgs/msg
[1.498s] -- Up-to-date: /home/nhodung/Documents/ros2_learn/example_for_github/create_type_2/install/create_msgs/include/create_msgs/create_msgs/msg/rosidl_typesupport_fastrtps_c__visibility_control.h
[1.498s] -- Up-to-date: /home/nhodung/Documents/ros2_learn/example_for_github/create_type_2/install/create_msgs/include/create_msgs/create_msgs/msg/detail
[1.499s] -- Up-to-date: /home/nhodung/Documents/ros2_learn/example_for_github/create_type_2/install/create_msgs/include/create_msgs/create_msgs/msg/detail/num__rosidl_typesupport_fastrtps_c.h
[1.499s] -- Up-to-date: /home/nhodung/Documents/ros2_learn/example_for_github/create_type_2/install/create_msgs/include/create_msgs/create_msgs/msg/detail/sphere__rosidl_typesupport_fastrtps_c.h
[1.499s] -- Up-to-date: /home/nhodung/Documents/ros2_learn/example_for_github/create_type_2/install/create_msgs/include/create_msgs/create_msgs/srv
[1.499s] -- Up-to-date: /home/nhodung/Documents/ros2_learn/example_for_github/create_type_2/install/create_msgs/include/create_msgs/create_msgs/srv/detail
[1.499s] -- Up-to-date: /home/nhodung/Documents/ros2_learn/example_for_github/create_type_2/install/create_msgs/include/create_msgs/create_msgs/srv/detail/add_three_ints__rosidl_typesupport_fastrtps_c.h
[1.499s] -- Up-to-date: /home/nhodung/Documents/ros2_learn/example_for_github/create_type_2/install/create_msgs/lib/libcreate_msgs__rosidl_typesupport_fastrtps_c.so
[1.499s] -- Up-to-date: /home/nhodung/Documents/ros2_learn/example_for_github/create_type_2/install/create_msgs/include/create_msgs/create_msgs
[1.500s] -- Up-to-date: /home/nhodung/Documents/ros2_learn/example_for_github/create_type_2/install/create_msgs/include/create_msgs/create_msgs/msg
[1.500s] -- Up-to-date: /home/nhodung/Documents/ros2_learn/example_for_github/create_type_2/install/create_msgs/include/create_msgs/create_msgs/msg/num.hpp
[1.500s] -- Up-to-date: /home/nhodung/Documents/ros2_learn/example_for_github/create_type_2/install/create_msgs/include/create_msgs/create_msgs/msg/detail
[1.500s] -- Up-to-date: /home/nhodung/Documents/ros2_learn/example_for_github/create_type_2/install/create_msgs/include/create_msgs/create_msgs/msg/detail/sphere__builder.hpp
[1.500s] -- Up-to-date: /home/nhodung/Documents/ros2_learn/example_for_github/create_type_2/install/create_msgs/include/create_msgs/create_msgs/msg/detail/sphere__traits.hpp
[1.500s] -- Up-to-date: /home/nhodung/Documents/ros2_learn/example_for_github/create_type_2/install/create_msgs/include/create_msgs/create_msgs/msg/detail/sphere__struct.hpp
[1.500s] -- Up-to-date: /home/nhodung/Documents/ros2_learn/example_for_github/create_type_2/install/create_msgs/include/create_msgs/create_msgs/msg/detail/num__struct.hpp
[1.500s] -- Up-to-date: /home/nhodung/Documents/ros2_learn/example_for_github/create_type_2/install/create_msgs/include/create_msgs/create_msgs/msg/detail/num__builder.hpp
[1.501s] -- Up-to-date: /home/nhodung/Documents/ros2_learn/example_for_github/create_type_2/install/create_msgs/include/create_msgs/create_msgs/msg/detail/num__traits.hpp
[1.501s] -- Up-to-date: /home/nhodung/Documents/ros2_learn/example_for_github/create_type_2/install/create_msgs/include/create_msgs/create_msgs/msg/sphere.hpp
[1.501s] -- Up-to-date: /home/nhodung/Documents/ros2_learn/example_for_github/create_type_2/install/create_msgs/include/create_msgs/create_msgs/srv
[1.501s] -- Up-to-date: /home/nhodung/Documents/ros2_learn/example_for_github/create_type_2/install/create_msgs/include/create_msgs/create_msgs/srv/add_three_ints.hpp
[1.501s] -- Up-to-date: /home/nhodung/Documents/ros2_learn/example_for_github/create_type_2/install/create_msgs/include/create_msgs/create_msgs/srv/detail
[1.501s] -- Up-to-date: /home/nhodung/Documents/ros2_learn/example_for_github/create_type_2/install/create_msgs/include/create_msgs/create_msgs/srv/detail/add_three_ints__struct.hpp
[1.501s] -- Up-to-date: /home/nhodung/Documents/ros2_learn/example_for_github/create_type_2/install/create_msgs/include/create_msgs/create_msgs/srv/detail/add_three_ints__traits.hpp
[1.501s] -- Up-to-date: /home/nhodung/Documents/ros2_learn/example_for_github/create_type_2/install/create_msgs/include/create_msgs/create_msgs/srv/detail/add_three_ints__builder.hpp
[1.502s] -- Up-to-date: /home/nhodung/Documents/ros2_learn/example_for_github/create_type_2/install/create_msgs/include/create_msgs/create_msgs
[1.502s] -- Up-to-date: /home/nhodung/Documents/ros2_learn/example_for_github/create_type_2/install/create_msgs/include/create_msgs/create_msgs/msg
[1.502s] -- Up-to-date: /home/nhodung/Documents/ros2_learn/example_for_github/create_type_2/install/create_msgs/include/create_msgs/create_msgs/msg/detail
[1.502s] -- Up-to-date: /home/nhodung/Documents/ros2_learn/example_for_github/create_type_2/install/create_msgs/include/create_msgs/create_msgs/msg/detail/sphere__rosidl_typesupport_fastrtps_cpp.hpp
[1.502s] -- Up-to-date: /home/nhodung/Documents/ros2_learn/example_for_github/create_type_2/install/create_msgs/include/create_msgs/create_msgs/msg/detail/dds_fastrtps
[1.502s] -- Up-to-date: /home/nhodung/Documents/ros2_learn/example_for_github/create_type_2/install/create_msgs/include/create_msgs/create_msgs/msg/detail/num__rosidl_typesupport_fastrtps_cpp.hpp
[1.502s] -- Up-to-date: /home/nhodung/Documents/ros2_learn/example_for_github/create_type_2/install/create_msgs/include/create_msgs/create_msgs/msg/rosidl_typesupport_fastrtps_cpp__visibility_control.h
[1.502s] -- Up-to-date: /home/nhodung/Documents/ros2_learn/example_for_github/create_type_2/install/create_msgs/include/create_msgs/create_msgs/srv
[1.503s] -- Up-to-date: /home/nhodung/Documents/ros2_learn/example_for_github/create_type_2/install/create_msgs/include/create_msgs/create_msgs/srv/detail
[1.503s] -- Up-to-date: /home/nhodung/Documents/ros2_learn/example_for_github/create_type_2/install/create_msgs/include/create_msgs/create_msgs/srv/detail/add_three_ints__rosidl_typesupport_fastrtps_cpp.hpp
[1.503s] -- Up-to-date: /home/nhodung/Documents/ros2_learn/example_for_github/create_type_2/install/create_msgs/include/create_msgs/create_msgs/srv/detail/dds_fastrtps
[1.503s] -- Up-to-date: /home/nhodung/Documents/ros2_learn/example_for_github/create_type_2/install/create_msgs/lib/libcreate_msgs__rosidl_typesupport_fastrtps_cpp.so
[1.503s] -- Up-to-date: /home/nhodung/Documents/ros2_learn/example_for_github/create_type_2/install/create_msgs/include/create_msgs/create_msgs
[1.503s] -- Up-to-date: /home/nhodung/Documents/ros2_learn/example_for_github/create_type_2/install/create_msgs/include/create_msgs/create_msgs/msg
[1.503s] -- Up-to-date: /home/nhodung/Documents/ros2_learn/example_for_github/create_type_2/install/create_msgs/include/create_msgs/create_msgs/msg/detail
[1.503s] -- Up-to-date: /home/nhodung/Documents/ros2_learn/example_for_github/create_type_2/install/create_msgs/include/create_msgs/create_msgs/msg/detail/sphere__type_support.c
[1.503s] -- Up-to-date: /home/nhodung/Documents/ros2_learn/example_for_github/create_type_2/install/create_msgs/include/create_msgs/create_msgs/msg/detail/sphere__rosidl_typesupport_introspection_c.h
[1.503s] -- Up-to-date: /home/nhodung/Documents/ros2_learn/example_for_github/create_type_2/install/create_msgs/include/create_msgs/create_msgs/msg/detail/num__type_support.c
[1.504s] -- Up-to-date: /home/nhodung/Documents/ros2_learn/example_for_github/create_type_2/install/create_msgs/include/create_msgs/create_msgs/msg/detail/num__rosidl_typesupport_introspection_c.h
[1.504s] -- Up-to-date: /home/nhodung/Documents/ros2_learn/example_for_github/create_type_2/install/create_msgs/include/create_msgs/create_msgs/msg/rosidl_typesupport_introspection_c__visibility_control.h
[1.504s] -- Up-to-date: /home/nhodung/Documents/ros2_learn/example_for_github/create_type_2/install/create_msgs/include/create_msgs/create_msgs/srv
[1.504s] -- Up-to-date: /home/nhodung/Documents/ros2_learn/example_for_github/create_type_2/install/create_msgs/include/create_msgs/create_msgs/srv/detail
[1.504s] -- Up-to-date: /home/nhodung/Documents/ros2_learn/example_for_github/create_type_2/install/create_msgs/include/create_msgs/create_msgs/srv/detail/add_three_ints__type_support.c
[1.504s] -- Up-to-date: /home/nhodung/Documents/ros2_learn/example_for_github/create_type_2/install/create_msgs/include/create_msgs/create_msgs/srv/detail/add_three_ints__rosidl_typesupport_introspection_c.h
[1.504s] -- Up-to-date: /home/nhodung/Documents/ros2_learn/example_for_github/create_type_2/install/create_msgs/lib/libcreate_msgs__rosidl_typesupport_introspection_c.so
[1.504s] -- Up-to-date: /home/nhodung/Documents/ros2_learn/example_for_github/create_type_2/install/create_msgs/lib/libcreate_msgs__rosidl_typesupport_c.so
[1.504s] -- Up-to-date: /home/nhodung/Documents/ros2_learn/example_for_github/create_type_2/install/create_msgs/include/create_msgs/create_msgs
[1.504s] -- Up-to-date: /home/nhodung/Documents/ros2_learn/example_for_github/create_type_2/install/create_msgs/include/create_msgs/create_msgs/msg
[1.505s] -- Up-to-date: /home/nhodung/Documents/ros2_learn/example_for_github/create_type_2/install/create_msgs/include/create_msgs/create_msgs/msg/detail
[1.505s] -- Up-to-date: /home/nhodung/Documents/ros2_learn/example_for_github/create_type_2/install/create_msgs/include/create_msgs/create_msgs/msg/detail/sphere__type_support.cpp
[1.505s] -- Up-to-date: /home/nhodung/Documents/ros2_learn/example_for_github/create_type_2/install/create_msgs/include/create_msgs/create_msgs/msg/detail/sphere__rosidl_typesupport_introspection_cpp.hpp
[1.505s] -- Up-to-date: /home/nhodung/Documents/ros2_learn/example_for_github/create_type_2/install/create_msgs/include/create_msgs/create_msgs/msg/detail/num__rosidl_typesupport_introspection_cpp.hpp
[1.505s] -- Up-to-date: /home/nhodung/Documents/ros2_learn/example_for_github/create_type_2/install/create_msgs/include/create_msgs/create_msgs/msg/detail/num__type_support.cpp
[1.505s] -- Up-to-date: /home/nhodung/Documents/ros2_learn/example_for_github/create_type_2/install/create_msgs/include/create_msgs/create_msgs/srv
[1.505s] -- Up-to-date: /home/nhodung/Documents/ros2_learn/example_for_github/create_type_2/install/create_msgs/include/create_msgs/create_msgs/srv/detail
[1.505s] -- Up-to-date: /home/nhodung/Documents/ros2_learn/example_for_github/create_type_2/install/create_msgs/include/create_msgs/create_msgs/srv/detail/add_three_ints__type_support.cpp
[1.505s] -- Up-to-date: /home/nhodung/Documents/ros2_learn/example_for_github/create_type_2/install/create_msgs/include/create_msgs/create_msgs/srv/detail/add_three_ints__rosidl_typesupport_introspection_cpp.hpp
[1.505s] -- Up-to-date: /home/nhodung/Documents/ros2_learn/example_for_github/create_type_2/install/create_msgs/lib/libcreate_msgs__rosidl_typesupport_introspection_cpp.so
[1.506s] -- Up-to-date: /home/nhodung/Documents/ros2_learn/example_for_github/create_type_2/install/create_msgs/lib/libcreate_msgs__rosidl_typesupport_cpp.so
[1.506s] -- Up-to-date: /home/nhodung/Documents/ros2_learn/example_for_github/create_type_2/install/create_msgs/share/create_msgs/environment/pythonpath.sh
[1.506s] -- Installing: /home/nhodung/Documents/ros2_learn/example_for_github/create_type_2/install/create_msgs/share/create_msgs/environment/pythonpath.dsv
[1.506s] -- Up-to-date: /home/nhodung/Documents/ros2_learn/example_for_github/create_type_2/install/create_msgs/local/lib/python3.10/dist-packages/create_msgs-0.0.0-py3.10.egg-info
[1.506s] -- Installing: /home/nhodung/Documents/ros2_learn/example_for_github/create_type_2/install/create_msgs/local/lib/python3.10/dist-packages/create_msgs-0.0.0-py3.10.egg-info/SOURCES.txt
[1.506s] -- Installing: /home/nhodung/Documents/ros2_learn/example_for_github/create_type_2/install/create_msgs/local/lib/python3.10/dist-packages/create_msgs-0.0.0-py3.10.egg-info/top_level.txt
[1.506s] -- Installing: /home/nhodung/Documents/ros2_learn/example_for_github/create_type_2/install/create_msgs/local/lib/python3.10/dist-packages/create_msgs-0.0.0-py3.10.egg-info/PKG-INFO
[1.506s] -- Installing: /home/nhodung/Documents/ros2_learn/example_for_github/create_type_2/install/create_msgs/local/lib/python3.10/dist-packages/create_msgs-0.0.0-py3.10.egg-info/dependency_links.txt
[1.506s] -- Up-to-date: /home/nhodung/Documents/ros2_learn/example_for_github/create_type_2/install/create_msgs/local/lib/python3.10/dist-packages/create_msgs
[1.506s] -- Up-to-date: /home/nhodung/Documents/ros2_learn/example_for_github/create_type_2/install/create_msgs/local/lib/python3.10/dist-packages/create_msgs/libcreate_msgs__rosidl_generator_py.so
[1.507s] -- Up-to-date: /home/nhodung/Documents/ros2_learn/example_for_github/create_type_2/install/create_msgs/local/lib/python3.10/dist-packages/create_msgs/_create_msgs_s.ep.rosidl_typesupport_c.c
[1.507s] -- Up-to-date: /home/nhodung/Documents/ros2_learn/example_for_github/create_type_2/install/create_msgs/local/lib/python3.10/dist-packages/create_msgs/create_msgs_s__rosidl_typesupport_fastrtps_c.cpython-310-x86_64-linux-gnu.so
[1.507s] -- Installing: /home/nhodung/Documents/ros2_learn/example_for_github/create_type_2/install/create_msgs/local/lib/python3.10/dist-packages/create_msgs/__init__.py
[1.507s] -- Up-to-date: /home/nhodung/Documents/ros2_learn/example_for_github/create_type_2/install/create_msgs/local/lib/python3.10/dist-packages/create_msgs/_create_msgs_s.ep.rosidl_typesupport_fastrtps_c.c
[1.507s] -- Up-to-date: /home/nhodung/Documents/ros2_learn/example_for_github/create_type_2/install/create_msgs/local/lib/python3.10/dist-packages/create_msgs/msg
[1.507s] -- Up-to-date: /home/nhodung/Documents/ros2_learn/example_for_github/create_type_2/install/create_msgs/local/lib/python3.10/dist-packages/create_msgs/msg/_sphere.py
[1.507s] -- Up-to-date: /home/nhodung/Documents/ros2_learn/example_for_github/create_type_2/install/create_msgs/local/lib/python3.10/dist-packages/create_msgs/msg/_num.py
[1.507s] -- Up-to-date: /home/nhodung/Documents/ros2_learn/example_for_github/create_type_2/install/create_msgs/local/lib/python3.10/dist-packages/create_msgs/msg/_num_s.c
[1.507s] -- Up-to-date: /home/nhodung/Documents/ros2_learn/example_for_github/create_type_2/install/create_msgs/local/lib/python3.10/dist-packages/create_msgs/msg/_sphere_s.c
[1.507s] -- Up-to-date: /home/nhodung/Documents/ros2_learn/example_for_github/create_type_2/install/create_msgs/local/lib/python3.10/dist-packages/create_msgs/msg/__init__.py
[1.508s] -- Up-to-date: /home/nhodung/Documents/ros2_learn/example_for_github/create_type_2/install/create_msgs/local/lib/python3.10/dist-packages/create_msgs/create_msgs_s__rosidl_typesupport_c.cpython-310-x86_64-linux-gnu.so
[1.508s] -- Up-to-date: /home/nhodung/Documents/ros2_learn/example_for_github/create_type_2/install/create_msgs/local/lib/python3.10/dist-packages/create_msgs/_create_msgs_s.ep.rosidl_typesupport_introspection_c.c
[1.508s] -- Up-to-date: /home/nhodung/Documents/ros2_learn/example_for_github/create_type_2/install/create_msgs/local/lib/python3.10/dist-packages/create_msgs/srv
[1.508s] -- Up-to-date: /home/nhodung/Documents/ros2_learn/example_for_github/create_type_2/install/create_msgs/local/lib/python3.10/dist-packages/create_msgs/srv/__init__.py
[1.508s] -- Up-to-date: /home/nhodung/Documents/ros2_learn/example_for_github/create_type_2/install/create_msgs/local/lib/python3.10/dist-packages/create_msgs/srv/_add_three_ints_s.c
[1.508s] -- Up-to-date: /home/nhodung/Documents/ros2_learn/example_for_github/create_type_2/install/create_msgs/local/lib/python3.10/dist-packages/create_msgs/srv/_add_three_ints.py
[1.508s] -- Up-to-date: /home/nhodung/Documents/ros2_learn/example_for_github/create_type_2/install/create_msgs/local/lib/python3.10/dist-packages/create_msgs/create_msgs_s__rosidl_typesupport_introspection_c.cpython-310-x86_64-linux-gnu.so
[1.533s] Listing '/home/nhodung/Documents/ros2_learn/example_for_github/create_type_2/install/create_msgs/local/lib/python3.10/dist-packages/create_msgs'...
[1.533s] Compiling '/home/nhodung/Documents/ros2_learn/example_for_github/create_type_2/install/create_msgs/local/lib/python3.10/dist-packages/create_msgs/__init__.py'...
[1.533s] Listing '/home/nhodung/Documents/ros2_learn/example_for_github/create_type_2/install/create_msgs/local/lib/python3.10/dist-packages/create_msgs/msg'...
[1.533s] Listing '/home/nhodung/Documents/ros2_learn/example_for_github/create_type_2/install/create_msgs/local/lib/python3.10/dist-packages/create_msgs/srv'...
[1.541s] -- Up-to-date: /home/nhodung/Documents/ros2_learn/example_for_github/create_type_2/install/create_msgs/local/lib/python3.10/dist-packages/create_msgs/create_msgs_s__rosidl_typesupport_fastrtps_c.cpython-310-x86_64-linux-gnu.so
[1.541s] -- Up-to-date: /home/nhodung/Documents/ros2_learn/example_for_github/create_type_2/install/create_msgs/local/lib/python3.10/dist-packages/create_msgs/create_msgs_s__rosidl_typesupport_introspection_c.cpython-310-x86_64-linux-gnu.so
[1.542s] -- Up-to-date: /home/nhodung/Documents/ros2_learn/example_for_github/create_type_2/install/create_msgs/local/lib/python3.10/dist-packages/create_msgs/create_msgs_s__rosidl_typesupport_c.cpython-310-x86_64-linux-gnu.so
[1.542s] -- Up-to-date: /home/nhodung/Documents/ros2_learn/example_for_github/create_type_2/install/create_msgs/lib/libcreate_msgs__rosidl_generator_py.so
[1.542s] -- Up-to-date: /home/nhodung/Documents/ros2_learn/example_for_github/create_type_2/install/create_msgs/share/create_msgs/msg/Num.idl
[1.542s] -- Up-to-date: /home/nhodung/Documents/ros2_learn/example_for_github/create_type_2/install/create_msgs/share/create_msgs/msg/Sphere.idl
[1.543s] -- Up-to-date: /home/nhodung/Documents/ros2_learn/example_for_github/create_type_2/install/create_msgs/share/create_msgs/srv/AddThreeInts.idl
[1.543s] -- Up-to-date: /home/nhodung/Documents/ros2_learn/example_for_github/create_type_2/install/create_msgs/share/create_msgs/msg/Num.msg
[1.543s] -- Up-to-date: /home/nhodung/Documents/ros2_learn/example_for_github/create_type_2/install/create_msgs/share/create_msgs/msg/Sphere.msg
[1.543s] -- Up-to-date: /home/nhodung/Documents/ros2_learn/example_for_github/create_type_2/install/create_msgs/share/create_msgs/srv/AddThreeInts.srv
[1.543s] -- Up-to-date: /home/nhodung/Documents/ros2_learn/example_for_github/create_type_2/install/create_msgs/share/create_msgs/srv/AddThreeInts_Request.msg
[1.543s] -- Up-to-date: /home/nhodung/Documents/ros2_learn/example_for_github/create_type_2/install/create_msgs/share/create_msgs/srv/AddThreeInts_Response.msg
[1.543s] -- Up-to-date: /home/nhodung/Documents/ros2_learn/example_for_github/create_type_2/install/create_msgs/share/ament_index/resource_index/package_run_dependencies/create_msgs
[1.543s] -- Installing: /home/nhodung/Documents/ros2_learn/example_for_github/create_type_2/install/create_msgs/share/ament_index/resource_index/parent_prefix_path/create_msgs
[1.543s] -- Up-to-date: /home/nhodung/Documents/ros2_learn/example_for_github/create_type_2/install/create_msgs/share/create_msgs/environment/ament_prefix_path.sh
[1.544s] -- Installing: /home/nhodung/Documents/ros2_learn/example_for_github/create_type_2/install/create_msgs/share/create_msgs/environment/ament_prefix_path.dsv
[1.544s] -- Up-to-date: /home/nhodung/Documents/ros2_learn/example_for_github/create_type_2/install/create_msgs/share/create_msgs/environment/path.sh
[1.544s] -- Installing: /home/nhodung/Documents/ros2_learn/example_for_github/create_type_2/install/create_msgs/share/create_msgs/environment/path.dsv
[1.544s] -- Up-to-date: /home/nhodung/Documents/ros2_learn/example_for_github/create_type_2/install/create_msgs/share/create_msgs/local_setup.bash
[1.544s] -- Up-to-date: /home/nhodung/Documents/ros2_learn/example_for_github/create_type_2/install/create_msgs/share/create_msgs/local_setup.sh
[1.544s] -- Up-to-date: /home/nhodung/Documents/ros2_learn/example_for_github/create_type_2/install/create_msgs/share/create_msgs/local_setup.zsh
[1.544s] -- Installing: /home/nhodung/Documents/ros2_learn/example_for_github/create_type_2/install/create_msgs/share/create_msgs/local_setup.dsv
[1.544s] -- Installing: /home/nhodung/Documents/ros2_learn/example_for_github/create_type_2/install/create_msgs/share/create_msgs/package.dsv
[1.545s] -- Up-to-date: /home/nhodung/Documents/ros2_learn/example_for_github/create_type_2/install/create_msgs/share/ament_index/resource_index/packages/create_msgs
[1.545s] -- Up-to-date: /home/nhodung/Documents/ros2_learn/example_for_github/create_type_2/install/create_msgs/share/create_msgs/cmake/export_create_msgs__rosidl_generator_cExport.cmake
[1.545s] -- Up-to-date: /home/nhodung/Documents/ros2_learn/example_for_github/create_type_2/install/create_msgs/share/create_msgs/cmake/export_create_msgs__rosidl_generator_cExport-noconfig.cmake
[1.545s] -- Up-to-date: /home/nhodung/Documents/ros2_learn/example_for_github/create_type_2/install/create_msgs/share/create_msgs/cmake/export_create_msgs__rosidl_typesupport_fastrtps_cExport.cmake
[1.545s] -- Up-to-date: /home/nhodung/Documents/ros2_learn/example_for_github/create_type_2/install/create_msgs/share/create_msgs/cmake/export_create_msgs__rosidl_typesupport_fastrtps_cExport-noconfig.cmake
[1.545s] -- Up-to-date: /home/nhodung/Documents/ros2_learn/example_for_github/create_type_2/install/create_msgs/share/create_msgs/cmake/export_create_msgs__rosidl_generator_cppExport.cmake
[1.545s] -- Up-to-date: /home/nhodung/Documents/ros2_learn/example_for_github/create_type_2/install/create_msgs/share/create_msgs/cmake/export_create_msgs__rosidl_typesupport_fastrtps_cppExport.cmake
[1.546s] -- Up-to-date: /home/nhodung/Documents/ros2_learn/example_for_github/create_type_2/install/create_msgs/share/create_msgs/cmake/export_create_msgs__rosidl_typesupport_fastrtps_cppExport-noconfig.cmake
[1.546s] -- Up-to-date: /home/nhodung/Documents/ros2_learn/example_for_github/create_type_2/install/create_msgs/share/create_msgs/cmake/create_msgs__rosidl_typesupport_introspection_cExport.cmake
[1.546s] -- Up-to-date: /home/nhodung/Documents/ros2_learn/example_for_github/create_type_2/install/create_msgs/share/create_msgs/cmake/create_msgs__rosidl_typesupport_introspection_cExport-noconfig.cmake
[1.546s] -- Up-to-date: /home/nhodung/Documents/ros2_learn/example_for_github/create_type_2/install/create_msgs/share/create_msgs/cmake/create_msgs__rosidl_typesupport_cExport.cmake
[1.546s] -- Up-to-date: /home/nhodung/Documents/ros2_learn/example_for_github/create_type_2/install/create_msgs/share/create_msgs/cmake/create_msgs__rosidl_typesupport_cExport-noconfig.cmake
[1.546s] -- Up-to-date: /home/nhodung/Documents/ros2_learn/example_for_github/create_type_2/install/create_msgs/share/create_msgs/cmake/create_msgs__rosidl_typesupport_introspection_cppExport.cmake
[1.546s] -- Up-to-date: /home/nhodung/Documents/ros2_learn/example_for_github/create_type_2/install/create_msgs/share/create_msgs/cmake/create_msgs__rosidl_typesupport_introspection_cppExport-noconfig.cmake
[1.546s] -- Up-to-date: /home/nhodung/Documents/ros2_learn/example_for_github/create_type_2/install/create_msgs/share/create_msgs/cmake/create_msgs__rosidl_typesupport_cppExport.cmake
[1.547s] -- Up-to-date: /home/nhodung/Documents/ros2_learn/example_for_github/create_type_2/install/create_msgs/share/create_msgs/cmake/create_msgs__rosidl_typesupport_cppExport-noconfig.cmake
[1.547s] -- Up-to-date: /home/nhodung/Documents/ros2_learn/example_for_github/create_type_2/install/create_msgs/share/create_msgs/cmake/export_create_msgs__rosidl_generator_pyExport.cmake
[1.547s] -- Up-to-date: /home/nhodung/Documents/ros2_learn/example_for_github/create_type_2/install/create_msgs/share/create_msgs/cmake/export_create_msgs__rosidl_generator_pyExport-noconfig.cmake
[1.547s] -- Up-to-date: /home/nhodung/Documents/ros2_learn/example_for_github/create_type_2/install/create_msgs/share/create_msgs/cmake/rosidl_cmake-extras.cmake
[1.547s] -- Installing: /home/nhodung/Documents/ros2_learn/example_for_github/create_type_2/install/create_msgs/share/create_msgs/cmake/ament_cmake_export_dependencies-extras.cmake
[1.547s] -- Up-to-date: /home/nhodung/Documents/ros2_learn/example_for_github/create_type_2/install/create_msgs/share/create_msgs/cmake/ament_cmake_export_include_directories-extras.cmake
[1.547s] -- Up-to-date: /home/nhodung/Documents/ros2_learn/example_for_github/create_type_2/install/create_msgs/share/create_msgs/cmake/ament_cmake_export_libraries-extras.cmake
[1.547s] -- Up-to-date: /home/nhodung/Documents/ros2_learn/example_for_github/create_type_2/install/create_msgs/share/create_msgs/cmake/ament_cmake_export_targets-extras.cmake
[1.547s] -- Up-to-date: /home/nhodung/Documents/ros2_learn/example_for_github/create_type_2/install/create_msgs/share/create_msgs/cmake/rosidl_cmake_export_typesupport_targets-extras.cmake
[1.548s] -- Up-to-date: /home/nhodung/Documents/ros2_learn/example_for_github/create_type_2/install/create_msgs/share/create_msgs/cmake/rosidl_cmake_export_typesupport_libraries-extras.cmake
[1.548s] -- Up-to-date: /home/nhodung/Documents/ros2_learn/example_for_github/create_type_2/install/create_msgs/share/create_msgs/cmake/create_msgsConfig.cmake
[1.548s] -- Up-to-date: /home/nhodung/Documents/ros2_learn/example_for_github/create_type_2/install/create_msgs/share/create_msgs/cmake/create_msgsConfig-version.cmake
[1.548s] -- Up-to-date: /home/nhodung/Documents/ros2_learn/example_for_github/create_type_2/install/create_msgs/share/create_msgs/package.xml
[1.550s] Invoked command in '/home/nhodung/Documents/ros2_learn/example_for_github/create_type_2/build/create_msgs' returned '0': CMAKE_PREFIX_PATH=/opt/ros/humble /usr/bin/cmake --install /home/nhodung/Documents/ros2_learn/example_for_github/create_type_2/build/create_msgs
