[0.007s] Invoking command in '/home/nhodung/Documents/ROS 2 Projects Collection/create_simple_plugin_by_cpp/build/polygon_base': CMAKE_PREFIX_PATH=/opt/ros/humble /usr/bin/cmake /home/nhodung/Documents/ROS 2 Projects Collection/create_simple_plugin_by_cpp/src/polygon_base -DCMAKE_INSTALL_PREFIX=/home/nhodung/Documents/ROS 2 Projects Collection/create_simple_plugin_by_cpp/install/polygon_base
[0.106s] -- The C compiler identification is GNU 11.4.0
[0.179s] -- The CXX compiler identification is GNU 11.4.0
[0.187s] -- Detecting C compiler ABI info
[0.244s] -- Detecting C compiler ABI info - done
[0.250s] -- Check for working C compiler: /usr/bin/cc - skipped
[0.250s] -- Detecting C compile features
[0.251s] -- Detecting C compile features - done
[0.254s] -- Detecting CXX compiler ABI info
[0.313s] -- Detecting CXX compiler ABI info - done
[0.320s] -- Check for working CXX compiler: /usr/bin/c++ - skipped
[0.320s] -- Detecting CXX compile features
[0.321s] -- Detecting CXX compile features - done
[0.327s] -- Found ament_cmake: 1.3.10 (/opt/ros/humble/share/ament_cmake/cmake)
[0.485s] -- Found Python3: /usr/bin/python3 (found version "3.10.12") found components: Interpreter 
[0.590s] -- Found pluginlib: 5.1.0 (/opt/ros/humble/share/pluginlib/cmake)
[0.635s] -- Found ament_lint_auto: 0.12.11 (/opt/ros/humble/share/ament_lint_auto/cmake)
[0.706s] -- Added test 'cppcheck' to perform static code analysis on C / C++ code
[0.706s] -- Configured cppcheck include dirs: $<BUILD_INTERFACE:/home/nhodung/Documents/ROS 2 Projects Collection/create_simple_plugin_by_cpp/src/polygon_base/include>
[0.706s] -- Configured cppcheck exclude dirs and/or files: 
[0.706s] -- Added test 'lint_cmake' to check CMake code style
[0.707s] -- Added test 'uncrustify' to check C / C++ code style
[0.707s] -- Configured uncrustify additional arguments: 
[0.708s] -- Added test 'xmllint' to check XML markup files
[0.712s] -- Configuring done
[0.718s] -- Generating done
[0.719s] -- Build files have been written to: /home/nhodung/Documents/ROS 2 Projects Collection/create_simple_plugin_by_cpp/build/polygon_base
[0.728s] Invoked command in '/home/nhodung/Documents/ROS 2 Projects Collection/create_simple_plugin_by_cpp/build/polygon_base' returned '0': CMAKE_PREFIX_PATH=/opt/ros/humble /usr/bin/cmake /home/nhodung/Documents/ROS 2 Projects Collection/create_simple_plugin_by_cpp/src/polygon_base -DCMAKE_INSTALL_PREFIX=/home/nhodung/Documents/ROS 2 Projects Collection/create_simple_plugin_by_cpp/install/polygon_base
[0.730s] Invoking command in '/home/nhodung/Documents/ROS 2 Projects Collection/create_simple_plugin_by_cpp/build/polygon_base': CMAKE_PREFIX_PATH=/opt/ros/humble /usr/bin/cmake --build /home/nhodung/Documents/ROS 2 Projects Collection/create_simple_plugin_by_cpp/build/polygon_base -- -j12 -l12
[0.767s] [ 50%] [32mBuilding CXX object CMakeFiles/area_node.dir/src/area_node.cpp.o[0m
[3.296s] [100%] [32m[1mLinking CXX executable area_node[0m
[3.422s] [100%] Built target area_node
[3.432s] Invoked command in '/home/nhodung/Documents/ROS 2 Projects Collection/create_simple_plugin_by_cpp/build/polygon_base' returned '0': CMAKE_PREFIX_PATH=/opt/ros/humble /usr/bin/cmake --build /home/nhodung/Documents/ROS 2 Projects Collection/create_simple_plugin_by_cpp/build/polygon_base -- -j12 -l12
[3.456s] Invoking command in '/home/nhodung/Documents/ROS 2 Projects Collection/create_simple_plugin_by_cpp/build/polygon_base': CMAKE_PREFIX_PATH=/opt/ros/humble /usr/bin/cmake --install /home/nhodung/Documents/ROS 2 Projects Collection/create_simple_plugin_by_cpp/build/polygon_base
[3.463s] -- Install configuration: ""
[3.463s] -- Installing: /home/nhodung/Documents/ROS 2 Projects Collection/create_simple_plugin_by_cpp/install/polygon_base/include
[3.463s] -- Installing: /home/nhodung/Documents/ROS 2 Projects Collection/create_simple_plugin_by_cpp/install/polygon_base/include/polygon_base
[3.463s] -- Installing: /home/nhodung/Documents/ROS 2 Projects Collection/create_simple_plugin_by_cpp/install/polygon_base/include/polygon_base/regular_polygon.hpp
[3.463s] -- Installing: /home/nhodung/Documents/ROS 2 Projects Collection/create_simple_plugin_by_cpp/install/polygon_base/lib/polygon_base/area_node
[3.464s] -- Set runtime path of "/home/nhodung/Documents/ROS 2 Projects Collection/create_simple_plugin_by_cpp/install/polygon_base/lib/polygon_base/area_node" to ""
[3.464s] -- Installing: /home/nhodung/Documents/ROS 2 Projects Collection/create_simple_plugin_by_cpp/install/polygon_base/share/ament_index/resource_index/package_run_dependencies/polygon_base
[3.464s] -- Installing: /home/nhodung/Documents/ROS 2 Projects Collection/create_simple_plugin_by_cpp/install/polygon_base/share/ament_index/resource_index/parent_prefix_path/polygon_base
[3.464s] -- Installing: /home/nhodung/Documents/ROS 2 Projects Collection/create_simple_plugin_by_cpp/install/polygon_base/share/polygon_base/environment/ament_prefix_path.sh
[3.464s] -- Installing: /home/nhodung/Documents/ROS 2 Projects Collection/create_simple_plugin_by_cpp/install/polygon_base/share/polygon_base/environment/ament_prefix_path.dsv
[3.464s] -- Installing: /home/nhodung/Documents/ROS 2 Projects Collection/create_simple_plugin_by_cpp/install/polygon_base/share/polygon_base/environment/path.sh
[3.464s] -- Installing: /home/nhodung/Documents/ROS 2 Projects Collection/create_simple_plugin_by_cpp/install/polygon_base/share/polygon_base/environment/path.dsv
[3.464s] -- Installing: /home/nhodung/Documents/ROS 2 Projects Collection/create_simple_plugin_by_cpp/install/polygon_base/share/polygon_base/local_setup.bash
[3.465s] -- Installing: /home/nhodung/Documents/ROS 2 Projects Collection/create_simple_plugin_by_cpp/install/polygon_base/share/polygon_base/local_setup.sh
[3.465s] -- Installing: /home/nhodung/Documents/ROS 2 Projects Collection/create_simple_plugin_by_cpp/install/polygon_base/share/polygon_base/local_setup.zsh
[3.465s] -- Installing: /home/nhodung/Documents/ROS 2 Projects Collection/create_simple_plugin_by_cpp/install/polygon_base/share/polygon_base/local_setup.dsv
[3.465s] -- Installing: /home/nhodung/Documents/ROS 2 Projects Collection/create_simple_plugin_by_cpp/install/polygon_base/share/polygon_base/package.dsv
[3.465s] -- Installing: /home/nhodung/Documents/ROS 2 Projects Collection/create_simple_plugin_by_cpp/install/polygon_base/share/ament_index/resource_index/packages/polygon_base
[3.465s] -- Installing: /home/nhodung/Documents/ROS 2 Projects Collection/create_simple_plugin_by_cpp/install/polygon_base/share/polygon_base/cmake/ament_cmake_export_include_directories-extras.cmake
[3.465s] -- Installing: /home/nhodung/Documents/ROS 2 Projects Collection/create_simple_plugin_by_cpp/install/polygon_base/share/polygon_base/cmake/polygon_baseConfig.cmake
[3.465s] -- Installing: /home/nhodung/Documents/ROS 2 Projects Collection/create_simple_plugin_by_cpp/install/polygon_base/share/polygon_base/cmake/polygon_baseConfig-version.cmake
[3.465s] -- Installing: /home/nhodung/Documents/ROS 2 Projects Collection/create_simple_plugin_by_cpp/install/polygon_base/share/polygon_base/package.xml
[3.467s] Invoked command in '/home/nhodung/Documents/ROS 2 Projects Collection/create_simple_plugin_by_cpp/build/polygon_base' returned '0': CMAKE_PREFIX_PATH=/opt/ros/humble /usr/bin/cmake --install /home/nhodung/Documents/ROS 2 Projects Collection/create_simple_plugin_by_cpp/build/polygon_base
