[0.007s] Invoking command in '/home/nhodung/Documents/ros2_learn/simple_srv/build/srv_by_cpp': CMAKE_PREFIX_PATH=/opt/ros/humble /usr/bin/cmake /home/nhodung/Documents/ros2_learn/simple_srv/src/srv_by_cpp -DCMAKE_INSTALL_PREFIX=/home/nhodung/Documents/ros2_learn/simple_srv/install/srv_by_cpp
[0.081s] -- The C compiler identification is GNU 11.4.0
[0.125s] -- The CXX compiler identification is GNU 11.4.0
[0.134s] -- Detecting C compiler ABI info
[0.184s] -- Detecting C compiler ABI info - done
[0.190s] -- Check for working C compiler: /usr/bin/cc - skipped
[0.190s] -- Detecting C compile features
[0.190s] -- Detecting C compile features - done
[0.194s] -- Detecting CXX compiler ABI info
[0.253s] -- Detecting CXX compiler ABI info - done
[0.259s] -- Check for working CXX compiler: /usr/bin/c++ - skipped
[0.259s] -- Detecting CXX compile features
[0.260s] -- Detecting CXX compile features - done
[0.265s] -- Found ament_cmake: 1.3.10 (/opt/ros/humble/share/ament_cmake/cmake)
[0.386s] -- Found Python3: /usr/bin/python3 (found version "3.10.12") found components: Interpreter 
[0.484s] -- Found rclcpp: 16.0.10 (/opt/ros/humble/share/rclcpp/cmake)
[0.532s] -- Found rosidl_generator_c: 3.1.5 (/opt/ros/humble/share/rosidl_generator_c/cmake)
[0.537s] -- Found rosidl_adapter: 3.1.5 (/opt/ros/humble/share/rosidl_adapter/cmake)
[0.546s] -- Found rosidl_generator_cpp: 3.1.5 (/opt/ros/humble/share/rosidl_generator_cpp/cmake)
[0.560s] -- Using all available rosidl_typesupport_c: rosidl_typesupport_fastrtps_c;rosidl_typesupport_introspection_c
[0.578s] -- Using all available rosidl_typesupport_cpp: rosidl_typesupport_fastrtps_cpp;rosidl_typesupport_introspection_cpp
[0.625s] -- Found rmw_implementation_cmake: 6.1.2 (/opt/ros/humble/share/rmw_implementation_cmake/cmake)
[0.627s] -- Found rmw_fastrtps_cpp: 6.2.7 (/opt/ros/humble/share/rmw_fastrtps_cpp/cmake)
[0.703s] -- Found OpenSSL: /usr/lib/x86_64-linux-gnu/libcrypto.so (found version "3.0.2")  
[0.728s] -- Found FastRTPS: /opt/ros/humble/include  
[0.763s] -- Using RMW implementation 'rmw_fastrtps_cpp' as default
[0.772s] -- Looking for pthread.h
[0.834s] -- Looking for pthread.h - found
[0.834s] -- Performing Test CMAKE_HAVE_LIBC_PTHREAD
[0.893s] -- Performing Test CMAKE_HAVE_LIBC_PTHREAD - Success
[0.894s] -- Found Threads: TRUE  
[0.958s] -- Found example_interfaces: 0.9.3 (/opt/ros/humble/share/example_interfaces/cmake)
[1.003s] -- Found ament_lint_auto: 0.12.11 (/opt/ros/humble/share/ament_lint_auto/cmake)
[1.080s] -- Added test 'cppcheck' to perform static code analysis on C / C++ code
[1.080s] -- Configured cppcheck include dirs: 
[1.080s] -- Configured cppcheck exclude dirs and/or files: 
[1.081s] -- Added test 'lint_cmake' to check CMake code style
[1.082s] -- Added test 'uncrustify' to check C / C++ code style
[1.083s] -- Configured uncrustify additional arguments: 
[1.083s] -- Added test 'xmllint' to check XML markup files
[1.085s] -- Configuring done
[1.100s] -- Generating done
[1.101s] -- Build files have been written to: /home/nhodung/Documents/ros2_learn/simple_srv/build/srv_by_cpp
[1.111s] Invoked command in '/home/nhodung/Documents/ros2_learn/simple_srv/build/srv_by_cpp' returned '0': CMAKE_PREFIX_PATH=/opt/ros/humble /usr/bin/cmake /home/nhodung/Documents/ros2_learn/simple_srv/src/srv_by_cpp -DCMAKE_INSTALL_PREFIX=/home/nhodung/Documents/ros2_learn/simple_srv/install/srv_by_cpp
[1.112s] Invoking command in '/home/nhodung/Documents/ros2_learn/simple_srv/build/srv_by_cpp': CMAKE_PREFIX_PATH=/opt/ros/humble /usr/bin/cmake --build /home/nhodung/Documents/ros2_learn/simple_srv/build/srv_by_cpp -- -j12 -l12
[1.153s] [ 50%] [32mBuilding CXX object CMakeFiles/server.dir/src/add_two_ints_server.cpp.o[0m
[1.153s] [ 50%] [32mBuilding CXX object CMakeFiles/client.dir/src/add_two_ints_client.cpp.o[0m
[3.860s] [ 75%] [32m[1mLinking CXX executable server[0m
[3.973s] [ 75%] Built target server
[3.999s] [100%] [32m[1mLinking CXX executable client[0m
[4.116s] [100%] Built target client
[4.125s] Invoked command in '/home/nhodung/Documents/ros2_learn/simple_srv/build/srv_by_cpp' returned '0': CMAKE_PREFIX_PATH=/opt/ros/humble /usr/bin/cmake --build /home/nhodung/Documents/ros2_learn/simple_srv/build/srv_by_cpp -- -j12 -l12
[4.151s] Invoking command in '/home/nhodung/Documents/ros2_learn/simple_srv/build/srv_by_cpp': CMAKE_PREFIX_PATH=/opt/ros/humble /usr/bin/cmake --install /home/nhodung/Documents/ros2_learn/simple_srv/build/srv_by_cpp
[4.157s] -- Install configuration: ""
[4.157s] -- Installing: /home/nhodung/Documents/ros2_learn/simple_srv/install/srv_by_cpp/lib/srv_by_cpp/server
[4.157s] -- Set runtime path of "/home/nhodung/Documents/ros2_learn/simple_srv/install/srv_by_cpp/lib/srv_by_cpp/server" to ""
[4.157s] -- Installing: /home/nhodung/Documents/ros2_learn/simple_srv/install/srv_by_cpp/lib/srv_by_cpp/client
[4.158s] -- Set runtime path of "/home/nhodung/Documents/ros2_learn/simple_srv/install/srv_by_cpp/lib/srv_by_cpp/client" to ""
[4.158s] -- Installing: /home/nhodung/Documents/ros2_learn/simple_srv/install/srv_by_cpp/share/ament_index/resource_index/package_run_dependencies/srv_by_cpp
[4.158s] -- Installing: /home/nhodung/Documents/ros2_learn/simple_srv/install/srv_by_cpp/share/ament_index/resource_index/parent_prefix_path/srv_by_cpp
[4.158s] -- Installing: /home/nhodung/Documents/ros2_learn/simple_srv/install/srv_by_cpp/share/srv_by_cpp/environment/ament_prefix_path.sh
[4.158s] -- Installing: /home/nhodung/Documents/ros2_learn/simple_srv/install/srv_by_cpp/share/srv_by_cpp/environment/ament_prefix_path.dsv
[4.158s] -- Installing: /home/nhodung/Documents/ros2_learn/simple_srv/install/srv_by_cpp/share/srv_by_cpp/environment/path.sh
[4.158s] -- Installing: /home/nhodung/Documents/ros2_learn/simple_srv/install/srv_by_cpp/share/srv_by_cpp/environment/path.dsv
[4.158s] -- Installing: /home/nhodung/Documents/ros2_learn/simple_srv/install/srv_by_cpp/share/srv_by_cpp/local_setup.bash
[4.159s] -- Installing: /home/nhodung/Documents/ros2_learn/simple_srv/install/srv_by_cpp/share/srv_by_cpp/local_setup.sh
[4.159s] -- Installing: /home/nhodung/Documents/ros2_learn/simple_srv/install/srv_by_cpp/share/srv_by_cpp/local_setup.zsh
[4.159s] -- Installing: /home/nhodung/Documents/ros2_learn/simple_srv/install/srv_by_cpp/share/srv_by_cpp/local_setup.dsv
[4.159s] -- Installing: /home/nhodung/Documents/ros2_learn/simple_srv/install/srv_by_cpp/share/srv_by_cpp/package.dsv
[4.159s] -- Installing: /home/nhodung/Documents/ros2_learn/simple_srv/install/srv_by_cpp/share/ament_index/resource_index/packages/srv_by_cpp
[4.159s] -- Installing: /home/nhodung/Documents/ros2_learn/simple_srv/install/srv_by_cpp/share/srv_by_cpp/cmake/srv_by_cppConfig.cmake
[4.159s] -- Installing: /home/nhodung/Documents/ros2_learn/simple_srv/install/srv_by_cpp/share/srv_by_cpp/cmake/srv_by_cppConfig-version.cmake
[4.159s] -- Installing: /home/nhodung/Documents/ros2_learn/simple_srv/install/srv_by_cpp/share/srv_by_cpp/package.xml
[4.161s] Invoked command in '/home/nhodung/Documents/ros2_learn/simple_srv/build/srv_by_cpp' returned '0': CMAKE_PREFIX_PATH=/opt/ros/humble /usr/bin/cmake --install /home/nhodung/Documents/ros2_learn/simple_srv/build/srv_by_cpp
