[0.007s] Invoking command in '/home/nhodung/Documents/ros2_learn/example_for_github/create_type/build/create_msgs': CMAKE_PREFIX_PATH=${CMAKE_PREFIX_PATH}:/opt/ros/humble /usr/bin/cmake /home/nhodung/Documents/ros2_learn/example_for_github/create_type/src/create_msgs -DAMENT_CMAKE_SYMLINK_INSTALL=1 -DCMAKE_INSTALL_PREFIX=/home/nhodung/Documents/ros2_learn/example_for_github/create_type/install/create_msgs
[0.050s] -- The C compiler identification is GNU 11.4.0
[0.090s] -- The CXX compiler identification is GNU 11.4.0
[0.095s] -- Detecting C compiler ABI info
[0.146s] -- Detecting C compiler ABI info - done
[0.156s] -- Check for working C compiler: /usr/bin/cc - skipped
[0.156s] -- Detecting C compile features
[0.157s] -- Detecting C compile features - done
[0.160s] -- Detecting CXX compiler ABI info
[0.218s] -- Detecting CXX compiler ABI info - done
[0.226s] -- Check for working CXX compiler: /usr/bin/c++ - skipped
[0.226s] -- Detecting CXX compile features
[0.227s] -- Detecting CXX compile features - done
[0.229s] -- Found ament_cmake: 1.3.10 (/opt/ros/humble/share/ament_cmake/cmake)
[0.341s] -- Found Python3: /usr/bin/python3 (found version "3.10.12") found components: Interpreter 
[0.399s] -- Override CMake install command with custom implementation using symlinks instead of copying resources
[0.422s] -- Found geometry_msgs: 4.2.4 (/opt/ros/humble/share/geometry_msgs/cmake)
[0.453s] -- Found rosidl_generator_c: 3.1.5 (/opt/ros/humble/share/rosidl_generator_c/cmake)
[0.458s] -- Found rosidl_adapter: 3.1.5 (/opt/ros/humble/share/rosidl_adapter/cmake)
[0.465s] -- Found rosidl_generator_cpp: 3.1.5 (/opt/ros/humble/share/rosidl_generator_cpp/cmake)
[0.475s] -- Using all available rosidl_typesupport_c: rosidl_typesupport_fastrtps_c;rosidl_typesupport_introspection_c
[0.488s] -- Using all available rosidl_typesupport_cpp: rosidl_typesupport_fastrtps_cpp;rosidl_typesupport_introspection_cpp
[0.520s] -- Found rosidl_default_generators: 1.2.0 (/opt/ros/humble/share/rosidl_default_generators/cmake)
[0.751s] -- Found ament_cmake_ros: 0.10.0 (/opt/ros/humble/share/ament_cmake_ros/cmake)
[1.080s] -- Using all available rosidl_typesupport_c: rosidl_typesupport_fastrtps_c;rosidl_typesupport_introspection_c
[1.205s] -- Using all available rosidl_typesupport_cpp: rosidl_typesupport_fastrtps_cpp;rosidl_typesupport_introspection_cpp
[1.225s] -- Found PythonInterp: /usr/bin/python3 (found suitable version "3.10.12", minimum required is "3.6") 
[1.226s] -- Found python_cmake_module: 0.10.0 (/opt/ros/humble/share/python_cmake_module/cmake)
[1.244s] -- Found PythonLibs: /usr/lib/x86_64-linux-gnu/libpython3.10.so (found suitable version "3.10.12", minimum required is "3.5") 
[1.244s] -- Using PYTHON_EXECUTABLE: /usr/bin/python3
[1.244s] -- Using PYTHON_INCLUDE_DIRS: /usr/include/python3.10
[1.244s] -- Using PYTHON_LIBRARIES: /usr/lib/x86_64-linux-gnu/libpython3.10.so
[1.260s] -- Found PythonExtra: .so  
[1.308s] -- Found ament_lint_auto: 0.12.11 (/opt/ros/humble/share/ament_lint_auto/cmake)
[1.317s] -- Configuring done
[1.348s] -- Generating done
[1.350s] -- Build files have been written to: /home/nhodung/Documents/ros2_learn/example_for_github/create_type/build/create_msgs
[1.356s] Invoked command in '/home/nhodung/Documents/ros2_learn/example_for_github/create_type/build/create_msgs' returned '0': CMAKE_PREFIX_PATH=${CMAKE_PREFIX_PATH}:/opt/ros/humble /usr/bin/cmake /home/nhodung/Documents/ros2_learn/example_for_github/create_type/src/create_msgs -DAMENT_CMAKE_SYMLINK_INSTALL=1 -DCMAKE_INSTALL_PREFIX=/home/nhodung/Documents/ros2_learn/example_for_github/create_type/install/create_msgs
[1.357s] Invoking command in '/home/nhodung/Documents/ros2_learn/example_for_github/create_type/build/create_msgs': CMAKE_PREFIX_PATH=${CMAKE_PREFIX_PATH}:/opt/ros/humble /usr/bin/cmake --build /home/nhodung/Documents/ros2_learn/example_for_github/create_type/build/create_msgs -- -j12 -l12
[1.386s] [  2%] [34m[1mGenerating C code for ROS interfaces[0m
[1.393s] [  4%] [34m[1mGenerating C++ code for ROS interfaces[0m
[1.399s] [  4%] Built target ament_cmake_python_symlink_create_msgs
[1.632s] running egg_info
[1.633s] creating create_msgs.egg-info
[1.633s] writing create_msgs.egg-info/PKG-INFO
[1.633s] writing dependency_links to create_msgs.egg-info/dependency_links.txt
[1.633s] writing top-level names to create_msgs.egg-info/top_level.txt
[1.633s] writing manifest file 'create_msgs.egg-info/SOURCES.txt'
[1.636s] reading manifest file 'create_msgs.egg-info/SOURCES.txt'
[1.636s] writing manifest file 'create_msgs.egg-info/SOURCES.txt'
[1.658s] [  4%] Built target ament_cmake_python_build_create_msgs_egg
[1.706s] [  8%] [32mBuilding C object CMakeFiles/create_msgs__rosidl_generator_c.dir/rosidl_generator_c/create_msgs/msg/detail/sphere__functions.c.o[0m
[1.706s] [  8%] [32mBuilding C object CMakeFiles/create_msgs__rosidl_generator_c.dir/rosidl_generator_c/create_msgs/srv/detail/add_three_ints__functions.c.o[0m
[1.707s] [ 10%] [32mBuilding C object CMakeFiles/create_msgs__rosidl_generator_c.dir/rosidl_generator_c/create_msgs/msg/detail/num__functions.c.o[0m
[1.732s] [ 10%] Built target create_msgs__cpp
[1.741s] [ 12%] [34m[1mGenerating C++ introspection for ROS interfaces[0m
[1.742s] [ 14%] [34m[1mGenerating C++ type support dispatch for ROS interfaces[0m
[1.743s] [ 17%] [34m[1mGenerating C++ type support for eProsima Fast-RTPS[0m
[1.758s] [ 19%] [32m[1mLinking C shared library libcreate_msgs__rosidl_generator_c.so[0m
[1.785s] [ 19%] Built target create_msgs__rosidl_generator_c
[1.793s] [ 25%] [34m[1mGenerating C introspection for ROS interfaces[0m
[1.793s] [ 25%] [34m[1mGenerating C type support for eProsima Fast-RTPS[0m
[1.793s] [ 25%] [34m[1mGenerating C type support dispatch for ROS interfaces[0m
[2.007s] [ 29%] [32mBuilding CXX object CMakeFiles/create_msgs__rosidl_typesupport_cpp.dir/rosidl_typesupport_cpp/create_msgs/srv/add_three_ints__type_support.cpp.o[0m
[2.007s] [ 29%] [32mBuilding CXX object CMakeFiles/create_msgs__rosidl_typesupport_cpp.dir/rosidl_typesupport_cpp/create_msgs/msg/sphere__type_support.cpp.o[0m
[2.007s] [ 31%] [32mBuilding CXX object CMakeFiles/create_msgs__rosidl_typesupport_cpp.dir/rosidl_typesupport_cpp/create_msgs/msg/num__type_support.cpp.o[0m
[2.029s] [ 38%] [32mBuilding CXX object CMakeFiles/create_msgs__rosidl_typesupport_introspection_cpp.dir/rosidl_typesupport_introspection_cpp/create_msgs/srv/detail/add_three_ints__type_support.cpp.o[0m
[2.029s] [ 38%] [32mBuilding CXX object CMakeFiles/create_msgs__rosidl_typesupport_introspection_cpp.dir/rosidl_typesupport_introspection_cpp/create_msgs/msg/detail/num__type_support.cpp.o[0m
[2.029s] [ 38%] [32mBuilding CXX object CMakeFiles/create_msgs__rosidl_typesupport_introspection_cpp.dir/rosidl_typesupport_introspection_cpp/create_msgs/msg/detail/sphere__type_support.cpp.o[0m
[2.060s] [ 40%] [32mBuilding CXX object CMakeFiles/create_msgs__rosidl_typesupport_c.dir/rosidl_typesupport_c/create_msgs/msg/num__type_support.cpp.o[0m
[2.069s] [ 42%] [32mBuilding CXX object CMakeFiles/create_msgs__rosidl_typesupport_c.dir/rosidl_typesupport_c/create_msgs/msg/sphere__type_support.cpp.o[0m
[2.088s] [ 44%] [32mBuilding CXX object CMakeFiles/create_msgs__rosidl_typesupport_c.dir/rosidl_typesupport_c/create_msgs/srv/add_three_ints__type_support.cpp.o[0m
[2.106s] [ 48%] [32mBuilding CXX object CMakeFiles/create_msgs__rosidl_typesupport_fastrtps_cpp.dir/rosidl_typesupport_fastrtps_cpp/create_msgs/msg/detail/dds_fastrtps/sphere__type_support.cpp.o[0m
[2.106s] [ 48%] [32mBuilding CXX object CMakeFiles/create_msgs__rosidl_typesupport_fastrtps_cpp.dir/rosidl_typesupport_fastrtps_cpp/create_msgs/msg/detail/dds_fastrtps/num__type_support.cpp.o[0m
[2.111s] [ 51%] [32mBuilding CXX object CMakeFiles/create_msgs__rosidl_typesupport_fastrtps_cpp.dir/rosidl_typesupport_fastrtps_cpp/create_msgs/srv/detail/dds_fastrtps/add_three_ints__type_support.cpp.o[0m
[2.145s] [ 53%] [32m[1mLinking CXX shared library libcreate_msgs__rosidl_typesupport_c.so[0m
[2.203s] [ 55%] [32mBuilding C object CMakeFiles/create_msgs__rosidl_typesupport_introspection_c.dir/rosidl_typesupport_introspection_c/create_msgs/msg/detail/num__type_support.c.o[0m
[2.208s] [ 55%] Built target create_msgs__rosidl_typesupport_c
[2.214s] [ 57%] [32mBuilding CXX object CMakeFiles/create_msgs__rosidl_typesupport_fastrtps_c.dir/rosidl_typesupport_fastrtps_c/create_msgs/msg/detail/num__type_support_c.cpp.o[0m
[2.222s] [ 59%] [32mBuilding C object CMakeFiles/create_msgs__rosidl_typesupport_introspection_c.dir/rosidl_typesupport_introspection_c/create_msgs/msg/detail/sphere__type_support.c.o[0m
[2.246s] [ 61%] [32mBuilding C object CMakeFiles/create_msgs__rosidl_typesupport_introspection_c.dir/rosidl_typesupport_introspection_c/create_msgs/srv/detail/add_three_ints__type_support.c.o[0m
[2.268s] [ 63%] [32mBuilding CXX object CMakeFiles/create_msgs__rosidl_typesupport_fastrtps_c.dir/rosidl_typesupport_fastrtps_c/create_msgs/msg/detail/sphere__type_support_c.cpp.o[0m
[2.297s] [ 65%] [32m[1mLinking C shared library libcreate_msgs__rosidl_typesupport_introspection_c.so[0m
[2.348s] [ 65%] Built target create_msgs__rosidl_typesupport_introspection_c
[2.359s] [ 68%] [32mBuilding CXX object CMakeFiles/create_msgs__rosidl_typesupport_fastrtps_c.dir/rosidl_typesupport_fastrtps_c/create_msgs/srv/detail/add_three_ints__type_support_c.cpp.o[0m
[2.426s] [ 70%] [32m[1mLinking CXX shared library libcreate_msgs__rosidl_typesupport_cpp.so[0m
[2.487s] [ 70%] Built target create_msgs__rosidl_typesupport_cpp
[2.602s] [ 72%] [32m[1mLinking CXX shared library libcreate_msgs__rosidl_typesupport_introspection_cpp.so[0m
[2.659s] [ 72%] Built target create_msgs__rosidl_typesupport_introspection_cpp
[2.698s] [ 74%] [32m[1mLinking CXX shared library libcreate_msgs__rosidl_typesupport_fastrtps_cpp.so[0m
[2.760s] [ 74%] Built target create_msgs__rosidl_typesupport_fastrtps_cpp
[2.804s] [ 76%] [32m[1mLinking CXX shared library libcreate_msgs__rosidl_typesupport_fastrtps_c.so[0m
[2.860s] [ 76%] Built target create_msgs__rosidl_typesupport_fastrtps_c
[2.875s] [ 76%] Built target create_msgs
[2.889s] [ 78%] [34m[1mGenerating Python code for ROS interfaces[0m
[3.312s] [ 78%] Built target create_msgs__py
[3.330s] [ 85%] [32mBuilding C object CMakeFiles/create_msgs__rosidl_generator_py.dir/rosidl_generator_py/create_msgs/msg/_sphere_s.c.o[0m
[3.330s] [ 85%] [32mBuilding C object CMakeFiles/create_msgs__rosidl_generator_py.dir/rosidl_generator_py/create_msgs/srv/_add_three_ints_s.c.o[0m
[3.330s] [ 85%] [32mBuilding C object CMakeFiles/create_msgs__rosidl_generator_py.dir/rosidl_generator_py/create_msgs/msg/_num_s.c.o[0m
[3.410s] [ 87%] [32m[1mLinking C shared library rosidl_generator_py/create_msgs/libcreate_msgs__rosidl_generator_py.so[0m
[3.443s] [ 87%] Built target create_msgs__rosidl_generator_py
[3.458s] [ 91%] [32mBuilding C object CMakeFiles/create_msgs__rosidl_typesupport_c__pyext.dir/rosidl_generator_py/create_msgs/_create_msgs_s.ep.rosidl_typesupport_c.c.o[0m
[3.458s] [ 91%] [32mBuilding C object CMakeFiles/create_msgs__rosidl_typesupport_introspection_c__pyext.dir/rosidl_generator_py/create_msgs/_create_msgs_s.ep.rosidl_typesupport_introspection_c.c.o[0m
[3.458s] [ 93%] [32mBuilding C object CMakeFiles/create_msgs__rosidl_typesupport_fastrtps_c__pyext.dir/rosidl_generator_py/create_msgs/_create_msgs_s.ep.rosidl_typesupport_fastrtps_c.c.o[0m
[3.541s] [ 97%] [32m[1mLinking C shared library rosidl_generator_py/create_msgs/create_msgs_s__rosidl_typesupport_introspection_c.cpython-310-x86_64-linux-gnu.so[0m
[3.541s] [ 97%] [32m[1mLinking C shared library rosidl_generator_py/create_msgs/create_msgs_s__rosidl_typesupport_fastrtps_c.cpython-310-x86_64-linux-gnu.so[0m
[3.543s] [100%] [32m[1mLinking C shared library rosidl_generator_py/create_msgs/create_msgs_s__rosidl_typesupport_c.cpython-310-x86_64-linux-gnu.so[0m
[3.573s] [100%] Built target create_msgs__rosidl_typesupport_introspection_c__pyext
[3.573s] [100%] Built target create_msgs__rosidl_typesupport_c__pyext
[3.573s] [100%] Built target create_msgs__rosidl_typesupport_fastrtps_c__pyext
[3.582s] Invoked command in '/home/nhodung/Documents/ros2_learn/example_for_github/create_type/build/create_msgs' returned '0': CMAKE_PREFIX_PATH=${CMAKE_PREFIX_PATH}:/opt/ros/humble /usr/bin/cmake --build /home/nhodung/Documents/ros2_learn/example_for_github/create_type/build/create_msgs -- -j12 -l12
[3.652s] Invoking command in '/home/nhodung/Documents/ros2_learn/example_for_github/create_type/build/create_msgs': CMAKE_PREFIX_PATH=${CMAKE_PREFIX_PATH}:/opt/ros/humble /usr/bin/cmake --install /home/nhodung/Documents/ros2_learn/example_for_github/create_type/build/create_msgs
[3.657s] -- Install configuration: ""
[3.658s] -- Execute custom install script
[3.658s] -- Symlinking: /home/nhodung/Documents/ros2_learn/example_for_github/create_type/install/create_msgs/share/ament_index/resource_index/rosidl_interfaces/create_msgs
[3.665s] -- Symlinking: /home/nhodung/Documents/ros2_learn/example_for_github/create_type/install/create_msgs/include/create_msgs/create_msgs/msg/detail/num__functions.h
[3.672s] -- Symlinking: /home/nhodung/Documents/ros2_learn/example_for_github/create_type/install/create_msgs/include/create_msgs/create_msgs/msg/detail/num__struct.h
[3.678s] -- Symlinking: /home/nhodung/Documents/ros2_learn/example_for_github/create_type/install/create_msgs/include/create_msgs/create_msgs/msg/detail/num__type_support.h
[3.684s] -- Symlinking: /home/nhodung/Documents/ros2_learn/example_for_github/create_type/install/create_msgs/include/create_msgs/create_msgs/msg/detail/sphere__functions.h
[3.689s] -- Symlinking: /home/nhodung/Documents/ros2_learn/example_for_github/create_type/install/create_msgs/include/create_msgs/create_msgs/msg/detail/sphere__struct.h
[3.695s] -- Symlinking: /home/nhodung/Documents/ros2_learn/example_for_github/create_type/install/create_msgs/include/create_msgs/create_msgs/msg/detail/sphere__type_support.h
[3.702s] -- Symlinking: /home/nhodung/Documents/ros2_learn/example_for_github/create_type/install/create_msgs/include/create_msgs/create_msgs/msg/num.h
[3.709s] -- Symlinking: /home/nhodung/Documents/ros2_learn/example_for_github/create_type/install/create_msgs/include/create_msgs/create_msgs/msg/rosidl_generator_c__visibility_control.h
[3.716s] -- Symlinking: /home/nhodung/Documents/ros2_learn/example_for_github/create_type/install/create_msgs/include/create_msgs/create_msgs/msg/sphere.h
[3.723s] -- Symlinking: /home/nhodung/Documents/ros2_learn/example_for_github/create_type/install/create_msgs/include/create_msgs/create_msgs/srv/add_three_ints.h
[3.731s] -- Symlinking: /home/nhodung/Documents/ros2_learn/example_for_github/create_type/install/create_msgs/include/create_msgs/create_msgs/srv/detail/add_three_ints__functions.h
[3.737s] -- Symlinking: /home/nhodung/Documents/ros2_learn/example_for_github/create_type/install/create_msgs/include/create_msgs/create_msgs/srv/detail/add_three_ints__struct.h
[3.744s] -- Symlinking: /home/nhodung/Documents/ros2_learn/example_for_github/create_type/install/create_msgs/include/create_msgs/create_msgs/srv/detail/add_three_ints__type_support.h
[3.751s] -- Symlinking: /home/nhodung/Documents/ros2_learn/example_for_github/create_type/install/create_msgs/share/create_msgs/environment/library_path.sh
[3.758s] -- Symlinking: /home/nhodung/Documents/ros2_learn/example_for_github/create_type/install/create_msgs/share/create_msgs/environment/library_path.dsv
[3.765s] -- Symlinking: /home/nhodung/Documents/ros2_learn/example_for_github/create_type/install/create_msgs/include/create_msgs/create_msgs/msg/detail/num__rosidl_typesupport_fastrtps_c.h
[3.771s] -- Symlinking: /home/nhodung/Documents/ros2_learn/example_for_github/create_type/install/create_msgs/include/create_msgs/create_msgs/msg/detail/sphere__rosidl_typesupport_fastrtps_c.h
[3.777s] -- Symlinking: /home/nhodung/Documents/ros2_learn/example_for_github/create_type/install/create_msgs/include/create_msgs/create_msgs/msg/rosidl_typesupport_fastrtps_c__visibility_control.h
[3.783s] -- Symlinking: /home/nhodung/Documents/ros2_learn/example_for_github/create_type/install/create_msgs/include/create_msgs/create_msgs/srv/detail/add_three_ints__rosidl_typesupport_fastrtps_c.h
[3.789s] -- Symlinking: /home/nhodung/Documents/ros2_learn/example_for_github/create_type/install/create_msgs/include/create_msgs/create_msgs/msg/detail/num__builder.hpp
[3.795s] -- Symlinking: /home/nhodung/Documents/ros2_learn/example_for_github/create_type/install/create_msgs/include/create_msgs/create_msgs/msg/detail/num__struct.hpp
[3.800s] -- Symlinking: /home/nhodung/Documents/ros2_learn/example_for_github/create_type/install/create_msgs/include/create_msgs/create_msgs/msg/detail/num__traits.hpp
[3.806s] -- Symlinking: /home/nhodung/Documents/ros2_learn/example_for_github/create_type/install/create_msgs/include/create_msgs/create_msgs/msg/detail/sphere__builder.hpp
[3.812s] -- Symlinking: /home/nhodung/Documents/ros2_learn/example_for_github/create_type/install/create_msgs/include/create_msgs/create_msgs/msg/detail/sphere__struct.hpp
[3.820s] -- Symlinking: /home/nhodung/Documents/ros2_learn/example_for_github/create_type/install/create_msgs/include/create_msgs/create_msgs/msg/detail/sphere__traits.hpp
[3.828s] -- Symlinking: /home/nhodung/Documents/ros2_learn/example_for_github/create_type/install/create_msgs/include/create_msgs/create_msgs/msg/num.hpp
[3.834s] -- Symlinking: /home/nhodung/Documents/ros2_learn/example_for_github/create_type/install/create_msgs/include/create_msgs/create_msgs/msg/sphere.hpp
[3.840s] -- Symlinking: /home/nhodung/Documents/ros2_learn/example_for_github/create_type/install/create_msgs/include/create_msgs/create_msgs/srv/add_three_ints.hpp
[3.846s] -- Symlinking: /home/nhodung/Documents/ros2_learn/example_for_github/create_type/install/create_msgs/include/create_msgs/create_msgs/srv/detail/add_three_ints__builder.hpp
[3.852s] -- Symlinking: /home/nhodung/Documents/ros2_learn/example_for_github/create_type/install/create_msgs/include/create_msgs/create_msgs/srv/detail/add_three_ints__struct.hpp
[3.858s] -- Symlinking: /home/nhodung/Documents/ros2_learn/example_for_github/create_type/install/create_msgs/include/create_msgs/create_msgs/srv/detail/add_three_ints__traits.hpp
[3.866s] -- Symlinking: /home/nhodung/Documents/ros2_learn/example_for_github/create_type/install/create_msgs/include/create_msgs/create_msgs/msg/detail/num__rosidl_typesupport_fastrtps_cpp.hpp
[3.872s] -- Symlinking: /home/nhodung/Documents/ros2_learn/example_for_github/create_type/install/create_msgs/include/create_msgs/create_msgs/msg/detail/sphere__rosidl_typesupport_fastrtps_cpp.hpp
[3.879s] -- Symlinking: /home/nhodung/Documents/ros2_learn/example_for_github/create_type/install/create_msgs/include/create_msgs/create_msgs/msg/rosidl_typesupport_fastrtps_cpp__visibility_control.h
[3.884s] -- Symlinking: /home/nhodung/Documents/ros2_learn/example_for_github/create_type/install/create_msgs/include/create_msgs/create_msgs/srv/detail/add_three_ints__rosidl_typesupport_fastrtps_cpp.hpp
[3.891s] -- Symlinking: /home/nhodung/Documents/ros2_learn/example_for_github/create_type/install/create_msgs/include/create_msgs/create_msgs/msg/detail/num__rosidl_typesupport_introspection_c.h
[3.896s] -- Symlinking: /home/nhodung/Documents/ros2_learn/example_for_github/create_type/install/create_msgs/include/create_msgs/create_msgs/msg/detail/sphere__rosidl_typesupport_introspection_c.h
[3.902s] -- Symlinking: /home/nhodung/Documents/ros2_learn/example_for_github/create_type/install/create_msgs/include/create_msgs/create_msgs/msg/rosidl_typesupport_introspection_c__visibility_control.h
[3.908s] -- Symlinking: /home/nhodung/Documents/ros2_learn/example_for_github/create_type/install/create_msgs/include/create_msgs/create_msgs/srv/detail/add_three_ints__rosidl_typesupport_introspection_c.h
[3.914s] -- Symlinking: /home/nhodung/Documents/ros2_learn/example_for_github/create_type/install/create_msgs/include/create_msgs/create_msgs/msg/detail/num__rosidl_typesupport_introspection_cpp.hpp
[3.922s] -- Symlinking: /home/nhodung/Documents/ros2_learn/example_for_github/create_type/install/create_msgs/include/create_msgs/create_msgs/msg/detail/sphere__rosidl_typesupport_introspection_cpp.hpp
[3.929s] -- Symlinking: /home/nhodung/Documents/ros2_learn/example_for_github/create_type/install/create_msgs/include/create_msgs/create_msgs/srv/detail/add_three_ints__rosidl_typesupport_introspection_cpp.hpp
[3.936s] -- Symlinking: /home/nhodung/Documents/ros2_learn/example_for_github/create_type/install/create_msgs/share/create_msgs/environment/pythonpath.sh
[3.942s] -- Symlinking: /home/nhodung/Documents/ros2_learn/example_for_github/create_type/install/create_msgs/share/create_msgs/environment/pythonpath.dsv
[3.948s] -- Symlinking: /home/nhodung/Documents/ros2_learn/example_for_github/create_type/install/create_msgs/local/lib/python3.10/dist-packages/create_msgs-0.0.0-py3.10.egg-info/PKG-INFO
[3.954s] -- Symlinking: /home/nhodung/Documents/ros2_learn/example_for_github/create_type/install/create_msgs/local/lib/python3.10/dist-packages/create_msgs-0.0.0-py3.10.egg-info/SOURCES.txt
[3.962s] -- Symlinking: /home/nhodung/Documents/ros2_learn/example_for_github/create_type/install/create_msgs/local/lib/python3.10/dist-packages/create_msgs-0.0.0-py3.10.egg-info/dependency_links.txt
[3.968s] -- Symlinking: /home/nhodung/Documents/ros2_learn/example_for_github/create_type/install/create_msgs/local/lib/python3.10/dist-packages/create_msgs-0.0.0-py3.10.egg-info/top_level.txt
[3.975s] -- Symlinking: /home/nhodung/Documents/ros2_learn/example_for_github/create_type/install/create_msgs/local/lib/python3.10/dist-packages/create_msgs/__init__.py
[3.981s] -- Symlinking: /home/nhodung/Documents/ros2_learn/example_for_github/create_type/install/create_msgs/local/lib/python3.10/dist-packages/create_msgs/_create_msgs_s.ep.rosidl_typesupport_c.c
[3.987s] -- Symlinking: /home/nhodung/Documents/ros2_learn/example_for_github/create_type/install/create_msgs/local/lib/python3.10/dist-packages/create_msgs/_create_msgs_s.ep.rosidl_typesupport_fastrtps_c.c
[3.993s] -- Symlinking: /home/nhodung/Documents/ros2_learn/example_for_github/create_type/install/create_msgs/local/lib/python3.10/dist-packages/create_msgs/_create_msgs_s.ep.rosidl_typesupport_introspection_c.c
[3.999s] -- Symlinking: /home/nhodung/Documents/ros2_learn/example_for_github/create_type/install/create_msgs/local/lib/python3.10/dist-packages/create_msgs/create_msgs_s__rosidl_typesupport_c.cpython-310-x86_64-linux-gnu.so
[4.005s] -- Symlinking: /home/nhodung/Documents/ros2_learn/example_for_github/create_type/install/create_msgs/local/lib/python3.10/dist-packages/create_msgs/create_msgs_s__rosidl_typesupport_fastrtps_c.cpython-310-x86_64-linux-gnu.so
[4.011s] -- Symlinking: /home/nhodung/Documents/ros2_learn/example_for_github/create_type/install/create_msgs/local/lib/python3.10/dist-packages/create_msgs/create_msgs_s__rosidl_typesupport_introspection_c.cpython-310-x86_64-linux-gnu.so
[4.019s] -- Symlinking: /home/nhodung/Documents/ros2_learn/example_for_github/create_type/install/create_msgs/local/lib/python3.10/dist-packages/create_msgs/libcreate_msgs__rosidl_generator_py.so
[4.026s] -- Symlinking: /home/nhodung/Documents/ros2_learn/example_for_github/create_type/install/create_msgs/local/lib/python3.10/dist-packages/create_msgs/msg/__init__.py
[4.032s] -- Symlinking: /home/nhodung/Documents/ros2_learn/example_for_github/create_type/install/create_msgs/local/lib/python3.10/dist-packages/create_msgs/msg/_num.py
[4.038s] -- Symlinking: /home/nhodung/Documents/ros2_learn/example_for_github/create_type/install/create_msgs/local/lib/python3.10/dist-packages/create_msgs/msg/_num_s.c
[4.044s] -- Symlinking: /home/nhodung/Documents/ros2_learn/example_for_github/create_type/install/create_msgs/local/lib/python3.10/dist-packages/create_msgs/msg/_sphere.py
[4.049s] -- Symlinking: /home/nhodung/Documents/ros2_learn/example_for_github/create_type/install/create_msgs/local/lib/python3.10/dist-packages/create_msgs/msg/_sphere_s.c
[4.055s] -- Symlinking: /home/nhodung/Documents/ros2_learn/example_for_github/create_type/install/create_msgs/local/lib/python3.10/dist-packages/create_msgs/srv/__init__.py
[4.061s] -- Symlinking: /home/nhodung/Documents/ros2_learn/example_for_github/create_type/install/create_msgs/local/lib/python3.10/dist-packages/create_msgs/srv/_add_three_ints.py
[4.068s] -- Symlinking: /home/nhodung/Documents/ros2_learn/example_for_github/create_type/install/create_msgs/local/lib/python3.10/dist-packages/create_msgs/srv/_add_three_ints_s.c
[4.075s] -- Up-to-date symlink: /home/nhodung/Documents/ros2_learn/example_for_github/create_type/install/create_msgs/local/lib/python3.10/dist-packages/create_msgs/create_msgs_s__rosidl_typesupport_fastrtps_c.cpython-310-x86_64-linux-gnu.so
[4.075s] -- Up-to-date symlink: /home/nhodung/Documents/ros2_learn/example_for_github/create_type/install/create_msgs/local/lib/python3.10/dist-packages/create_msgs/create_msgs_s__rosidl_typesupport_introspection_c.cpython-310-x86_64-linux-gnu.so
[4.075s] -- Up-to-date symlink: /home/nhodung/Documents/ros2_learn/example_for_github/create_type/install/create_msgs/local/lib/python3.10/dist-packages/create_msgs/create_msgs_s__rosidl_typesupport_c.cpython-310-x86_64-linux-gnu.so
[4.075s] -- Symlinking: /home/nhodung/Documents/ros2_learn/example_for_github/create_type/install/create_msgs/share/create_msgs/msg/Num.idl
[4.082s] -- Symlinking: /home/nhodung/Documents/ros2_learn/example_for_github/create_type/install/create_msgs/share/create_msgs/msg/Sphere.idl
[4.088s] -- Symlinking: /home/nhodung/Documents/ros2_learn/example_for_github/create_type/install/create_msgs/share/create_msgs/srv/AddThreeInts.idl
[4.094s] -- Symlinking: /home/nhodung/Documents/ros2_learn/example_for_github/create_type/install/create_msgs/share/create_msgs/msg/Num.msg
[4.100s] -- Symlinking: /home/nhodung/Documents/ros2_learn/example_for_github/create_type/install/create_msgs/share/create_msgs/msg/Sphere.msg
[4.105s] -- Symlinking: /home/nhodung/Documents/ros2_learn/example_for_github/create_type/install/create_msgs/share/create_msgs/srv/AddThreeInts.srv
[4.111s] -- Symlinking: /home/nhodung/Documents/ros2_learn/example_for_github/create_type/install/create_msgs/share/create_msgs/srv/AddThreeInts_Request.msg
[4.120s] -- Symlinking: /home/nhodung/Documents/ros2_learn/example_for_github/create_type/install/create_msgs/share/create_msgs/srv/AddThreeInts_Response.msg
[4.127s] -- Symlinking: /home/nhodung/Documents/ros2_learn/example_for_github/create_type/install/create_msgs/share/ament_index/resource_index/package_run_dependencies/create_msgs
[4.134s] -- Symlinking: /home/nhodung/Documents/ros2_learn/example_for_github/create_type/install/create_msgs/share/ament_index/resource_index/parent_prefix_path/create_msgs
[4.139s] -- Symlinking: /home/nhodung/Documents/ros2_learn/example_for_github/create_type/install/create_msgs/share/create_msgs/environment/ament_prefix_path.sh
[4.145s] -- Symlinking: /home/nhodung/Documents/ros2_learn/example_for_github/create_type/install/create_msgs/share/create_msgs/environment/ament_prefix_path.dsv
[4.151s] -- Symlinking: /home/nhodung/Documents/ros2_learn/example_for_github/create_type/install/create_msgs/share/create_msgs/environment/path.sh
[4.157s] -- Symlinking: /home/nhodung/Documents/ros2_learn/example_for_github/create_type/install/create_msgs/share/create_msgs/environment/path.dsv
[4.162s] -- Symlinking: /home/nhodung/Documents/ros2_learn/example_for_github/create_type/install/create_msgs/share/create_msgs/local_setup.bash
[4.169s] -- Symlinking: /home/nhodung/Documents/ros2_learn/example_for_github/create_type/install/create_msgs/share/create_msgs/local_setup.sh
[4.175s] -- Symlinking: /home/nhodung/Documents/ros2_learn/example_for_github/create_type/install/create_msgs/share/create_msgs/local_setup.zsh
[4.182s] -- Symlinking: /home/nhodung/Documents/ros2_learn/example_for_github/create_type/install/create_msgs/share/create_msgs/local_setup.dsv
[4.189s] -- Symlinking: /home/nhodung/Documents/ros2_learn/example_for_github/create_type/install/create_msgs/share/create_msgs/package.dsv
[4.195s] -- Symlinking: /home/nhodung/Documents/ros2_learn/example_for_github/create_type/install/create_msgs/share/ament_index/resource_index/packages/create_msgs
[4.201s] -- Symlinking: /home/nhodung/Documents/ros2_learn/example_for_github/create_type/install/create_msgs/share/create_msgs/cmake/rosidl_cmake-extras.cmake
[4.206s] -- Symlinking: /home/nhodung/Documents/ros2_learn/example_for_github/create_type/install/create_msgs/share/create_msgs/cmake/ament_cmake_export_dependencies-extras.cmake
[4.211s] -- Symlinking: /home/nhodung/Documents/ros2_learn/example_for_github/create_type/install/create_msgs/share/create_msgs/cmake/ament_cmake_export_include_directories-extras.cmake
[4.218s] -- Symlinking: /home/nhodung/Documents/ros2_learn/example_for_github/create_type/install/create_msgs/share/create_msgs/cmake/ament_cmake_export_libraries-extras.cmake
[4.226s] -- Symlinking: /home/nhodung/Documents/ros2_learn/example_for_github/create_type/install/create_msgs/share/create_msgs/cmake/ament_cmake_export_targets-extras.cmake
[4.234s] -- Symlinking: /home/nhodung/Documents/ros2_learn/example_for_github/create_type/install/create_msgs/share/create_msgs/cmake/rosidl_cmake_export_typesupport_targets-extras.cmake
[4.240s] -- Symlinking: /home/nhodung/Documents/ros2_learn/example_for_github/create_type/install/create_msgs/share/create_msgs/cmake/rosidl_cmake_export_typesupport_libraries-extras.cmake
[4.246s] -- Symlinking: /home/nhodung/Documents/ros2_learn/example_for_github/create_type/install/create_msgs/share/create_msgs/cmake/create_msgsConfig.cmake
[4.251s] -- Symlinking: /home/nhodung/Documents/ros2_learn/example_for_github/create_type/install/create_msgs/share/create_msgs/cmake/create_msgsConfig-version.cmake
[4.257s] -- Symlinking: /home/nhodung/Documents/ros2_learn/example_for_github/create_type/install/create_msgs/share/create_msgs/package.xml
[4.264s] -- Installing: /home/nhodung/Documents/ros2_learn/example_for_github/create_type/install/create_msgs/lib/libcreate_msgs__rosidl_generator_c.so
[4.264s] -- Set runtime path of "/home/nhodung/Documents/ros2_learn/example_for_github/create_type/install/create_msgs/lib/libcreate_msgs__rosidl_generator_c.so" to ""
[4.264s] -- Installing: /home/nhodung/Documents/ros2_learn/example_for_github/create_type/install/create_msgs/lib/libcreate_msgs__rosidl_typesupport_fastrtps_c.so
[4.264s] -- Set runtime path of "/home/nhodung/Documents/ros2_learn/example_for_github/create_type/install/create_msgs/lib/libcreate_msgs__rosidl_typesupport_fastrtps_c.so" to ""
[4.264s] -- Installing: /home/nhodung/Documents/ros2_learn/example_for_github/create_type/install/create_msgs/lib/libcreate_msgs__rosidl_typesupport_fastrtps_cpp.so
[4.264s] -- Set runtime path of "/home/nhodung/Documents/ros2_learn/example_for_github/create_type/install/create_msgs/lib/libcreate_msgs__rosidl_typesupport_fastrtps_cpp.so" to ""
[4.264s] -- Installing: /home/nhodung/Documents/ros2_learn/example_for_github/create_type/install/create_msgs/lib/libcreate_msgs__rosidl_typesupport_introspection_c.so
[4.265s] -- Set runtime path of "/home/nhodung/Documents/ros2_learn/example_for_github/create_type/install/create_msgs/lib/libcreate_msgs__rosidl_typesupport_introspection_c.so" to ""
[4.265s] -- Installing: /home/nhodung/Documents/ros2_learn/example_for_github/create_type/install/create_msgs/lib/libcreate_msgs__rosidl_typesupport_c.so
[4.265s] -- Set runtime path of "/home/nhodung/Documents/ros2_learn/example_for_github/create_type/install/create_msgs/lib/libcreate_msgs__rosidl_typesupport_c.so" to ""
[4.265s] -- Installing: /home/nhodung/Documents/ros2_learn/example_for_github/create_type/install/create_msgs/lib/libcreate_msgs__rosidl_typesupport_introspection_cpp.so
[4.265s] -- Set runtime path of "/home/nhodung/Documents/ros2_learn/example_for_github/create_type/install/create_msgs/lib/libcreate_msgs__rosidl_typesupport_introspection_cpp.so" to ""
[4.265s] -- Installing: /home/nhodung/Documents/ros2_learn/example_for_github/create_type/install/create_msgs/lib/libcreate_msgs__rosidl_typesupport_cpp.so
[4.265s] -- Set runtime path of "/home/nhodung/Documents/ros2_learn/example_for_github/create_type/install/create_msgs/lib/libcreate_msgs__rosidl_typesupport_cpp.so" to ""
[4.293s] Listing '/home/nhodung/Documents/ros2_learn/example_for_github/create_type/install/create_msgs/local/lib/python3.10/dist-packages/create_msgs'...
[4.293s] Compiling '/home/nhodung/Documents/ros2_learn/example_for_github/create_type/install/create_msgs/local/lib/python3.10/dist-packages/create_msgs/__init__.py'...
[4.293s] Listing '/home/nhodung/Documents/ros2_learn/example_for_github/create_type/install/create_msgs/local/lib/python3.10/dist-packages/create_msgs/msg'...
[4.294s] Compiling '/home/nhodung/Documents/ros2_learn/example_for_github/create_type/install/create_msgs/local/lib/python3.10/dist-packages/create_msgs/msg/__init__.py'...
[4.294s] Compiling '/home/nhodung/Documents/ros2_learn/example_for_github/create_type/install/create_msgs/local/lib/python3.10/dist-packages/create_msgs/msg/_num.py'...
[4.294s] Compiling '/home/nhodung/Documents/ros2_learn/example_for_github/create_type/install/create_msgs/local/lib/python3.10/dist-packages/create_msgs/msg/_sphere.py'...
[4.294s] Listing '/home/nhodung/Documents/ros2_learn/example_for_github/create_type/install/create_msgs/local/lib/python3.10/dist-packages/create_msgs/srv'...
[4.294s] Compiling '/home/nhodung/Documents/ros2_learn/example_for_github/create_type/install/create_msgs/local/lib/python3.10/dist-packages/create_msgs/srv/__init__.py'...
[4.294s] Compiling '/home/nhodung/Documents/ros2_learn/example_for_github/create_type/install/create_msgs/local/lib/python3.10/dist-packages/create_msgs/srv/_add_three_ints.py'...
[4.297s] -- Installing: /home/nhodung/Documents/ros2_learn/example_for_github/create_type/install/create_msgs/lib/libcreate_msgs__rosidl_generator_py.so
[4.298s] -- Set runtime path of "/home/nhodung/Documents/ros2_learn/example_for_github/create_type/install/create_msgs/lib/libcreate_msgs__rosidl_generator_py.so" to ""
[4.298s] -- Installing: /home/nhodung/Documents/ros2_learn/example_for_github/create_type/install/create_msgs/share/create_msgs/cmake/export_create_msgs__rosidl_generator_cExport.cmake
[4.298s] -- Installing: /home/nhodung/Documents/ros2_learn/example_for_github/create_type/install/create_msgs/share/create_msgs/cmake/export_create_msgs__rosidl_generator_cExport-noconfig.cmake
[4.298s] -- Installing: /home/nhodung/Documents/ros2_learn/example_for_github/create_type/install/create_msgs/share/create_msgs/cmake/export_create_msgs__rosidl_typesupport_fastrtps_cExport.cmake
[4.298s] -- Installing: /home/nhodung/Documents/ros2_learn/example_for_github/create_type/install/create_msgs/share/create_msgs/cmake/export_create_msgs__rosidl_typesupport_fastrtps_cExport-noconfig.cmake
[4.298s] -- Installing: /home/nhodung/Documents/ros2_learn/example_for_github/create_type/install/create_msgs/share/create_msgs/cmake/export_create_msgs__rosidl_generator_cppExport.cmake
[4.298s] -- Installing: /home/nhodung/Documents/ros2_learn/example_for_github/create_type/install/create_msgs/share/create_msgs/cmake/export_create_msgs__rosidl_typesupport_fastrtps_cppExport.cmake
[4.298s] -- Installing: /home/nhodung/Documents/ros2_learn/example_for_github/create_type/install/create_msgs/share/create_msgs/cmake/export_create_msgs__rosidl_typesupport_fastrtps_cppExport-noconfig.cmake
[4.298s] -- Installing: /home/nhodung/Documents/ros2_learn/example_for_github/create_type/install/create_msgs/share/create_msgs/cmake/create_msgs__rosidl_typesupport_introspection_cExport.cmake
[4.298s] -- Installing: /home/nhodung/Documents/ros2_learn/example_for_github/create_type/install/create_msgs/share/create_msgs/cmake/create_msgs__rosidl_typesupport_introspection_cExport-noconfig.cmake
[4.299s] -- Installing: /home/nhodung/Documents/ros2_learn/example_for_github/create_type/install/create_msgs/share/create_msgs/cmake/create_msgs__rosidl_typesupport_cExport.cmake
[4.299s] -- Installing: /home/nhodung/Documents/ros2_learn/example_for_github/create_type/install/create_msgs/share/create_msgs/cmake/create_msgs__rosidl_typesupport_cExport-noconfig.cmake
[4.299s] -- Installing: /home/nhodung/Documents/ros2_learn/example_for_github/create_type/install/create_msgs/share/create_msgs/cmake/create_msgs__rosidl_typesupport_introspection_cppExport.cmake
[4.299s] -- Installing: /home/nhodung/Documents/ros2_learn/example_for_github/create_type/install/create_msgs/share/create_msgs/cmake/create_msgs__rosidl_typesupport_introspection_cppExport-noconfig.cmake
[4.299s] -- Installing: /home/nhodung/Documents/ros2_learn/example_for_github/create_type/install/create_msgs/share/create_msgs/cmake/create_msgs__rosidl_typesupport_cppExport.cmake
[4.299s] -- Installing: /home/nhodung/Documents/ros2_learn/example_for_github/create_type/install/create_msgs/share/create_msgs/cmake/create_msgs__rosidl_typesupport_cppExport-noconfig.cmake
[4.299s] -- Installing: /home/nhodung/Documents/ros2_learn/example_for_github/create_type/install/create_msgs/share/create_msgs/cmake/export_create_msgs__rosidl_generator_pyExport.cmake
[4.299s] -- Installing: /home/nhodung/Documents/ros2_learn/example_for_github/create_type/install/create_msgs/share/create_msgs/cmake/export_create_msgs__rosidl_generator_pyExport-noconfig.cmake
[4.301s] Invoked command in '/home/nhodung/Documents/ros2_learn/example_for_github/create_type/build/create_msgs' returned '0': CMAKE_PREFIX_PATH=${CMAKE_PREFIX_PATH}:/opt/ros/humble /usr/bin/cmake --install /home/nhodung/Documents/ros2_learn/example_for_github/create_type/build/create_msgs
