-- Found ament_cmake: 1.3.10 (/opt/ros/humble/share/ament_cmake/cmake)
-- Override CMake install command with custom implementation using symlinks instead of copying resources
-- Found rclcpp: 16.0.10 (/opt/ros/humble/share/rclcpp/cmake)
-- Found rosidl_generator_c: 3.1.5 (/opt/ros/humble/share/rosidl_generator_c/cmake)
-- Found rosidl_adapter: 3.1.5 (/opt/ros/humble/share/rosidl_adapter/cmake)
-- Found rosidl_generator_cpp: 3.1.5 (/opt/ros/humble/share/rosidl_generator_cpp/cmake)
-- Using all available rosidl_typesupport_c: rosidl_typesupport_fastrtps_c;rosidl_typesupport_introspection_c
-- Using all available rosidl_typesupport_cpp: rosidl_typesupport_fastrtps_cpp;rosidl_typesupport_introspection_cpp
-- Found rmw_implementation_cmake: 6.1.2 (/opt/ros/humble/share/rmw_implementation_cmake/cmake)
-- Found rmw_fastrtps_cpp: 6.2.7 (/opt/ros/humble/share/rmw_fastrtps_cpp/cmake)
-- Using RMW implementation 'rmw_fastrtps_cpp' as default
-- Found gazebo_msgs: 3.7.0 (/opt/ros/humble/share/gazebo_msgs/cmake)
-- Found ament_lint_auto: 0.12.11 (/opt/ros/humble/share/ament_lint_auto/cmake)
-- Added test 'cppcheck' to perform static code analysis on C / C++ code
-- Configured cppcheck include dirs: $<BUILD_INTERFACE:/home/nhodung/Documents/ros2_learn/set_model_position/src/model_pos/include>
-- Configured cppcheck exclude dirs and/or files: 
-- Added test 'flake8' to check Python code syntax and style conventions
-- Added test 'lint_cmake' to check CMake code style
-- Added test 'pep257' to check Python code against some of the docstring style conventions in PEP 257
-- Added test 'uncrustify' to check C / C++ code style
-- Configured uncrustify additional arguments: 
-- Added test 'xmllint' to check XML markup files
-- Configuring done
-- Generating done
-- Build files have been written to: /home/nhodung/Documents/ros2_learn/set_model_position/build/model_pos
[35m[1mConsolidate compiler generated dependencies of target set_state_node[0m
[ 50%] [32mBuilding CXX object CMakeFiles/set_state_node.dir/src/set_state_node.cpp.o[0m
[100%] [32m[1mLinking CXX executable set_state_node[0m
[100%] Built target set_state_node
-- Install configuration: ""
-- Execute custom install script
-- Symlinking: /home/nhodung/Documents/ros2_learn/set_model_position/install/model_pos/lib/model_pos/set_state_node
-- Symlinking: /home/nhodung/Documents/ros2_learn/set_model_position/install/model_pos/share/model_pos/launch/launch_gazebo_and_node.launch.py
-- Symlinking: /home/nhodung/Documents/ros2_learn/set_model_position/install/model_pos/share/model_pos/worlds/test.world
-- Symlinking: /home/nhodung/Documents/ros2_learn/set_model_position/install/model_pos/share/ament_index/resource_index/package_run_dependencies/model_pos
-- Symlinking: /home/nhodung/Documents/ros2_learn/set_model_position/install/model_pos/share/ament_index/resource_index/parent_prefix_path/model_pos
-- Symlinking: /home/nhodung/Documents/ros2_learn/set_model_position/install/model_pos/share/model_pos/environment/ament_prefix_path.sh
-- Symlinking: /home/nhodung/Documents/ros2_learn/set_model_position/install/model_pos/share/model_pos/environment/ament_prefix_path.dsv
-- Symlinking: /home/nhodung/Documents/ros2_learn/set_model_position/install/model_pos/share/model_pos/environment/path.sh
-- Symlinking: /home/nhodung/Documents/ros2_learn/set_model_position/install/model_pos/share/model_pos/environment/path.dsv
-- Symlinking: /home/nhodung/Documents/ros2_learn/set_model_position/install/model_pos/share/model_pos/local_setup.bash
-- Symlinking: /home/nhodung/Documents/ros2_learn/set_model_position/install/model_pos/share/model_pos/local_setup.sh
-- Symlinking: /home/nhodung/Documents/ros2_learn/set_model_position/install/model_pos/share/model_pos/local_setup.zsh
-- Symlinking: /home/nhodung/Documents/ros2_learn/set_model_position/install/model_pos/share/model_pos/local_setup.dsv
-- Symlinking: /home/nhodung/Documents/ros2_learn/set_model_position/install/model_pos/share/model_pos/package.dsv
-- Symlinking: /home/nhodung/Documents/ros2_learn/set_model_position/install/model_pos/share/ament_index/resource_index/packages/model_pos
-- Symlinking: /home/nhodung/Documents/ros2_learn/set_model_position/install/model_pos/share/model_pos/cmake/model_posConfig.cmake
-- Symlinking: /home/nhodung/Documents/ros2_learn/set_model_position/install/model_pos/share/model_pos/cmake/model_posConfig-version.cmake
-- Symlinking: /home/nhodung/Documents/ros2_learn/set_model_position/install/model_pos/share/model_pos/package.xml
