[0.014s] Invoking command in '/home/nhodung/Documents/ros2_learn/set_model_position/build/model_pos': CMAKE_PREFIX_PATH=/opt/ros/humble /usr/bin/cmake /home/nhodung/Documents/ros2_learn/set_model_position/src/model_pos -DAMENT_CMAKE_SYMLINK_INSTALL=1 -DCMAKE_INSTALL_PREFIX=/home/nhodung/Documents/ros2_learn/set_model_position/install/model_pos
[0.044s] -- Found ament_cmake: 1.3.10 (/opt/ros/humble/share/ament_cmake/cmake)
[0.179s] -- Override CMake install command with custom implementation using symlinks instead of copying resources
[0.199s] -- Found rclcpp: 16.0.10 (/opt/ros/humble/share/rclcpp/cmake)
[0.255s] -- Found rosidl_generator_c: 3.1.5 (/opt/ros/humble/share/rosidl_generator_c/cmake)
[0.260s] -- Found rosidl_adapter: 3.1.5 (/opt/ros/humble/share/rosidl_adapter/cmake)
[0.271s] -- Found rosidl_generator_cpp: 3.1.5 (/opt/ros/humble/share/rosidl_generator_cpp/cmake)
[0.288s] -- Using all available rosidl_typesupport_c: rosidl_typesupport_fastrtps_c;rosidl_typesupport_introspection_c
[0.313s] -- Using all available rosidl_typesupport_cpp: rosidl_typesupport_fastrtps_cpp;rosidl_typesupport_introspection_cpp
[0.382s] -- Found rmw_implementation_cmake: 6.1.2 (/opt/ros/humble/share/rmw_implementation_cmake/cmake)
[0.385s] -- Found rmw_fastrtps_cpp: 6.2.7 (/opt/ros/humble/share/rmw_fastrtps_cpp/cmake)
[0.495s] -- Using RMW implementation 'rmw_fastrtps_cpp' as default
[0.574s] -- Found gazebo_msgs: 3.7.0 (/opt/ros/humble/share/gazebo_msgs/cmake)
[0.647s] -- Found ament_lint_auto: 0.12.11 (/opt/ros/humble/share/ament_lint_auto/cmake)
[0.725s] -- Added test 'cppcheck' to perform static code analysis on C / C++ code
[0.726s] -- Configured cppcheck include dirs: $<BUILD_INTERFACE:/home/nhodung/Documents/ros2_learn/set_model_position/src/model_pos/include>
[0.726s] -- Configured cppcheck exclude dirs and/or files: 
[0.726s] -- Added test 'flake8' to check Python code syntax and style conventions
[0.727s] -- Added test 'lint_cmake' to check CMake code style
[0.728s] -- Added test 'pep257' to check Python code against some of the docstring style conventions in PEP 257
[0.729s] -- Added test 'uncrustify' to check C / C++ code style
[0.729s] -- Configured uncrustify additional arguments: 
[0.730s] -- Added test 'xmllint' to check XML markup files
[0.732s] -- Configuring done
[0.743s] -- Generating done
[0.746s] -- Build files have been written to: /home/nhodung/Documents/ros2_learn/set_model_position/build/model_pos
[0.753s] Invoked command in '/home/nhodung/Documents/ros2_learn/set_model_position/build/model_pos' returned '0': CMAKE_PREFIX_PATH=/opt/ros/humble /usr/bin/cmake /home/nhodung/Documents/ros2_learn/set_model_position/src/model_pos -DAMENT_CMAKE_SYMLINK_INSTALL=1 -DCMAKE_INSTALL_PREFIX=/home/nhodung/Documents/ros2_learn/set_model_position/install/model_pos
[0.755s] Invoking command in '/home/nhodung/Documents/ros2_learn/set_model_position/build/model_pos': CMAKE_PREFIX_PATH=/opt/ros/humble /usr/bin/cmake --build /home/nhodung/Documents/ros2_learn/set_model_position/build/model_pos -- -j12 -l12
[0.788s] [35m[1mConsolidate compiler generated dependencies of target set_state_node[0m
[0.811s] [ 50%] [32mBuilding CXX object CMakeFiles/set_state_node.dir/src/set_state_node.cpp.o[0m
[4.499s] [100%] [32m[1mLinking CXX executable set_state_node[0m
[4.721s] [100%] Built target set_state_node
[4.734s] Invoked command in '/home/nhodung/Documents/ros2_learn/set_model_position/build/model_pos' returned '0': CMAKE_PREFIX_PATH=/opt/ros/humble /usr/bin/cmake --build /home/nhodung/Documents/ros2_learn/set_model_position/build/model_pos -- -j12 -l12
[4.772s] Invoking command in '/home/nhodung/Documents/ros2_learn/set_model_position/build/model_pos': CMAKE_PREFIX_PATH=/opt/ros/humble /usr/bin/cmake --install /home/nhodung/Documents/ros2_learn/set_model_position/build/model_pos
[4.778s] -- Install configuration: ""
[4.779s] -- Execute custom install script
[4.779s] -- Symlinking: /home/nhodung/Documents/ros2_learn/set_model_position/install/model_pos/lib/model_pos/set_state_node
[4.786s] -- Symlinking: /home/nhodung/Documents/ros2_learn/set_model_position/install/model_pos/share/model_pos/launch/launch_gazebo_and_node.launch.py
[4.793s] -- Symlinking: /home/nhodung/Documents/ros2_learn/set_model_position/install/model_pos/share/model_pos/worlds/test.world
[4.802s] -- Symlinking: /home/nhodung/Documents/ros2_learn/set_model_position/install/model_pos/share/ament_index/resource_index/package_run_dependencies/model_pos
[4.813s] -- Symlinking: /home/nhodung/Documents/ros2_learn/set_model_position/install/model_pos/share/ament_index/resource_index/parent_prefix_path/model_pos
[4.824s] -- Symlinking: /home/nhodung/Documents/ros2_learn/set_model_position/install/model_pos/share/model_pos/environment/ament_prefix_path.sh
[4.837s] -- Symlinking: /home/nhodung/Documents/ros2_learn/set_model_position/install/model_pos/share/model_pos/environment/ament_prefix_path.dsv
[4.848s] -- Symlinking: /home/nhodung/Documents/ros2_learn/set_model_position/install/model_pos/share/model_pos/environment/path.sh
[4.856s] -- Symlinking: /home/nhodung/Documents/ros2_learn/set_model_position/install/model_pos/share/model_pos/environment/path.dsv
[4.866s] -- Symlinking: /home/nhodung/Documents/ros2_learn/set_model_position/install/model_pos/share/model_pos/local_setup.bash
[4.875s] -- Symlinking: /home/nhodung/Documents/ros2_learn/set_model_position/install/model_pos/share/model_pos/local_setup.sh
[4.885s] -- Symlinking: /home/nhodung/Documents/ros2_learn/set_model_position/install/model_pos/share/model_pos/local_setup.zsh
[4.895s] -- Symlinking: /home/nhodung/Documents/ros2_learn/set_model_position/install/model_pos/share/model_pos/local_setup.dsv
[4.905s] -- Symlinking: /home/nhodung/Documents/ros2_learn/set_model_position/install/model_pos/share/model_pos/package.dsv
[4.916s] -- Symlinking: /home/nhodung/Documents/ros2_learn/set_model_position/install/model_pos/share/ament_index/resource_index/packages/model_pos
[4.926s] -- Symlinking: /home/nhodung/Documents/ros2_learn/set_model_position/install/model_pos/share/model_pos/cmake/model_posConfig.cmake
[4.938s] -- Symlinking: /home/nhodung/Documents/ros2_learn/set_model_position/install/model_pos/share/model_pos/cmake/model_posConfig-version.cmake
[4.949s] -- Symlinking: /home/nhodung/Documents/ros2_learn/set_model_position/install/model_pos/share/model_pos/package.xml
[4.959s] Invoked command in '/home/nhodung/Documents/ros2_learn/set_model_position/build/model_pos' returned '0': CMAKE_PREFIX_PATH=/opt/ros/humble /usr/bin/cmake --install /home/nhodung/Documents/ros2_learn/set_model_position/build/model_pos
