[0.016s] Invoking command in '/home/nhodung/Documents/ros2_learn/set_model_position/build/model_pos': CMAKE_PREFIX_PATH=${CMAKE_PREFIX_PATH}:/opt/ros/humble /usr/bin/cmake --build /home/nhodung/Documents/ros2_learn/set_model_position/build/model_pos -- -j12 -l12
[0.049s] [35m[1mConsolidate compiler generated dependencies of target set_state_node[0m
[0.065s] [ 50%] [32mBuilding CXX object CMakeFiles/set_state_node.dir/src/set_state_node.cpp.o[0m
[3.347s] [100%] [32m[1mLinking CXX executable set_state_node[0m
[3.487s] [100%] Built target set_state_node
[3.495s] Invoked command in '/home/nhodung/Documents/ros2_learn/set_model_position/build/model_pos' returned '0': CMAKE_PREFIX_PATH=${CMAKE_PREFIX_PATH}:/opt/ros/humble /usr/bin/cmake --build /home/nhodung/Documents/ros2_learn/set_model_position/build/model_pos -- -j12 -l12
[3.523s] Invoking command in '/home/nhodung/Documents/ros2_learn/set_model_position/build/model_pos': CMAKE_PREFIX_PATH=${CMAKE_PREFIX_PATH}:/opt/ros/humble /usr/bin/cmake --install /home/nhodung/Documents/ros2_learn/set_model_position/build/model_pos
[3.529s] -- Install configuration: ""
[3.529s] -- Installing: /home/nhodung/Documents/ros2_learn/set_model_position/install/model_pos/lib/model_pos/set_state_node
[3.530s] -- Set runtime path of "/home/nhodung/Documents/ros2_learn/set_model_position/install/model_pos/lib/model_pos/set_state_node" to ""
[3.530s] -- Up-to-date: /home/nhodung/Documents/ros2_learn/set_model_position/install/model_pos/share/model_pos/launch
[3.530s] -- Up-to-date: /home/nhodung/Documents/ros2_learn/set_model_position/install/model_pos/share/model_pos/launch/launch_gazebo_and_node.launch.py
[3.530s] -- Up-to-date: /home/nhodung/Documents/ros2_learn/set_model_position/install/model_pos/share/model_pos/worlds
[3.530s] -- Up-to-date: /home/nhodung/Documents/ros2_learn/set_model_position/install/model_pos/share/model_pos/worlds/test.world
[3.530s] -- Up-to-date: /home/nhodung/Documents/ros2_learn/set_model_position/install/model_pos/share/ament_index/resource_index/package_run_dependencies/model_pos
[3.530s] -- Up-to-date: /home/nhodung/Documents/ros2_learn/set_model_position/install/model_pos/share/ament_index/resource_index/parent_prefix_path/model_pos
[3.530s] -- Up-to-date: /home/nhodung/Documents/ros2_learn/set_model_position/install/model_pos/share/model_pos/environment/ament_prefix_path.sh
[3.530s] -- Up-to-date: /home/nhodung/Documents/ros2_learn/set_model_position/install/model_pos/share/model_pos/environment/ament_prefix_path.dsv
[3.530s] -- Up-to-date: /home/nhodung/Documents/ros2_learn/set_model_position/install/model_pos/share/model_pos/environment/path.sh
[3.530s] -- Up-to-date: /home/nhodung/Documents/ros2_learn/set_model_position/install/model_pos/share/model_pos/environment/path.dsv
[3.530s] -- Up-to-date: /home/nhodung/Documents/ros2_learn/set_model_position/install/model_pos/share/model_pos/local_setup.bash
[3.530s] -- Up-to-date: /home/nhodung/Documents/ros2_learn/set_model_position/install/model_pos/share/model_pos/local_setup.sh
[3.530s] -- Up-to-date: /home/nhodung/Documents/ros2_learn/set_model_position/install/model_pos/share/model_pos/local_setup.zsh
[3.530s] -- Up-to-date: /home/nhodung/Documents/ros2_learn/set_model_position/install/model_pos/share/model_pos/local_setup.dsv
[3.531s] -- Installing: /home/nhodung/Documents/ros2_learn/set_model_position/install/model_pos/share/model_pos/package.dsv
[3.531s] -- Up-to-date: /home/nhodung/Documents/ros2_learn/set_model_position/install/model_pos/share/ament_index/resource_index/packages/model_pos
[3.531s] -- Up-to-date: /home/nhodung/Documents/ros2_learn/set_model_position/install/model_pos/share/model_pos/cmake/model_posConfig.cmake
[3.531s] -- Up-to-date: /home/nhodung/Documents/ros2_learn/set_model_position/install/model_pos/share/model_pos/cmake/model_posConfig-version.cmake
[3.531s] -- Up-to-date: /home/nhodung/Documents/ros2_learn/set_model_position/install/model_pos/share/model_pos/package.xml
[3.532s] Invoked command in '/home/nhodung/Documents/ros2_learn/set_model_position/build/model_pos' returned '0': CMAKE_PREFIX_PATH=${CMAKE_PREFIX_PATH}:/opt/ros/humble /usr/bin/cmake --install /home/nhodung/Documents/ros2_learn/set_model_position/build/model_pos
