[35m[1mConsolidate compiler generated dependencies of target set_state_node[0m
[ 50%] [32mBuilding CXX object CMakeFiles/set_state_node.dir/src/set_state_node.cpp.o[0m
[100%] [32m[1mLinking CXX executable set_state_node[0m
[100%] Built target set_state_node
-- Install configuration: ""
-- Installing: /home/nhodung/Documents/ros2_learn/set_model_position/install/model_pos/lib/model_pos/set_state_node
-- Set runtime path of "/home/nhodung/Documents/ros2_learn/set_model_position/install/model_pos/lib/model_pos/set_state_node" to ""
-- Up-to-date: /home/nhodung/Documents/ros2_learn/set_model_position/install/model_pos/share/model_pos/launch
-- Up-to-date: /home/nhodung/Documents/ros2_learn/set_model_position/install/model_pos/share/model_pos/launch/launch_gazebo_and_node.launch.py
-- Up-to-date: /home/nhodung/Documents/ros2_learn/set_model_position/install/model_pos/share/model_pos/worlds
-- Up-to-date: /home/nhodung/Documents/ros2_learn/set_model_position/install/model_pos/share/model_pos/worlds/test.world
-- Up-to-date: /home/nhodung/Documents/ros2_learn/set_model_position/install/model_pos/share/ament_index/resource_index/package_run_dependencies/model_pos
-- Up-to-date: /home/nhodung/Documents/ros2_learn/set_model_position/install/model_pos/share/ament_index/resource_index/parent_prefix_path/model_pos
-- Up-to-date: /home/nhodung/Documents/ros2_learn/set_model_position/install/model_pos/share/model_pos/environment/ament_prefix_path.sh
-- Up-to-date: /home/nhodung/Documents/ros2_learn/set_model_position/install/model_pos/share/model_pos/environment/ament_prefix_path.dsv
-- Up-to-date: /home/nhodung/Documents/ros2_learn/set_model_position/install/model_pos/share/model_pos/environment/path.sh
-- Up-to-date: /home/nhodung/Documents/ros2_learn/set_model_position/install/model_pos/share/model_pos/environment/path.dsv
-- Up-to-date: /home/nhodung/Documents/ros2_learn/set_model_position/install/model_pos/share/model_pos/local_setup.bash
-- Up-to-date: /home/nhodung/Documents/ros2_learn/set_model_position/install/model_pos/share/model_pos/local_setup.sh
-- Up-to-date: /home/nhodung/Documents/ros2_learn/set_model_position/install/model_pos/share/model_pos/local_setup.zsh
-- Up-to-date: /home/nhodung/Documents/ros2_learn/set_model_position/install/model_pos/share/model_pos/local_setup.dsv
-- Installing: /home/nhodung/Documents/ros2_learn/set_model_position/install/model_pos/share/model_pos/package.dsv
-- Up-to-date: /home/nhodung/Documents/ros2_learn/set_model_position/install/model_pos/share/ament_index/resource_index/packages/model_pos
-- Up-to-date: /home/nhodung/Documents/ros2_learn/set_model_position/install/model_pos/share/model_pos/cmake/model_posConfig.cmake
-- Up-to-date: /home/nhodung/Documents/ros2_learn/set_model_position/install/model_pos/share/model_pos/cmake/model_posConfig-version.cmake
-- Up-to-date: /home/nhodung/Documents/ros2_learn/set_model_position/install/model_pos/share/model_pos/package.xml
