[0.009s] Invoking command in '/home/nhodung/Documents/ros2_learn/simple_service_and_client_by_cpp/build/cpp_srvcli': CMAKE_PREFIX_PATH=${CMAKE_PREFIX_PATH}:/opt/ros/humble /usr/bin/cmake --build /home/nhodung/Documents/ros2_learn/simple_service_and_client_by_cpp/build/cpp_srvcli -- -j12 -l12
[0.045s] [35m[1mConsolidate compiler generated dependencies of target server[0m
[0.045s] [35m[1mConsolidate compiler generated dependencies of target client[0m
[0.061s] [ 75%] [32mBuilding CXX object CMakeFiles/server.dir/src/add_two_ints_server.cpp.o[0m
[0.061s] [ 75%] Built target client
[2.810s] [100%] [32m[1mLinking CXX executable server[0m
[2.916s] [100%] Built target server
[2.926s] Invoked command in '/home/nhodung/Documents/ros2_learn/simple_service_and_client_by_cpp/build/cpp_srvcli' returned '0': CMAKE_PREFIX_PATH=${CMAKE_PREFIX_PATH}:/opt/ros/humble /usr/bin/cmake --build /home/nhodung/Documents/ros2_learn/simple_service_and_client_by_cpp/build/cpp_srvcli -- -j12 -l12
[2.951s] Invoking command in '/home/nhodung/Documents/ros2_learn/simple_service_and_client_by_cpp/build/cpp_srvcli': CMAKE_PREFIX_PATH=${CMAKE_PREFIX_PATH}:/opt/ros/humble /usr/bin/cmake --install /home/nhodung/Documents/ros2_learn/simple_service_and_client_by_cpp/build/cpp_srvcli
[2.956s] -- Install configuration: ""
[2.957s] -- Installing: /home/nhodung/Documents/ros2_learn/simple_service_and_client_by_cpp/install/cpp_srvcli/lib/cpp_srvcli/server
[2.957s] -- Set runtime path of "/home/nhodung/Documents/ros2_learn/simple_service_and_client_by_cpp/install/cpp_srvcli/lib/cpp_srvcli/server" to ""
[2.957s] -- Up-to-date: /home/nhodung/Documents/ros2_learn/simple_service_and_client_by_cpp/install/cpp_srvcli/lib/cpp_srvcli/client
[2.957s] -- Up-to-date: /home/nhodung/Documents/ros2_learn/simple_service_and_client_by_cpp/install/cpp_srvcli/share/ament_index/resource_index/package_run_dependencies/cpp_srvcli
[2.958s] -- Up-to-date: /home/nhodung/Documents/ros2_learn/simple_service_and_client_by_cpp/install/cpp_srvcli/share/ament_index/resource_index/parent_prefix_path/cpp_srvcli
[2.958s] -- Up-to-date: /home/nhodung/Documents/ros2_learn/simple_service_and_client_by_cpp/install/cpp_srvcli/share/cpp_srvcli/environment/ament_prefix_path.sh
[2.958s] -- Up-to-date: /home/nhodung/Documents/ros2_learn/simple_service_and_client_by_cpp/install/cpp_srvcli/share/cpp_srvcli/environment/ament_prefix_path.dsv
[2.958s] -- Up-to-date: /home/nhodung/Documents/ros2_learn/simple_service_and_client_by_cpp/install/cpp_srvcli/share/cpp_srvcli/environment/path.sh
[2.958s] -- Up-to-date: /home/nhodung/Documents/ros2_learn/simple_service_and_client_by_cpp/install/cpp_srvcli/share/cpp_srvcli/environment/path.dsv
[2.958s] -- Up-to-date: /home/nhodung/Documents/ros2_learn/simple_service_and_client_by_cpp/install/cpp_srvcli/share/cpp_srvcli/local_setup.bash
[2.958s] -- Up-to-date: /home/nhodung/Documents/ros2_learn/simple_service_and_client_by_cpp/install/cpp_srvcli/share/cpp_srvcli/local_setup.sh
[2.958s] -- Up-to-date: /home/nhodung/Documents/ros2_learn/simple_service_and_client_by_cpp/install/cpp_srvcli/share/cpp_srvcli/local_setup.zsh
[2.958s] -- Up-to-date: /home/nhodung/Documents/ros2_learn/simple_service_and_client_by_cpp/install/cpp_srvcli/share/cpp_srvcli/local_setup.dsv
[2.958s] -- Installing: /home/nhodung/Documents/ros2_learn/simple_service_and_client_by_cpp/install/cpp_srvcli/share/cpp_srvcli/package.dsv
[2.958s] -- Up-to-date: /home/nhodung/Documents/ros2_learn/simple_service_and_client_by_cpp/install/cpp_srvcli/share/ament_index/resource_index/packages/cpp_srvcli
[2.958s] -- Up-to-date: /home/nhodung/Documents/ros2_learn/simple_service_and_client_by_cpp/install/cpp_srvcli/share/cpp_srvcli/cmake/cpp_srvcliConfig.cmake
[2.958s] -- Up-to-date: /home/nhodung/Documents/ros2_learn/simple_service_and_client_by_cpp/install/cpp_srvcli/share/cpp_srvcli/cmake/cpp_srvcliConfig-version.cmake
[2.958s] -- Up-to-date: /home/nhodung/Documents/ros2_learn/simple_service_and_client_by_cpp/install/cpp_srvcli/share/cpp_srvcli/package.xml
[2.959s] Invoked command in '/home/nhodung/Documents/ros2_learn/simple_service_and_client_by_cpp/build/cpp_srvcli' returned '0': CMAKE_PREFIX_PATH=${CMAKE_PREFIX_PATH}:/opt/ros/humble /usr/bin/cmake --install /home/nhodung/Documents/ros2_learn/simple_service_and_client_by_cpp/build/cpp_srvcli
