[0.009s] Invoking command in '/home/nhodung/Documents/ros2_learn/example_for_github/create_type/build/create_msgs': CMAKE_PREFIX_PATH=${CMAKE_PREFIX_PATH}:/opt/ros/humble /usr/bin/cmake --build /home/nhodung/Documents/ros2_learn/example_for_github/create_type/build/create_msgs -- -j12 -l12
[0.042s] [35m[1mConsolidate compiler generated dependencies of target create_msgs__rosidl_generator_c[0m
[0.049s] [  2%] Built target create_msgs__cpp
[0.051s] [ 12%] Built target create_msgs__rosidl_generator_c
[0.056s] [ 12%] Built target ament_cmake_python_symlink_create_msgs
[0.057s] [35m[1mConsolidate compiler generated dependencies of target create_msgs__rosidl_typesupport_cpp[0m
[0.057s] [35m[1mConsolidate compiler generated dependencies of target create_msgs__rosidl_typesupport_fastrtps_cpp[0m
[0.058s] [35m[1mConsolidate compiler generated dependencies of target create_msgs__rosidl_typesupport_introspection_cpp[0m
[0.060s] [35m[1mConsolidate compiler generated dependencies of target create_msgs__rosidl_typesupport_c[0m
[0.060s] [35m[1mConsolidate compiler generated dependencies of target create_msgs__rosidl_typesupport_fastrtps_c[0m
[0.062s] [35m[1mConsolidate compiler generated dependencies of target create_msgs__rosidl_typesupport_introspection_c[0m
[0.070s] [ 23%] Built target create_msgs__rosidl_typesupport_c
[0.071s] [ 34%] Built target create_msgs__rosidl_typesupport_fastrtps_cpp
[0.071s] [ 44%] Built target create_msgs__rosidl_typesupport_introspection_cpp
[0.073s] [ 65%] Built target create_msgs__rosidl_typesupport_cpp
[0.073s] [ 65%] Built target create_msgs__rosidl_typesupport_fastrtps_c
[0.075s] [ 76%] Built target create_msgs__rosidl_typesupport_introspection_c
[0.089s] [ 76%] Built target create_msgs
[0.105s] [ 78%] Built target create_msgs__py
[0.114s] [35m[1mConsolidate compiler generated dependencies of target create_msgs__rosidl_generator_py[0m
[0.127s] [ 87%] Built target create_msgs__rosidl_generator_py
[0.135s] [35m[1mConsolidate compiler generated dependencies of target create_msgs__rosidl_typesupport_introspection_c__pyext[0m
[0.135s] [35m[1mConsolidate compiler generated dependencies of target create_msgs__rosidl_typesupport_fastrtps_c__pyext[0m
[0.135s] [35m[1mConsolidate compiler generated dependencies of target create_msgs__rosidl_typesupport_c__pyext[0m
[0.146s] [ 95%] Built target create_msgs__rosidl_typesupport_fastrtps_c__pyext
[0.147s] [ 95%] Built target create_msgs__rosidl_typesupport_introspection_c__pyext
[0.147s] [100%] Built target create_msgs__rosidl_typesupport_c__pyext
[0.282s] running egg_info
[0.283s] writing create_msgs.egg-info/PKG-INFO
[0.283s] writing dependency_links to create_msgs.egg-info/dependency_links.txt
[0.283s] writing top-level names to create_msgs.egg-info/top_level.txt
[0.285s] reading manifest file 'create_msgs.egg-info/SOURCES.txt'
[0.285s] writing manifest file 'create_msgs.egg-info/SOURCES.txt'
[0.304s] [100%] Built target ament_cmake_python_build_create_msgs_egg
[0.314s] Invoked command in '/home/nhodung/Documents/ros2_learn/example_for_github/create_type/build/create_msgs' returned '0': CMAKE_PREFIX_PATH=${CMAKE_PREFIX_PATH}:/opt/ros/humble /usr/bin/cmake --build /home/nhodung/Documents/ros2_learn/example_for_github/create_type/build/create_msgs -- -j12 -l12
[0.388s] Invoking command in '/home/nhodung/Documents/ros2_learn/example_for_github/create_type/build/create_msgs': CMAKE_PREFIX_PATH=${CMAKE_PREFIX_PATH}:/opt/ros/humble /usr/bin/cmake --install /home/nhodung/Documents/ros2_learn/example_for_github/create_type/build/create_msgs
[0.394s] -- Install configuration: ""
[0.395s] -- Execute custom install script
[0.395s] -- Up-to-date symlink: /home/nhodung/Documents/ros2_learn/example_for_github/create_type/install/create_msgs/share/ament_index/resource_index/rosidl_interfaces/create_msgs
[0.395s] -- Up-to-date symlink: /home/nhodung/Documents/ros2_learn/example_for_github/create_type/install/create_msgs/include/create_msgs/create_msgs/msg/detail/num__functions.h
[0.395s] -- Up-to-date symlink: /home/nhodung/Documents/ros2_learn/example_for_github/create_type/install/create_msgs/include/create_msgs/create_msgs/msg/detail/num__struct.h
[0.395s] -- Up-to-date symlink: /home/nhodung/Documents/ros2_learn/example_for_github/create_type/install/create_msgs/include/create_msgs/create_msgs/msg/detail/num__type_support.h
[0.395s] -- Up-to-date symlink: /home/nhodung/Documents/ros2_learn/example_for_github/create_type/install/create_msgs/include/create_msgs/create_msgs/msg/detail/sphere__functions.h
[0.396s] -- Up-to-date symlink: /home/nhodung/Documents/ros2_learn/example_for_github/create_type/install/create_msgs/include/create_msgs/create_msgs/msg/detail/sphere__struct.h
[0.396s] -- Up-to-date symlink: /home/nhodung/Documents/ros2_learn/example_for_github/create_type/install/create_msgs/include/create_msgs/create_msgs/msg/detail/sphere__type_support.h
[0.396s] -- Up-to-date symlink: /home/nhodung/Documents/ros2_learn/example_for_github/create_type/install/create_msgs/include/create_msgs/create_msgs/msg/num.h
[0.396s] -- Up-to-date symlink: /home/nhodung/Documents/ros2_learn/example_for_github/create_type/install/create_msgs/include/create_msgs/create_msgs/msg/rosidl_generator_c__visibility_control.h
[0.396s] -- Up-to-date symlink: /home/nhodung/Documents/ros2_learn/example_for_github/create_type/install/create_msgs/include/create_msgs/create_msgs/msg/sphere.h
[0.396s] -- Up-to-date symlink: /home/nhodung/Documents/ros2_learn/example_for_github/create_type/install/create_msgs/include/create_msgs/create_msgs/srv/add_three_ints.h
[0.396s] -- Up-to-date symlink: /home/nhodung/Documents/ros2_learn/example_for_github/create_type/install/create_msgs/include/create_msgs/create_msgs/srv/detail/add_three_ints__functions.h
[0.396s] -- Up-to-date symlink: /home/nhodung/Documents/ros2_learn/example_for_github/create_type/install/create_msgs/include/create_msgs/create_msgs/srv/detail/add_three_ints__struct.h
[0.396s] -- Up-to-date symlink: /home/nhodung/Documents/ros2_learn/example_for_github/create_type/install/create_msgs/include/create_msgs/create_msgs/srv/detail/add_three_ints__type_support.h
[0.396s] -- Up-to-date symlink: /home/nhodung/Documents/ros2_learn/example_for_github/create_type/install/create_msgs/share/create_msgs/environment/library_path.sh
[0.397s] -- Up-to-date symlink: /home/nhodung/Documents/ros2_learn/example_for_github/create_type/install/create_msgs/share/create_msgs/environment/library_path.dsv
[0.397s] -- Up-to-date symlink: /home/nhodung/Documents/ros2_learn/example_for_github/create_type/install/create_msgs/include/create_msgs/create_msgs/msg/detail/num__rosidl_typesupport_fastrtps_c.h
[0.397s] -- Up-to-date symlink: /home/nhodung/Documents/ros2_learn/example_for_github/create_type/install/create_msgs/include/create_msgs/create_msgs/msg/detail/sphere__rosidl_typesupport_fastrtps_c.h
[0.397s] -- Up-to-date symlink: /home/nhodung/Documents/ros2_learn/example_for_github/create_type/install/create_msgs/include/create_msgs/create_msgs/msg/rosidl_typesupport_fastrtps_c__visibility_control.h
[0.397s] -- Up-to-date symlink: /home/nhodung/Documents/ros2_learn/example_for_github/create_type/install/create_msgs/include/create_msgs/create_msgs/srv/detail/add_three_ints__rosidl_typesupport_fastrtps_c.h
[0.398s] -- Up-to-date symlink: /home/nhodung/Documents/ros2_learn/example_for_github/create_type/install/create_msgs/include/create_msgs/create_msgs/msg/detail/num__builder.hpp
[0.398s] -- Up-to-date symlink: /home/nhodung/Documents/ros2_learn/example_for_github/create_type/install/create_msgs/include/create_msgs/create_msgs/msg/detail/num__struct.hpp
[0.398s] -- Up-to-date symlink: /home/nhodung/Documents/ros2_learn/example_for_github/create_type/install/create_msgs/include/create_msgs/create_msgs/msg/detail/num__traits.hpp
[0.398s] -- Up-to-date symlink: /home/nhodung/Documents/ros2_learn/example_for_github/create_type/install/create_msgs/include/create_msgs/create_msgs/msg/detail/sphere__builder.hpp
[0.398s] -- Up-to-date symlink: /home/nhodung/Documents/ros2_learn/example_for_github/create_type/install/create_msgs/include/create_msgs/create_msgs/msg/detail/sphere__struct.hpp
[0.398s] -- Up-to-date symlink: /home/nhodung/Documents/ros2_learn/example_for_github/create_type/install/create_msgs/include/create_msgs/create_msgs/msg/detail/sphere__traits.hpp
[0.398s] -- Up-to-date symlink: /home/nhodung/Documents/ros2_learn/example_for_github/create_type/install/create_msgs/include/create_msgs/create_msgs/msg/num.hpp
[0.398s] -- Up-to-date symlink: /home/nhodung/Documents/ros2_learn/example_for_github/create_type/install/create_msgs/include/create_msgs/create_msgs/msg/sphere.hpp
[0.398s] -- Up-to-date symlink: /home/nhodung/Documents/ros2_learn/example_for_github/create_type/install/create_msgs/include/create_msgs/create_msgs/srv/add_three_ints.hpp
[0.398s] -- Up-to-date symlink: /home/nhodung/Documents/ros2_learn/example_for_github/create_type/install/create_msgs/include/create_msgs/create_msgs/srv/detail/add_three_ints__builder.hpp
[0.399s] -- Up-to-date symlink: /home/nhodung/Documents/ros2_learn/example_for_github/create_type/install/create_msgs/include/create_msgs/create_msgs/srv/detail/add_three_ints__struct.hpp
[0.399s] -- Up-to-date symlink: /home/nhodung/Documents/ros2_learn/example_for_github/create_type/install/create_msgs/include/create_msgs/create_msgs/srv/detail/add_three_ints__traits.hpp
[0.399s] -- Up-to-date symlink: /home/nhodung/Documents/ros2_learn/example_for_github/create_type/install/create_msgs/include/create_msgs/create_msgs/msg/detail/num__rosidl_typesupport_fastrtps_cpp.hpp
[0.399s] -- Up-to-date symlink: /home/nhodung/Documents/ros2_learn/example_for_github/create_type/install/create_msgs/include/create_msgs/create_msgs/msg/detail/sphere__rosidl_typesupport_fastrtps_cpp.hpp
[0.399s] -- Up-to-date symlink: /home/nhodung/Documents/ros2_learn/example_for_github/create_type/install/create_msgs/include/create_msgs/create_msgs/msg/rosidl_typesupport_fastrtps_cpp__visibility_control.h
[0.399s] -- Up-to-date symlink: /home/nhodung/Documents/ros2_learn/example_for_github/create_type/install/create_msgs/include/create_msgs/create_msgs/srv/detail/add_three_ints__rosidl_typesupport_fastrtps_cpp.hpp
[0.400s] -- Up-to-date symlink: /home/nhodung/Documents/ros2_learn/example_for_github/create_type/install/create_msgs/include/create_msgs/create_msgs/msg/detail/num__rosidl_typesupport_introspection_c.h
[0.400s] -- Up-to-date symlink: /home/nhodung/Documents/ros2_learn/example_for_github/create_type/install/create_msgs/include/create_msgs/create_msgs/msg/detail/sphere__rosidl_typesupport_introspection_c.h
[0.400s] -- Up-to-date symlink: /home/nhodung/Documents/ros2_learn/example_for_github/create_type/install/create_msgs/include/create_msgs/create_msgs/msg/rosidl_typesupport_introspection_c__visibility_control.h
[0.400s] -- Up-to-date symlink: /home/nhodung/Documents/ros2_learn/example_for_github/create_type/install/create_msgs/include/create_msgs/create_msgs/srv/detail/add_three_ints__rosidl_typesupport_introspection_c.h
[0.400s] -- Up-to-date symlink: /home/nhodung/Documents/ros2_learn/example_for_github/create_type/install/create_msgs/include/create_msgs/create_msgs/msg/detail/num__rosidl_typesupport_introspection_cpp.hpp
[0.400s] -- Up-to-date symlink: /home/nhodung/Documents/ros2_learn/example_for_github/create_type/install/create_msgs/include/create_msgs/create_msgs/msg/detail/sphere__rosidl_typesupport_introspection_cpp.hpp
[0.401s] -- Up-to-date symlink: /home/nhodung/Documents/ros2_learn/example_for_github/create_type/install/create_msgs/include/create_msgs/create_msgs/srv/detail/add_three_ints__rosidl_typesupport_introspection_cpp.hpp
[0.401s] -- Up-to-date symlink: /home/nhodung/Documents/ros2_learn/example_for_github/create_type/install/create_msgs/share/create_msgs/environment/pythonpath.sh
[0.401s] -- Up-to-date symlink: /home/nhodung/Documents/ros2_learn/example_for_github/create_type/install/create_msgs/share/create_msgs/environment/pythonpath.dsv
[0.401s] -- Up-to-date symlink: /home/nhodung/Documents/ros2_learn/example_for_github/create_type/install/create_msgs/local/lib/python3.10/dist-packages/create_msgs-0.0.0-py3.10.egg-info/PKG-INFO
[0.401s] -- Up-to-date symlink: /home/nhodung/Documents/ros2_learn/example_for_github/create_type/install/create_msgs/local/lib/python3.10/dist-packages/create_msgs-0.0.0-py3.10.egg-info/SOURCES.txt
[0.401s] -- Up-to-date symlink: /home/nhodung/Documents/ros2_learn/example_for_github/create_type/install/create_msgs/local/lib/python3.10/dist-packages/create_msgs-0.0.0-py3.10.egg-info/dependency_links.txt
[0.401s] -- Up-to-date symlink: /home/nhodung/Documents/ros2_learn/example_for_github/create_type/install/create_msgs/local/lib/python3.10/dist-packages/create_msgs-0.0.0-py3.10.egg-info/top_level.txt
[0.402s] -- Up-to-date symlink: /home/nhodung/Documents/ros2_learn/example_for_github/create_type/install/create_msgs/local/lib/python3.10/dist-packages/create_msgs/__init__.py
[0.402s] -- Up-to-date symlink: /home/nhodung/Documents/ros2_learn/example_for_github/create_type/install/create_msgs/local/lib/python3.10/dist-packages/create_msgs/_create_msgs_s.ep.rosidl_typesupport_c.c
[0.402s] -- Up-to-date symlink: /home/nhodung/Documents/ros2_learn/example_for_github/create_type/install/create_msgs/local/lib/python3.10/dist-packages/create_msgs/_create_msgs_s.ep.rosidl_typesupport_fastrtps_c.c
[0.402s] -- Up-to-date symlink: /home/nhodung/Documents/ros2_learn/example_for_github/create_type/install/create_msgs/local/lib/python3.10/dist-packages/create_msgs/_create_msgs_s.ep.rosidl_typesupport_introspection_c.c
[0.402s] -- Up-to-date symlink: /home/nhodung/Documents/ros2_learn/example_for_github/create_type/install/create_msgs/local/lib/python3.10/dist-packages/create_msgs/create_msgs_s__rosidl_typesupport_c.cpython-310-x86_64-linux-gnu.so
[0.402s] -- Up-to-date symlink: /home/nhodung/Documents/ros2_learn/example_for_github/create_type/install/create_msgs/local/lib/python3.10/dist-packages/create_msgs/create_msgs_s__rosidl_typesupport_fastrtps_c.cpython-310-x86_64-linux-gnu.so
[0.402s] -- Up-to-date symlink: /home/nhodung/Documents/ros2_learn/example_for_github/create_type/install/create_msgs/local/lib/python3.10/dist-packages/create_msgs/create_msgs_s__rosidl_typesupport_introspection_c.cpython-310-x86_64-linux-gnu.so
[0.402s] -- Up-to-date symlink: /home/nhodung/Documents/ros2_learn/example_for_github/create_type/install/create_msgs/local/lib/python3.10/dist-packages/create_msgs/libcreate_msgs__rosidl_generator_py.so
[0.402s] -- Up-to-date symlink: /home/nhodung/Documents/ros2_learn/example_for_github/create_type/install/create_msgs/local/lib/python3.10/dist-packages/create_msgs/msg/__init__.py
[0.403s] -- Up-to-date symlink: /home/nhodung/Documents/ros2_learn/example_for_github/create_type/install/create_msgs/local/lib/python3.10/dist-packages/create_msgs/msg/_num.py
[0.403s] -- Up-to-date symlink: /home/nhodung/Documents/ros2_learn/example_for_github/create_type/install/create_msgs/local/lib/python3.10/dist-packages/create_msgs/msg/_num_s.c
[0.403s] -- Up-to-date symlink: /home/nhodung/Documents/ros2_learn/example_for_github/create_type/install/create_msgs/local/lib/python3.10/dist-packages/create_msgs/msg/_sphere.py
[0.403s] -- Up-to-date symlink: /home/nhodung/Documents/ros2_learn/example_for_github/create_type/install/create_msgs/local/lib/python3.10/dist-packages/create_msgs/msg/_sphere_s.c
[0.403s] -- Up-to-date symlink: /home/nhodung/Documents/ros2_learn/example_for_github/create_type/install/create_msgs/local/lib/python3.10/dist-packages/create_msgs/srv/__init__.py
[0.403s] -- Up-to-date symlink: /home/nhodung/Documents/ros2_learn/example_for_github/create_type/install/create_msgs/local/lib/python3.10/dist-packages/create_msgs/srv/_add_three_ints.py
[0.403s] -- Up-to-date symlink: /home/nhodung/Documents/ros2_learn/example_for_github/create_type/install/create_msgs/local/lib/python3.10/dist-packages/create_msgs/srv/_add_three_ints_s.c
[0.403s] -- Up-to-date symlink: /home/nhodung/Documents/ros2_learn/example_for_github/create_type/install/create_msgs/local/lib/python3.10/dist-packages/create_msgs/create_msgs_s__rosidl_typesupport_fastrtps_c.cpython-310-x86_64-linux-gnu.so
[0.403s] -- Up-to-date symlink: /home/nhodung/Documents/ros2_learn/example_for_github/create_type/install/create_msgs/local/lib/python3.10/dist-packages/create_msgs/create_msgs_s__rosidl_typesupport_introspection_c.cpython-310-x86_64-linux-gnu.so
[0.404s] -- Up-to-date symlink: /home/nhodung/Documents/ros2_learn/example_for_github/create_type/install/create_msgs/local/lib/python3.10/dist-packages/create_msgs/create_msgs_s__rosidl_typesupport_c.cpython-310-x86_64-linux-gnu.so
[0.404s] -- Up-to-date symlink: /home/nhodung/Documents/ros2_learn/example_for_github/create_type/install/create_msgs/share/create_msgs/msg/Num.idl
[0.404s] -- Up-to-date symlink: /home/nhodung/Documents/ros2_learn/example_for_github/create_type/install/create_msgs/share/create_msgs/msg/Sphere.idl
[0.404s] -- Up-to-date symlink: /home/nhodung/Documents/ros2_learn/example_for_github/create_type/install/create_msgs/share/create_msgs/srv/AddThreeInts.idl
[0.404s] -- Up-to-date symlink: /home/nhodung/Documents/ros2_learn/example_for_github/create_type/install/create_msgs/share/create_msgs/msg/Num.msg
[0.404s] -- Up-to-date symlink: /home/nhodung/Documents/ros2_learn/example_for_github/create_type/install/create_msgs/share/create_msgs/msg/Sphere.msg
[0.405s] -- Up-to-date symlink: /home/nhodung/Documents/ros2_learn/example_for_github/create_type/install/create_msgs/share/create_msgs/srv/AddThreeInts.srv
[0.405s] -- Up-to-date symlink: /home/nhodung/Documents/ros2_learn/example_for_github/create_type/install/create_msgs/share/create_msgs/srv/AddThreeInts_Request.msg
[0.405s] -- Up-to-date symlink: /home/nhodung/Documents/ros2_learn/example_for_github/create_type/install/create_msgs/share/create_msgs/srv/AddThreeInts_Response.msg
[0.405s] -- Up-to-date symlink: /home/nhodung/Documents/ros2_learn/example_for_github/create_type/install/create_msgs/share/ament_index/resource_index/package_run_dependencies/create_msgs
[0.405s] -- Up-to-date symlink: /home/nhodung/Documents/ros2_learn/example_for_github/create_type/install/create_msgs/share/ament_index/resource_index/parent_prefix_path/create_msgs
[0.406s] -- Up-to-date symlink: /home/nhodung/Documents/ros2_learn/example_for_github/create_type/install/create_msgs/share/create_msgs/environment/ament_prefix_path.sh
[0.406s] -- Up-to-date symlink: /home/nhodung/Documents/ros2_learn/example_for_github/create_type/install/create_msgs/share/create_msgs/environment/ament_prefix_path.dsv
[0.406s] -- Up-to-date symlink: /home/nhodung/Documents/ros2_learn/example_for_github/create_type/install/create_msgs/share/create_msgs/environment/path.sh
[0.406s] -- Up-to-date symlink: /home/nhodung/Documents/ros2_learn/example_for_github/create_type/install/create_msgs/share/create_msgs/environment/path.dsv
[0.406s] -- Up-to-date symlink: /home/nhodung/Documents/ros2_learn/example_for_github/create_type/install/create_msgs/share/create_msgs/local_setup.bash
[0.407s] -- Up-to-date symlink: /home/nhodung/Documents/ros2_learn/example_for_github/create_type/install/create_msgs/share/create_msgs/local_setup.sh
[0.407s] -- Up-to-date symlink: /home/nhodung/Documents/ros2_learn/example_for_github/create_type/install/create_msgs/share/create_msgs/local_setup.zsh
[0.407s] -- Up-to-date symlink: /home/nhodung/Documents/ros2_learn/example_for_github/create_type/install/create_msgs/share/create_msgs/local_setup.dsv
[0.407s] -- Symlinking: /home/nhodung/Documents/ros2_learn/example_for_github/create_type/install/create_msgs/share/create_msgs/package.dsv
[0.415s] -- Up-to-date symlink: /home/nhodung/Documents/ros2_learn/example_for_github/create_type/install/create_msgs/share/ament_index/resource_index/packages/create_msgs
[0.415s] -- Up-to-date symlink: /home/nhodung/Documents/ros2_learn/example_for_github/create_type/install/create_msgs/share/create_msgs/cmake/rosidl_cmake-extras.cmake
[0.415s] -- Up-to-date symlink: /home/nhodung/Documents/ros2_learn/example_for_github/create_type/install/create_msgs/share/create_msgs/cmake/ament_cmake_export_dependencies-extras.cmake
[0.415s] -- Up-to-date symlink: /home/nhodung/Documents/ros2_learn/example_for_github/create_type/install/create_msgs/share/create_msgs/cmake/ament_cmake_export_include_directories-extras.cmake
[0.415s] -- Up-to-date symlink: /home/nhodung/Documents/ros2_learn/example_for_github/create_type/install/create_msgs/share/create_msgs/cmake/ament_cmake_export_libraries-extras.cmake
[0.415s] -- Up-to-date symlink: /home/nhodung/Documents/ros2_learn/example_for_github/create_type/install/create_msgs/share/create_msgs/cmake/ament_cmake_export_targets-extras.cmake
[0.416s] -- Up-to-date symlink: /home/nhodung/Documents/ros2_learn/example_for_github/create_type/install/create_msgs/share/create_msgs/cmake/rosidl_cmake_export_typesupport_targets-extras.cmake
[0.416s] -- Up-to-date symlink: /home/nhodung/Documents/ros2_learn/example_for_github/create_type/install/create_msgs/share/create_msgs/cmake/rosidl_cmake_export_typesupport_libraries-extras.cmake
[0.416s] -- Up-to-date symlink: /home/nhodung/Documents/ros2_learn/example_for_github/create_type/install/create_msgs/share/create_msgs/cmake/create_msgsConfig.cmake
[0.416s] -- Up-to-date symlink: /home/nhodung/Documents/ros2_learn/example_for_github/create_type/install/create_msgs/share/create_msgs/cmake/create_msgsConfig-version.cmake
[0.416s] -- Up-to-date symlink: /home/nhodung/Documents/ros2_learn/example_for_github/create_type/install/create_msgs/share/create_msgs/package.xml
[0.416s] -- Up-to-date: /home/nhodung/Documents/ros2_learn/example_for_github/create_type/install/create_msgs/lib/libcreate_msgs__rosidl_generator_c.so
[0.416s] -- Up-to-date: /home/nhodung/Documents/ros2_learn/example_for_github/create_type/install/create_msgs/lib/libcreate_msgs__rosidl_typesupport_fastrtps_c.so
[0.417s] -- Up-to-date: /home/nhodung/Documents/ros2_learn/example_for_github/create_type/install/create_msgs/lib/libcreate_msgs__rosidl_typesupport_fastrtps_cpp.so
[0.417s] -- Up-to-date: /home/nhodung/Documents/ros2_learn/example_for_github/create_type/install/create_msgs/lib/libcreate_msgs__rosidl_typesupport_introspection_c.so
[0.417s] -- Up-to-date: /home/nhodung/Documents/ros2_learn/example_for_github/create_type/install/create_msgs/lib/libcreate_msgs__rosidl_typesupport_c.so
[0.417s] -- Up-to-date: /home/nhodung/Documents/ros2_learn/example_for_github/create_type/install/create_msgs/lib/libcreate_msgs__rosidl_typesupport_introspection_cpp.so
[0.417s] -- Up-to-date: /home/nhodung/Documents/ros2_learn/example_for_github/create_type/install/create_msgs/lib/libcreate_msgs__rosidl_typesupport_cpp.so
[0.443s] Listing '/home/nhodung/Documents/ros2_learn/example_for_github/create_type/install/create_msgs/local/lib/python3.10/dist-packages/create_msgs'...
[0.443s] Listing '/home/nhodung/Documents/ros2_learn/example_for_github/create_type/install/create_msgs/local/lib/python3.10/dist-packages/create_msgs/msg'...
[0.443s] Listing '/home/nhodung/Documents/ros2_learn/example_for_github/create_type/install/create_msgs/local/lib/python3.10/dist-packages/create_msgs/srv'...
[0.446s] -- Up-to-date: /home/nhodung/Documents/ros2_learn/example_for_github/create_type/install/create_msgs/lib/libcreate_msgs__rosidl_generator_py.so
[0.447s] -- Up-to-date: /home/nhodung/Documents/ros2_learn/example_for_github/create_type/install/create_msgs/share/create_msgs/cmake/export_create_msgs__rosidl_generator_cExport.cmake
[0.447s] -- Up-to-date: /home/nhodung/Documents/ros2_learn/example_for_github/create_type/install/create_msgs/share/create_msgs/cmake/export_create_msgs__rosidl_generator_cExport-noconfig.cmake
[0.447s] -- Up-to-date: /home/nhodung/Documents/ros2_learn/example_for_github/create_type/install/create_msgs/share/create_msgs/cmake/export_create_msgs__rosidl_typesupport_fastrtps_cExport.cmake
[0.447s] -- Up-to-date: /home/nhodung/Documents/ros2_learn/example_for_github/create_type/install/create_msgs/share/create_msgs/cmake/export_create_msgs__rosidl_typesupport_fastrtps_cExport-noconfig.cmake
[0.447s] -- Up-to-date: /home/nhodung/Documents/ros2_learn/example_for_github/create_type/install/create_msgs/share/create_msgs/cmake/export_create_msgs__rosidl_generator_cppExport.cmake
[0.447s] -- Up-to-date: /home/nhodung/Documents/ros2_learn/example_for_github/create_type/install/create_msgs/share/create_msgs/cmake/export_create_msgs__rosidl_typesupport_fastrtps_cppExport.cmake
[0.448s] -- Up-to-date: /home/nhodung/Documents/ros2_learn/example_for_github/create_type/install/create_msgs/share/create_msgs/cmake/export_create_msgs__rosidl_typesupport_fastrtps_cppExport-noconfig.cmake
[0.448s] -- Up-to-date: /home/nhodung/Documents/ros2_learn/example_for_github/create_type/install/create_msgs/share/create_msgs/cmake/create_msgs__rosidl_typesupport_introspection_cExport.cmake
[0.448s] -- Up-to-date: /home/nhodung/Documents/ros2_learn/example_for_github/create_type/install/create_msgs/share/create_msgs/cmake/create_msgs__rosidl_typesupport_introspection_cExport-noconfig.cmake
[0.448s] -- Up-to-date: /home/nhodung/Documents/ros2_learn/example_for_github/create_type/install/create_msgs/share/create_msgs/cmake/create_msgs__rosidl_typesupport_cExport.cmake
[0.448s] -- Up-to-date: /home/nhodung/Documents/ros2_learn/example_for_github/create_type/install/create_msgs/share/create_msgs/cmake/create_msgs__rosidl_typesupport_cExport-noconfig.cmake
[0.448s] -- Up-to-date: /home/nhodung/Documents/ros2_learn/example_for_github/create_type/install/create_msgs/share/create_msgs/cmake/create_msgs__rosidl_typesupport_introspection_cppExport.cmake
[0.448s] -- Up-to-date: /home/nhodung/Documents/ros2_learn/example_for_github/create_type/install/create_msgs/share/create_msgs/cmake/create_msgs__rosidl_typesupport_introspection_cppExport-noconfig.cmake
[0.448s] -- Up-to-date: /home/nhodung/Documents/ros2_learn/example_for_github/create_type/install/create_msgs/share/create_msgs/cmake/create_msgs__rosidl_typesupport_cppExport.cmake
[0.448s] -- Up-to-date: /home/nhodung/Documents/ros2_learn/example_for_github/create_type/install/create_msgs/share/create_msgs/cmake/create_msgs__rosidl_typesupport_cppExport-noconfig.cmake
[0.449s] -- Up-to-date: /home/nhodung/Documents/ros2_learn/example_for_github/create_type/install/create_msgs/share/create_msgs/cmake/export_create_msgs__rosidl_generator_pyExport.cmake
[0.449s] -- Up-to-date: /home/nhodung/Documents/ros2_learn/example_for_github/create_type/install/create_msgs/share/create_msgs/cmake/export_create_msgs__rosidl_generator_pyExport-noconfig.cmake
[0.450s] Invoked command in '/home/nhodung/Documents/ros2_learn/example_for_github/create_type/build/create_msgs' returned '0': CMAKE_PREFIX_PATH=${CMAKE_PREFIX_PATH}:/opt/ros/humble /usr/bin/cmake --install /home/nhodung/Documents/ros2_learn/example_for_github/create_type/build/create_msgs
