[0.008s] Invoking command in '/home/nhodung/Documents/ros2_learn/example_for_github/create_type_2/build/create_msgs': CMAKE_PREFIX_PATH=${CMAKE_PREFIX_PATH}:/opt/ros/humble /usr/bin/cmake /home/nhodung/Documents/ros2_learn/example_for_github/create_type_2/src/create_msgs -DCMAKE_INSTALL_PREFIX=/home/nhodung/Documents/ros2_learn/example_for_github/create_type_2/install/create_msgs
[0.109s] -- The C compiler identification is GNU 11.4.0
[0.182s] -- The CXX compiler identification is GNU 11.4.0
[0.188s] -- Detecting C compiler ABI info
[0.247s] -- Detecting C compiler ABI info - done
[0.253s] -- Check for working C compiler: /usr/bin/cc - skipped
[0.254s] -- Detecting C compile features
[0.254s] -- Detecting C compile features - done
[0.257s] -- Detecting CXX compiler ABI info
[0.316s] -- Detecting CXX compiler ABI info - done
[0.323s] -- Check for working CXX compiler: /usr/bin/c++ - skipped
[0.323s] -- Detecting CXX compile features
[0.324s] -- Detecting CXX compile features - done
[0.326s] -- Found ament_cmake: 1.3.10 (/opt/ros/humble/share/ament_cmake/cmake)
[0.445s] -- Found Python3: /usr/bin/python3 (found version "3.10.12") found components: Interpreter 
[0.509s] -- Found geometry_msgs: 4.2.4 (/opt/ros/humble/share/geometry_msgs/cmake)
[0.537s] -- Found rosidl_generator_c: 3.1.5 (/opt/ros/humble/share/rosidl_generator_c/cmake)
[0.541s] -- Found rosidl_adapter: 3.1.5 (/opt/ros/humble/share/rosidl_adapter/cmake)
[0.547s] -- Found rosidl_generator_cpp: 3.1.5 (/opt/ros/humble/share/rosidl_generator_cpp/cmake)
[0.559s] -- Using all available rosidl_typesupport_c: rosidl_typesupport_fastrtps_c;rosidl_typesupport_introspection_c
[0.572s] -- Using all available rosidl_typesupport_cpp: rosidl_typesupport_fastrtps_cpp;rosidl_typesupport_introspection_cpp
[0.603s] -- Found rosidl_default_generators: 1.2.0 (/opt/ros/humble/share/rosidl_default_generators/cmake)
[0.842s] -- Found ament_cmake_ros: 0.10.0 (/opt/ros/humble/share/ament_cmake_ros/cmake)
[1.169s] -- Using all available rosidl_typesupport_c: rosidl_typesupport_fastrtps_c;rosidl_typesupport_introspection_c
[1.296s] -- Using all available rosidl_typesupport_cpp: rosidl_typesupport_fastrtps_cpp;rosidl_typesupport_introspection_cpp
[1.314s] -- Found PythonInterp: /usr/bin/python3 (found suitable version "3.10.12", minimum required is "3.6") 
[1.315s] -- Found python_cmake_module: 0.10.0 (/opt/ros/humble/share/python_cmake_module/cmake)
[1.339s] -- Found PythonLibs: /usr/lib/x86_64-linux-gnu/libpython3.10.so (found suitable version "3.10.12", minimum required is "3.5") 
[1.339s] -- Using PYTHON_EXECUTABLE: /usr/bin/python3
[1.339s] -- Using PYTHON_INCLUDE_DIRS: /usr/include/python3.10
[1.339s] -- Using PYTHON_LIBRARIES: /usr/lib/x86_64-linux-gnu/libpython3.10.so
[1.355s] -- Found PythonExtra: .so  
[1.399s] -- Found ament_lint_auto: 0.12.11 (/opt/ros/humble/share/ament_lint_auto/cmake)
[1.405s] -- Configuring done
[1.438s] -- Generating done
[1.440s] -- Build files have been written to: /home/nhodung/Documents/ros2_learn/example_for_github/create_type_2/build/create_msgs
[1.447s] Invoked command in '/home/nhodung/Documents/ros2_learn/example_for_github/create_type_2/build/create_msgs' returned '0': CMAKE_PREFIX_PATH=${CMAKE_PREFIX_PATH}:/opt/ros/humble /usr/bin/cmake /home/nhodung/Documents/ros2_learn/example_for_github/create_type_2/src/create_msgs -DCMAKE_INSTALL_PREFIX=/home/nhodung/Documents/ros2_learn/example_for_github/create_type_2/install/create_msgs
[1.448s] Invoking command in '/home/nhodung/Documents/ros2_learn/example_for_github/create_type_2/build/create_msgs': CMAKE_PREFIX_PATH=${CMAKE_PREFIX_PATH}:/opt/ros/humble /usr/bin/cmake --build /home/nhodung/Documents/ros2_learn/example_for_github/create_type_2/build/create_msgs -- -j12 -l12
[1.478s] [  2%] [34m[1mGenerating C code for ROS interfaces[0m
[1.486s] [  4%] [34m[1mGenerating C++ code for ROS interfaces[0m
[1.491s] [  4%] Built target ament_cmake_python_copy_create_msgs
[1.723s] running egg_info
[1.724s] creating create_msgs.egg-info
[1.724s] writing create_msgs.egg-info/PKG-INFO
[1.724s] writing dependency_links to create_msgs.egg-info/dependency_links.txt
[1.724s] writing top-level names to create_msgs.egg-info/top_level.txt
[1.724s] writing manifest file 'create_msgs.egg-info/SOURCES.txt'
[1.726s] reading manifest file 'create_msgs.egg-info/SOURCES.txt'
[1.726s] writing manifest file 'create_msgs.egg-info/SOURCES.txt'
[1.754s] [  4%] Built target ament_cmake_python_build_create_msgs_egg
[1.800s] [  4%] Built target create_msgs__cpp
[1.808s] [ 10%] [34m[1mGenerating C++ introspection for ROS interfaces[0m
[1.808s] [ 10%] [34m[1mGenerating C++ type support dispatch for ROS interfaces[0m
[1.809s] [ 10%] [34m[1mGenerating C++ type support for eProsima Fast-RTPS[0m
[1.864s] [ 17%] [32mBuilding C object CMakeFiles/create_msgs__rosidl_generator_c.dir/rosidl_generator_c/create_msgs/msg/detail/num__functions.c.o[0m
[1.864s] [ 17%] [32mBuilding C object CMakeFiles/create_msgs__rosidl_generator_c.dir/rosidl_generator_c/create_msgs/msg/detail/sphere__functions.c.o[0m
[1.864s] [ 17%] [32mBuilding C object CMakeFiles/create_msgs__rosidl_generator_c.dir/rosidl_generator_c/create_msgs/srv/detail/add_three_ints__functions.c.o[0m
[1.938s] [ 19%] [32m[1mLinking C shared library libcreate_msgs__rosidl_generator_c.so[0m
[1.968s] [ 19%] Built target create_msgs__rosidl_generator_c
[1.976s] [ 23%] [34m[1mGenerating C introspection for ROS interfaces[0m
[1.977s] [ 25%] [34m[1mGenerating C type support dispatch for ROS interfaces[0m
[1.977s] [ 25%] [34m[1mGenerating C type support for eProsima Fast-RTPS[0m
[2.071s] [ 29%] [32mBuilding CXX object CMakeFiles/create_msgs__rosidl_typesupport_cpp.dir/rosidl_typesupport_cpp/create_msgs/msg/num__type_support.cpp.o[0m
[2.072s] [ 29%] [32mBuilding CXX object CMakeFiles/create_msgs__rosidl_typesupport_cpp.dir/rosidl_typesupport_cpp/create_msgs/msg/sphere__type_support.cpp.o[0m
[2.075s] [ 31%] [32mBuilding CXX object CMakeFiles/create_msgs__rosidl_typesupport_cpp.dir/rosidl_typesupport_cpp/create_msgs/srv/add_three_ints__type_support.cpp.o[0m
[2.122s] [ 34%] [32mBuilding CXX object CMakeFiles/create_msgs__rosidl_typesupport_introspection_cpp.dir/rosidl_typesupport_introspection_cpp/create_msgs/msg/detail/num__type_support.cpp.o[0m
[2.122s] [ 38%] [32mBuilding CXX object CMakeFiles/create_msgs__rosidl_typesupport_introspection_cpp.dir/rosidl_typesupport_introspection_cpp/create_msgs/msg/detail/sphere__type_support.cpp.o[0m
[2.122s] [ 38%] [32mBuilding CXX object CMakeFiles/create_msgs__rosidl_typesupport_introspection_cpp.dir/rosidl_typesupport_introspection_cpp/create_msgs/srv/detail/add_three_ints__type_support.cpp.o[0m
[2.249s] [ 42%] [32mBuilding CXX object CMakeFiles/create_msgs__rosidl_typesupport_fastrtps_cpp.dir/rosidl_typesupport_fastrtps_cpp/create_msgs/msg/detail/dds_fastrtps/num__type_support.cpp.o[0m
[2.249s] [ 42%] [32mBuilding CXX object CMakeFiles/create_msgs__rosidl_typesupport_fastrtps_cpp.dir/rosidl_typesupport_fastrtps_cpp/create_msgs/msg/detail/dds_fastrtps/sphere__type_support.cpp.o[0m
[2.263s] [ 44%] [32mBuilding CXX object CMakeFiles/create_msgs__rosidl_typesupport_fastrtps_cpp.dir/rosidl_typesupport_fastrtps_cpp/create_msgs/srv/detail/dds_fastrtps/add_three_ints__type_support.cpp.o[0m
[2.363s] [ 46%] [32mBuilding CXX object CMakeFiles/create_msgs__rosidl_typesupport_c.dir/rosidl_typesupport_c/create_msgs/msg/num__type_support.cpp.o[0m
[2.412s] [ 48%] [32mBuilding CXX object CMakeFiles/create_msgs__rosidl_typesupport_c.dir/rosidl_typesupport_c/create_msgs/msg/sphere__type_support.cpp.o[0m
[2.456s] [ 51%] [32mBuilding CXX object CMakeFiles/create_msgs__rosidl_typesupport_c.dir/rosidl_typesupport_c/create_msgs/srv/add_three_ints__type_support.cpp.o[0m
[2.456s] [ 53%] [32m[1mLinking CXX shared library libcreate_msgs__rosidl_typesupport_cpp.so[0m
[2.483s] [ 55%] [32mBuilding CXX object CMakeFiles/create_msgs__rosidl_typesupport_fastrtps_c.dir/rosidl_typesupport_fastrtps_c/create_msgs/msg/detail/num__type_support_c.cpp.o[0m
[2.485s] [ 57%] [32mBuilding CXX object CMakeFiles/create_msgs__rosidl_typesupport_fastrtps_c.dir/rosidl_typesupport_fastrtps_c/create_msgs/msg/detail/sphere__type_support_c.cpp.o[0m
[2.494s] [ 59%] [32m[1mLinking CXX shared library libcreate_msgs__rosidl_typesupport_c.so[0m
[2.494s] [ 61%] [32mBuilding CXX object CMakeFiles/create_msgs__rosidl_typesupport_fastrtps_c.dir/rosidl_typesupport_fastrtps_c/create_msgs/srv/detail/add_three_ints__type_support_c.cpp.o[0m
[2.527s] [ 63%] [32mBuilding C object CMakeFiles/create_msgs__rosidl_typesupport_introspection_c.dir/rosidl_typesupport_introspection_c/create_msgs/msg/detail/num__type_support.c.o[0m
[2.538s] [ 63%] Built target create_msgs__rosidl_typesupport_cpp
[2.548s] [ 65%] [32mBuilding C object CMakeFiles/create_msgs__rosidl_typesupport_introspection_c.dir/rosidl_typesupport_introspection_c/create_msgs/msg/detail/sphere__type_support.c.o[0m
[2.557s] [ 65%] Built target create_msgs__rosidl_typesupport_c
[2.568s] [ 68%] [32mBuilding C object CMakeFiles/create_msgs__rosidl_typesupport_introspection_c.dir/rosidl_typesupport_introspection_c/create_msgs/srv/detail/add_three_ints__type_support.c.o[0m
[2.614s] [ 70%] [32m[1mLinking C shared library libcreate_msgs__rosidl_typesupport_introspection_c.so[0m
[2.666s] [ 70%] Built target create_msgs__rosidl_typesupport_introspection_c
[2.674s] [ 72%] [32m[1mLinking CXX shared library libcreate_msgs__rosidl_typesupport_introspection_cpp.so[0m
[2.750s] [ 72%] Built target create_msgs__rosidl_typesupport_introspection_cpp
[2.845s] [ 74%] [32m[1mLinking CXX shared library libcreate_msgs__rosidl_typesupport_fastrtps_cpp.so[0m
[2.908s] [ 74%] Built target create_msgs__rosidl_typesupport_fastrtps_cpp
[2.940s] [ 76%] [32m[1mLinking CXX shared library libcreate_msgs__rosidl_typesupport_fastrtps_c.so[0m
[2.997s] [ 76%] Built target create_msgs__rosidl_typesupport_fastrtps_c
[3.011s] [ 76%] Built target create_msgs
[3.030s] [ 78%] [34m[1mGenerating Python code for ROS interfaces[0m
[3.465s] [ 78%] Built target create_msgs__py
[3.480s] [ 85%] [32mBuilding C object CMakeFiles/create_msgs__rosidl_generator_py.dir/rosidl_generator_py/create_msgs/msg/_sphere_s.c.o[0m
[3.480s] [ 85%] [32mBuilding C object CMakeFiles/create_msgs__rosidl_generator_py.dir/rosidl_generator_py/create_msgs/srv/_add_three_ints_s.c.o[0m
[3.480s] [ 85%] [32mBuilding C object CMakeFiles/create_msgs__rosidl_generator_py.dir/rosidl_generator_py/create_msgs/msg/_num_s.c.o[0m
[3.595s] [ 87%] [32m[1mLinking C shared library rosidl_generator_py/create_msgs/libcreate_msgs__rosidl_generator_py.so[0m
[3.630s] [ 87%] Built target create_msgs__rosidl_generator_py
[3.645s] [ 93%] [32mBuilding C object CMakeFiles/create_msgs__rosidl_typesupport_c__pyext.dir/rosidl_generator_py/create_msgs/_create_msgs_s.ep.rosidl_typesupport_c.c.o[0m
[3.645s] [ 93%] [32mBuilding C object CMakeFiles/create_msgs__rosidl_typesupport_introspection_c__pyext.dir/rosidl_generator_py/create_msgs/_create_msgs_s.ep.rosidl_typesupport_introspection_c.c.o[0m
[3.645s] [ 93%] [32mBuilding C object CMakeFiles/create_msgs__rosidl_typesupport_fastrtps_c__pyext.dir/rosidl_generator_py/create_msgs/_create_msgs_s.ep.rosidl_typesupport_fastrtps_c.c.o[0m
[3.735s] [100%] [32m[1mLinking C shared library rosidl_generator_py/create_msgs/create_msgs_s__rosidl_typesupport_c.cpython-310-x86_64-linux-gnu.so[0m
[3.735s] [100%] [32m[1mLinking C shared library rosidl_generator_py/create_msgs/create_msgs_s__rosidl_typesupport_fastrtps_c.cpython-310-x86_64-linux-gnu.so[0m
[3.735s] [100%] [32m[1mLinking C shared library rosidl_generator_py/create_msgs/create_msgs_s__rosidl_typesupport_introspection_c.cpython-310-x86_64-linux-gnu.so[0m
[3.766s] [100%] Built target create_msgs__rosidl_typesupport_fastrtps_c__pyext
[3.766s] [100%] Built target create_msgs__rosidl_typesupport_c__pyext
[3.766s] [100%] Built target create_msgs__rosidl_typesupport_introspection_c__pyext
[3.775s] Invoked command in '/home/nhodung/Documents/ros2_learn/example_for_github/create_type_2/build/create_msgs' returned '0': CMAKE_PREFIX_PATH=${CMAKE_PREFIX_PATH}:/opt/ros/humble /usr/bin/cmake --build /home/nhodung/Documents/ros2_learn/example_for_github/create_type_2/build/create_msgs -- -j12 -l12
[3.847s] Invoking command in '/home/nhodung/Documents/ros2_learn/example_for_github/create_type_2/build/create_msgs': CMAKE_PREFIX_PATH=${CMAKE_PREFIX_PATH}:/opt/ros/humble /usr/bin/cmake --install /home/nhodung/Documents/ros2_learn/example_for_github/create_type_2/build/create_msgs
[3.853s] -- Install configuration: ""
[3.853s] -- Installing: /home/nhodung/Documents/ros2_learn/example_for_github/create_type_2/install/create_msgs/share/ament_index/resource_index/rosidl_interfaces/create_msgs
[3.854s] -- Installing: /home/nhodung/Documents/ros2_learn/example_for_github/create_type_2/install/create_msgs/include/create_msgs/create_msgs
[3.854s] -- Installing: /home/nhodung/Documents/ros2_learn/example_for_github/create_type_2/install/create_msgs/include/create_msgs/create_msgs/msg
[3.854s] -- Installing: /home/nhodung/Documents/ros2_learn/example_for_github/create_type_2/install/create_msgs/include/create_msgs/create_msgs/msg/detail
[3.854s] -- Installing: /home/nhodung/Documents/ros2_learn/example_for_github/create_type_2/install/create_msgs/include/create_msgs/create_msgs/msg/detail/num__functions.h
[3.854s] -- Installing: /home/nhodung/Documents/ros2_learn/example_for_github/create_type_2/install/create_msgs/include/create_msgs/create_msgs/msg/detail/sphere__functions.h
[3.854s] -- Installing: /home/nhodung/Documents/ros2_learn/example_for_github/create_type_2/install/create_msgs/include/create_msgs/create_msgs/msg/detail/num__functions.c
[3.854s] -- Installing: /home/nhodung/Documents/ros2_learn/example_for_github/create_type_2/install/create_msgs/include/create_msgs/create_msgs/msg/detail/sphere__functions.c
[3.854s] -- Installing: /home/nhodung/Documents/ros2_learn/example_for_github/create_type_2/install/create_msgs/include/create_msgs/create_msgs/msg/detail/num__type_support.h
[3.855s] -- Installing: /home/nhodung/Documents/ros2_learn/example_for_github/create_type_2/install/create_msgs/include/create_msgs/create_msgs/msg/detail/sphere__type_support.h
[3.855s] -- Installing: /home/nhodung/Documents/ros2_learn/example_for_github/create_type_2/install/create_msgs/include/create_msgs/create_msgs/msg/detail/sphere__struct.h
[3.855s] -- Installing: /home/nhodung/Documents/ros2_learn/example_for_github/create_type_2/install/create_msgs/include/create_msgs/create_msgs/msg/detail/num__struct.h
[3.855s] -- Installing: /home/nhodung/Documents/ros2_learn/example_for_github/create_type_2/install/create_msgs/include/create_msgs/create_msgs/msg/num.h
[3.855s] -- Installing: /home/nhodung/Documents/ros2_learn/example_for_github/create_type_2/install/create_msgs/include/create_msgs/create_msgs/msg/rosidl_generator_c__visibility_control.h
[3.855s] -- Installing: /home/nhodung/Documents/ros2_learn/example_for_github/create_type_2/install/create_msgs/include/create_msgs/create_msgs/msg/sphere.h
[3.855s] -- Installing: /home/nhodung/Documents/ros2_learn/example_for_github/create_type_2/install/create_msgs/include/create_msgs/create_msgs/srv
[3.855s] -- Installing: /home/nhodung/Documents/ros2_learn/example_for_github/create_type_2/install/create_msgs/include/create_msgs/create_msgs/srv/detail
[3.855s] -- Installing: /home/nhodung/Documents/ros2_learn/example_for_github/create_type_2/install/create_msgs/include/create_msgs/create_msgs/srv/detail/add_three_ints__type_support.h
[3.855s] -- Installing: /home/nhodung/Documents/ros2_learn/example_for_github/create_type_2/install/create_msgs/include/create_msgs/create_msgs/srv/detail/add_three_ints__struct.h
[3.855s] -- Installing: /home/nhodung/Documents/ros2_learn/example_for_github/create_type_2/install/create_msgs/include/create_msgs/create_msgs/srv/detail/add_three_ints__functions.c
[3.856s] -- Installing: /home/nhodung/Documents/ros2_learn/example_for_github/create_type_2/install/create_msgs/include/create_msgs/create_msgs/srv/detail/add_three_ints__functions.h
[3.856s] -- Installing: /home/nhodung/Documents/ros2_learn/example_for_github/create_type_2/install/create_msgs/include/create_msgs/create_msgs/srv/add_three_ints.h
[3.856s] -- Installing: /home/nhodung/Documents/ros2_learn/example_for_github/create_type_2/install/create_msgs/share/create_msgs/environment/library_path.sh
[3.856s] -- Installing: /home/nhodung/Documents/ros2_learn/example_for_github/create_type_2/install/create_msgs/share/create_msgs/environment/library_path.dsv
[3.856s] -- Installing: /home/nhodung/Documents/ros2_learn/example_for_github/create_type_2/install/create_msgs/lib/libcreate_msgs__rosidl_generator_c.so
[3.857s] -- Set runtime path of "/home/nhodung/Documents/ros2_learn/example_for_github/create_type_2/install/create_msgs/lib/libcreate_msgs__rosidl_generator_c.so" to ""
[3.857s] -- Up-to-date: /home/nhodung/Documents/ros2_learn/example_for_github/create_type_2/install/create_msgs/include/create_msgs/create_msgs
[3.857s] -- Up-to-date: /home/nhodung/Documents/ros2_learn/example_for_github/create_type_2/install/create_msgs/include/create_msgs/create_msgs/msg
[3.857s] -- Installing: /home/nhodung/Documents/ros2_learn/example_for_github/create_type_2/install/create_msgs/include/create_msgs/create_msgs/msg/rosidl_typesupport_fastrtps_c__visibility_control.h
[3.857s] -- Up-to-date: /home/nhodung/Documents/ros2_learn/example_for_github/create_type_2/install/create_msgs/include/create_msgs/create_msgs/msg/detail
[3.857s] -- Installing: /home/nhodung/Documents/ros2_learn/example_for_github/create_type_2/install/create_msgs/include/create_msgs/create_msgs/msg/detail/num__rosidl_typesupport_fastrtps_c.h
[3.857s] -- Installing: /home/nhodung/Documents/ros2_learn/example_for_github/create_type_2/install/create_msgs/include/create_msgs/create_msgs/msg/detail/sphere__rosidl_typesupport_fastrtps_c.h
[3.857s] -- Up-to-date: /home/nhodung/Documents/ros2_learn/example_for_github/create_type_2/install/create_msgs/include/create_msgs/create_msgs/srv
[3.857s] -- Up-to-date: /home/nhodung/Documents/ros2_learn/example_for_github/create_type_2/install/create_msgs/include/create_msgs/create_msgs/srv/detail
[3.857s] -- Installing: /home/nhodung/Documents/ros2_learn/example_for_github/create_type_2/install/create_msgs/include/create_msgs/create_msgs/srv/detail/add_three_ints__rosidl_typesupport_fastrtps_c.h
[3.857s] -- Installing: /home/nhodung/Documents/ros2_learn/example_for_github/create_type_2/install/create_msgs/lib/libcreate_msgs__rosidl_typesupport_fastrtps_c.so
[3.858s] -- Set runtime path of "/home/nhodung/Documents/ros2_learn/example_for_github/create_type_2/install/create_msgs/lib/libcreate_msgs__rosidl_typesupport_fastrtps_c.so" to ""
[3.858s] -- Up-to-date: /home/nhodung/Documents/ros2_learn/example_for_github/create_type_2/install/create_msgs/include/create_msgs/create_msgs
[3.858s] -- Up-to-date: /home/nhodung/Documents/ros2_learn/example_for_github/create_type_2/install/create_msgs/include/create_msgs/create_msgs/msg
[3.858s] -- Installing: /home/nhodung/Documents/ros2_learn/example_for_github/create_type_2/install/create_msgs/include/create_msgs/create_msgs/msg/num.hpp
[3.858s] -- Up-to-date: /home/nhodung/Documents/ros2_learn/example_for_github/create_type_2/install/create_msgs/include/create_msgs/create_msgs/msg/detail
[3.858s] -- Installing: /home/nhodung/Documents/ros2_learn/example_for_github/create_type_2/install/create_msgs/include/create_msgs/create_msgs/msg/detail/sphere__builder.hpp
[3.858s] -- Installing: /home/nhodung/Documents/ros2_learn/example_for_github/create_type_2/install/create_msgs/include/create_msgs/create_msgs/msg/detail/sphere__traits.hpp
[3.858s] -- Installing: /home/nhodung/Documents/ros2_learn/example_for_github/create_type_2/install/create_msgs/include/create_msgs/create_msgs/msg/detail/sphere__struct.hpp
[3.858s] -- Installing: /home/nhodung/Documents/ros2_learn/example_for_github/create_type_2/install/create_msgs/include/create_msgs/create_msgs/msg/detail/num__struct.hpp
[3.858s] -- Installing: /home/nhodung/Documents/ros2_learn/example_for_github/create_type_2/install/create_msgs/include/create_msgs/create_msgs/msg/detail/num__builder.hpp
[3.859s] -- Installing: /home/nhodung/Documents/ros2_learn/example_for_github/create_type_2/install/create_msgs/include/create_msgs/create_msgs/msg/detail/num__traits.hpp
[3.859s] -- Installing: /home/nhodung/Documents/ros2_learn/example_for_github/create_type_2/install/create_msgs/include/create_msgs/create_msgs/msg/sphere.hpp
[3.859s] -- Up-to-date: /home/nhodung/Documents/ros2_learn/example_for_github/create_type_2/install/create_msgs/include/create_msgs/create_msgs/srv
[3.859s] -- Installing: /home/nhodung/Documents/ros2_learn/example_for_github/create_type_2/install/create_msgs/include/create_msgs/create_msgs/srv/add_three_ints.hpp
[3.859s] -- Up-to-date: /home/nhodung/Documents/ros2_learn/example_for_github/create_type_2/install/create_msgs/include/create_msgs/create_msgs/srv/detail
[3.859s] -- Installing: /home/nhodung/Documents/ros2_learn/example_for_github/create_type_2/install/create_msgs/include/create_msgs/create_msgs/srv/detail/add_three_ints__struct.hpp
[3.859s] -- Installing: /home/nhodung/Documents/ros2_learn/example_for_github/create_type_2/install/create_msgs/include/create_msgs/create_msgs/srv/detail/add_three_ints__traits.hpp
[3.859s] -- Installing: /home/nhodung/Documents/ros2_learn/example_for_github/create_type_2/install/create_msgs/include/create_msgs/create_msgs/srv/detail/add_three_ints__builder.hpp
[3.859s] -- Up-to-date: /home/nhodung/Documents/ros2_learn/example_for_github/create_type_2/install/create_msgs/include/create_msgs/create_msgs
[3.859s] -- Up-to-date: /home/nhodung/Documents/ros2_learn/example_for_github/create_type_2/install/create_msgs/include/create_msgs/create_msgs/msg
[3.859s] -- Up-to-date: /home/nhodung/Documents/ros2_learn/example_for_github/create_type_2/install/create_msgs/include/create_msgs/create_msgs/msg/detail
[3.860s] -- Installing: /home/nhodung/Documents/ros2_learn/example_for_github/create_type_2/install/create_msgs/include/create_msgs/create_msgs/msg/detail/sphere__rosidl_typesupport_fastrtps_cpp.hpp
[3.860s] -- Installing: /home/nhodung/Documents/ros2_learn/example_for_github/create_type_2/install/create_msgs/include/create_msgs/create_msgs/msg/detail/dds_fastrtps
[3.860s] -- Installing: /home/nhodung/Documents/ros2_learn/example_for_github/create_type_2/install/create_msgs/include/create_msgs/create_msgs/msg/detail/num__rosidl_typesupport_fastrtps_cpp.hpp
[3.860s] -- Installing: /home/nhodung/Documents/ros2_learn/example_for_github/create_type_2/install/create_msgs/include/create_msgs/create_msgs/msg/rosidl_typesupport_fastrtps_cpp__visibility_control.h
[3.860s] -- Up-to-date: /home/nhodung/Documents/ros2_learn/example_for_github/create_type_2/install/create_msgs/include/create_msgs/create_msgs/srv
[3.860s] -- Up-to-date: /home/nhodung/Documents/ros2_learn/example_for_github/create_type_2/install/create_msgs/include/create_msgs/create_msgs/srv/detail
[3.860s] -- Installing: /home/nhodung/Documents/ros2_learn/example_for_github/create_type_2/install/create_msgs/include/create_msgs/create_msgs/srv/detail/add_three_ints__rosidl_typesupport_fastrtps_cpp.hpp
[3.860s] -- Installing: /home/nhodung/Documents/ros2_learn/example_for_github/create_type_2/install/create_msgs/include/create_msgs/create_msgs/srv/detail/dds_fastrtps
[3.860s] -- Installing: /home/nhodung/Documents/ros2_learn/example_for_github/create_type_2/install/create_msgs/lib/libcreate_msgs__rosidl_typesupport_fastrtps_cpp.so
[3.860s] -- Set runtime path of "/home/nhodung/Documents/ros2_learn/example_for_github/create_type_2/install/create_msgs/lib/libcreate_msgs__rosidl_typesupport_fastrtps_cpp.so" to ""
[3.861s] -- Up-to-date: /home/nhodung/Documents/ros2_learn/example_for_github/create_type_2/install/create_msgs/include/create_msgs/create_msgs
[3.861s] -- Up-to-date: /home/nhodung/Documents/ros2_learn/example_for_github/create_type_2/install/create_msgs/include/create_msgs/create_msgs/msg
[3.861s] -- Up-to-date: /home/nhodung/Documents/ros2_learn/example_for_github/create_type_2/install/create_msgs/include/create_msgs/create_msgs/msg/detail
[3.861s] -- Installing: /home/nhodung/Documents/ros2_learn/example_for_github/create_type_2/install/create_msgs/include/create_msgs/create_msgs/msg/detail/sphere__type_support.c
[3.861s] -- Installing: /home/nhodung/Documents/ros2_learn/example_for_github/create_type_2/install/create_msgs/include/create_msgs/create_msgs/msg/detail/sphere__rosidl_typesupport_introspection_c.h
[3.861s] -- Installing: /home/nhodung/Documents/ros2_learn/example_for_github/create_type_2/install/create_msgs/include/create_msgs/create_msgs/msg/detail/num__type_support.c
[3.861s] -- Installing: /home/nhodung/Documents/ros2_learn/example_for_github/create_type_2/install/create_msgs/include/create_msgs/create_msgs/msg/detail/num__rosidl_typesupport_introspection_c.h
[3.861s] -- Installing: /home/nhodung/Documents/ros2_learn/example_for_github/create_type_2/install/create_msgs/include/create_msgs/create_msgs/msg/rosidl_typesupport_introspection_c__visibility_control.h
[3.861s] -- Up-to-date: /home/nhodung/Documents/ros2_learn/example_for_github/create_type_2/install/create_msgs/include/create_msgs/create_msgs/srv
[3.861s] -- Up-to-date: /home/nhodung/Documents/ros2_learn/example_for_github/create_type_2/install/create_msgs/include/create_msgs/create_msgs/srv/detail
[3.861s] -- Installing: /home/nhodung/Documents/ros2_learn/example_for_github/create_type_2/install/create_msgs/include/create_msgs/create_msgs/srv/detail/add_three_ints__type_support.c
[3.861s] -- Installing: /home/nhodung/Documents/ros2_learn/example_for_github/create_type_2/install/create_msgs/include/create_msgs/create_msgs/srv/detail/add_three_ints__rosidl_typesupport_introspection_c.h
[3.862s] -- Installing: /home/nhodung/Documents/ros2_learn/example_for_github/create_type_2/install/create_msgs/lib/libcreate_msgs__rosidl_typesupport_introspection_c.so
[3.862s] -- Set runtime path of "/home/nhodung/Documents/ros2_learn/example_for_github/create_type_2/install/create_msgs/lib/libcreate_msgs__rosidl_typesupport_introspection_c.so" to ""
[3.862s] -- Installing: /home/nhodung/Documents/ros2_learn/example_for_github/create_type_2/install/create_msgs/lib/libcreate_msgs__rosidl_typesupport_c.so
[3.862s] -- Set runtime path of "/home/nhodung/Documents/ros2_learn/example_for_github/create_type_2/install/create_msgs/lib/libcreate_msgs__rosidl_typesupport_c.so" to ""
[3.862s] -- Up-to-date: /home/nhodung/Documents/ros2_learn/example_for_github/create_type_2/install/create_msgs/include/create_msgs/create_msgs
[3.862s] -- Up-to-date: /home/nhodung/Documents/ros2_learn/example_for_github/create_type_2/install/create_msgs/include/create_msgs/create_msgs/msg
[3.862s] -- Up-to-date: /home/nhodung/Documents/ros2_learn/example_for_github/create_type_2/install/create_msgs/include/create_msgs/create_msgs/msg/detail
[3.863s] -- Installing: /home/nhodung/Documents/ros2_learn/example_for_github/create_type_2/install/create_msgs/include/create_msgs/create_msgs/msg/detail/sphere__type_support.cpp
[3.863s] -- Installing: /home/nhodung/Documents/ros2_learn/example_for_github/create_type_2/install/create_msgs/include/create_msgs/create_msgs/msg/detail/sphere__rosidl_typesupport_introspection_cpp.hpp
[3.863s] -- Installing: /home/nhodung/Documents/ros2_learn/example_for_github/create_type_2/install/create_msgs/include/create_msgs/create_msgs/msg/detail/num__rosidl_typesupport_introspection_cpp.hpp
[3.863s] -- Installing: /home/nhodung/Documents/ros2_learn/example_for_github/create_type_2/install/create_msgs/include/create_msgs/create_msgs/msg/detail/num__type_support.cpp
[3.863s] -- Up-to-date: /home/nhodung/Documents/ros2_learn/example_for_github/create_type_2/install/create_msgs/include/create_msgs/create_msgs/srv
[3.863s] -- Up-to-date: /home/nhodung/Documents/ros2_learn/example_for_github/create_type_2/install/create_msgs/include/create_msgs/create_msgs/srv/detail
[3.863s] -- Installing: /home/nhodung/Documents/ros2_learn/example_for_github/create_type_2/install/create_msgs/include/create_msgs/create_msgs/srv/detail/add_three_ints__type_support.cpp
[3.863s] -- Installing: /home/nhodung/Documents/ros2_learn/example_for_github/create_type_2/install/create_msgs/include/create_msgs/create_msgs/srv/detail/add_three_ints__rosidl_typesupport_introspection_cpp.hpp
[3.863s] -- Installing: /home/nhodung/Documents/ros2_learn/example_for_github/create_type_2/install/create_msgs/lib/libcreate_msgs__rosidl_typesupport_introspection_cpp.so
[3.864s] -- Set runtime path of "/home/nhodung/Documents/ros2_learn/example_for_github/create_type_2/install/create_msgs/lib/libcreate_msgs__rosidl_typesupport_introspection_cpp.so" to ""
[3.864s] -- Installing: /home/nhodung/Documents/ros2_learn/example_for_github/create_type_2/install/create_msgs/lib/libcreate_msgs__rosidl_typesupport_cpp.so
[3.864s] -- Set runtime path of "/home/nhodung/Documents/ros2_learn/example_for_github/create_type_2/install/create_msgs/lib/libcreate_msgs__rosidl_typesupport_cpp.so" to ""
[3.864s] -- Installing: /home/nhodung/Documents/ros2_learn/example_for_github/create_type_2/install/create_msgs/share/create_msgs/environment/pythonpath.sh
[3.864s] -- Installing: /home/nhodung/Documents/ros2_learn/example_for_github/create_type_2/install/create_msgs/share/create_msgs/environment/pythonpath.dsv
[3.864s] -- Installing: /home/nhodung/Documents/ros2_learn/example_for_github/create_type_2/install/create_msgs/local/lib/python3.10/dist-packages/create_msgs-0.0.0-py3.10.egg-info
[3.865s] -- Installing: /home/nhodung/Documents/ros2_learn/example_for_github/create_type_2/install/create_msgs/local/lib/python3.10/dist-packages/create_msgs-0.0.0-py3.10.egg-info/SOURCES.txt
[3.865s] -- Installing: /home/nhodung/Documents/ros2_learn/example_for_github/create_type_2/install/create_msgs/local/lib/python3.10/dist-packages/create_msgs-0.0.0-py3.10.egg-info/top_level.txt
[3.865s] -- Installing: /home/nhodung/Documents/ros2_learn/example_for_github/create_type_2/install/create_msgs/local/lib/python3.10/dist-packages/create_msgs-0.0.0-py3.10.egg-info/PKG-INFO
[3.865s] -- Installing: /home/nhodung/Documents/ros2_learn/example_for_github/create_type_2/install/create_msgs/local/lib/python3.10/dist-packages/create_msgs-0.0.0-py3.10.egg-info/dependency_links.txt
[3.865s] -- Installing: /home/nhodung/Documents/ros2_learn/example_for_github/create_type_2/install/create_msgs/local/lib/python3.10/dist-packages/create_msgs
[3.865s] -- Installing: /home/nhodung/Documents/ros2_learn/example_for_github/create_type_2/install/create_msgs/local/lib/python3.10/dist-packages/create_msgs/libcreate_msgs__rosidl_generator_py.so
[3.865s] -- Installing: /home/nhodung/Documents/ros2_learn/example_for_github/create_type_2/install/create_msgs/local/lib/python3.10/dist-packages/create_msgs/_create_msgs_s.ep.rosidl_typesupport_c.c
[3.866s] -- Installing: /home/nhodung/Documents/ros2_learn/example_for_github/create_type_2/install/create_msgs/local/lib/python3.10/dist-packages/create_msgs/create_msgs_s__rosidl_typesupport_fastrtps_c.cpython-310-x86_64-linux-gnu.so
[3.866s] -- Installing: /home/nhodung/Documents/ros2_learn/example_for_github/create_type_2/install/create_msgs/local/lib/python3.10/dist-packages/create_msgs/__init__.py
[3.866s] -- Installing: /home/nhodung/Documents/ros2_learn/example_for_github/create_type_2/install/create_msgs/local/lib/python3.10/dist-packages/create_msgs/_create_msgs_s.ep.rosidl_typesupport_fastrtps_c.c
[3.866s] -- Installing: /home/nhodung/Documents/ros2_learn/example_for_github/create_type_2/install/create_msgs/local/lib/python3.10/dist-packages/create_msgs/msg
[3.866s] -- Installing: /home/nhodung/Documents/ros2_learn/example_for_github/create_type_2/install/create_msgs/local/lib/python3.10/dist-packages/create_msgs/msg/_sphere.py
[3.866s] -- Installing: /home/nhodung/Documents/ros2_learn/example_for_github/create_type_2/install/create_msgs/local/lib/python3.10/dist-packages/create_msgs/msg/_num.py
[3.866s] -- Installing: /home/nhodung/Documents/ros2_learn/example_for_github/create_type_2/install/create_msgs/local/lib/python3.10/dist-packages/create_msgs/msg/_num_s.c
[3.866s] -- Installing: /home/nhodung/Documents/ros2_learn/example_for_github/create_type_2/install/create_msgs/local/lib/python3.10/dist-packages/create_msgs/msg/_sphere_s.c
[3.866s] -- Installing: /home/nhodung/Documents/ros2_learn/example_for_github/create_type_2/install/create_msgs/local/lib/python3.10/dist-packages/create_msgs/msg/__init__.py
[3.867s] -- Installing: /home/nhodung/Documents/ros2_learn/example_for_github/create_type_2/install/create_msgs/local/lib/python3.10/dist-packages/create_msgs/create_msgs_s__rosidl_typesupport_c.cpython-310-x86_64-linux-gnu.so
[3.867s] -- Installing: /home/nhodung/Documents/ros2_learn/example_for_github/create_type_2/install/create_msgs/local/lib/python3.10/dist-packages/create_msgs/_create_msgs_s.ep.rosidl_typesupport_introspection_c.c
[3.867s] -- Installing: /home/nhodung/Documents/ros2_learn/example_for_github/create_type_2/install/create_msgs/local/lib/python3.10/dist-packages/create_msgs/srv
[3.867s] -- Installing: /home/nhodung/Documents/ros2_learn/example_for_github/create_type_2/install/create_msgs/local/lib/python3.10/dist-packages/create_msgs/srv/__init__.py
[3.867s] -- Installing: /home/nhodung/Documents/ros2_learn/example_for_github/create_type_2/install/create_msgs/local/lib/python3.10/dist-packages/create_msgs/srv/_add_three_ints_s.c
[3.867s] -- Installing: /home/nhodung/Documents/ros2_learn/example_for_github/create_type_2/install/create_msgs/local/lib/python3.10/dist-packages/create_msgs/srv/_add_three_ints.py
[3.867s] -- Installing: /home/nhodung/Documents/ros2_learn/example_for_github/create_type_2/install/create_msgs/local/lib/python3.10/dist-packages/create_msgs/create_msgs_s__rosidl_typesupport_introspection_c.cpython-310-x86_64-linux-gnu.so
[3.895s] Listing '/home/nhodung/Documents/ros2_learn/example_for_github/create_type_2/install/create_msgs/local/lib/python3.10/dist-packages/create_msgs'...
[3.895s] Compiling '/home/nhodung/Documents/ros2_learn/example_for_github/create_type_2/install/create_msgs/local/lib/python3.10/dist-packages/create_msgs/__init__.py'...
[3.895s] Listing '/home/nhodung/Documents/ros2_learn/example_for_github/create_type_2/install/create_msgs/local/lib/python3.10/dist-packages/create_msgs/msg'...
[3.895s] Compiling '/home/nhodung/Documents/ros2_learn/example_for_github/create_type_2/install/create_msgs/local/lib/python3.10/dist-packages/create_msgs/msg/__init__.py'...
[3.895s] Compiling '/home/nhodung/Documents/ros2_learn/example_for_github/create_type_2/install/create_msgs/local/lib/python3.10/dist-packages/create_msgs/msg/_num.py'...
[3.895s] Compiling '/home/nhodung/Documents/ros2_learn/example_for_github/create_type_2/install/create_msgs/local/lib/python3.10/dist-packages/create_msgs/msg/_sphere.py'...
[3.895s] Listing '/home/nhodung/Documents/ros2_learn/example_for_github/create_type_2/install/create_msgs/local/lib/python3.10/dist-packages/create_msgs/srv'...
[3.895s] Compiling '/home/nhodung/Documents/ros2_learn/example_for_github/create_type_2/install/create_msgs/local/lib/python3.10/dist-packages/create_msgs/srv/__init__.py'...
[3.895s] Compiling '/home/nhodung/Documents/ros2_learn/example_for_github/create_type_2/install/create_msgs/local/lib/python3.10/dist-packages/create_msgs/srv/_add_three_ints.py'...
[3.899s] -- Installing: /home/nhodung/Documents/ros2_learn/example_for_github/create_type_2/install/create_msgs/local/lib/python3.10/dist-packages/create_msgs/create_msgs_s__rosidl_typesupport_fastrtps_c.cpython-310-x86_64-linux-gnu.so
[3.899s] -- Set runtime path of "/home/nhodung/Documents/ros2_learn/example_for_github/create_type_2/install/create_msgs/local/lib/python3.10/dist-packages/create_msgs/create_msgs_s__rosidl_typesupport_fastrtps_c.cpython-310-x86_64-linux-gnu.so" to ""
[3.899s] -- Installing: /home/nhodung/Documents/ros2_learn/example_for_github/create_type_2/install/create_msgs/local/lib/python3.10/dist-packages/create_msgs/create_msgs_s__rosidl_typesupport_introspection_c.cpython-310-x86_64-linux-gnu.so
[3.899s] -- Set runtime path of "/home/nhodung/Documents/ros2_learn/example_for_github/create_type_2/install/create_msgs/local/lib/python3.10/dist-packages/create_msgs/create_msgs_s__rosidl_typesupport_introspection_c.cpython-310-x86_64-linux-gnu.so" to ""
[3.900s] -- Installing: /home/nhodung/Documents/ros2_learn/example_for_github/create_type_2/install/create_msgs/local/lib/python3.10/dist-packages/create_msgs/create_msgs_s__rosidl_typesupport_c.cpython-310-x86_64-linux-gnu.so
[3.900s] -- Set runtime path of "/home/nhodung/Documents/ros2_learn/example_for_github/create_type_2/install/create_msgs/local/lib/python3.10/dist-packages/create_msgs/create_msgs_s__rosidl_typesupport_c.cpython-310-x86_64-linux-gnu.so" to ""
[3.900s] -- Installing: /home/nhodung/Documents/ros2_learn/example_for_github/create_type_2/install/create_msgs/lib/libcreate_msgs__rosidl_generator_py.so
[3.900s] -- Set runtime path of "/home/nhodung/Documents/ros2_learn/example_for_github/create_type_2/install/create_msgs/lib/libcreate_msgs__rosidl_generator_py.so" to ""
[3.900s] -- Installing: /home/nhodung/Documents/ros2_learn/example_for_github/create_type_2/install/create_msgs/share/create_msgs/msg/Num.idl
[3.901s] -- Installing: /home/nhodung/Documents/ros2_learn/example_for_github/create_type_2/install/create_msgs/share/create_msgs/msg/Sphere.idl
[3.901s] -- Installing: /home/nhodung/Documents/ros2_learn/example_for_github/create_type_2/install/create_msgs/share/create_msgs/srv/AddThreeInts.idl
[3.901s] -- Installing: /home/nhodung/Documents/ros2_learn/example_for_github/create_type_2/install/create_msgs/share/create_msgs/msg/Num.msg
[3.901s] -- Installing: /home/nhodung/Documents/ros2_learn/example_for_github/create_type_2/install/create_msgs/share/create_msgs/msg/Sphere.msg
[3.901s] -- Installing: /home/nhodung/Documents/ros2_learn/example_for_github/create_type_2/install/create_msgs/share/create_msgs/srv/AddThreeInts.srv
[3.901s] -- Installing: /home/nhodung/Documents/ros2_learn/example_for_github/create_type_2/install/create_msgs/share/create_msgs/srv/AddThreeInts_Request.msg
[3.901s] -- Installing: /home/nhodung/Documents/ros2_learn/example_for_github/create_type_2/install/create_msgs/share/create_msgs/srv/AddThreeInts_Response.msg
[3.902s] -- Installing: /home/nhodung/Documents/ros2_learn/example_for_github/create_type_2/install/create_msgs/share/ament_index/resource_index/package_run_dependencies/create_msgs
[3.902s] -- Installing: /home/nhodung/Documents/ros2_learn/example_for_github/create_type_2/install/create_msgs/share/ament_index/resource_index/parent_prefix_path/create_msgs
[3.902s] -- Installing: /home/nhodung/Documents/ros2_learn/example_for_github/create_type_2/install/create_msgs/share/create_msgs/environment/ament_prefix_path.sh
[3.902s] -- Installing: /home/nhodung/Documents/ros2_learn/example_for_github/create_type_2/install/create_msgs/share/create_msgs/environment/ament_prefix_path.dsv
[3.902s] -- Installing: /home/nhodung/Documents/ros2_learn/example_for_github/create_type_2/install/create_msgs/share/create_msgs/environment/path.sh
[3.902s] -- Installing: /home/nhodung/Documents/ros2_learn/example_for_github/create_type_2/install/create_msgs/share/create_msgs/environment/path.dsv
[3.902s] -- Installing: /home/nhodung/Documents/ros2_learn/example_for_github/create_type_2/install/create_msgs/share/create_msgs/local_setup.bash
[3.903s] -- Installing: /home/nhodung/Documents/ros2_learn/example_for_github/create_type_2/install/create_msgs/share/create_msgs/local_setup.sh
[3.903s] -- Installing: /home/nhodung/Documents/ros2_learn/example_for_github/create_type_2/install/create_msgs/share/create_msgs/local_setup.zsh
[3.903s] -- Installing: /home/nhodung/Documents/ros2_learn/example_for_github/create_type_2/install/create_msgs/share/create_msgs/local_setup.dsv
[3.903s] -- Installing: /home/nhodung/Documents/ros2_learn/example_for_github/create_type_2/install/create_msgs/share/create_msgs/package.dsv
[3.903s] -- Installing: /home/nhodung/Documents/ros2_learn/example_for_github/create_type_2/install/create_msgs/share/ament_index/resource_index/packages/create_msgs
[3.903s] -- Installing: /home/nhodung/Documents/ros2_learn/example_for_github/create_type_2/install/create_msgs/share/create_msgs/cmake/export_create_msgs__rosidl_generator_cExport.cmake
[3.904s] -- Installing: /home/nhodung/Documents/ros2_learn/example_for_github/create_type_2/install/create_msgs/share/create_msgs/cmake/export_create_msgs__rosidl_generator_cExport-noconfig.cmake
[3.904s] -- Installing: /home/nhodung/Documents/ros2_learn/example_for_github/create_type_2/install/create_msgs/share/create_msgs/cmake/export_create_msgs__rosidl_typesupport_fastrtps_cExport.cmake
[3.904s] -- Installing: /home/nhodung/Documents/ros2_learn/example_for_github/create_type_2/install/create_msgs/share/create_msgs/cmake/export_create_msgs__rosidl_typesupport_fastrtps_cExport-noconfig.cmake
[3.904s] -- Installing: /home/nhodung/Documents/ros2_learn/example_for_github/create_type_2/install/create_msgs/share/create_msgs/cmake/export_create_msgs__rosidl_generator_cppExport.cmake
[3.904s] -- Installing: /home/nhodung/Documents/ros2_learn/example_for_github/create_type_2/install/create_msgs/share/create_msgs/cmake/export_create_msgs__rosidl_typesupport_fastrtps_cppExport.cmake
[3.904s] -- Installing: /home/nhodung/Documents/ros2_learn/example_for_github/create_type_2/install/create_msgs/share/create_msgs/cmake/export_create_msgs__rosidl_typesupport_fastrtps_cppExport-noconfig.cmake
[3.904s] -- Installing: /home/nhodung/Documents/ros2_learn/example_for_github/create_type_2/install/create_msgs/share/create_msgs/cmake/create_msgs__rosidl_typesupport_introspection_cExport.cmake
[3.905s] -- Installing: /home/nhodung/Documents/ros2_learn/example_for_github/create_type_2/install/create_msgs/share/create_msgs/cmake/create_msgs__rosidl_typesupport_introspection_cExport-noconfig.cmake
[3.905s] -- Installing: /home/nhodung/Documents/ros2_learn/example_for_github/create_type_2/install/create_msgs/share/create_msgs/cmake/create_msgs__rosidl_typesupport_cExport.cmake
[3.905s] -- Installing: /home/nhodung/Documents/ros2_learn/example_for_github/create_type_2/install/create_msgs/share/create_msgs/cmake/create_msgs__rosidl_typesupport_cExport-noconfig.cmake
[3.905s] -- Installing: /home/nhodung/Documents/ros2_learn/example_for_github/create_type_2/install/create_msgs/share/create_msgs/cmake/create_msgs__rosidl_typesupport_introspection_cppExport.cmake
[3.905s] -- Installing: /home/nhodung/Documents/ros2_learn/example_for_github/create_type_2/install/create_msgs/share/create_msgs/cmake/create_msgs__rosidl_typesupport_introspection_cppExport-noconfig.cmake
[3.905s] -- Installing: /home/nhodung/Documents/ros2_learn/example_for_github/create_type_2/install/create_msgs/share/create_msgs/cmake/create_msgs__rosidl_typesupport_cppExport.cmake
[3.905s] -- Installing: /home/nhodung/Documents/ros2_learn/example_for_github/create_type_2/install/create_msgs/share/create_msgs/cmake/create_msgs__rosidl_typesupport_cppExport-noconfig.cmake
[3.906s] -- Installing: /home/nhodung/Documents/ros2_learn/example_for_github/create_type_2/install/create_msgs/share/create_msgs/cmake/export_create_msgs__rosidl_generator_pyExport.cmake
[3.906s] -- Installing: /home/nhodung/Documents/ros2_learn/example_for_github/create_type_2/install/create_msgs/share/create_msgs/cmake/export_create_msgs__rosidl_generator_pyExport-noconfig.cmake
[3.906s] -- Installing: /home/nhodung/Documents/ros2_learn/example_for_github/create_type_2/install/create_msgs/share/create_msgs/cmake/rosidl_cmake-extras.cmake
[3.906s] -- Installing: /home/nhodung/Documents/ros2_learn/example_for_github/create_type_2/install/create_msgs/share/create_msgs/cmake/ament_cmake_export_dependencies-extras.cmake
[3.906s] -- Installing: /home/nhodung/Documents/ros2_learn/example_for_github/create_type_2/install/create_msgs/share/create_msgs/cmake/ament_cmake_export_include_directories-extras.cmake
[3.906s] -- Installing: /home/nhodung/Documents/ros2_learn/example_for_github/create_type_2/install/create_msgs/share/create_msgs/cmake/ament_cmake_export_libraries-extras.cmake
[3.906s] -- Installing: /home/nhodung/Documents/ros2_learn/example_for_github/create_type_2/install/create_msgs/share/create_msgs/cmake/ament_cmake_export_targets-extras.cmake
[3.907s] -- Installing: /home/nhodung/Documents/ros2_learn/example_for_github/create_type_2/install/create_msgs/share/create_msgs/cmake/rosidl_cmake_export_typesupport_targets-extras.cmake
[3.907s] -- Installing: /home/nhodung/Documents/ros2_learn/example_for_github/create_type_2/install/create_msgs/share/create_msgs/cmake/rosidl_cmake_export_typesupport_libraries-extras.cmake
[3.907s] -- Installing: /home/nhodung/Documents/ros2_learn/example_for_github/create_type_2/install/create_msgs/share/create_msgs/cmake/create_msgsConfig.cmake
[3.907s] -- Installing: /home/nhodung/Documents/ros2_learn/example_for_github/create_type_2/install/create_msgs/share/create_msgs/cmake/create_msgsConfig-version.cmake
[3.907s] -- Installing: /home/nhodung/Documents/ros2_learn/example_for_github/create_type_2/install/create_msgs/share/create_msgs/package.xml
[3.909s] Invoked command in '/home/nhodung/Documents/ros2_learn/example_for_github/create_type_2/build/create_msgs' returned '0': CMAKE_PREFIX_PATH=${CMAKE_PREFIX_PATH}:/opt/ros/humble /usr/bin/cmake --install /home/nhodung/Documents/ros2_learn/example_for_github/create_type_2/build/create_msgs
