[0.010s] Invoking command in '/home/nhodung/Documents/ros2_learn/set_model_position/build/model_pos': CMAKE_PREFIX_PATH=${CMAKE_PREFIX_PATH}:/opt/ros/humble /usr/bin/cmake /home/nhodung/Documents/ros2_learn/set_model_position/src/model_pos -DCMAKE_INSTALL_PREFIX=/home/nhodung/Documents/ros2_learn/set_model_position/install/model_pos
[0.103s] -- The C compiler identification is GNU 11.4.0
[0.151s] -- The CXX compiler identification is GNU 11.4.0
[0.161s] -- Detecting C compiler ABI info
[0.214s] -- Detecting C compiler ABI info - done
[0.222s] -- Check for working C compiler: /usr/bin/cc - skipped
[0.222s] -- Detecting C compile features
[0.223s] -- Detecting C compile features - done
[0.226s] -- Detecting CXX compiler ABI info
[0.294s] -- Detecting CXX compiler ABI info - done
[0.301s] -- Check for working CXX compiler: /usr/bin/c++ - skipped
[0.301s] -- Detecting CXX compile features
[0.302s] -- Detecting CXX compile features - done
[0.304s] -- Found ament_cmake: 1.3.10 (/opt/ros/humble/share/ament_cmake/cmake)
[0.439s] -- Found Python3: /usr/bin/python3 (found version "3.10.12") found components: Interpreter 
[0.525s] -- Found rclcpp: 16.0.10 (/opt/ros/humble/share/rclcpp/cmake)
[0.576s] -- Found rosidl_generator_c: 3.1.5 (/opt/ros/humble/share/rosidl_generator_c/cmake)
[0.581s] -- Found rosidl_adapter: 3.1.5 (/opt/ros/humble/share/rosidl_adapter/cmake)
[0.590s] -- Found rosidl_generator_cpp: 3.1.5 (/opt/ros/humble/share/rosidl_generator_cpp/cmake)
[0.601s] -- Using all available rosidl_typesupport_c: rosidl_typesupport_fastrtps_c;rosidl_typesupport_introspection_c
[0.619s] -- Using all available rosidl_typesupport_cpp: rosidl_typesupport_fastrtps_cpp;rosidl_typesupport_introspection_cpp
[0.669s] -- Found rmw_implementation_cmake: 6.1.2 (/opt/ros/humble/share/rmw_implementation_cmake/cmake)
[0.672s] -- Found rmw_fastrtps_cpp: 6.2.7 (/opt/ros/humble/share/rmw_fastrtps_cpp/cmake)
[0.753s] -- Found OpenSSL: /usr/lib/x86_64-linux-gnu/libcrypto.so (found version "3.0.2")  
[0.777s] -- Found FastRTPS: /opt/ros/humble/include  
[0.811s] -- Using RMW implementation 'rmw_fastrtps_cpp' as default
[0.820s] -- Looking for pthread.h
[0.885s] -- Looking for pthread.h - found
[0.885s] -- Performing Test CMAKE_HAVE_LIBC_PTHREAD
[0.950s] -- Performing Test CMAKE_HAVE_LIBC_PTHREAD - Success
[0.951s] -- Found Threads: TRUE  
[1.012s] -- Found gazebo_msgs: 3.7.0 (/opt/ros/humble/share/gazebo_msgs/cmake)
[1.071s] -- Found ament_lint_auto: 0.12.11 (/opt/ros/humble/share/ament_lint_auto/cmake)
[1.160s] -- Added test 'cppcheck' to perform static code analysis on C / C++ code
[1.160s] -- Configured cppcheck include dirs: $<BUILD_INTERFACE:/home/nhodung/Documents/ros2_learn/set_model_position/src/model_pos/include>
[1.160s] -- Configured cppcheck exclude dirs and/or files: 
[1.161s] -- Added test 'flake8' to check Python code syntax and style conventions
[1.162s] -- Added test 'lint_cmake' to check CMake code style
[1.162s] -- Added test 'pep257' to check Python code against some of the docstring style conventions in PEP 257
[1.163s] -- Added test 'uncrustify' to check C / C++ code style
[1.163s] -- Configured uncrustify additional arguments: 
[1.164s] -- Added test 'xmllint' to check XML markup files
[1.165s] -- Configuring done
[1.175s] -- Generating done
[1.176s] -- Build files have been written to: /home/nhodung/Documents/ros2_learn/set_model_position/build/model_pos
[1.185s] Invoked command in '/home/nhodung/Documents/ros2_learn/set_model_position/build/model_pos' returned '0': CMAKE_PREFIX_PATH=${CMAKE_PREFIX_PATH}:/opt/ros/humble /usr/bin/cmake /home/nhodung/Documents/ros2_learn/set_model_position/src/model_pos -DCMAKE_INSTALL_PREFIX=/home/nhodung/Documents/ros2_learn/set_model_position/install/model_pos
[1.186s] Invoking command in '/home/nhodung/Documents/ros2_learn/set_model_position/build/model_pos': CMAKE_PREFIX_PATH=${CMAKE_PREFIX_PATH}:/opt/ros/humble /usr/bin/cmake --build /home/nhodung/Documents/ros2_learn/set_model_position/build/model_pos -- -j12 -l12
[1.224s] [ 50%] [32mBuilding CXX object CMakeFiles/set_state_node.dir/src/set_state_node.cpp.o[0m
[4.514s] [100%] [32m[1mLinking CXX executable set_state_node[0m
[4.663s] [100%] Built target set_state_node
[4.672s] Invoked command in '/home/nhodung/Documents/ros2_learn/set_model_position/build/model_pos' returned '0': CMAKE_PREFIX_PATH=${CMAKE_PREFIX_PATH}:/opt/ros/humble /usr/bin/cmake --build /home/nhodung/Documents/ros2_learn/set_model_position/build/model_pos -- -j12 -l12
[4.696s] Invoking command in '/home/nhodung/Documents/ros2_learn/set_model_position/build/model_pos': CMAKE_PREFIX_PATH=${CMAKE_PREFIX_PATH}:/opt/ros/humble /usr/bin/cmake --install /home/nhodung/Documents/ros2_learn/set_model_position/build/model_pos
[4.703s] -- Install configuration: ""
[4.703s] -- Installing: /home/nhodung/Documents/ros2_learn/set_model_position/install/model_pos/lib/model_pos/set_state_node
[4.704s] -- Set runtime path of "/home/nhodung/Documents/ros2_learn/set_model_position/install/model_pos/lib/model_pos/set_state_node" to ""
[4.704s] -- Installing: /home/nhodung/Documents/ros2_learn/set_model_position/install/model_pos/share/model_pos/launch
[4.704s] -- Installing: /home/nhodung/Documents/ros2_learn/set_model_position/install/model_pos/share/model_pos/launch/launch_gazebo_and_node.launch.py
[4.704s] -- Installing: /home/nhodung/Documents/ros2_learn/set_model_position/install/model_pos/share/model_pos/worlds
[4.704s] -- Installing: /home/nhodung/Documents/ros2_learn/set_model_position/install/model_pos/share/model_pos/worlds/test.world
[4.704s] -- Installing: /home/nhodung/Documents/ros2_learn/set_model_position/install/model_pos/share/ament_index/resource_index/package_run_dependencies/model_pos
[4.704s] -- Installing: /home/nhodung/Documents/ros2_learn/set_model_position/install/model_pos/share/ament_index/resource_index/parent_prefix_path/model_pos
[4.705s] -- Installing: /home/nhodung/Documents/ros2_learn/set_model_position/install/model_pos/share/model_pos/environment/ament_prefix_path.sh
[4.705s] -- Installing: /home/nhodung/Documents/ros2_learn/set_model_position/install/model_pos/share/model_pos/environment/ament_prefix_path.dsv
[4.705s] -- Installing: /home/nhodung/Documents/ros2_learn/set_model_position/install/model_pos/share/model_pos/environment/path.sh
[4.705s] -- Installing: /home/nhodung/Documents/ros2_learn/set_model_position/install/model_pos/share/model_pos/environment/path.dsv
[4.705s] -- Installing: /home/nhodung/Documents/ros2_learn/set_model_position/install/model_pos/share/model_pos/local_setup.bash
[4.705s] -- Installing: /home/nhodung/Documents/ros2_learn/set_model_position/install/model_pos/share/model_pos/local_setup.sh
[4.705s] -- Installing: /home/nhodung/Documents/ros2_learn/set_model_position/install/model_pos/share/model_pos/local_setup.zsh
[4.705s] -- Installing: /home/nhodung/Documents/ros2_learn/set_model_position/install/model_pos/share/model_pos/local_setup.dsv
[4.705s] -- Installing: /home/nhodung/Documents/ros2_learn/set_model_position/install/model_pos/share/model_pos/package.dsv
[4.706s] -- Installing: /home/nhodung/Documents/ros2_learn/set_model_position/install/model_pos/share/ament_index/resource_index/packages/model_pos
[4.706s] -- Installing: /home/nhodung/Documents/ros2_learn/set_model_position/install/model_pos/share/model_pos/cmake/model_posConfig.cmake
[4.706s] -- Installing: /home/nhodung/Documents/ros2_learn/set_model_position/install/model_pos/share/model_pos/cmake/model_posConfig-version.cmake
[4.706s] -- Installing: /home/nhodung/Documents/ros2_learn/set_model_position/install/model_pos/share/model_pos/package.xml
[4.707s] Invoked command in '/home/nhodung/Documents/ros2_learn/set_model_position/build/model_pos' returned '0': CMAKE_PREFIX_PATH=${CMAKE_PREFIX_PATH}:/opt/ros/humble /usr/bin/cmake --install /home/nhodung/Documents/ros2_learn/set_model_position/build/model_pos
